This is pdfTeX, Version 3.1415926-2.5-1.40.14 (TeX Live 2013) (format=pdflatex 2014.1.6)  24 MAR 2014 23:58
entering extended mode
 restricted \write18 enabled.
 %&-line parsing enabled.
**report.tex
(./report.tex
LaTeX2e <2011/06/27>
Babel <3.9f> and hyphenation patterns for 2 languages loaded.
(/usr/share/texlive/texmf-dist/tex/latex/base/article.cls
Document Class: article 2007/10/19 v1.4h Standard LaTeX document class
(/usr/share/texlive/texmf-dist/tex/latex/base/size11.clo
File: size11.clo 2007/10/19 v1.4h Standard LaTeX file (size option)
)
\c@part=\count79
\c@section=\count80
\c@subsection=\count81
\c@subsubsection=\count82
\c@paragraph=\count83
\c@subparagraph=\count84
\c@figure=\count85
\c@table=\count86
\abovecaptionskip=\skip41
\belowcaptionskip=\skip42
\bibindent=\dimen102
)
(/usr/share/texlive/texmf-dist/tex/latex/geometry/geometry.sty
Package: geometry 2010/09/12 v5.6 Page Geometry

(/usr/share/texlive/texmf-dist/tex/latex/graphics/keyval.sty
Package: keyval 1999/03/16 v1.13 key=value parser (DPC)
\KV@toks@=\toks14
)
(/usr/share/texlive/texmf-dist/tex/generic/oberdiek/ifpdf.sty
Package: ifpdf 2011/01/30 v2.3 Provides the ifpdf switch (HO)
Package ifpdf Info: pdfTeX in PDF mode is detected.
)
(/usr/share/texlive/texmf-dist/tex/generic/oberdiek/ifvtex.sty
Package: ifvtex 2010/03/01 v1.5 Detect VTeX and its facilities (HO)
Package ifvtex Info: VTeX not detected.
)
(/usr/share/texlive/texmf-dist/tex/generic/ifxetex/ifxetex.sty
Package: ifxetex 2010/09/12 v0.6 Provides ifxetex conditional
)
\Gm@cnth=\count87
\Gm@cntv=\count88
\c@Gm@tempcnt=\count89
\Gm@bindingoffset=\dimen103
\Gm@wd@mp=\dimen104
\Gm@odd@mp=\dimen105
\Gm@even@mp=\dimen106
\Gm@layoutwidth=\dimen107
\Gm@layoutheight=\dimen108
\Gm@layouthoffset=\dimen109
\Gm@layoutvoffset=\dimen110
\Gm@dimlist=\toks15
)
(/usr/share/texlive/texmf-dist/tex/latex/booktabs/booktabs.sty
Package: booktabs 2005/04/14 v1.61803 publication quality tables
\heavyrulewidth=\dimen111
\lightrulewidth=\dimen112
\cmidrulewidth=\dimen113
\belowrulesep=\dimen114
\belowbottomsep=\dimen115
\aboverulesep=\dimen116
\abovetopsep=\dimen117
\cmidrulesep=\dimen118
\cmidrulekern=\dimen119
\defaultaddspace=\dimen120
\@cmidla=\count90
\@cmidlb=\count91
\@aboverulesep=\dimen121
\@belowrulesep=\dimen122
\@thisruleclass=\count92
\@lastruleclass=\count93
\@thisrulewidth=\dimen123
)
(/usr/share/texlive/texmf-dist/tex/latex/graphics/graphicx.sty
Package: graphicx 1999/02/16 v1.0f Enhanced LaTeX Graphics (DPC,SPQR)

(/usr/share/texlive/texmf-dist/tex/latex/graphics/graphics.sty
Package: graphics 2009/02/05 v1.0o Standard LaTeX Graphics (DPC,SPQR)

(/usr/share/texlive/texmf-dist/tex/latex/graphics/trig.sty
Package: trig 1999/03/16 v1.09 sin cos tan (DPC)
)
(/usr/share/texlive/texmf-dist/tex/latex/latexconfig/graphics.cfg
File: graphics.cfg 2010/04/23 v1.9 graphics configuration of TeX Live
)
Package graphics Info: Driver file: pdftex.def on input line 91.

(/usr/share/texlive/texmf-dist/tex/latex/pdftex-def/pdftex.def
File: pdftex.def 2011/05/27 v0.06d Graphics/color for pdfTeX

(/usr/share/texlive/texmf-dist/tex/generic/oberdiek/infwarerr.sty
Package: infwarerr 2010/04/08 v1.3 Providing info/warning/error messages (HO)
)
(/usr/share/texlive/texmf-dist/tex/generic/oberdiek/ltxcmds.sty
Package: ltxcmds 2011/11/09 v1.22 LaTeX kernel commands for general use (HO)
)
\Gread@gobject=\count94
))
\Gin@req@height=\dimen124
\Gin@req@width=\dimen125
)
(/usr/share/texlive/texmf-dist/tex/latex/listings/listings.sty
\lst@mode=\count95
\lst@gtempboxa=\box26
\lst@token=\toks16
\lst@length=\count96
\lst@currlwidth=\dimen126
\lst@column=\count97
\lst@pos=\count98
\lst@lostspace=\dimen127
\lst@width=\dimen128
\lst@newlines=\count99
\lst@lineno=\count100
\lst@maxwidth=\dimen129

(/usr/share/texlive/texmf-dist/tex/latex/listings/lstmisc.sty
File: lstmisc.sty 2007/02/22 1.4 (Carsten Heinz)
\c@lstnumber=\count101
\lst@skipnumbers=\count102
\lst@framebox=\box27
)
(/usr/share/texlive/texmf-dist/tex/latex/listings/listings.cfg
File: listings.cfg 2007/02/22 1.4 listings configuration
))
Package: listings 2007/02/22 1.4 (Carsten Heinz)

(/usr/share/texlive/texmf-dist/tex/latex/base/fixltx2e.sty
Package: fixltx2e 2006/09/13 v1.1m fixes to LaTeX
LaTeX Info: Redefining \em on input line 420.
)
(/usr/share/texlive/texmf-dist/tex/latex/tools/verbatim.sty
Package: verbatim 2003/08/22 v1.5q LaTeX2e package for verbatim enhancements
\every@verbatim=\toks17
\verbatim@line=\toks18
\verbatim@in@stream=\read1
)
(/usr/share/texlive/texmf-dist/tex/latex/graphics/color.sty
Package: color 2005/11/14 v1.0j Standard LaTeX Color (DPC)

(/usr/share/texlive/texmf-dist/tex/latex/latexconfig/color.cfg
File: color.cfg 2007/01/18 v1.5 color configuration of teTeX/TeXLive
)
Package color Info: Driver file: pdftex.def on input line 130.
) (./report.aux)
\openout1 = `report.aux'.

LaTeX Font Info:    Checking defaults for OML/cmm/m/it on input line 19.
LaTeX Font Info:    ... okay on input line 19.
LaTeX Font Info:    Checking defaults for T1/cmr/m/n on input line 19.
LaTeX Font Info:    ... okay on input line 19.
LaTeX Font Info:    Checking defaults for OT1/cmr/m/n on input line 19.
LaTeX Font Info:    ... okay on input line 19.
LaTeX Font Info:    Checking defaults for OMS/cmsy/m/n on input line 19.
LaTeX Font Info:    ... okay on input line 19.
LaTeX Font Info:    Checking defaults for OMX/cmex/m/n on input line 19.
LaTeX Font Info:    ... okay on input line 19.
LaTeX Font Info:    Checking defaults for U/cmr/m/n on input line 19.
LaTeX Font Info:    ... okay on input line 19.
*geometry* driver: auto-detecting
*geometry* detected driver: pdftex
*geometry* verbose mode - [ preamble ] result:
* driver: pdftex
* paper: letterpaper
* layout: <same size as paper>
* layoutoffset:(h,v)=(0.0pt,0.0pt)
* modes: 
* h-part:(L,W,R)=(54.2025pt, 505.89pt, 54.2025pt)
* v-part:(T,H,B)=(54.2025pt, 686.56499pt, 54.2025pt)
* \paperwidth=614.295pt
* \paperheight=794.96999pt
* \textwidth=505.89pt
* \textheight=686.56499pt
* \oddsidemargin=-18.06749pt
* \evensidemargin=-18.06749pt
* \topmargin=-55.06749pt
* \headheight=12.0pt
* \headsep=25.0pt
* \topskip=11.0pt
* \footskip=30.0pt
* \marginparwidth=59.0pt
* \marginparsep=10.0pt
* \columnsep=10.0pt
* \skip\footins=10.0pt plus 4.0pt minus 2.0pt
* \hoffset=0.0pt
* \voffset=0.0pt
* \mag=1000
* \@twocolumnfalse
* \@twosidefalse
* \@mparswitchfalse
* \@reversemarginfalse
* (1in=72.27pt=25.4mm, 1cm=28.453pt)

(/usr/share/texlive/texmf-dist/tex/context/base/supp-pdf.mkii
[Loading MPS to PDF converter (version 2006.09.02).]
\scratchcounter=\count103
\scratchdimen=\dimen130
\scratchbox=\box28
\nofMPsegments=\count104
\nofMParguments=\count105
\everyMPshowfont=\toks19
\MPscratchCnt=\count106
\MPscratchDim=\dimen131
\MPnumerator=\count107
\makeMPintoPDFobject=\count108
\everyMPtoPDFconversion=\toks20
) (/usr/share/texlive/texmf-dist/tex/generic/oberdiek/pdftexcmds.sty
Package: pdftexcmds 2011/11/29 v0.20 Utility functions of pdfTeX for LuaTeX (HO
)

(/usr/share/texlive/texmf-dist/tex/generic/oberdiek/ifluatex.sty
Package: ifluatex 2010/03/01 v1.3 Provides the ifluatex switch (HO)
Package ifluatex Info: LuaTeX not detected.
)
Package pdftexcmds Info: LuaTeX not detected.
Package pdftexcmds Info: \pdf@primitive is available.
Package pdftexcmds Info: \pdf@ifprimitive is available.
Package pdftexcmds Info: \pdfdraftmode found.
)
(/usr/share/texlive/texmf-dist/tex/latex/oberdiek/epstopdf-base.sty
Package: epstopdf-base 2010/02/09 v2.5 Base part for package epstopdf

(/usr/share/texlive/texmf-dist/tex/latex/oberdiek/grfext.sty
Package: grfext 2010/08/19 v1.1 Manage graphics extensions (HO)

(/usr/share/texlive/texmf-dist/tex/generic/oberdiek/kvdefinekeys.sty
Package: kvdefinekeys 2011/04/07 v1.3 Define keys (HO)
))
(/usr/share/texlive/texmf-dist/tex/latex/oberdiek/kvoptions.sty
Package: kvoptions 2011/06/30 v3.11 Key value format for package options (HO)

(/usr/share/texlive/texmf-dist/tex/generic/oberdiek/kvsetkeys.sty
Package: kvsetkeys 2012/04/25 v1.16 Key value parser (HO)

(/usr/share/texlive/texmf-dist/tex/generic/oberdiek/etexcmds.sty
Package: etexcmds 2011/02/16 v1.5 Avoid name clashes with e-TeX commands (HO)
Package etexcmds Info: Could not find \expanded.
(etexcmds)             That can mean that you are not using pdfTeX 1.50 or
(etexcmds)             that some package has redefined \expanded.
(etexcmds)             In the latter case, load this package earlier.
)))
Package grfext Info: Graphics extension search list:
(grfext)             [.png,.pdf,.jpg,.mps,.jpeg,.jbig2,.jb2,.PNG,.PDF,.JPG,.JPE
G,.JBIG2,.JB2,.eps]
(grfext)             \AppendGraphicsExtensions on input line 452.

(/usr/share/texlive/texmf-dist/tex/latex/latexconfig/epstopdf-sys.cfg
File: epstopdf-sys.cfg 2010/07/13 v1.3 Configuration of (r)epstopdf for TeX Liv
e
))
\c@lstlisting=\count109

(/usr/share/texlive/texmf-dist/tex/latex/listings/lstlang1.sty
File: lstlang1.sty 2004/09/05 1.3 listings language file
)
LaTeX Font Info:    External font `cmex10' loaded for size
(Font)              <12> on input line 42.
LaTeX Font Info:    External font `cmex10' loaded for size
(Font)              <8> on input line 42.
LaTeX Font Info:    External font `cmex10' loaded for size
(Font)              <6> on input line 42.

Underfull \hbox (badness 10000) in paragraph at lines 46--47

 []


Underfull \hbox (badness 10000) in paragraph at lines 48--52

 []


Underfull \hbox (badness 10000) in paragraph at lines 48--52

 []

(./my_rtp.py [1

{/usr/share/texlive/texmf-dist/fonts/map/pdftex/updmap/pdftex.map}]) (./my_rtp.
py)
Underfull \hbox (badness 10000) in paragraph at lines 61--65

 []

<1_data/1-queue_q80.png, id=14, 578.16pt x 433.62pt>
File: 1_data/1-queue_q80.png Graphic file (type png)

<use 1_data/1-queue_q80.png>
Package pdftex.def Info: 1_data/1-queue_q80.png used on input line 74.
(pdftex.def)             Requested size: 369.88582pt x 277.40999pt.
 [2]
<1_data/1-queue_q100.png, id=19, 578.16pt x 433.62pt>
File: 1_data/1-queue_q100.png Graphic file (type png)

<use 1_data/1-queue_q100.png>
Package pdftex.def Info: 1_data/1-queue_q100.png used on input line 79.
(pdftex.def)             Requested size: 369.88582pt x 277.40999pt.
 [3 <./1_data/1-queue_q80.png>]
<1_data/1-rate_q80.png, id=24, 578.16pt x 433.62pt>
File: 1_data/1-rate_q80.png Graphic file (type png)

<use 1_data/1-rate_q80.png>
Package pdftex.def Info: 1_data/1-rate_q80.png used on input line 84.
(pdftex.def)             Requested size: 369.88582pt x 277.40999pt.

<1_data/1-rate_q100.png, id=25, 578.16pt x 433.62pt>
File: 1_data/1-rate_q100.png Graphic file (type png)

<use 1_data/1-rate_q100.png>
Package pdftex.def Info: 1_data/1-rate_q100.png used on input line 89.
(pdftex.def)             Requested size: 369.88582pt x 277.40999pt.
 [4 <./1_data/1-queue_q100.png> <./1_data/1-rate_q80.png>] <1_data/1-window_q80
.png, id=31, 578.16pt x 433.62pt>
File: 1_data/1-window_q80.png Graphic file (type png)

<use 1_data/1-window_q80.png>
Package pdftex.def Info: 1_data/1-window_q80.png used on input line 94.
(pdftex.def)             Requested size: 369.88582pt x 277.40999pt.

<1_data/1-window_q100.png, id=32, 578.16pt x 433.62pt>
File: 1_data/1-window_q100.png Graphic file (type png)

<use 1_data/1-window_q100.png>
Package pdftex.def Info: 1_data/1-window_q100.png used on input line 99.
(pdftex.def)             Requested size: 369.88582pt x 277.40999pt.
 [5 <./1_data/1-rate_q100.png> <./1_data/1-window_q80.png>] <1_data/1-sequence_
q80.png, id=38, 1084.05pt x 361.35pt>
File: 1_data/1-sequence_q80.png Graphic file (type png)

<use 1_data/1-sequence_q80.png>
Package pdftex.def Info: 1_data/1-sequence_q80.png used on input line 104.
(pdftex.def)             Requested size: 512.1496pt x 170.72223pt.

Overfull \hbox (6.2596pt too wide) in paragraph at lines 102--106
[]
 []

<1_data/1-sequence_q100.png, id=39, 1084.05pt x 361.35pt>
File: 1_data/1-sequence_q100.png Graphic file (type png)

<use 1_data/1-sequence_q100.png>
Package pdftex.def Info: 1_data/1-sequence_q100.png used on input line 109.
(pdftex.def)             Requested size: 512.1496pt x 170.72223pt.

Overfull \hbox (6.2596pt too wide) in paragraph at lines 107--111
[]
 []

[6 <./1_data/1-window_q100.png> <./1_data/1-sequence_q80.png> <./1_data/1-seque
nce_q100.png>] <2_data/2-queue.png, id=46, 578.16pt x 433.62pt>
File: 2_data/2-queue.png Graphic file (type png)

<use 2_data/2-queue.png>
Package pdftex.def Info: 2_data/2-queue.png used on input line 116.
(pdftex.def)             Requested size: 369.88582pt x 277.40999pt.
 <2_data/2-rate.png, id=47, 578.16pt x 433.62pt>
File: 2_data/2-rate.png Graphic file (type png)

<use 2_data/2-rate.png>
Package pdftex.def Info: 2_data/2-rate.png used on input line 121.
(pdftex.def)             Requested size: 369.88582pt x 277.40999pt.
 <2_data/2_1-window.png, id=48, 578.16pt x 433.62pt>
File: 2_data/2_1-window.png Graphic file (type png)

<use 2_data/2_1-window.png>
Package pdftex.def Info: 2_data/2_1-window.png used on input line 126.
(pdftex.def)             Requested size: 369.88582pt x 277.40999pt.
 [7 <./2_data/2-queue.png> <./2_data/2-rate.png>]
<2_data/2_2-window.png, id=55, 578.16pt x 433.62pt>
File: 2_data/2_2-window.png Graphic file (type png)

<use 2_data/2_2-window.png>
Package pdftex.def Info: 2_data/2_2-window.png used on input line 131.
(pdftex.def)             Requested size: 369.88582pt x 277.40999pt.

<2_data/2-sequence.png, id=56, 1084.05pt x 361.35pt>
File: 2_data/2-sequence.png Graphic file (type png)

<use 2_data/2-sequence.png>
Package pdftex.def Info: 2_data/2-sequence.png used on input line 136.
(pdftex.def)             Requested size: 512.1496pt x 170.72223pt.

Overfull \hbox (6.2596pt too wide) in paragraph at lines 134--138
[]
 []

[8 <./2_data/2_1-window.png> <./2_data/2_2-window.png>]
<5_data/5-queue.png, id=62, 578.16pt x 433.62pt>
File: 5_data/5-queue.png Graphic file (type png)
 <use 5_data/5-queue.png>
Package pdftex.def Info: 5_data/5-queue.png used on input line 144.
(pdftex.def)             Requested size: 369.88582pt x 277.40999pt.

<5_data/5-rate.png, id=63, 578.16pt x 433.62pt>
File: 5_data/5-rate.png Graphic file (type png)
 <use 5_data/5-rate.png>
Package pdftex.def Info: 5_data/5-rate.png used on input line 149.
(pdftex.def)             Requested size: 369.88582pt x 277.40999pt.

[9 <./2_data/2-sequence.png> <./5_data/5-queue.png>]
<5_data/5_1-window.png, id=69, 578.16pt x 433.62pt>
File: 5_data/5_1-window.png Graphic file (type png)

<use 5_data/5_1-window.png>
Package pdftex.def Info: 5_data/5_1-window.png used on input line 154.
(pdftex.def)             Requested size: 369.88582pt x 277.40999pt.

<5_data/5_2-window.png, id=70, 578.16pt x 433.62pt>
File: 5_data/5_2-window.png Graphic file (type png)

<use 5_data/5_2-window.png>
Package pdftex.def Info: 5_data/5_2-window.png used on input line 159.
(pdftex.def)             Requested size: 369.88582pt x 277.40999pt.
 [10 <./5_data/5-rate.png> <./5_data/5_1-window.png>] <5_data/5_3-window.png, i
d=76, 578.16pt x 433.62pt>
File: 5_data/5_3-window.png Graphic file (type png)

<use 5_data/5_3-window.png>
Package pdftex.def Info: 5_data/5_3-window.png used on input line 164.
(pdftex.def)             Requested size: 369.88582pt x 277.40999pt.

<5_data/5_4-window.png, id=77, 578.16pt x 433.62pt>
File: 5_data/5_4-window.png Graphic file (type png)

<use 5_data/5_4-window.png>
Package pdftex.def Info: 5_data/5_4-window.png used on input line 169.
(pdftex.def)             Requested size: 369.88582pt x 277.40999pt.
 [11 <./5_data/5_2-window.png> <./5_data/5_3-window.png>] <5_data/5_5-window.pn
g, id=83, 578.16pt x 433.62pt>
File: 5_data/5_5-window.png Graphic file (type png)

<use 5_data/5_5-window.png>
Package pdftex.def Info: 5_data/5_5-window.png used on input line 174.
(pdftex.def)             Requested size: 369.88582pt x 277.40999pt.

<5_data/5-sequence.png, id=84, 1084.05pt x 361.35pt>
File: 5_data/5-sequence.png Graphic file (type png)

<use 5_data/5-sequence.png>
Package pdftex.def Info: 5_data/5-sequence.png used on input line 179.
(pdftex.def)             Requested size: 512.1496pt x 170.72223pt.

Overfull \hbox (6.2596pt too wide) in paragraph at lines 177--181
[]
 []

[12 <./5_data/5_4-window.png> <./5_data/5_5-window.png>] [13 <./5_data/5-sequen
ce.png>] (./report.aux) ) 
Here is how much of TeX's memory you used:
 3551 strings out of 495035
 52225 string characters out of 6181703
 218891 words of memory out of 5000000
 6696 multiletter control sequences out of 15000+600000
 8402 words of font info for 30 fonts, out of 8000000 for 9000
 14 hyphenation exceptions out of 8191
 38i,6n,40p,886b,1536s stack positions out of 5000i,500n,10000p,200000b,80000s
</usr/share/texlive/texmf-dist/fonts/type1/public/amsf
onts/cm/cmbx10.pfb></usr/share/texlive/texmf-dist/fonts/type1/public/amsfonts/c
m/cmbx12.pfb></usr/share/texlive/texmf-dist/fonts/type1/public/amsfonts/cm/cmr1
0.pfb></usr/share/texlive/texmf-dist/fonts/type1/public/amsfonts/cm/cmr12.pfb><
/usr/share/texlive/texmf-dist/fonts/type1/public/amsfonts/cm/cmr17.pfb></usr/sh
are/texlive/texmf-dist/fonts/type1/public/amsfonts/cm/cmr6.pfb></usr/share/texl
ive/texmf-dist/fonts/type1/public/amsfonts/cm/cmti10.pfb></usr/share/texlive/te
xmf-dist/fonts/type1/public/amsfonts/cm/cmtt10.pfb>
Output written on report.pdf (13 pages, 1108811 bytes).
PDF statistics:
 122 PDF objects out of 1000 (max. 8388607)
 56 compressed objects within 1 object stream
 0 named destinations out of 1000 (max. 500000)
 106 words of extra memory for PDF output out of 10000 (max. 10000000)

