0.216 0 0 0.216 0.016 0.2 0.0
0.224 1 0.008 0.216 0.016 0.2 0.0
0.232 2 0.016 0.216 0.016 0.2 1.38777878078e-17
0.24 3 0.024 0.216 0.016 0.2 2.77555756156e-17
0.248 4 0.032 0.216 0.016 0.2 2.77555756156e-17
0.256 5 0.04 0.216 0.016 0.2 2.77555756156e-17
0.264 6 0.048 0.216 0.016 0.2 2.77555756156e-17
0.272 7 0.056 0.216 0.016 0.2 5.55111512313e-17
0.28 8 0.064 0.216 0.016 0.2 5.55111512313e-17
0.288 9 0.072 0.216 0.016 0.2 5.55111512313e-17
0.296 10 0.08 0.216 0.016 0.2 6.93889390391e-17
0.304 11 0.088 0.216 0.016 0.2 8.32667268469e-17
0.312 12 0.096 0.216 0.016 0.2 8.32667268469e-17
0.32 13 0.104 0.216 0.016 0.2 8.32667268469e-17
0.328 14 0.112 0.216 0.016 0.2 9.71445146547e-17
0.336 15 0.12 0.216 0.016 0.2 1.11022302463e-16
0.344 16 0.128 0.216 0.016 0.2 1.11022302463e-16
0.352 17 0.136 0.216 0.016 0.2 1.11022302463e-16
0.36 18 0.144 0.216 0.016 0.2 5.55111512313e-17
0.368 19 0.152 0.216 0.016 0.2 8.32667268469e-17
0.376 20 0.16 0.216 0.016 0.2 8.32667268469e-17
0.384 21 0.168 0.216 0.016 0.2 8.32667268469e-17
0.392 22 0.176 0.216 0.016 0.2 1.11022302463e-16
0.4 23 0.184 0.216 0.016 0.2 1.11022302463e-16
0.408 24 0.192 0.216 0.016 0.2 1.11022302463e-16
0.416 25 0.2 0.216 0.016 0.2 1.11022302463e-16
0.424 26 0.208 0.216 0.016 0.2 1.11022302463e-16
0.432 27 0.216 0.216 0.016 0.2 1.38777878078e-16
0.44 28 0.224 0.216 0.016 0.2 1.38777878078e-16
0.448 29 0.232 0.216 0.016 0.2 1.38777878078e-16
0.456 30 0.24 0.216 0.016 0.2 1.66533453694e-16
0.464 31 0.248 0.216 0.016 0.2 1.66533453694e-16
0.472 32 0.256 0.216 0.016 0.2 1.66533453694e-16
0.48 33 0.264 0.216 0.016 0.2 1.66533453694e-16
0.488 34 0.272 0.216 0.016 0.2 1.66533453694e-16
0.496 35 0.28 0.216 0.016 0.2 1.66533453694e-16
0.504 36 0.288 0.216 0.016 0.2 1.66533453694e-16
0.512 37 0.296 0.216 0.016 0.2 2.22044604925e-16
0.52 38 0.304 0.216 0.016 0.2 2.22044604925e-16
0.528 39 0.312 0.216 0.016 0.2 2.22044604925e-16
0.536 40 0.32 0.216 0.016 0.2 2.22044604925e-16
0.544 41 0.328 0.216 0.016 0.2 2.22044604925e-16
0.552 42 0.336 0.216 0.016 0.2 2.22044604925e-16
0.56 43 0.344 0.216 0.016 0.2 2.22044604925e-16
0.568 44 0.352 0.216 0.016 0.2 2.77555756156e-16
0.576 45 0.36 0.216 0.016 0.2 2.77555756156e-16
0.584 46 0.368 0.216 0.016 0.2 2.77555756156e-16
0.592 47 0.376 0.216 0.016 0.2 2.77555756156e-16
0.6 48 0.384 0.216 0.016 0.2 2.77555756156e-16
0.608 49 0.392 0.216 0.016 0.2 2.77555756156e-16
0.616 50 0.4 0.216 0.016 0.2 2.77555756156e-16
0.624 51 0.408 0.216 0.016 0.2 2.77555756156e-16
0.632 52 0.416 0.216 0.016 0.2 2.77555756156e-16
0.64 53 0.424 0.216 0.016 0.2 3.33066907388e-16
0.648 54 0.432 0.216 0.016 0.2 3.33066907388e-16
0.656 55 0.44 0.216 0.016 0.2 3.33066907388e-16
0.664 56 0.448 0.216 0.016 0.2 3.33066907388e-16
0.672 57 0.456 0.216 0.016 0.2 3.33066907388e-16
0.68 58 0.464 0.216 0.016 0.2 3.33066907388e-16
0.688 59 0.472 0.216 0.016 0.2 3.33066907388e-16
0.696 60 0.48 0.216 0.016 0.2 3.88578058619e-16
0.704 61 0.488 0.216 0.016 0.2 3.88578058619e-16
0.712 62 0.496 0.216 0.016 0.2 3.88578058619e-16
0.72 63 0.504 0.216 0.016 0.2 4.4408920985e-16
0.728 64 0.512 0.216 0.016 0.2 4.4408920985e-16
0.736 65 0.52 0.216 0.016 0.2 4.4408920985e-16
0.744 66 0.528 0.216 0.016 0.2 4.4408920985e-16
0.752 67 0.536 0.216 0.016 0.2 4.4408920985e-16
0.76 68 0.544 0.216 0.016 0.2 4.4408920985e-16
0.768 69 0.552 0.216 0.016 0.2 4.4408920985e-16
0.776 70 0.56 0.216 0.016 0.2 4.4408920985e-16
0.784 71 0.568 0.216 0.016 0.2 4.4408920985e-16
0.792 72 0.576 0.216 0.016 0.2 4.4408920985e-16
0.8 73 0.584 0.216 0.016 0.2 5.55111512313e-16
0.808 74 0.592 0.216 0.016 0.2 5.55111512313e-16
0.816 75 0.6 0.216 0.016 0.2 5.55111512313e-16
0.824 76 0.608 0.216 0.016 0.2 5.55111512313e-16
0.832 77 0.616 0.216 0.016 0.2 5.55111512313e-16
0.84 78 0.624 0.216 0.016 0.2 5.55111512313e-16
0.848 79 0.632 0.216 0.016 0.2 5.55111512313e-16
0.856 80 0.64 0.216 0.016 0.2 5.55111512313e-16
0.864 81 0.648 0.216 0.016 0.2 5.55111512313e-16
0.872 82 0.656 0.216 0.016 0.2 5.55111512313e-16
0.88 83 0.664 0.216 0.016 0.2 5.55111512313e-16
0.888 84 0.672 0.216 0.016 0.2 5.55111512313e-16
0.896 85 0.68 0.216 0.016 0.2 5.55111512313e-16
0.904 86 0.688 0.216 0.016 0.2 5.55111512313e-16
0.912 87 0.696 0.216 0.016 0.2 5.55111512313e-16
0.92 88 0.704 0.216 0.016 0.2 6.66133814775e-16
0.928 89 0.712 0.216 0.016 0.2 6.66133814775e-16
0.936 90 0.72 0.216 0.016 0.2 6.66133814775e-16
0.944 91 0.728 0.216 0.016 0.2 6.66133814775e-16
0.952 92 0.736 0.216 0.016 0.2 6.66133814775e-16
0.96 93 0.744 0.216 0.016 0.2 6.66133814775e-16
0.968 94 0.752 0.216 0.016 0.2 6.66133814775e-16
0.976 95 0.76 0.216 0.016 0.2 6.66133814775e-16
0.984 96 0.768 0.216 0.016 0.2 6.66133814775e-16
0.992 97 0.776 0.216 0.016 0.2 6.66133814775e-16
1.0 98 0.784 0.216 0.016 0.2 6.66133814775e-16
1.008 99 0.792 0.216 0.016 0.2 6.66133814775e-16
1.016 100 0.8 0.216 0.016 0.2 6.66133814775e-16
1.024 101 0.808 0.216 0.016 0.2 6.66133814775e-16
1.032 102 0.816 0.216 0.016 0.2 6.66133814775e-16
1.04 103 0.824 0.216 0.016 0.2 6.66133814775e-16
1.048 104 0.832 0.216 0.016 0.2 6.66133814775e-16
1.056 105 0.84 0.216 0.016 0.2 7.77156117238e-16
1.064 106 0.848 0.216 0.016 0.2 7.77156117238e-16
1.072 107 0.856 0.216 0.016 0.2 7.77156117238e-16
1.08 108 0.864 0.216 0.016 0.2 7.77156117238e-16
1.088 109 0.872 0.216 0.016 0.2 7.77156117238e-16
1.096 110 0.88 0.216 0.016 0.2 7.77156117238e-16
1.104 111 0.888 0.216 0.016 0.2 7.77156117238e-16
1.112 112 0.896 0.216 0.016 0.2 6.66133814775e-16
1.12 113 0.904 0.216 0.016 0.2 6.66133814775e-16
1.128 114 0.912 0.216 0.016 0.2 6.66133814775e-16
1.136 115 0.92 0.216 0.016 0.2 6.66133814775e-16
1.144 116 0.928 0.216 0.016 0.2 6.66133814775e-16
1.152 117 0.936 0.216 0.016 0.2 6.66133814775e-16
1.16 118 0.944 0.216 0.016 0.2 6.66133814775e-16
1.168 119 0.952 0.216 0.016 0.2 6.66133814775e-16
1.176 120 0.96 0.216 0.016 0.2 7.77156117238e-16
1.184 121 0.968 0.216 0.016 0.2 7.77156117238e-16
1.192 122 0.976 0.216 0.016 0.2 7.77156117238e-16
1.2 123 0.984 0.216 0.016 0.2 7.77156117238e-16
1.208 124 0.992 0.216 0.016 0.2 7.77156117238e-16
1.216 125 1.0 0.216 0.016 0.2 6.66133814775e-16
1.224 126 1.008 0.216 0.016 0.2 6.66133814775e-16
1.232 127 1.016 0.216 0.016 0.2 6.66133814775e-16
1.24 128 1.024 0.216 0.016 0.2 6.66133814775e-16
1.248 129 1.032 0.216 0.016 0.2 6.66133814775e-16
1.256 130 1.04 0.216 0.016 0.2 6.66133814775e-16
1.264 131 1.048 0.216 0.016 0.2 6.66133814775e-16
1.272 132 1.056 0.216 0.016 0.2 6.66133814775e-16
1.28 133 1.064 0.216 0.016 0.2 6.66133814775e-16
1.288 134 1.072 0.216 0.016 0.2 6.66133814775e-16
1.296 135 1.08 0.216 0.016 0.2 6.66133814775e-16
1.304 136 1.088 0.216 0.016 0.2 6.66133814775e-16
1.312 137 1.096 0.216 0.016 0.2 6.66133814775e-16
1.32 138 1.104 0.216 0.016 0.2 6.66133814775e-16
1.328 139 1.112 0.216 0.016 0.2 6.66133814775e-16
1.336 140 1.12 0.216 0.016 0.2 6.66133814775e-16
1.344 141 1.128 0.216 0.016 0.2 6.66133814775e-16
1.352 142 1.136 0.216 0.016 0.2 6.66133814775e-16
1.36 143 1.144 0.216 0.016 0.2 6.66133814775e-16
1.368 144 1.152 0.216 0.016 0.2 6.66133814775e-16
1.376 145 1.16 0.216 0.016 0.2 8.881784197e-16
1.384 146 1.168 0.216 0.016 0.2 8.881784197e-16
1.392 147 1.176 0.216 0.016 0.2 8.881784197e-16
1.4 148 1.184 0.216 0.016 0.2 8.881784197e-16
1.408 149 1.192 0.216 0.016 0.2 8.881784197e-16
1.416 150 1.2 0.216 0.016 0.2 8.881784197e-16
1.424 151 1.208 0.216 0.016 0.2 8.881784197e-16
1.432 152 1.216 0.216 0.016 0.2 8.881784197e-16
1.44 153 1.224 0.216 0.016 0.2 8.881784197e-16
1.448 154 1.232 0.216 0.016 0.2 8.881784197e-16
1.456 155 1.24 0.216 0.016 0.2 8.881784197e-16
1.464 156 1.248 0.216 0.016 0.2 8.881784197e-16
1.472 157 1.256 0.216 0.016 0.2 8.881784197e-16
1.48 158 1.264 0.216 0.016 0.2 8.881784197e-16
1.488 159 1.272 0.216 0.016 0.2 8.881784197e-16
1.496 160 1.28 0.216 0.016 0.2 8.881784197e-16
1.504 161 1.288 0.216 0.016 0.2 8.881784197e-16
1.512 162 1.296 0.216 0.016 0.2 8.881784197e-16
1.52 163 1.304 0.216 0.016 0.2 8.881784197e-16
1.528 164 1.312 0.216 0.016 0.2 8.881784197e-16
1.536 165 1.32 0.216 0.016 0.2 8.881784197e-16
1.544 166 1.328 0.216 0.016 0.2 8.881784197e-16
1.552 167 1.336 0.216 0.016 0.2 8.881784197e-16
1.56 168 1.344 0.216 0.016 0.2 8.881784197e-16
1.568 169 1.352 0.216 0.016 0.2 8.881784197e-16
1.576 170 1.36 0.216 0.016 0.2 8.881784197e-16
1.584 171 1.368 0.216 0.016 0.2 8.881784197e-16
1.592 172 1.376 0.216 0.016 0.2 8.881784197e-16
1.6 173 1.384 0.216 0.016 0.2 8.881784197e-16
1.608 174 1.392 0.216 0.016 0.2 8.881784197e-16
1.616 175 1.4 0.216 0.016 0.2 8.881784197e-16
1.624 176 1.408 0.216 0.016 0.2 1.11022302463e-15
1.632 177 1.416 0.216 0.016 0.2 1.11022302463e-15
1.64 178 1.424 0.216 0.016 0.2 1.11022302463e-15
1.648 179 1.432 0.216 0.016 0.2 1.11022302463e-15
1.656 180 1.44 0.216 0.016 0.2 1.11022302463e-15
1.664 181 1.448 0.216 0.016 0.2 1.11022302463e-15
1.672 182 1.456 0.216 0.016 0.2 1.11022302463e-15
1.68 183 1.464 0.216 0.016 0.2 1.11022302463e-15
1.688 184 1.472 0.216 0.016 0.2 1.11022302463e-15
1.696 185 1.48 0.216 0.016 0.2 1.11022302463e-15
1.704 186 1.488 0.216 0.016 0.2 1.11022302463e-15
1.712 187 1.496 0.216 0.016 0.2 1.11022302463e-15
1.72 188 1.504 0.216 0.016 0.2 1.11022302463e-15
1.728 189 1.512 0.216 0.016 0.2 1.11022302463e-15
1.736 190 1.52 0.216 0.016 0.2 1.11022302463e-15
1.744 191 1.528 0.216 0.016 0.2 1.11022302463e-15
1.752 192 1.536 0.216 0.016 0.2 1.11022302463e-15
1.76 193 1.544 0.216 0.016 0.2 1.11022302463e-15
1.768 194 1.552 0.216 0.016 0.2 1.11022302463e-15
1.776 195 1.56 0.216 0.016 0.2 1.11022302463e-15
1.784 196 1.568 0.216 0.016 0.2 1.11022302463e-15
1.792 197 1.576 0.216 0.016 0.2 1.11022302463e-15
1.8 198 1.584 0.216 0.016 0.2 1.11022302463e-15
1.808 199 1.592 0.216 0.016 0.2 1.11022302463e-15
1.816 200 1.6 0.216 0.016 0.2 1.11022302463e-15
1.824 201 1.608 0.216 0.016 0.2 1.11022302463e-15
1.832 202 1.616 0.216 0.016 0.2 1.11022302463e-15
1.84 203 1.624 0.216 0.016 0.2 1.11022302463e-15
1.848 204 1.632 0.216 0.016 0.2 1.11022302463e-15
1.856 205 1.64 0.216 0.016 0.2 1.11022302463e-15
1.864 206 1.648 0.216 0.016 0.2 1.11022302463e-15
1.872 207 1.656 0.216 0.016 0.2 1.11022302463e-15
1.88 208 1.664 0.216 0.016 0.2 1.11022302463e-15
1.888 209 1.672 0.216 0.016 0.2 1.33226762955e-15
1.896 210 1.68 0.216 0.016 0.2 1.33226762955e-15
1.904 211 1.688 0.216 0.016 0.2 1.33226762955e-15
1.912 212 1.696 0.216 0.016 0.2 1.33226762955e-15
1.92 213 1.704 0.216 0.016 0.2 1.33226762955e-15
1.928 214 1.712 0.216 0.016 0.2 1.33226762955e-15
1.936 215 1.72 0.216 0.016 0.2 1.33226762955e-15
1.944 216 1.728 0.216 0.016 0.2 1.33226762955e-15
1.952 217 1.736 0.216 0.016 0.2 1.33226762955e-15
1.96 218 1.744 0.216 0.016 0.2 1.33226762955e-15
1.968 219 1.752 0.216 0.016 0.2 1.33226762955e-15
1.976 220 1.76 0.216 0.016 0.2 1.33226762955e-15
1.984 221 1.768 0.216 0.016 0.2 1.33226762955e-15
1.992 222 1.776 0.216 0.016 0.2 1.33226762955e-15
2.0 223 1.784 0.216 0.016 0.2 1.33226762955e-15
2.008 224 1.792 0.216 0.016 0.2 1.33226762955e-15
2.016 225 1.8 0.216 0.016 0.2 1.33226762955e-15
2.024 226 1.808 0.216 0.016 0.2 1.33226762955e-15
2.032 227 1.816 0.216 0.016 0.2 1.33226762955e-15
2.04 228 1.824 0.216 0.016 0.2 1.33226762955e-15
2.048 229 1.832 0.216 0.016 0.2 1.33226762955e-15
2.056 230 1.84 0.216 0.016 0.2 1.33226762955e-15
2.064 231 1.848 0.216 0.016 0.2 1.33226762955e-15
2.072 232 1.856 0.216 0.016 0.2 1.33226762955e-15
2.08 233 1.864 0.216 0.016 0.2 1.33226762955e-15
2.088 234 1.872 0.216 0.016 0.2 1.33226762955e-15
2.096 235 1.88 0.216 0.016 0.2 1.33226762955e-15
2.104 236 1.888 0.216 0.016 0.2 1.33226762955e-15
2.112 237 1.896 0.216 0.016 0.2 1.33226762955e-15
2.12 238 1.904 0.216 0.016 0.2 1.33226762955e-15
2.128 239 1.912 0.216 0.016 0.2 1.33226762955e-15
2.136 240 1.92 0.216 0.016 0.2 1.55431223448e-15
2.144 241 1.928 0.216 0.016 0.2 1.55431223448e-15
2.152 242 1.936 0.216 0.016 0.2 1.55431223448e-15
2.16 243 1.944 0.216 0.016 0.2 1.55431223448e-15
2.168 244 1.952 0.216 0.016 0.2 1.55431223448e-15
2.176 245 1.96 0.216 0.016 0.2 1.55431223448e-15
2.184 246 1.968 0.216 0.016 0.2 1.55431223448e-15
2.192 247 1.976 0.216 0.016 0.2 1.55431223448e-15
2.2 248 1.984 0.216 0.016 0.2 1.55431223448e-15
2.208 249 1.992 0.216 0.016 0.2 1.55431223448e-15
2.216 250 2.0 0.216 0.016 0.2 1.33226762955e-15
2.224 251 2.008 0.216 0.016 0.2 1.33226762955e-15
2.232 252 2.016 0.216 0.016 0.2 1.33226762955e-15
2.24 253 2.024 0.216 0.016 0.2 1.33226762955e-15
2.248 254 2.032 0.216 0.016 0.2 1.33226762955e-15
2.256 255 2.04 0.216 0.016 0.2 1.33226762955e-15
2.264 256 2.048 0.216 0.016 0.2 1.33226762955e-15
2.272 257 2.056 0.216 0.016 0.2 1.33226762955e-15
2.28 258 2.064 0.216 0.016 0.2 1.33226762955e-15
2.288 259 2.072 0.216 0.016 0.2 1.33226762955e-15
2.296 260 2.08 0.216 0.016 0.2 1.33226762955e-15
2.304 261 2.088 0.216 0.016 0.2 1.33226762955e-15
2.312 262 2.096 0.216 0.016 0.2 1.33226762955e-15
2.32 263 2.104 0.216 0.016 0.2 1.33226762955e-15
2.328 264 2.112 0.216 0.016 0.2 1.33226762955e-15
2.336 265 2.12 0.216 0.016 0.2 1.33226762955e-15
2.344 266 2.128 0.216 0.016 0.2 1.33226762955e-15
2.352 267 2.136 0.216 0.016 0.2 1.33226762955e-15
2.36 268 2.144 0.216 0.016 0.2 1.33226762955e-15
2.368 269 2.152 0.216 0.016 0.2 1.33226762955e-15
2.376 270 2.16 0.216 0.016 0.2 1.33226762955e-15
2.384 271 2.168 0.216 0.016 0.2 1.33226762955e-15
2.392 272 2.176 0.216 0.016 0.2 1.33226762955e-15
2.4 273 2.184 0.216 0.016 0.2 1.33226762955e-15
2.408 274 2.192 0.216 0.016 0.2 1.33226762955e-15
2.416 275 2.2 0.216 0.016 0.2 1.33226762955e-15
2.424 276 2.208 0.216 0.016 0.2 1.33226762955e-15
2.432 277 2.216 0.216 0.016 0.2 1.33226762955e-15
2.44 278 2.224 0.216 0.016 0.2 1.33226762955e-15
2.448 279 2.232 0.216 0.016 0.2 1.33226762955e-15
2.456 280 2.24 0.216 0.016 0.2 1.33226762955e-15
2.464 281 2.248 0.216 0.016 0.2 1.33226762955e-15
2.472 282 2.256 0.216 0.016 0.2 1.33226762955e-15
2.48 283 2.264 0.216 0.016 0.2 1.33226762955e-15
2.488 284 2.272 0.216 0.016 0.2 1.33226762955e-15
2.496 285 2.28 0.216 0.016 0.2 1.33226762955e-15
2.504 286 2.288 0.216 0.016 0.2 1.33226762955e-15
2.512 287 2.296 0.216 0.016 0.2 1.33226762955e-15
2.52 288 2.304 0.216 0.016 0.2 1.33226762955e-15
2.528 289 2.312 0.216 0.016 0.2 1.7763568394e-15
2.536 290 2.32 0.216 0.016 0.2 1.7763568394e-15
2.544 291 2.328 0.216 0.016 0.2 1.7763568394e-15
2.552 292 2.336 0.216 0.016 0.2 1.7763568394e-15
2.56 293 2.344 0.216 0.016 0.2 1.7763568394e-15
2.568 294 2.352 0.216 0.016 0.2 1.7763568394e-15
2.576 295 2.36 0.216 0.016 0.2 1.7763568394e-15
2.584 296 2.368 0.216 0.016 0.2 1.7763568394e-15
2.592 297 2.376 0.216 0.016 0.2 1.7763568394e-15
2.6 298 2.384 0.216 0.016 0.2 1.7763568394e-15
2.608 299 2.392 0.216 0.016 0.2 1.7763568394e-15
2.616 300 2.4 0.216 0.016 0.2 1.7763568394e-15
2.624 301 2.408 0.216 0.016 0.2 1.7763568394e-15
2.632 302 2.416 0.216 0.016 0.2 1.7763568394e-15
2.64 303 2.424 0.216 0.016 0.2 1.7763568394e-15
2.648 304 2.432 0.216 0.016 0.2 1.7763568394e-15
2.656 305 2.44 0.216 0.016 0.2 1.7763568394e-15
2.664 306 2.448 0.216 0.016 0.2 1.7763568394e-15
2.672 307 2.456 0.216 0.016 0.2 1.7763568394e-15
2.68 308 2.464 0.216 0.016 0.2 1.7763568394e-15
2.688 309 2.472 0.216 0.016 0.2 1.7763568394e-15
2.696 310 2.48 0.216 0.016 0.2 1.7763568394e-15
2.704 311 2.488 0.216 0.016 0.2 1.7763568394e-15
2.712 312 2.496 0.216 0.016 0.2 1.7763568394e-15
2.72 313 2.504 0.216 0.016 0.2 1.7763568394e-15
2.728 314 2.512 0.216 0.016 0.2 1.7763568394e-15
2.736 315 2.52 0.216 0.016 0.2 1.7763568394e-15
2.744 316 2.528 0.216 0.016 0.2 1.7763568394e-15
2.752 317 2.536 0.216 0.016 0.2 1.7763568394e-15
2.76 318 2.544 0.216 0.016 0.2 1.7763568394e-15
2.768 319 2.552 0.216 0.016 0.2 1.7763568394e-15
2.776 320 2.56 0.216 0.016 0.2 1.7763568394e-15
2.784 321 2.568 0.216 0.016 0.2 1.7763568394e-15
2.792 322 2.576 0.216 0.016 0.2 1.7763568394e-15
2.8 323 2.584 0.216 0.016 0.2 1.7763568394e-15
2.808 324 2.592 0.216 0.016 0.2 1.7763568394e-15
2.816 325 2.6 0.216 0.016 0.2 1.7763568394e-15
2.824 326 2.608 0.216 0.016 0.2 1.7763568394e-15
2.832 327 2.616 0.216 0.016 0.2 1.7763568394e-15
2.84 328 2.624 0.216 0.016 0.2 1.7763568394e-15
2.848 329 2.632 0.216 0.016 0.2 1.7763568394e-15
2.856 330 2.64 0.216 0.016 0.2 1.7763568394e-15
2.864 331 2.648 0.216 0.016 0.2 1.7763568394e-15
2.872 332 2.656 0.216 0.016 0.2 1.7763568394e-15
2.88 333 2.664 0.216 0.016 0.2 1.7763568394e-15
2.888 334 2.672 0.216 0.016 0.2 1.7763568394e-15
2.896 335 2.68 0.216 0.016 0.2 1.7763568394e-15
2.904 336 2.688 0.216 0.016 0.2 1.7763568394e-15
2.912 337 2.696 0.216 0.016 0.2 1.7763568394e-15
2.92 338 2.704 0.216 0.016 0.2 1.7763568394e-15
2.928 339 2.712 0.216 0.016 0.2 1.7763568394e-15
2.936 340 2.72 0.216 0.016 0.2 1.7763568394e-15
2.944 341 2.728 0.216 0.016 0.2 1.7763568394e-15
2.952 342 2.736 0.216 0.016 0.2 1.7763568394e-15
2.96 343 2.744 0.216 0.016 0.2 1.7763568394e-15
2.968 344 2.752 0.216 0.016 0.2 1.7763568394e-15
2.976 345 2.76 0.216 0.016 0.2 1.7763568394e-15
2.984 346 2.768 0.216 0.016 0.2 1.7763568394e-15
2.992 347 2.776 0.216 0.016 0.2 1.7763568394e-15
3.0 348 2.784 0.216 0.016 0.2 1.7763568394e-15
3.008 349 2.792 0.216 0.016 0.2 1.7763568394e-15
3.016 350 2.8 0.216 0.016 0.2 1.7763568394e-15
3.024 351 2.808 0.216 0.016 0.2 1.7763568394e-15
3.032 352 2.816 0.216 0.016 0.2 2.22044604925e-15
3.04 353 2.824 0.216 0.016 0.2 2.22044604925e-15
3.048 354 2.832 0.216 0.016 0.2 2.22044604925e-15
3.056 355 2.84 0.216 0.016 0.2 2.22044604925e-15
3.064 356 2.848 0.216 0.016 0.2 2.22044604925e-15
3.072 357 2.856 0.216 0.016 0.2 2.22044604925e-15
3.08 358 2.864 0.216 0.016 0.2 2.22044604925e-15
3.088 359 2.872 0.216 0.016 0.2 2.22044604925e-15
3.096 360 2.88 0.216 0.016 0.2 2.22044604925e-15
3.104 361 2.888 0.216 0.016 0.2 2.22044604925e-15
3.112 362 2.896 0.216 0.016 0.2 2.22044604925e-15
3.12 363 2.904 0.216 0.016 0.2 2.22044604925e-15
3.128 364 2.912 0.216 0.016 0.2 2.22044604925e-15
3.136 365 2.92 0.216 0.016 0.2 2.22044604925e-15
3.144 366 2.928 0.216 0.016 0.2 2.22044604925e-15
3.152 367 2.936 0.216 0.016 0.2 2.22044604925e-15
3.16 368 2.944 0.216 0.016 0.2 2.22044604925e-15
3.168 369 2.952 0.216 0.016 0.2 2.22044604925e-15
3.176 370 2.96 0.216 0.016 0.2 2.22044604925e-15
3.184 371 2.968 0.216 0.016 0.2 2.22044604925e-15
3.192 372 2.976 0.216 0.016 0.2 2.22044604925e-15
3.2 373 2.984 0.216 0.016 0.2 2.22044604925e-15
3.208 374 2.992 0.216 0.016 0.2 2.22044604925e-15
3.216 375 3.0 0.216 0.016 0.2 2.22044604925e-15
3.224 376 3.008 0.216 0.016 0.2 2.22044604925e-15
3.232 377 3.016 0.216 0.016 0.2 2.22044604925e-15
3.24 378 3.024 0.216 0.016 0.2 2.22044604925e-15
3.248 379 3.032 0.216 0.016 0.2 2.22044604925e-15
3.256 380 3.04 0.216 0.016 0.2 2.22044604925e-15
3.264 381 3.048 0.216 0.016 0.2 2.22044604925e-15
3.272 382 3.056 0.216 0.016 0.2 2.22044604925e-15
3.28 383 3.064 0.216 0.016 0.2 2.22044604925e-15
3.288 384 3.072 0.216 0.016 0.2 2.22044604925e-15
3.296 385 3.08 0.216 0.016 0.2 2.22044604925e-15
3.304 386 3.088 0.216 0.016 0.2 2.22044604925e-15
3.312 387 3.096 0.216 0.016 0.2 2.22044604925e-15
3.32 388 3.104 0.216 0.016 0.2 2.22044604925e-15
3.328 389 3.112 0.216 0.016 0.2 2.22044604925e-15
3.336 390 3.12 0.216 0.016 0.2 2.22044604925e-15
3.344 391 3.128 0.216 0.016 0.2 2.22044604925e-15
3.352 392 3.136 0.216 0.016 0.2 2.22044604925e-15
3.36 393 3.144 0.216 0.016 0.2 2.22044604925e-15
3.368 394 3.152 0.216 0.016 0.2 2.22044604925e-15
3.376 395 3.16 0.216 0.016 0.2 2.22044604925e-15
3.384 396 3.168 0.216 0.016 0.2 2.22044604925e-15
3.392 397 3.176 0.216 0.016 0.2 2.22044604925e-15
3.4 398 3.184 0.216 0.016 0.2 2.22044604925e-15
3.408 399 3.192 0.216 0.016 0.2 2.22044604925e-15
3.416 400 3.2 0.216 0.016 0.2 2.22044604925e-15
3.424 401 3.208 0.216 0.016 0.2 2.22044604925e-15
3.432 402 3.216 0.216 0.016 0.2 2.22044604925e-15
3.44 403 3.224 0.216 0.016 0.2 2.22044604925e-15
3.448 404 3.232 0.216 0.016 0.2 2.22044604925e-15
3.456 405 3.24 0.216 0.016 0.2 2.22044604925e-15
3.464 406 3.248 0.216 0.016 0.2 2.22044604925e-15
3.472 407 3.256 0.216 0.016 0.2 2.22044604925e-15
3.48 408 3.264 0.216 0.016 0.2 2.22044604925e-15
3.488 409 3.272 0.216 0.016 0.2 2.22044604925e-15
3.496 410 3.28 0.216 0.016 0.2 2.22044604925e-15
3.504 411 3.288 0.216 0.016 0.2 2.22044604925e-15
3.512 412 3.296 0.216 0.016 0.2 2.22044604925e-15
3.52 413 3.304 0.216 0.016 0.2 2.22044604925e-15
3.528 414 3.312 0.216 0.016 0.2 2.22044604925e-15
3.536 415 3.32 0.216 0.016 0.2 2.22044604925e-15
3.544 416 3.328 0.216 0.016 0.2 2.22044604925e-15
3.552 417 3.336 0.216 0.016 0.2 2.6645352591e-15
3.56 418 3.344 0.216 0.016 0.2 2.6645352591e-15
3.568 419 3.352 0.216 0.016 0.2 2.6645352591e-15
3.576 420 3.36 0.216 0.016 0.2 2.6645352591e-15
3.584 421 3.368 0.216 0.016 0.2 2.6645352591e-15
3.592 422 3.376 0.216 0.016 0.2 2.6645352591e-15
3.6 423 3.384 0.216 0.016 0.2 2.6645352591e-15
3.608 424 3.392 0.216 0.016 0.2 2.6645352591e-15
3.616 425 3.4 0.216 0.016 0.2 2.6645352591e-15
3.624 426 3.408 0.216 0.016 0.2 2.6645352591e-15
3.632 427 3.416 0.216 0.016 0.2 2.6645352591e-15
3.64 428 3.424 0.216 0.016 0.2 2.6645352591e-15
3.648 429 3.432 0.216 0.016 0.2 2.6645352591e-15
3.656 430 3.44 0.216 0.016 0.2 2.6645352591e-15
3.664 431 3.448 0.216 0.016 0.2 2.6645352591e-15
3.672 432 3.456 0.216 0.016 0.2 2.6645352591e-15
3.68 433 3.464 0.216 0.016 0.2 2.6645352591e-15
3.688 434 3.472 0.216 0.016 0.2 2.6645352591e-15
3.696 435 3.48 0.216 0.016 0.2 2.6645352591e-15
3.704 436 3.488 0.216 0.016 0.2 2.6645352591e-15
3.712 437 3.496 0.216 0.016 0.2 2.6645352591e-15
3.72 438 3.504 0.216 0.016 0.2 2.6645352591e-15
3.728 439 3.512 0.216 0.016 0.2 2.6645352591e-15
3.736 440 3.52 0.216 0.016 0.2 2.6645352591e-15
3.744 441 3.528 0.216 0.016 0.2 2.6645352591e-15
3.752 442 3.536 0.216 0.016 0.2 2.6645352591e-15
3.76 443 3.544 0.216 0.016 0.2 2.6645352591e-15
3.768 444 3.552 0.216 0.016 0.2 2.6645352591e-15
3.776 445 3.56 0.216 0.016 0.2 2.6645352591e-15
3.784 446 3.568 0.216 0.016 0.2 2.6645352591e-15
3.792 447 3.576 0.216 0.016 0.2 2.6645352591e-15
3.8 448 3.584 0.216 0.016 0.2 2.6645352591e-15
3.808 449 3.592 0.216 0.016 0.2 2.6645352591e-15
3.816 450 3.6 0.216 0.016 0.2 2.6645352591e-15
3.824 451 3.608 0.216 0.016 0.2 2.6645352591e-15
3.832 452 3.616 0.216 0.016 0.2 2.6645352591e-15
3.84 453 3.624 0.216 0.016 0.2 2.6645352591e-15
3.848 454 3.632 0.216 0.016 0.2 2.6645352591e-15
3.856 455 3.64 0.216 0.016 0.2 2.6645352591e-15
3.864 456 3.648 0.216 0.016 0.2 2.6645352591e-15
3.872 457 3.656 0.216 0.016 0.2 2.6645352591e-15
3.88 458 3.664 0.216 0.016 0.2 2.6645352591e-15
3.888 459 3.672 0.216 0.016 0.2 2.6645352591e-15
3.896 460 3.68 0.216 0.016 0.2 2.6645352591e-15
3.904 461 3.688 0.216 0.016 0.2 2.6645352591e-15
3.912 462 3.696 0.216 0.016 0.2 2.6645352591e-15
3.92 463 3.704 0.216 0.016 0.2 2.6645352591e-15
3.928 464 3.712 0.216 0.016 0.2 2.6645352591e-15
3.936 465 3.72 0.216 0.016 0.2 2.6645352591e-15
3.944 466 3.728 0.216 0.016 0.2 2.6645352591e-15
3.952 467 3.736 0.216 0.016 0.2 2.6645352591e-15
3.96 468 3.744 0.216 0.016 0.2 2.6645352591e-15
3.968 469 3.752 0.216 0.016 0.2 2.6645352591e-15
3.976 470 3.76 0.216 0.016 0.2 2.6645352591e-15
3.984 471 3.768 0.216 0.016 0.2 2.6645352591e-15
3.992 472 3.776 0.216 0.016 0.2 2.6645352591e-15
4.0 473 3.784 0.216 0.016 0.2 2.6645352591e-15
4.008 474 3.792 0.216 0.016 0.2 2.6645352591e-15
4.016 475 3.8 0.216 0.016 0.2 2.6645352591e-15
4.024 476 3.808 0.216 0.016 0.2 2.6645352591e-15
4.032 477 3.816 0.216 0.016 0.2 2.6645352591e-15
4.04 478 3.824 0.216 0.016 0.2 2.6645352591e-15
4.048 479 3.832 0.216 0.016 0.2 2.6645352591e-15
4.056 480 3.84 0.216 0.016 0.2 3.10862446895e-15
4.064 481 3.848 0.216 0.016 0.2 3.10862446895e-15
4.072 482 3.856 0.216 0.016 0.2 3.10862446895e-15
4.08 483 3.864 0.216 0.016 0.2 3.10862446895e-15
4.088 484 3.872 0.216 0.016 0.2 3.10862446895e-15
4.096 485 3.88 0.216 0.016 0.2 3.10862446895e-15
4.104 486 3.888 0.216 0.016 0.2 3.10862446895e-15
4.112 487 3.896 0.216 0.016 0.2 3.10862446895e-15
4.12 488 3.904 0.216 0.016 0.2 3.10862446895e-15
4.128 489 3.912 0.216 0.016 0.2 3.10862446895e-15
4.136 490 3.92 0.216 0.016 0.2 3.10862446895e-15
4.144 491 3.928 0.216 0.016 0.2 3.10862446895e-15
4.152 492 3.936 0.216 0.016 0.2 3.10862446895e-15
4.16 493 3.944 0.216 0.016 0.2 3.10862446895e-15
4.168 494 3.952 0.216 0.016 0.2 3.10862446895e-15
4.176 495 3.96 0.216 0.016 0.2 3.10862446895e-15
4.184 496 3.968 0.216 0.016 0.2 3.10862446895e-15
4.192 497 3.976 0.216 0.016 0.2 3.10862446895e-15
4.2 498 3.984 0.216 0.016 0.2 3.10862446895e-15
4.208 499 3.992 0.216 0.016 0.2 3.10862446895e-15
4.216 500 4.0 0.216 0.016 0.2 3.5527136788e-15
4.224 501 4.008 0.216 0.016 0.2 3.5527136788e-15
4.232 502 4.016 0.216 0.016 0.2 3.5527136788e-15
4.24 503 4.024 0.216 0.016 0.2 3.5527136788e-15
4.248 504 4.032 0.216 0.016 0.2 3.5527136788e-15
4.256 505 4.04 0.216 0.016 0.2 3.5527136788e-15
4.264 506 4.048 0.216 0.016 0.2 3.5527136788e-15
4.272 507 4.056 0.216 0.016 0.2 3.5527136788e-15
4.28 508 4.064 0.216 0.016 0.2 3.5527136788e-15
4.288 509 4.072 0.216 0.016 0.2 3.5527136788e-15
4.296 510 4.08 0.216 0.016 0.2 3.5527136788e-15
4.304 511 4.088 0.216 0.016 0.2 3.5527136788e-15
4.312 512 4.096 0.216 0.016 0.2 3.5527136788e-15
4.32 513 4.104 0.216 0.016 0.2 3.5527136788e-15
4.328 514 4.112 0.216 0.016 0.2 3.5527136788e-15
4.336 515 4.12 0.216 0.016 0.2 3.5527136788e-15
4.344 516 4.128 0.216 0.016 0.2 3.5527136788e-15
4.352 517 4.136 0.216 0.016 0.2 3.5527136788e-15
4.36 518 4.144 0.216 0.016 0.2 3.5527136788e-15
4.368 519 4.152 0.216 0.016 0.2 3.5527136788e-15
4.376 520 4.16 0.216 0.016 0.2 3.5527136788e-15
4.384 521 4.168 0.216 0.016 0.2 3.5527136788e-15
4.392 522 4.176 0.216 0.016 0.2 3.5527136788e-15
4.4 523 4.184 0.216 0.016 0.2 3.5527136788e-15
4.408 524 4.192 0.216 0.016 0.2 3.5527136788e-15
4.416 525 4.2 0.216 0.016 0.2 3.5527136788e-15
4.424 526 4.208 0.216 0.016 0.2 3.5527136788e-15
4.432 527 4.216 0.216 0.016 0.2 3.5527136788e-15
4.44 528 4.224 0.216 0.016 0.2 3.5527136788e-15
4.448 529 4.232 0.216 0.016 0.2 3.5527136788e-15
4.456 530 4.24 0.216 0.016 0.2 3.5527136788e-15
4.464 531 4.248 0.216 0.016 0.2 3.5527136788e-15
4.472 532 4.256 0.216 0.016 0.2 3.5527136788e-15
4.48 533 4.264 0.216 0.016 0.2 3.5527136788e-15
4.488 534 4.272 0.216 0.016 0.2 3.5527136788e-15
4.496 535 4.28 0.216 0.016 0.2 3.5527136788e-15
4.504 536 4.288 0.216 0.016 0.2 3.5527136788e-15
4.512 537 4.296 0.216 0.016 0.2 3.5527136788e-15
4.52 538 4.304 0.216 0.016 0.2 3.5527136788e-15
4.528 539 4.312 0.216 0.016 0.2 3.5527136788e-15
4.536 540 4.32 0.216 0.016 0.2 3.5527136788e-15
4.544 541 4.328 0.216 0.016 0.2 3.5527136788e-15
4.552 542 4.336 0.216 0.016 0.2 3.5527136788e-15
4.56 543 4.344 0.216 0.016 0.2 3.5527136788e-15
4.568 544 4.352 0.216 0.016 0.2 3.5527136788e-15
4.576 545 4.36 0.216 0.016 0.2 3.5527136788e-15
4.584 546 4.368 0.216 0.016 0.2 3.5527136788e-15
4.592 547 4.376 0.216 0.016 0.2 3.5527136788e-15
4.6 548 4.384 0.216 0.016 0.2 3.5527136788e-15
4.608 549 4.392 0.216 0.016 0.2 3.5527136788e-15
4.616 550 4.4 0.216 0.016 0.2 3.5527136788e-15
4.624 551 4.408 0.216 0.016 0.2 3.5527136788e-15
4.632 552 4.416 0.216 0.016 0.2 3.5527136788e-15
4.64 553 4.424 0.216 0.016 0.2 3.5527136788e-15
4.648 554 4.432 0.216 0.016 0.2 3.5527136788e-15
4.656 555 4.44 0.216 0.016 0.2 3.5527136788e-15
4.664 556 4.448 0.216 0.016 0.2 3.5527136788e-15
4.672 557 4.456 0.216 0.016 0.2 3.5527136788e-15
4.68 558 4.464 0.216 0.016 0.2 3.5527136788e-15
4.688 559 4.472 0.216 0.016 0.2 3.5527136788e-15
4.696 560 4.48 0.216 0.016 0.2 3.5527136788e-15
4.704 561 4.488 0.216 0.016 0.2 3.5527136788e-15
4.712 562 4.496 0.216 0.016 0.2 3.5527136788e-15
4.72 563 4.504 0.216 0.016 0.2 3.5527136788e-15
4.728 564 4.512 0.216 0.016 0.2 3.5527136788e-15
4.736 565 4.52 0.216 0.016 0.2 3.5527136788e-15
4.744 566 4.528 0.216 0.016 0.2 3.5527136788e-15
4.752 567 4.536 0.216 0.016 0.2 3.5527136788e-15
4.76 568 4.544 0.216 0.016 0.2 3.5527136788e-15
4.768 569 4.552 0.216 0.016 0.2 3.5527136788e-15
4.776 570 4.56 0.216 0.016 0.2 3.5527136788e-15
4.784 571 4.568 0.216 0.016 0.2 3.5527136788e-15
4.792 572 4.576 0.216 0.016 0.2 3.5527136788e-15
4.8 573 4.584 0.216 0.016 0.2 3.5527136788e-15
4.808 574 4.592 0.216 0.016 0.2 3.5527136788e-15
4.816 575 4.6 0.216 0.016 0.2 3.5527136788e-15
4.824 576 4.608 0.216 0.016 0.2 3.5527136788e-15
4.832 577 4.616 0.216 0.016 0.2 4.4408920985e-15
4.84 578 4.624 0.216 0.016 0.2 4.4408920985e-15
4.848 579 4.632 0.216 0.016 0.2 4.4408920985e-15
4.856 580 4.64 0.216 0.016 0.2 4.4408920985e-15
4.864 581 4.648 0.216 0.016 0.2 4.4408920985e-15
4.872 582 4.656 0.216 0.016 0.2 4.4408920985e-15
4.88 583 4.664 0.216 0.016 0.2 4.4408920985e-15
4.888 584 4.672 0.216 0.016 0.2 4.4408920985e-15
4.896 585 4.68 0.216 0.016 0.2 4.4408920985e-15
4.904 586 4.688 0.216 0.016 0.2 4.4408920985e-15
4.912 587 4.696 0.216 0.016 0.2 4.4408920985e-15
4.92 588 4.704 0.216 0.016 0.2 4.4408920985e-15
4.928 589 4.712 0.216 0.016 0.2 4.4408920985e-15
4.936 590 4.72 0.216 0.016 0.2 4.4408920985e-15
4.944 591 4.728 0.216 0.016 0.2 4.4408920985e-15
4.952 592 4.736 0.216 0.016 0.2 4.4408920985e-15
4.96 593 4.744 0.216 0.016 0.2 4.4408920985e-15
4.968 594 4.752 0.216 0.016 0.2 4.4408920985e-15
4.976 595 4.76 0.216 0.016 0.2 4.4408920985e-15
4.984 596 4.768 0.216 0.016 0.2 4.4408920985e-15
4.992 597 4.776 0.216 0.016 0.2 4.4408920985e-15
5.0 598 4.784 0.216 0.016 0.2 4.4408920985e-15
5.008 599 4.792 0.216 0.016 0.2 4.4408920985e-15
5.016 600 4.8 0.216 0.016 0.2 4.4408920985e-15
5.024 601 4.808 0.216 0.016 0.2 4.4408920985e-15
5.032 602 4.816 0.216 0.016 0.2 4.4408920985e-15
5.04 603 4.824 0.216 0.016 0.2 4.4408920985e-15
5.048 604 4.832 0.216 0.016 0.2 4.4408920985e-15
5.056 605 4.84 0.216 0.016 0.2 4.4408920985e-15
5.064 606 4.848 0.216 0.016 0.2 4.4408920985e-15
5.072 607 4.856 0.216 0.016 0.2 4.4408920985e-15
5.08 608 4.864 0.216 0.016 0.2 4.4408920985e-15
5.088 609 4.872 0.216 0.016 0.2 4.4408920985e-15
5.096 610 4.88 0.216 0.016 0.2 4.4408920985e-15
5.104 611 4.888 0.216 0.016 0.2 4.4408920985e-15
5.112 612 4.896 0.216 0.016 0.2 4.4408920985e-15
5.12 613 4.904 0.216 0.016 0.2 4.4408920985e-15
5.128 614 4.912 0.216 0.016 0.2 4.4408920985e-15
5.136 615 4.92 0.216 0.016 0.2 4.4408920985e-15
5.144 616 4.928 0.216 0.016 0.2 4.4408920985e-15
5.152 617 4.936 0.216 0.016 0.2 4.4408920985e-15
5.16 618 4.944 0.216 0.016 0.2 4.4408920985e-15
5.168 619 4.952 0.216 0.016 0.2 4.4408920985e-15
5.176 620 4.96 0.216 0.016 0.2 4.4408920985e-15
5.184 621 4.968 0.216 0.016 0.2 4.4408920985e-15
5.192 622 4.976 0.216 0.016 0.2 4.4408920985e-15
5.2 623 4.984 0.216 0.016 0.2 4.4408920985e-15
5.208 624 4.992 0.216 0.016 0.2 4.4408920985e-15
5.216 625 5.0 0.216 0.016 0.2 4.4408920985e-15
5.224 626 5.008 0.216 0.016 0.2 4.4408920985e-15
5.232 627 5.016 0.216 0.016 0.2 4.4408920985e-15
5.24 628 5.024 0.216 0.016 0.2 4.4408920985e-15
5.248 629 5.032 0.216 0.016 0.2 4.4408920985e-15
5.256 630 5.04 0.216 0.016 0.2 4.4408920985e-15
5.264 631 5.048 0.216 0.016 0.2 4.4408920985e-15
5.272 632 5.056 0.216 0.016 0.2 4.4408920985e-15
5.28 633 5.064 0.216 0.016 0.2 4.4408920985e-15
5.288 634 5.072 0.216 0.016 0.2 4.4408920985e-15
5.296 635 5.08 0.216 0.016 0.2 4.4408920985e-15
5.304 636 5.088 0.216 0.016 0.2 4.4408920985e-15
5.312 637 5.096 0.216 0.016 0.2 4.4408920985e-15
5.32 638 5.104 0.216 0.016 0.2 4.4408920985e-15
5.328 639 5.112 0.216 0.016 0.2 4.4408920985e-15
5.336 640 5.12 0.216 0.016 0.2 4.4408920985e-15
5.344 641 5.128 0.216 0.016 0.2 4.4408920985e-15
5.352 642 5.136 0.216 0.016 0.2 4.4408920985e-15
5.36 643 5.144 0.216 0.016 0.2 4.4408920985e-15
5.368 644 5.152 0.216 0.016 0.2 4.4408920985e-15
5.376 645 5.16 0.216 0.016 0.2 4.4408920985e-15
5.384 646 5.168 0.216 0.016 0.2 4.4408920985e-15
5.392 647 5.176 0.216 0.016 0.2 4.4408920985e-15
5.4 648 5.184 0.216 0.016 0.2 4.4408920985e-15
5.408 649 5.192 0.216 0.016 0.2 4.4408920985e-15
5.416 650 5.2 0.216 0.016 0.2 4.4408920985e-15
5.424 651 5.208 0.216 0.016 0.2 4.4408920985e-15
5.432 652 5.216 0.216 0.016 0.2 4.4408920985e-15
5.44 653 5.224 0.216 0.016 0.2 4.4408920985e-15
5.448 654 5.232 0.216 0.016 0.2 4.4408920985e-15
5.456 655 5.24 0.216 0.016 0.2 4.4408920985e-15
5.464 656 5.248 0.216 0.016 0.2 4.4408920985e-15
5.472 657 5.256 0.216 0.016 0.2 4.4408920985e-15
5.48 658 5.264 0.216 0.016 0.2 4.4408920985e-15
5.488 659 5.272 0.216 0.016 0.2 4.4408920985e-15
5.496 660 5.28 0.216 0.016 0.2 4.4408920985e-15
5.504 661 5.288 0.216 0.016 0.2 4.4408920985e-15
5.512 662 5.296 0.216 0.016 0.2 4.4408920985e-15
5.52 663 5.304 0.216 0.016 0.2 4.4408920985e-15
5.528 664 5.312 0.216 0.016 0.2 4.4408920985e-15
5.536 665 5.32 0.216 0.016 0.2 4.4408920985e-15
5.544 666 5.328 0.216 0.016 0.2 4.4408920985e-15
5.552 667 5.336 0.216 0.016 0.2 4.4408920985e-15
5.56 668 5.344 0.216 0.016 0.2 4.4408920985e-15
5.568 669 5.352 0.216 0.016 0.2 4.4408920985e-15
5.576 670 5.36 0.216 0.016 0.2 4.4408920985e-15
5.584 671 5.368 0.216 0.016 0.2 4.4408920985e-15
5.592 672 5.376 0.216 0.016 0.2 4.4408920985e-15
5.6 673 5.384 0.216 0.016 0.2 4.4408920985e-15
5.608 674 5.392 0.216 0.016 0.2 4.4408920985e-15
5.616 675 5.4 0.216 0.016 0.2 4.4408920985e-15
5.624 676 5.408 0.216 0.016 0.2 4.4408920985e-15
5.632 677 5.416 0.216 0.016 0.2 4.4408920985e-15
5.64 678 5.424 0.216 0.016 0.2 4.4408920985e-15
5.648 679 5.432 0.216 0.016 0.2 4.4408920985e-15
5.656 680 5.44 0.216 0.016 0.2 4.4408920985e-15
5.664 681 5.448 0.216 0.016 0.2 4.4408920985e-15
5.672 682 5.456 0.216 0.016 0.2 4.4408920985e-15
5.68 683 5.464 0.216 0.016 0.2 4.4408920985e-15
5.688 684 5.472 0.216 0.016 0.2 4.4408920985e-15
5.696 685 5.48 0.216 0.016 0.2 4.4408920985e-15
5.704 686 5.488 0.216 0.016 0.2 4.4408920985e-15
5.712 687 5.496 0.216 0.016 0.2 4.4408920985e-15
5.72 688 5.504 0.216 0.016 0.2 4.4408920985e-15
5.728 689 5.512 0.216 0.016 0.2 4.4408920985e-15
5.736 690 5.52 0.216 0.016 0.2 4.4408920985e-15
5.744 691 5.528 0.216 0.016 0.2 4.4408920985e-15
5.752 692 5.536 0.216 0.016 0.2 4.4408920985e-15
5.76 693 5.544 0.216 0.016 0.2 4.4408920985e-15
5.768 694 5.552 0.216 0.016 0.2 4.4408920985e-15
5.776 695 5.56 0.216 0.016 0.2 4.4408920985e-15
5.784 696 5.568 0.216 0.016 0.2 4.4408920985e-15
5.792 697 5.576 0.216 0.016 0.2 4.4408920985e-15
5.8 698 5.584 0.216 0.016 0.2 4.4408920985e-15
5.808 699 5.592 0.216 0.016 0.2 4.4408920985e-15
5.816 700 5.6 0.216 0.016 0.2 4.4408920985e-15
5.824 701 5.608 0.216 0.016 0.2 4.4408920985e-15
5.832 702 5.616 0.216 0.016 0.2 4.4408920985e-15
5.84 703 5.624 0.216 0.016 0.2 4.4408920985e-15
5.848 704 5.632 0.216 0.016 0.2 5.3290705182e-15
5.856 705 5.64 0.216 0.016 0.2 5.3290705182e-15
5.864 706 5.648 0.216 0.016 0.2 5.3290705182e-15
5.872 707 5.656 0.216 0.016 0.2 5.3290705182e-15
5.88 708 5.664 0.216 0.016 0.2 5.3290705182e-15
5.888 709 5.672 0.216 0.016 0.2 5.3290705182e-15
5.896 710 5.68 0.216 0.016 0.2 5.3290705182e-15
5.904 711 5.688 0.216 0.016 0.2 5.3290705182e-15
5.912 712 5.696 0.216 0.016 0.2 5.3290705182e-15
5.92 713 5.704 0.216 0.016 0.2 5.3290705182e-15
5.928 714 5.712 0.216 0.016 0.2 5.3290705182e-15
5.936 715 5.72 0.216 0.016 0.2 5.3290705182e-15
5.944 716 5.728 0.216 0.016 0.2 5.3290705182e-15
5.952 717 5.736 0.216 0.016 0.2 5.3290705182e-15
5.96 718 5.744 0.216 0.016 0.2 5.3290705182e-15
5.968 719 5.752 0.216 0.016 0.2 5.3290705182e-15
5.976 720 5.76 0.216 0.016 0.2 5.3290705182e-15
5.984 721 5.768 0.216 0.016 0.2 5.3290705182e-15
5.992 722 5.776 0.216 0.016 0.2 5.3290705182e-15
6.0 723 5.784 0.216 0.016 0.2 5.3290705182e-15
6.008 724 5.792 0.216 0.016 0.2 5.3290705182e-15
6.016 725 5.8 0.216 0.016 0.2 5.3290705182e-15
6.024 726 5.808 0.216 0.016 0.2 5.3290705182e-15
6.032 727 5.816 0.216 0.016 0.2 5.3290705182e-15
6.04 728 5.824 0.216 0.016 0.2 5.3290705182e-15
6.048 729 5.832 0.216 0.016 0.2 5.3290705182e-15
6.056 730 5.84 0.216 0.016 0.2 5.3290705182e-15
6.064 731 5.848 0.216 0.016 0.2 5.3290705182e-15
6.072 732 5.856 0.216 0.016 0.2 5.3290705182e-15
6.08 733 5.864 0.216 0.016 0.2 5.3290705182e-15
6.088 734 5.872 0.216 0.016 0.2 5.3290705182e-15
6.096 735 5.88 0.216 0.016 0.2 5.3290705182e-15
6.104 736 5.888 0.216 0.016 0.2 5.3290705182e-15
6.112 737 5.896 0.216 0.016 0.2 5.3290705182e-15
6.12 738 5.904 0.216 0.016 0.2 5.3290705182e-15
6.128 739 5.912 0.216 0.016 0.2 5.3290705182e-15
6.136 740 5.92 0.216 0.016 0.2 5.3290705182e-15
6.144 741 5.928 0.216 0.016 0.2 5.3290705182e-15
6.152 742 5.936 0.216 0.016 0.2 5.3290705182e-15
6.16 743 5.944 0.216 0.016 0.2 5.3290705182e-15
6.168 744 5.952 0.216 0.016 0.2 5.3290705182e-15
6.176 745 5.96 0.216 0.016 0.2 5.3290705182e-15
6.184 746 5.968 0.216 0.016 0.2 5.3290705182e-15
6.192 747 5.976 0.216 0.016 0.2 5.3290705182e-15
6.2 748 5.984 0.216 0.016 0.2 5.3290705182e-15
6.208 749 5.992 0.216 0.016 0.2 5.3290705182e-15
6.216 750 6.0 0.216 0.016 0.2 5.3290705182e-15
6.224 751 6.008 0.216 0.016 0.2 5.3290705182e-15
6.232 752 6.016 0.216 0.016 0.2 5.3290705182e-15
6.24 753 6.024 0.216 0.016 0.2 5.3290705182e-15
6.248 754 6.032 0.216 0.016 0.2 5.3290705182e-15
6.256 755 6.04 0.216 0.016 0.2 5.3290705182e-15
6.264 756 6.048 0.216 0.016 0.2 5.3290705182e-15
6.272 757 6.056 0.216 0.016 0.2 5.3290705182e-15
6.28 758 6.064 0.216 0.016 0.2 5.3290705182e-15
6.288 759 6.072 0.216 0.016 0.2 5.3290705182e-15
6.296 760 6.08 0.216 0.016 0.2 5.3290705182e-15
6.304 761 6.088 0.216 0.016 0.2 5.3290705182e-15
6.312 762 6.096 0.216 0.016 0.2 5.3290705182e-15
6.32 763 6.104 0.216 0.016 0.2 5.3290705182e-15
6.328 764 6.112 0.216 0.016 0.2 5.3290705182e-15
6.336 765 6.12 0.216 0.016 0.2 5.3290705182e-15
6.344 766 6.128 0.216 0.016 0.2 5.3290705182e-15
6.352 767 6.136 0.216 0.016 0.2 5.3290705182e-15
6.36 768 6.144 0.216 0.016 0.2 5.3290705182e-15
6.368 769 6.152 0.216 0.016 0.2 5.3290705182e-15
6.376 770 6.16 0.216 0.016 0.2 5.3290705182e-15
6.384 771 6.168 0.216 0.016 0.2 5.3290705182e-15
6.392 772 6.176 0.216 0.016 0.2 5.3290705182e-15
6.4 773 6.184 0.216 0.016 0.2 5.3290705182e-15
6.408 774 6.192 0.216 0.016 0.2 5.3290705182e-15
6.416 775 6.2 0.216 0.016 0.2 5.3290705182e-15
6.424 776 6.208 0.216 0.016 0.2 5.3290705182e-15
6.432 777 6.216 0.216 0.016 0.2 5.3290705182e-15
6.44 778 6.224 0.216 0.016 0.2 5.3290705182e-15
6.448 779 6.232 0.216 0.016 0.2 5.3290705182e-15
6.456 780 6.24 0.216 0.016 0.2 5.3290705182e-15
6.464 781 6.248 0.216 0.016 0.2 5.3290705182e-15
6.472 782 6.256 0.216 0.016 0.2 5.3290705182e-15
6.48 783 6.264 0.216 0.016 0.2 5.3290705182e-15
6.488 784 6.272 0.216 0.016 0.2 5.3290705182e-15
6.496 785 6.28 0.216 0.016 0.2 5.3290705182e-15
6.504 786 6.288 0.216 0.016 0.2 5.3290705182e-15
6.512 787 6.296 0.216 0.016 0.2 5.3290705182e-15
6.52 788 6.304 0.216 0.016 0.2 5.3290705182e-15
6.528 789 6.312 0.216 0.016 0.2 5.3290705182e-15
6.536 790 6.32 0.216 0.016 0.2 5.3290705182e-15
6.544 791 6.328 0.216 0.016 0.2 5.3290705182e-15
6.552 792 6.336 0.216 0.016 0.2 5.3290705182e-15
6.56 793 6.344 0.216 0.016 0.2 5.3290705182e-15
6.568 794 6.352 0.216 0.016 0.2 5.3290705182e-15
6.576 795 6.36 0.216 0.016 0.2 5.3290705182e-15
6.584 796 6.368 0.216 0.016 0.2 5.3290705182e-15
6.592 797 6.376 0.216 0.016 0.2 5.3290705182e-15
6.6 798 6.384 0.216 0.016 0.2 5.3290705182e-15
6.608 799 6.392 0.216 0.016 0.2 5.3290705182e-15
6.616 800 6.4 0.216 0.016 0.2 5.3290705182e-15
6.624 801 6.408 0.216 0.016 0.2 5.3290705182e-15
6.632 802 6.416 0.216 0.016 0.2 5.3290705182e-15
6.64 803 6.424 0.216 0.016 0.2 5.3290705182e-15
6.648 804 6.432 0.216 0.016 0.2 5.3290705182e-15
6.656 805 6.44 0.216 0.016 0.2 5.3290705182e-15
6.664 806 6.448 0.216 0.016 0.2 5.3290705182e-15
6.672 807 6.456 0.216 0.016 0.2 5.3290705182e-15
6.68 808 6.464 0.216 0.016 0.2 5.3290705182e-15
6.688 809 6.472 0.216 0.016 0.2 5.3290705182e-15
6.696 810 6.48 0.216 0.016 0.2 5.3290705182e-15
6.704 811 6.488 0.216 0.016 0.2 5.3290705182e-15
6.712 812 6.496 0.216 0.016 0.2 5.3290705182e-15
6.72 813 6.504 0.216 0.016 0.2 5.3290705182e-15
6.728 814 6.512 0.216 0.016 0.2 5.3290705182e-15
6.736 815 6.52 0.216 0.016 0.2 5.3290705182e-15
6.744 816 6.528 0.216 0.016 0.2 5.3290705182e-15
6.752 817 6.536 0.216 0.016 0.2 5.3290705182e-15
6.76 818 6.544 0.216 0.016 0.2 5.3290705182e-15
6.768 819 6.552 0.216 0.016 0.2 5.3290705182e-15
6.776 820 6.56 0.216 0.016 0.2 5.3290705182e-15
6.784 821 6.568 0.216 0.016 0.2 5.3290705182e-15
6.792 822 6.576 0.216 0.016 0.2 5.3290705182e-15
6.8 823 6.584 0.216 0.016 0.2 5.3290705182e-15
6.808 824 6.592 0.216 0.016 0.2 5.3290705182e-15
6.816 825 6.6 0.216 0.016 0.2 5.3290705182e-15
6.824 826 6.608 0.216 0.016 0.2 5.3290705182e-15
6.832 827 6.616 0.216 0.016 0.2 5.3290705182e-15
6.84 828 6.624 0.216 0.016 0.2 5.3290705182e-15
6.848 829 6.632 0.216 0.016 0.2 5.3290705182e-15
6.856 830 6.64 0.216 0.016 0.2 5.3290705182e-15
6.864 831 6.648 0.216 0.016 0.2 5.3290705182e-15
6.872 832 6.656 0.216 0.016 0.2 5.3290705182e-15
6.88 833 6.664 0.216 0.016 0.2 6.2172489379e-15
6.888 834 6.672 0.216 0.016 0.2 6.2172489379e-15
6.896 835 6.68 0.216 0.016 0.2 6.2172489379e-15
6.904 836 6.688 0.216 0.016 0.2 6.2172489379e-15
6.912 837 6.696 0.216 0.016 0.2 6.2172489379e-15
6.92 838 6.704 0.216 0.016 0.2 6.2172489379e-15
6.928 839 6.712 0.216 0.016 0.2 6.2172489379e-15
6.936 840 6.72 0.216 0.016 0.2 6.2172489379e-15
6.944 841 6.728 0.216 0.016 0.2 6.2172489379e-15
6.952 842 6.736 0.216 0.016 0.2 6.2172489379e-15
6.96 843 6.744 0.216 0.016 0.2 6.2172489379e-15
6.968 844 6.752 0.216 0.016 0.2 6.2172489379e-15
6.976 845 6.76 0.216 0.016 0.2 6.2172489379e-15
6.984 846 6.768 0.216 0.016 0.2 6.2172489379e-15
6.992 847 6.776 0.216 0.016 0.2 6.2172489379e-15
7.0 848 6.784 0.216 0.016 0.2 6.2172489379e-15
7.008 849 6.792 0.216 0.016 0.2 6.2172489379e-15
7.016 850 6.8 0.216 0.016 0.2 6.2172489379e-15
7.024 851 6.808 0.216 0.016 0.2 6.2172489379e-15
7.032 852 6.816 0.216 0.016 0.2 6.2172489379e-15
7.04 853 6.824 0.216 0.016 0.2 6.2172489379e-15
7.048 854 6.832 0.216 0.016 0.2 6.2172489379e-15
7.056 855 6.84 0.216 0.016 0.2 6.2172489379e-15
7.064 856 6.848 0.216 0.016 0.2 6.2172489379e-15
7.072 857 6.856 0.216 0.016 0.2 6.2172489379e-15
7.08 858 6.864 0.216 0.016 0.2 6.2172489379e-15
7.088 859 6.872 0.216 0.016 0.2 6.2172489379e-15
7.096 860 6.88 0.216 0.016 0.2 6.2172489379e-15
7.104 861 6.888 0.216 0.016 0.2 6.2172489379e-15
7.112 862 6.896 0.216 0.016 0.2 6.2172489379e-15
7.12 863 6.904 0.216 0.016 0.2 6.2172489379e-15
7.128 864 6.912 0.216 0.016 0.2 6.2172489379e-15
7.136 865 6.92 0.216 0.016 0.2 6.2172489379e-15
7.144 866 6.928 0.216 0.016 0.2 6.2172489379e-15
7.152 867 6.936 0.216 0.016 0.2 6.2172489379e-15
7.16 868 6.944 0.216 0.016 0.2 6.2172489379e-15
7.168 869 6.952 0.216 0.016 0.2 6.2172489379e-15
7.176 870 6.96 0.216 0.016 0.2 6.2172489379e-15
7.184 871 6.968 0.216 0.016 0.2 6.2172489379e-15
7.192 872 6.976 0.216 0.016 0.2 6.2172489379e-15
7.2 873 6.984 0.216 0.016 0.2 6.2172489379e-15
7.208 874 6.992 0.216 0.016 0.2 6.2172489379e-15
7.216 875 7.0 0.216 0.016 0.2 6.2172489379e-15
7.224 876 7.008 0.216 0.016 0.2 6.2172489379e-15
7.232 877 7.016 0.216 0.016 0.2 6.2172489379e-15
7.24 878 7.024 0.216 0.016 0.2 6.2172489379e-15
7.248 879 7.032 0.216 0.016 0.2 6.2172489379e-15
7.256 880 7.04 0.216 0.016 0.2 6.2172489379e-15
7.264 881 7.048 0.216 0.016 0.2 6.2172489379e-15
7.272 882 7.056 0.216 0.016 0.2 6.2172489379e-15
7.28 883 7.064 0.216 0.016 0.2 6.2172489379e-15
7.288 884 7.072 0.216 0.016 0.2 6.2172489379e-15
7.296 885 7.08 0.216 0.016 0.2 6.2172489379e-15
7.304 886 7.088 0.216 0.016 0.2 6.2172489379e-15
7.312 887 7.096 0.216 0.016 0.2 6.2172489379e-15
7.32 888 7.104 0.216 0.016 0.2 6.2172489379e-15
7.328 889 7.112 0.216 0.016 0.2 6.2172489379e-15
7.336 890 7.12 0.216 0.016 0.2 6.2172489379e-15
7.344 891 7.128 0.216 0.016 0.2 6.2172489379e-15
7.352 892 7.136 0.216 0.016 0.2 6.2172489379e-15
7.36 893 7.144 0.216 0.016 0.2 6.2172489379e-15
7.368 894 7.152 0.216 0.016 0.2 6.2172489379e-15
7.376 895 7.16 0.216 0.016 0.2 6.2172489379e-15
7.384 896 7.168 0.216 0.016 0.2 6.2172489379e-15
7.392 897 7.176 0.216 0.016 0.2 6.2172489379e-15
7.4 898 7.184 0.216 0.016 0.2 6.2172489379e-15
7.408 899 7.192 0.216 0.016 0.2 6.2172489379e-15
7.416 900 7.2 0.216 0.016 0.2 6.2172489379e-15
7.424 901 7.208 0.216 0.016 0.2 6.2172489379e-15
7.432 902 7.216 0.216 0.016 0.2 6.2172489379e-15
7.44 903 7.224 0.216 0.016 0.2 6.2172489379e-15
7.448 904 7.232 0.216 0.016 0.2 6.2172489379e-15
7.456 905 7.24 0.216 0.016 0.2 6.2172489379e-15
7.464 906 7.248 0.216 0.016 0.2 6.2172489379e-15
7.472 907 7.256 0.216 0.016 0.2 6.2172489379e-15
7.48 908 7.264 0.216 0.016 0.2 6.2172489379e-15
7.488 909 7.272 0.216 0.016 0.2 6.2172489379e-15
7.496 910 7.28 0.216 0.016 0.2 6.2172489379e-15
7.504 911 7.288 0.216 0.016 0.2 6.2172489379e-15
7.512 912 7.296 0.216 0.016 0.2 6.2172489379e-15
7.52 913 7.304 0.216 0.016 0.2 6.2172489379e-15
7.528 914 7.312 0.216 0.016 0.2 6.2172489379e-15
7.536 915 7.32 0.216 0.016 0.2 6.2172489379e-15
7.544 916 7.328 0.216 0.016 0.2 6.2172489379e-15
7.552 917 7.336 0.216 0.016 0.2 6.2172489379e-15
7.56 918 7.344 0.216 0.016 0.2 6.2172489379e-15
7.568 919 7.352 0.216 0.016 0.2 6.2172489379e-15
7.576 920 7.36 0.216 0.016 0.2 6.2172489379e-15
7.584 921 7.368 0.216 0.016 0.2 6.2172489379e-15
7.592 922 7.376 0.216 0.016 0.2 6.2172489379e-15
7.6 923 7.384 0.216 0.016 0.2 6.2172489379e-15
7.608 924 7.392 0.216 0.016 0.2 6.2172489379e-15
7.616 925 7.4 0.216 0.016 0.2 6.2172489379e-15
7.624 926 7.408 0.216 0.016 0.2 6.2172489379e-15
7.632 927 7.416 0.216 0.016 0.2 6.2172489379e-15
7.64 928 7.424 0.216 0.016 0.2 6.2172489379e-15
7.648 929 7.432 0.216 0.016 0.2 6.2172489379e-15
7.656 930 7.44 0.216 0.016 0.2 6.2172489379e-15
7.664 931 7.448 0.216 0.016 0.2 6.2172489379e-15
7.672 932 7.456 0.216 0.016 0.2 6.2172489379e-15
7.68 933 7.464 0.216 0.016 0.2 6.2172489379e-15
7.688 934 7.472 0.216 0.016 0.2 6.2172489379e-15
7.696 935 7.48 0.216 0.016 0.2 6.2172489379e-15
7.704 936 7.488 0.216 0.016 0.2 6.2172489379e-15
7.712 937 7.496 0.216 0.016 0.2 6.2172489379e-15
7.72 938 7.504 0.216 0.016 0.2 6.2172489379e-15
7.728 939 7.512 0.216 0.016 0.2 6.2172489379e-15
7.736 940 7.52 0.216 0.016 0.2 6.2172489379e-15
7.744 941 7.528 0.216 0.016 0.2 6.2172489379e-15
7.752 942 7.536 0.216 0.016 0.2 6.2172489379e-15
7.76 943 7.544 0.216 0.016 0.2 6.2172489379e-15
7.768 944 7.552 0.216 0.016 0.2 6.2172489379e-15
7.776 945 7.56 0.216 0.016 0.2 6.2172489379e-15
7.784 946 7.568 0.216 0.016 0.2 6.2172489379e-15
7.792 947 7.576 0.216 0.016 0.2 6.2172489379e-15
7.8 948 7.584 0.216 0.016 0.2 6.2172489379e-15
7.808 949 7.592 0.216 0.016 0.2 6.2172489379e-15
7.816 950 7.6 0.216 0.016 0.2 6.2172489379e-15
7.824 951 7.608 0.216 0.016 0.2 6.2172489379e-15
7.832 952 7.616 0.216 0.016 0.2 6.2172489379e-15
7.84 953 7.624 0.216 0.016 0.2 6.2172489379e-15
7.848 954 7.632 0.216 0.016 0.2 6.2172489379e-15
7.856 955 7.64 0.216 0.016 0.2 6.2172489379e-15
7.864 956 7.648 0.216 0.016 0.2 6.2172489379e-15
7.872 957 7.656 0.216 0.016 0.2 6.2172489379e-15
7.88 958 7.664 0.216 0.016 0.2 6.2172489379e-15
7.888 959 7.672 0.216 0.016 0.2 6.2172489379e-15
7.896 960 7.68 0.216 0.016 0.2 7.1054273576e-15
7.904 961 7.688 0.216 0.016 0.2 7.1054273576e-15
7.912 962 7.696 0.216 0.016 0.2 7.1054273576e-15
7.92 963 7.704 0.216 0.016 0.2 7.1054273576e-15
7.928 964 7.712 0.216 0.016 0.2 7.1054273576e-15
7.936 965 7.72 0.216 0.016 0.2 7.1054273576e-15
7.944 966 7.728 0.216 0.016 0.2 7.1054273576e-15
7.952 967 7.736 0.216 0.016 0.2 7.1054273576e-15
7.96 968 7.744 0.216 0.016 0.2 7.1054273576e-15
7.968 969 7.752 0.216 0.016 0.2 7.1054273576e-15
7.976 970 7.76 0.216 0.016 0.2 7.1054273576e-15
7.984 971 7.768 0.216 0.016 0.2 7.1054273576e-15
7.992 972 7.776 0.216 0.016 0.2 7.1054273576e-15
8.0 973 7.784 0.216 0.016 0.2 7.1054273576e-15
8.008 974 7.792 0.216 0.016 0.2 7.1054273576e-15
8.016 975 7.8 0.216 0.016 0.2 7.1054273576e-15
8.024 976 7.808 0.216 0.016 0.2 7.1054273576e-15
8.032 977 7.816 0.216 0.016 0.2 7.1054273576e-15
8.04 978 7.824 0.216 0.016 0.2 7.1054273576e-15
8.048 979 7.832 0.216 0.016 0.2 7.1054273576e-15
8.056 980 7.84 0.216 0.016 0.2 7.1054273576e-15
8.064 981 7.848 0.216 0.016 0.2 7.1054273576e-15
8.072 982 7.856 0.216 0.016 0.2 7.1054273576e-15
8.08 983 7.864 0.216 0.016 0.2 7.1054273576e-15
8.088 984 7.872 0.216 0.016 0.2 7.1054273576e-15
8.096 985 7.88 0.216 0.016 0.2 7.1054273576e-15
8.104 986 7.888 0.216 0.016 0.2 7.1054273576e-15
8.112 987 7.896 0.216 0.016 0.2 6.2172489379e-15
8.12 988 7.904 0.216 0.016 0.2 6.2172489379e-15
8.128 989 7.912 0.216 0.016 0.2 6.2172489379e-15
8.136 990 7.92 0.216 0.016 0.2 6.2172489379e-15
8.144 991 7.928 0.216 0.016 0.2 6.2172489379e-15
8.152 992 7.936 0.216 0.016 0.2 6.2172489379e-15
8.16 993 7.944 0.216 0.016 0.2 6.2172489379e-15
8.168 994 7.952 0.216 0.016 0.2 6.2172489379e-15
8.176 995 7.96 0.216 0.016 0.2 6.2172489379e-15
8.184 996 7.968 0.216 0.016 0.2 6.2172489379e-15
8.192 997 7.976 0.216 0.016 0.2 6.2172489379e-15
8.2 998 7.984 0.216 0.016 0.2 6.2172489379e-15
8.208 999 7.992 0.216 0.016 0.2 6.2172489379e-15
