0.23925 0 0 0.23925 0.03925 0.2 0.0
0.2705 1 0.008 0.2625 0.03925 0.2 0.02325
0.30175 2 0.016 0.28575 0.03925 0.2 0.0465
0.333 3 0.024 0.309 0.03925 0.2 0.06975
0.36425 4 0.032 0.33225 0.03925 0.2 0.093
0.3955 5 0.04 0.3555 0.03925 0.2 0.11625
0.42675 6 0.048 0.37875 0.03925 0.2 0.1395
0.458 7 0.056 0.402 0.03925 0.2 0.16275
0.48925 8 0.064 0.42525 0.03925 0.2 0.186
0.5205 9 0.072 0.4485 0.03925 0.2 0.20925
0.55175 10 0.08 0.47175 0.03925 0.2 0.2325
0.583 11 0.088 0.495 0.03925 0.2 0.25575
0.61425 12 0.096 0.51825 0.03925 0.2 0.279
0.6455 13 0.104 0.5415 0.03925 0.2 0.30225
0.67675 14 0.112 0.56475 0.03925 0.2 0.3255
0.708 15 0.12 0.588 0.03925 0.2 0.34875
0.73925 16 0.128 0.61125 0.03925 0.2 0.372
0.7705 17 0.136 0.6345 0.03925 0.2 0.39525
0.80175 18 0.144 0.65775 0.03925 0.2 0.4185
0.833 19 0.152 0.681 0.03925 0.2 0.44175
0.86425 20 0.16 0.70425 0.03925 0.2 0.465
0.8955 21 0.168 0.7275 0.03925 0.2 0.48825
0.92675 22 0.176 0.75075 0.03925 0.2 0.5115
0.958 23 0.184 0.774 0.03925 0.2 0.53475
0.98925 24 0.192 0.79725 0.03925 0.2 0.558
1.0205 25 0.2 0.8205 0.03925 0.2 0.58125
1.05175 26 0.208 0.84375 0.03925 0.2 0.6045
1.083 27 0.216 0.867 0.03925 0.2 0.62775
1.11425 28 0.224 0.89025 0.03925 0.2 0.651
1.1455 29 0.232 0.9135 0.03925 0.2 0.67425
1.17675 30 0.24 0.93675 0.03925 0.2 0.6975
1.208 31 0.248 0.96 0.03925 0.2 0.72075
1.23925 32 0.256 0.98325 0.03925 0.2 0.744
1.2705 33 0.264 1.0065 0.03925 0.2 0.76725
1.30175 34 0.272 1.02975 0.03925 0.2 0.7905
1.333 35 0.28 1.053 0.03925 0.2 0.81375
1.36425 36 0.288 1.07625 0.03925 0.2 0.837
1.3955 37 0.296 1.0995 0.03925 0.2 0.86025
1.42675 38 0.304 1.12275 0.03925 0.2 0.8835
1.458 39 0.312 1.146 0.03925 0.2 0.90675
1.48925 40 0.32 1.16925 0.03925 0.2 0.93
1.5205 41 0.328 1.1925 0.03925 0.2 0.95325
1.55175 42 0.336 1.21575 0.03925 0.2 0.9765
1.583 43 0.344 1.239 0.03925 0.2 0.99975
1.61425 44 0.352 1.26225 0.03925 0.2 1.023
1.6455 45 0.36 1.2855 0.03925 0.2 1.04625
1.67675 46 0.368 1.30875 0.03925 0.2 1.0695
1.708 47 0.376 1.332 0.03925 0.2 1.09275
1.73925 48 0.384 1.35525 0.03925 0.2 1.116
1.7705 49 0.392 1.3785 0.03925 0.2 1.13925
1.80175 50 0.4 1.40175 0.03925 0.2 1.1625
1.833 51 0.408 1.425 0.03925 0.2 1.18575
1.86425 52 0.416 1.44825 0.03925 0.2 1.209
1.8955 53 0.424 1.4715 0.03925 0.2 1.23225
1.92675 54 0.432 1.49475 0.03925 0.2 1.2555
1.958 55 0.44 1.518 0.03925 0.2 1.27875
1.98925 56 0.448 1.54125 0.03925 0.2 1.302
2.0205 57 0.456 1.5645 0.03925 0.2 1.32525
2.05175 58 0.464 1.58775 0.03925 0.2 1.3485
2.083 59 0.472 1.611 0.03925 0.2 1.37175
2.11425 60 0.48 1.63425 0.03925 0.2 1.395
2.1455 61 0.488 1.6575 0.03925 0.2 1.41825
2.17675 62 0.496 1.68075 0.03925 0.2 1.4415
2.208 63 0.504 1.704 0.03925 0.2 1.46475
2.23925 64 0.512 1.72725 0.03925 0.2 1.488
2.2705 65 0.52 1.7505 0.03925 0.2 1.51125
2.30175 66 0.528 1.77375 0.03925 0.2 1.5345
2.333 67 0.536 1.797 0.03925 0.2 1.55775
2.36425 68 0.544 1.82025 0.03925 0.2 1.581
2.3955 69 0.552 1.8435 0.03925 0.2 1.60425
2.42675 70 0.56 1.86675 0.03925 0.2 1.6275
2.458 71 0.568 1.89 0.03925 0.2 1.65075
2.48925 72 0.576 1.91325 0.03925 0.2 1.674
2.5205 73 0.584 1.9365 0.03925 0.2 1.69725
2.55175 74 0.592 1.95975 0.03925 0.2 1.7205
2.583 75 0.6 1.983 0.03925 0.2 1.74375
2.61425 76 0.608 2.00625 0.03925 0.2 1.767
2.6455 77 0.616 2.0295 0.03925 0.2 1.79025
2.67675 78 0.624 2.05275 0.03925 0.2 1.8135
2.708 79 0.632 2.076 0.03925 0.2 1.83675
2.73925 80 0.64 2.09925 0.03925 0.2 1.86
2.7705 81 0.648 2.1225 0.03925 0.2 1.88325
2.80175 82 0.656 2.14575 0.03925 0.2 1.9065
2.833 83 0.664 2.169 0.03925 0.2 1.92975
2.86425 84 0.672 2.19225 0.03925 0.2 1.953
2.8955 85 0.68 2.2155 0.03925 0.2 1.97625
2.92675 86 0.688 2.23875 0.03925 0.2 1.9995
2.958 87 0.696 2.262 0.03925 0.2 2.02275
2.98925 88 0.704 2.28525 0.03925 0.2 2.046
3.0205 89 0.712 2.3085 0.03925 0.2 2.06925
3.05175 90 0.72 2.33175 0.03925 0.2 2.0925
3.083 91 0.728 2.355 0.03925 0.2 2.11575
3.11425 92 0.736 2.37825 0.03925 0.2 2.139
3.1455 93 0.744 2.4015 0.03925 0.2 2.16225
3.17675 94 0.752 2.42475 0.03925 0.2 2.1855
3.208 95 0.76 2.448 0.03925 0.2 2.20875
3.23925 96 0.768 2.47125 0.03925 0.2 2.232
3.2705 97 0.776 2.4945 0.03925 0.2 2.25525
3.30175 98 0.784 2.51775 0.03925 0.2 2.2785
3.333 99 0.792 2.541 0.03925 0.2 2.30175
3.36425 100 0.8 2.56425 0.03925 0.2 2.325
3.3955 101 0.808 2.5875 0.03925 0.2 2.34825
3.42675 102 0.816 2.61075 0.03925 0.2 2.3715
3.458 103 0.824 2.634 0.03925 0.2 2.39475
3.48925 104 0.832 2.65725 0.03925 0.2 2.418
3.5205 105 0.84 2.6805 0.03925 0.2 2.44125
3.55175 106 0.848 2.70375 0.03925 0.2 2.4645
3.583 107 0.856 2.727 0.03925 0.2 2.48775
3.61425 108 0.864 2.75025 0.03925 0.2 2.511
3.6455 109 0.872 2.7735 0.03925 0.2 2.53425
3.67675 110 0.88 2.79675 0.03925 0.2 2.5575
3.708 111 0.888 2.82 0.03925 0.2 2.58075
3.73925 112 0.896 2.84325 0.03925 0.2 2.604
3.7705 113 0.904 2.8665 0.03925 0.2 2.62725
3.80175 114 0.912 2.88975 0.03925 0.2 2.6505
3.833 115 0.92 2.913 0.03925 0.2 2.67375
3.86425 116 0.928 2.93625 0.03925 0.2 2.697
3.8955 117 0.936 2.9595 0.03925 0.2 2.72025
3.92675 118 0.944 2.98275 0.03925 0.2 2.7435
3.958 119 0.952 3.006 0.03925 0.2 2.76675
3.98925 120 0.96 3.02925 0.03925 0.2 2.79
4.0205 121 0.968 3.0525 0.03925 0.2 2.81325
4.05175 122 0.976 3.07575 0.03925 0.2 2.8365
4.083 123 0.984 3.099 0.03925 0.2 2.85975
4.11425 124 0.992 3.12225 0.03925 0.2 2.883
4.1455 125 1.0 3.1455 0.03925 0.2 2.90625
4.17675 126 1.008 3.16875 0.03925 0.2 2.9295
4.208 127 1.016 3.192 0.03925 0.2 2.95275
4.23925 128 1.024 3.21525 0.03925 0.2 2.976
4.2705 129 1.032 3.2385 0.03925 0.2 2.99925
4.30175 130 1.04 3.26175 0.03925 0.2 3.0225
4.333 131 1.048 3.285 0.03925 0.2 3.04575
4.36425 132 1.056 3.30825 0.03925 0.2 3.069
4.3955 133 1.064 3.3315 0.03925 0.2 3.09225
4.42675 134 1.072 3.35475 0.03925 0.2 3.1155
4.458 135 1.08 3.378 0.03925 0.2 3.13875
4.48925 136 1.088 3.40125 0.03925 0.2 3.162
4.5205 137 1.096 3.4245 0.03925 0.2 3.18525
4.55175 138 1.104 3.44775 0.03925 0.2 3.2085
4.583 139 1.112 3.471 0.03925 0.2 3.23175
4.61425 140 1.12 3.49425 0.03925 0.2 3.255
4.6455 141 1.128 3.5175 0.03925 0.2 3.27825
4.67675 142 1.136 3.54075 0.03925 0.2 3.3015
4.708 143 1.144 3.564 0.03925 0.2 3.32475
4.73925 144 1.152 3.58725 0.03925 0.2 3.348
4.7705 145 1.16 3.6105 0.03925 0.2 3.37125
4.80175 146 1.168 3.63375 0.03925 0.2 3.3945
4.833 147 1.176 3.657 0.03925 0.2 3.41775
4.86425 148 1.184 3.68025 0.03925 0.2 3.441
4.8955 149 1.192 3.7035 0.03925 0.2 3.46425
4.92675 150 1.2 3.72675 0.03925 0.2 3.4875
4.958 151 1.208 3.75 0.03925 0.2 3.51075
4.98925 152 1.216 3.77325 0.03925 0.2 3.534
5.0205 153 1.224 3.7965 0.03925 0.2 3.55725
5.05175 154 1.232 3.81975 0.03925 0.2 3.5805
5.083 155 1.24 3.843 0.03925 0.2 3.60375
5.11425 156 1.248 3.86625 0.03925 0.2 3.627
5.1455 157 1.256 3.8895 0.03925 0.2 3.65025
5.17675 158 1.264 3.91275 0.03925 0.2 3.6735
5.208 159 1.272 3.936 0.03925 0.2 3.69675
5.23925 160 1.28 3.95925 0.03925 0.2 3.72
5.2705 161 1.288 3.9825 0.03925 0.2 3.74325
5.30175 162 1.296 4.00575 0.03925 0.2 3.7665
5.333 163 1.304 4.029 0.03925 0.2 3.78975
5.36425 164 1.312 4.05225 0.03925 0.2 3.813
5.3955 165 1.32 4.0755 0.03925 0.2 3.83625
5.42675 166 1.328 4.09875 0.03925 0.2 3.8595
5.458 167 1.336 4.122 0.03925 0.2 3.88275
5.48925 168 1.344 4.14525 0.03925 0.2 3.906
5.5205 169 1.352 4.1685 0.03925 0.2 3.92925
5.55175 170 1.36 4.19175 0.03925 0.2 3.9525
5.583 171 1.368 4.215 0.03925 0.2 3.97575
5.61425 172 1.376 4.23825 0.03925 0.2 3.999
5.6455 173 1.384 4.2615 0.03925 0.2 4.02225
5.67675 174 1.392 4.28475 0.03925 0.2 4.0455
5.708 175 1.4 4.308 0.03925 0.2 4.06875
5.73925 176 1.408 4.33125 0.03925 0.2 4.092
5.7705 177 1.416 4.3545 0.03925 0.2 4.11525
5.80175 178 1.424 4.37775 0.03925 0.2 4.1385
5.833 179 1.432 4.401 0.03925 0.2 4.16175
5.86425 180 1.44 4.42425 0.03925 0.2 4.185
5.8955 181 1.448 4.4475 0.03925 0.2 4.20825
5.92675 182 1.456 4.47075 0.03925 0.2 4.2315
5.958 183 1.464 4.494 0.03925 0.2 4.25475
5.98925 184 1.472 4.51725 0.03925 0.2 4.278
6.0205 185 1.48 4.5405 0.03925 0.2 4.30125
6.05175 186 1.488 4.56375 0.03925 0.2 4.3245
6.083 187 1.496 4.587 0.03925 0.2 4.34775
6.11425 188 1.504 4.61025 0.03925 0.2 4.371
6.1455 189 1.512 4.6335 0.03925 0.2 4.39425
6.17675 190 1.52 4.65675 0.03925 0.2 4.4175
6.208 191 1.528 4.68 0.03925 0.2 4.44075
6.23925 192 1.536 4.70325 0.03925 0.2 4.464
6.2705 193 1.544 4.7265 0.03925 0.2 4.48725
6.30175 194 1.552 4.74975 0.03925 0.2 4.5105
6.333 195 1.56 4.773 0.03925 0.2 4.53375
6.36425 196 1.568 4.79625 0.03925 0.2 4.557
6.3955 197 1.576 4.8195 0.03925 0.2 4.58025
6.42675 198 1.584 4.84275 0.03925 0.2 4.6035
6.458 199 1.592 4.866 0.03925 0.2 4.62675
6.48925 200 1.6 4.88925 0.03925 0.2 4.65
6.5205 201 1.608 4.9125 0.03925 0.2 4.67325
6.55175 202 1.616 4.93575 0.03925 0.2 4.6965
6.583 203 1.624 4.959 0.03925 0.2 4.71975
6.61425 204 1.632 4.98225 0.03925 0.2 4.743
6.6455 205 1.64 5.0055 0.03925 0.2 4.76625
6.67675 206 1.648 5.02875 0.03925 0.2 4.7895
6.708 207 1.656 5.052 0.03925 0.2 4.81275
6.73925 208 1.664 5.07525 0.03925 0.2 4.836
6.7705 209 1.672 5.0985 0.03925 0.2 4.85925
6.80175 210 1.68 5.12175 0.03925 0.2 4.8825
6.833 211 1.688 5.145 0.03925 0.2 4.90575
6.86425 212 1.696 5.16825 0.03925 0.2 4.929
6.8955 213 1.704 5.1915 0.03925 0.2 4.95225
6.92675 214 1.712 5.21475 0.03925 0.2 4.9755
6.958 215 1.72 5.238 0.03925 0.2 4.99875
6.98925 216 1.728 5.26125 0.03925 0.2 5.022
7.0205 217 1.736 5.2845 0.03925 0.2 5.04525
7.05175 218 1.744 5.30775 0.03925 0.2 5.0685
7.083 219 1.752 5.331 0.03925 0.2 5.09175
7.11425 220 1.76 5.35425 0.03925 0.2 5.115
7.1455 221 1.768 5.3775 0.03925 0.2 5.13825
7.17675 222 1.776 5.40075 0.03925 0.2 5.1615
7.208 223 1.784 5.424 0.03925 0.2 5.18475
7.23925 224 1.792 5.44725 0.03925 0.2 5.208
7.2705 225 1.8 5.4705 0.03925 0.2 5.23125
7.30175 226 1.808 5.49375 0.03925 0.2 5.2545
7.333 227 1.816 5.517 0.03925 0.2 5.27775
7.36425 228 1.824 5.54025 0.03925 0.2 5.301
7.3955 229 1.832 5.5635 0.03925 0.2 5.32425
7.42675 230 1.84 5.58675 0.03925 0.2 5.3475
7.458 231 1.848 5.61 0.03925 0.2 5.37075
7.48925 232 1.856 5.63325 0.03925 0.2 5.394
7.5205 233 1.864 5.6565 0.03925 0.2 5.41725
7.55175 234 1.872 5.67975 0.03925 0.2 5.4405
7.583 235 1.88 5.703 0.03925 0.2 5.46375
7.61425 236 1.888 5.72625 0.03925 0.2 5.487
7.6455 237 1.896 5.7495 0.03925 0.2 5.51025
7.67675 238 1.904 5.77275 0.03925 0.2 5.5335
7.708 239 1.912 5.796 0.03925 0.2 5.55675
7.73925 240 1.92 5.81925 0.03925 0.2 5.58
7.7705 241 1.928 5.8425 0.03925 0.2 5.60325
7.80175 242 1.936 5.86575 0.03925 0.2 5.6265
7.833 243 1.944 5.889 0.03925 0.2 5.64975
7.86425 244 1.952 5.91225 0.03925 0.2 5.673
7.8955 245 1.96 5.9355 0.03925 0.2 5.69625
7.92675 246 1.968 5.95875 0.03925 0.2 5.7195
7.958 247 1.976 5.982 0.03925 0.2 5.74275
7.98925 248 1.984 6.00525 0.03925 0.2 5.766
8.0205 249 1.992 6.0285 0.03925 0.2 5.78925
8.05175 250 2.0 6.05175 0.03925 0.2 5.8125
8.083 251 2.008 6.075 0.03925 0.2 5.83575
8.11425 252 2.016 6.09825 0.03925 0.2 5.859
8.1455 253 2.024 6.1215 0.03925 0.2 5.88225
8.17675 254 2.032 6.14475 0.03925 0.2 5.9055
8.208 255 2.04 6.168 0.03925 0.2 5.92875
8.23925 256 2.048 6.19125 0.03925 0.2 5.952
8.2705 257 2.056 6.2145 0.03925 0.2 5.97525
8.30175 258 2.064 6.23775 0.03925 0.2 5.9985
8.333 259 2.072 6.261 0.03925 0.2 6.02175
8.36425 260 2.08 6.28425 0.03925 0.2 6.045
8.3955 261 2.088 6.3075 0.03925 0.2 6.06825
8.42675 262 2.096 6.33075 0.03925 0.2 6.0915
8.458 263 2.104 6.354 0.03925 0.2 6.11475
8.48925 264 2.112 6.37725 0.03925 0.2 6.138
8.5205 265 2.12 6.4005 0.03925 0.2 6.16125
8.55175 266 2.128 6.42375 0.03925 0.2 6.1845
8.583 267 2.136 6.447 0.03925 0.2 6.20775
8.61425 268 2.144 6.47025 0.03925 0.2 6.231
8.6455 269 2.152 6.4935 0.03925 0.2 6.25425
8.67675 270 2.16 6.51675 0.03925 0.2 6.2775
8.708 271 2.168 6.54 0.03925 0.2 6.30075
8.73925 272 2.176 6.56325 0.03925 0.2 6.324
8.7705 273 2.184 6.5865 0.03925 0.2 6.34725
8.80175 274 2.192 6.60975 0.03925 0.2 6.3705
8.833 275 2.2 6.633 0.03925 0.2 6.39375
8.86425 276 2.208 6.65625 0.03925 0.2 6.417
8.8955 277 2.216 6.6795 0.03925 0.2 6.44025
8.92675 278 2.224 6.70275 0.03925 0.2 6.4635
8.958 279 2.232 6.726 0.03925 0.2 6.48675
8.98925 280 2.24 6.74925 0.03925 0.2 6.51
9.0205 281 2.248 6.7725 0.03925 0.2 6.53325
9.05175 282 2.256 6.79575 0.03925 0.2 6.5565
9.083 283 2.264 6.819 0.03925 0.2 6.57975
9.11425 284 2.272 6.84225 0.03925 0.2 6.603
9.1455 285 2.28 6.8655 0.03925 0.2 6.62625
9.17675 286 2.288 6.88875 0.03925 0.2 6.6495
9.208 287 2.296 6.912 0.03925 0.2 6.67275
9.23925 288 2.304 6.93525 0.03925 0.2 6.696
9.2705 289 2.312 6.9585 0.03925 0.2 6.71925
9.30175 290 2.32 6.98175 0.03925 0.2 6.7425
9.333 291 2.328 7.005 0.03925 0.2 6.76575
9.36425 292 2.336 7.02825 0.03925 0.2 6.789
9.3955 293 2.344 7.0515 0.03925 0.2 6.81225
9.42675 294 2.352 7.07475 0.03925 0.2 6.8355
9.458 295 2.36 7.098 0.03925 0.2 6.85875
9.48925 296 2.368 7.12125 0.03925 0.2 6.882
9.5205 297 2.376 7.1445 0.03925 0.2 6.90525
9.55175 298 2.384 7.16775 0.03925 0.2 6.9285
9.583 299 2.392 7.191 0.03925 0.2 6.95175
9.61425 300 2.4 7.21425 0.03925 0.2 6.975
9.6455 301 2.408 7.2375 0.03925 0.2 6.99825
9.67675 302 2.416 7.26075 0.03925 0.2 7.0215
9.708 303 2.424 7.284 0.03925 0.2 7.04475
9.73925 304 2.432 7.30725 0.03925 0.2 7.068
9.7705 305 2.44 7.3305 0.03925 0.2 7.09125
9.80175 306 2.448 7.35375 0.03925 0.2 7.1145
9.833 307 2.456 7.377 0.03925 0.2 7.13775
9.86425 308 2.464 7.40025 0.03925 0.2 7.161
9.8955 309 2.472 7.4235 0.03925 0.2 7.18425
9.92675 310 2.48 7.44675 0.03925 0.2 7.2075
9.958 311 2.488 7.47 0.03925 0.2 7.23075
9.98925 312 2.496 7.49325 0.03925 0.2 7.254
10.0205 313 2.504 7.5165 0.03925 0.2 7.27725
10.05175 314 2.512 7.53975 0.03925 0.2 7.3005
10.083 315 2.52 7.563 0.03925 0.2 7.32375
10.11425 316 2.528 7.58625 0.03925 0.2 7.347
10.1455 317 2.536 7.6095 0.03925 0.2 7.37025
10.17675 318 2.544 7.63275 0.03925 0.2 7.3935
10.208 319 2.552 7.656 0.03925 0.2 7.41675
10.23925 320 2.56 7.67925 0.03925 0.2 7.44
10.2705 321 2.568 7.7025 0.03925 0.2 7.46325
10.30175 322 2.576 7.72575 0.03925 0.2 7.4865
10.333 323 2.584 7.749 0.03925 0.2 7.50975
10.36425 324 2.592 7.77225 0.03925 0.2 7.533
10.3955 325 2.6 7.7955 0.03925 0.2 7.55625
10.42675 326 2.608 7.81875 0.03925 0.2 7.5795
10.458 327 2.616 7.842 0.03925 0.2 7.60275
10.48925 328 2.624 7.86525 0.03925 0.2 7.626
10.5205 329 2.632 7.8885 0.03925 0.2 7.64925
10.55175 330 2.64 7.91175 0.03925 0.2 7.6725
10.583 331 2.648 7.935 0.03925 0.2 7.69575
10.61425 332 2.656 7.95825 0.03925 0.2 7.719
10.6455 333 2.664 7.9815 0.03925 0.2 7.74225
10.67675 334 2.672 8.00475 0.03925 0.2 7.7655
10.708 335 2.68 8.028 0.03925 0.2 7.78875
10.73925 336 2.688 8.05125 0.03925 0.2 7.812
10.7705 337 2.696 8.0745 0.03925 0.2 7.83525
10.80175 338 2.704 8.09775 0.03925 0.2 7.8585
10.833 339 2.712 8.121 0.03925 0.2 7.88175
10.86425 340 2.72 8.14425 0.03925 0.2 7.905
10.8955 341 2.728 8.1675 0.03925 0.2 7.92825
10.92675 342 2.736 8.19075 0.03925 0.2 7.9515
10.958 343 2.744 8.214 0.03925 0.2 7.97475
10.98925 344 2.752 8.23725 0.03925 0.2 7.998
11.0205 345 2.76 8.2605 0.03925 0.2 8.02125
11.05175 346 2.768 8.28375 0.03925 0.2 8.0445
11.083 347 2.776 8.307 0.03925 0.2 8.06775
11.11425 348 2.784 8.33025 0.03925 0.2 8.091
11.1455 349 2.792 8.3535 0.03925 0.2 8.11425
11.17675 350 2.8 8.37675 0.03925 0.2 8.1375
11.208 351 2.808 8.4 0.03925 0.2 8.16075
11.23925 352 2.816 8.42325 0.03925 0.2 8.184
11.2705 353 2.824 8.4465 0.03925 0.2 8.20725
11.30175 354 2.832 8.46975 0.03925 0.2 8.2305
11.333 355 2.84 8.493 0.03925 0.2 8.25375
11.36425 356 2.848 8.51625 0.03925 0.2 8.277
11.3955 357 2.856 8.5395 0.03925 0.2 8.30025
11.42675 358 2.864 8.56275 0.03925 0.2 8.3235
11.458 359 2.872 8.586 0.03925 0.2 8.34675
11.48925 360 2.88 8.60925 0.03925 0.2 8.37
11.5205 361 2.888 8.6325 0.03925 0.2 8.39325
11.55175 362 2.896 8.65575 0.03925 0.2 8.4165
11.583 363 2.904 8.679 0.03925 0.2 8.43975
11.61425 364 2.912 8.70225 0.03925 0.2 8.463
11.6455 365 2.92 8.7255 0.03925 0.2 8.48625
11.67675 366 2.928 8.74875 0.03925 0.2 8.5095
11.708 367 2.936 8.772 0.03925 0.2 8.53275
11.73925 368 2.944 8.79525 0.03925 0.2 8.556
11.7705 369 2.952 8.8185 0.03925 0.2 8.57925
11.80175 370 2.96 8.84175 0.03925 0.2 8.6025
11.833 371 2.968 8.865 0.03925 0.2 8.62575
11.86425 372 2.976 8.88825 0.03925 0.2 8.649
11.8955 373 2.984 8.9115 0.03925 0.2 8.67225
11.92675 374 2.992 8.93475 0.03925 0.2 8.6955
11.958 375 3.0 8.958 0.03925 0.2 8.71875
11.98925 376 3.008 8.98125 0.03925 0.2 8.742
12.0205 377 3.016 9.0045 0.03925 0.2 8.76525
12.05175 378 3.024 9.02775 0.03925 0.2 8.7885
12.083 379 3.032 9.051 0.03925 0.2 8.81175
12.11425 380 3.04 9.07425 0.03925 0.2 8.835
12.1455 381 3.048 9.0975 0.03925 0.2 8.85825
12.17675 382 3.056 9.12075 0.03925 0.2 8.8815
12.208 383 3.064 9.144 0.03925 0.2 8.90475
12.23925 384 3.072 9.16725 0.03925 0.2 8.928
12.2705 385 3.08 9.1905 0.03925 0.2 8.95125
12.30175 386 3.088 9.21375 0.03925 0.2 8.9745
12.333 387 3.096 9.237 0.03925 0.2 8.99775
12.36425 388 3.104 9.26025 0.03925 0.2 9.021
12.3955 389 3.112 9.2835 0.03925 0.2 9.04425
12.42675 390 3.12 9.30675 0.03925 0.2 9.0675
12.458 391 3.128 9.33 0.03925 0.2 9.09075
12.48925 392 3.136 9.35325 0.03925 0.2 9.114
12.5205 393 3.144 9.3765 0.03925 0.2 9.13725
12.55175 394 3.152 9.39975 0.03925 0.2 9.1605
12.583 395 3.16 9.423 0.03925 0.2 9.18375
12.61425 396 3.168 9.44625 0.03925 0.2 9.207
12.6455 397 3.176 9.4695 0.03925 0.2 9.23025
12.67675 398 3.184 9.49275 0.03925 0.2 9.2535
12.708 399 3.192 9.516 0.03925 0.2 9.27675
12.73925 400 3.2 9.53925 0.03925 0.2 9.3
12.7705 401 3.208 9.5625 0.03925 0.2 9.32325
12.80175 402 3.216 9.58575 0.03925 0.2 9.3465
12.833 403 3.224 9.609 0.03925 0.2 9.36975
12.86425 404 3.232 9.63225 0.03925 0.2 9.393
12.8955 405 3.24 9.6555 0.03925 0.2 9.41625
12.92675 406 3.248 9.67875 0.03925 0.2 9.4395
12.958 407 3.256 9.702 0.03925 0.2 9.46275
12.98925 408 3.264 9.72525 0.03925 0.2 9.486
13.0205 409 3.272 9.7485 0.03925 0.2 9.50925
13.05175 410 3.28 9.77175 0.03925 0.2 9.5325
13.083 411 3.288 9.795 0.03925 0.2 9.55575
13.11425 412 3.296 9.81825 0.03925 0.2 9.579
13.1455 413 3.304 9.8415 0.03925 0.2 9.60225
13.17675 414 3.312 9.86475 0.03925 0.2 9.6255
13.208 415 3.32 9.888 0.03925 0.2 9.64875
13.23925 416 3.328 9.91125 0.03925 0.2 9.672
13.2705 417 3.336 9.9345 0.03925 0.2 9.69525
13.30175 418 3.344 9.95775 0.03925 0.2 9.7185
13.333 419 3.352 9.981 0.03925 0.2 9.74175
13.36425 420 3.36 10.00425 0.03925 0.2 9.765
13.3955 421 3.368 10.0275 0.03925 0.2 9.78825
13.42675 422 3.376 10.05075 0.03925 0.2 9.8115
13.458 423 3.384 10.074 0.03925 0.2 9.83475
13.48925 424 3.392 10.09725 0.03925 0.2 9.858
13.5205 425 3.4 10.1205 0.03925 0.2 9.88125
13.55175 426 3.408 10.14375 0.03925 0.2 9.9045
13.583 427 3.416 10.167 0.03925 0.2 9.92775
13.61425 428 3.424 10.19025 0.03925 0.2 9.951
13.6455 429 3.432 10.2135 0.03925 0.2 9.97425
13.67675 430 3.44 10.23675 0.03925 0.2 9.9975
13.708 431 3.448 10.26 0.03925 0.2 10.02075
13.73925 432 3.456 10.28325 0.03925 0.2 10.044
13.7705 433 3.464 10.3065 0.03925 0.2 10.06725
13.80175 434 3.472 10.32975 0.03925 0.2 10.0905
13.833 435 3.48 10.353 0.03925 0.2 10.11375
13.86425 436 3.488 10.37625 0.03925 0.2 10.137
13.8955 437 3.496 10.3995 0.03925 0.2 10.16025
13.92675 438 3.504 10.42275 0.03925 0.2 10.1835
13.958 439 3.512 10.446 0.03925 0.2 10.20675
13.98925 440 3.52 10.46925 0.03925 0.2 10.23
14.0205 441 3.528 10.4925 0.03925 0.2 10.25325
14.05175 442 3.536 10.51575 0.03925 0.2 10.2765
14.083 443 3.544 10.539 0.03925 0.2 10.29975
14.11425 444 3.552 10.56225 0.03925 0.2 10.323
14.1455 445 3.56 10.5855 0.03925 0.2 10.34625
14.17675 446 3.568 10.60875 0.03925 0.2 10.3695
14.208 447 3.576 10.632 0.03925 0.2 10.39275
14.23925 448 3.584 10.65525 0.03925 0.2 10.416
14.2705 449 3.592 10.6785 0.03925 0.2 10.43925
14.30175 450 3.6 10.70175 0.03925 0.2 10.4625
14.333 451 3.608 10.725 0.03925 0.2 10.48575
14.36425 452 3.616 10.74825 0.03925 0.2 10.509
14.3955 453 3.624 10.7715 0.03925 0.2 10.53225
14.42675 454 3.632 10.79475 0.03925 0.2 10.5555
14.458 455 3.64 10.818 0.03925 0.2 10.57875
14.48925 456 3.648 10.84125 0.03925 0.2 10.602
14.5205 457 3.656 10.8645 0.03925 0.2 10.62525
14.55175 458 3.664 10.88775 0.03925 0.2 10.6485
14.583 459 3.672 10.911 0.03925 0.2 10.67175
14.61425 460 3.68 10.93425 0.03925 0.2 10.695
14.6455 461 3.688 10.9575 0.03925 0.2 10.71825
14.67675 462 3.696 10.98075 0.03925 0.2 10.7415
14.708 463 3.704 11.004 0.03925 0.2 10.76475
14.73925 464 3.712 11.02725 0.03925 0.2 10.788
14.7705 465 3.72 11.0505 0.03925 0.2 10.81125
14.80175 466 3.728 11.07375 0.03925 0.2 10.8345
14.833 467 3.736 11.097 0.03925 0.2 10.85775
14.86425 468 3.744 11.12025 0.03925 0.2 10.881
14.8955 469 3.752 11.1435 0.03925 0.2 10.90425
14.92675 470 3.76 11.16675 0.03925 0.2 10.9275
14.958 471 3.768 11.19 0.03925 0.2 10.95075
14.98925 472 3.776 11.21325 0.03925 0.2 10.974
15.0205 473 3.784 11.2365 0.03925 0.2 10.99725
15.05175 474 3.792 11.25975 0.03925 0.2 11.0205
15.083 475 3.8 11.283 0.03925 0.2 11.04375
15.11425 476 3.808 11.30625 0.03925 0.2 11.067
15.1455 477 3.816 11.3295 0.03925 0.2 11.09025
15.17675 478 3.824 11.35275 0.03925 0.2 11.1135
15.208 479 3.832 11.376 0.03925 0.2 11.13675
15.23925 480 3.84 11.39925 0.03925 0.2 11.16
15.2705 481 3.848 11.4225 0.03925 0.2 11.18325
15.30175 482 3.856 11.44575 0.03925 0.2 11.2065
15.333 483 3.864 11.469 0.03925 0.2 11.22975
15.36425 484 3.872 11.49225 0.03925 0.2 11.253
15.3955 485 3.88 11.5155 0.03925 0.2 11.27625
15.42675 486 3.888 11.53875 0.03925 0.2 11.2995
15.458 487 3.896 11.562 0.03925 0.2 11.32275
15.48925 488 3.904 11.58525 0.03925 0.2 11.346
15.5205 489 3.912 11.6085 0.03925 0.2 11.36925
15.55175 490 3.92 11.63175 0.03925 0.2 11.3925
15.583 491 3.928 11.655 0.03925 0.2 11.41575
15.61425 492 3.936 11.67825 0.03925 0.2 11.439
15.6455 493 3.944 11.7015 0.03925 0.2 11.46225
15.67675 494 3.952 11.72475 0.03925 0.2 11.4855
15.708 495 3.96 11.748 0.03925 0.2 11.50875
15.73925 496 3.968 11.77125 0.03925 0.2 11.532
15.7705 497 3.976 11.7945 0.03925 0.2 11.55525
15.80175 498 3.984 11.81775 0.03925 0.2 11.5785
15.833 499 3.992 11.841 0.03925 0.2 11.60175
15.86425 500 4.0 11.86425 0.03925 0.2 11.625
15.8955 501 4.008 11.8875 0.03925 0.2 11.64825
15.92675 502 4.016 11.91075 0.03925 0.2 11.6715
15.958 503 4.024 11.934 0.03925 0.2 11.69475
15.98925 504 4.032 11.95725 0.03925 0.2 11.718
16.0205 505 4.04 11.9805 0.03925 0.2 11.74125
16.05175 506 4.048 12.00375 0.03925 0.2 11.7645
16.083 507 4.056 12.027 0.03925 0.2 11.78775
16.11425 508 4.064 12.05025 0.03925 0.2 11.811
16.1455 509 4.072 12.0735 0.03925 0.2 11.83425
16.17675 510 4.08 12.09675 0.03925 0.2 11.8575
16.208 511 4.088 12.12 0.03925 0.2 11.88075
16.23925 512 4.096 12.14325 0.03925 0.2 11.904
16.2705 513 4.104 12.1665 0.03925 0.2 11.92725
16.30175 514 4.112 12.18975 0.03925 0.2 11.9505
16.333 515 4.12 12.213 0.03925 0.2 11.97375
16.36425 516 4.128 12.23625 0.03925 0.2 11.997
16.3955 517 4.136 12.2595 0.03925 0.2 12.02025
16.42675 518 4.144 12.28275 0.03925 0.2 12.0435
16.458 519 4.152 12.306 0.03925 0.2 12.06675
16.48925 520 4.16 12.32925 0.03925 0.2 12.09
16.5205 521 4.168 12.3525 0.03925 0.2 12.11325
16.55175 522 4.176 12.37575 0.03925 0.2 12.1365
16.583 523 4.184 12.399 0.03925 0.2 12.15975
16.61425 524 4.192 12.42225 0.03925 0.2 12.183
16.6455 525 4.2 12.4455 0.03925 0.2 12.20625
16.67675 526 4.208 12.46875 0.03925 0.2 12.2295
16.708 527 4.216 12.492 0.03925 0.2 12.25275
16.73925 528 4.224 12.51525 0.03925 0.2 12.276
16.7705 529 4.232 12.5385 0.03925 0.2 12.29925
16.80175 530 4.24 12.56175 0.03925 0.2 12.3225
16.833 531 4.248 12.585 0.03925 0.2 12.34575
16.86425 532 4.256 12.60825 0.03925 0.2 12.369
16.8955 533 4.264 12.6315 0.03925 0.2 12.39225
16.92675 534 4.272 12.65475 0.03925 0.2 12.4155
16.958 535 4.28 12.678 0.03925 0.2 12.43875
16.98925 536 4.288 12.70125 0.03925 0.2 12.462
17.0205 537 4.296 12.7245 0.03925 0.2 12.48525
17.05175 538 4.304 12.74775 0.03925 0.2 12.5085
17.083 539 4.312 12.771 0.03925 0.2 12.53175
17.11425 540 4.32 12.79425 0.03925 0.2 12.555
17.1455 541 4.328 12.8175 0.03925 0.2 12.57825
17.17675 542 4.336 12.84075 0.03925 0.2 12.6015
17.208 543 4.344 12.864 0.03925 0.2 12.62475
17.23925 544 4.352 12.88725 0.03925 0.2 12.648
17.2705 545 4.36 12.9105 0.03925 0.2 12.67125
17.30175 546 4.368 12.93375 0.03925 0.2 12.6945
17.333 547 4.376 12.957 0.03925 0.2 12.71775
17.36425 548 4.384 12.98025 0.03925 0.2 12.741
17.3955 549 4.392 13.0035 0.03925 0.2 12.76425
17.42675 550 4.4 13.02675 0.03925 0.2 12.7875
17.458 551 4.408 13.05 0.03925 0.2 12.81075
17.48925 552 4.416 13.07325 0.03925 0.2 12.834
17.5205 553 4.424 13.0965 0.03925 0.2 12.85725
17.55175 554 4.432 13.11975 0.03925 0.2 12.8805
17.583 555 4.44 13.143 0.03925 0.2 12.90375
17.61425 556 4.448 13.16625 0.03925 0.2 12.927
17.6455 557 4.456 13.1895 0.03925 0.2 12.95025
17.67675 558 4.464 13.21275 0.03925 0.2 12.9735
17.708 559 4.472 13.236 0.03925 0.2 12.99675
17.73925 560 4.48 13.25925 0.03925 0.2 13.02
17.7705 561 4.488 13.2825 0.03925 0.2 13.04325
17.80175 562 4.496 13.30575 0.03925 0.2 13.0665
17.833 563 4.504 13.329 0.03925 0.2 13.08975
17.86425 564 4.512 13.35225 0.03925 0.2 13.113
17.8955 565 4.52 13.3755 0.03925 0.2 13.13625
17.92675 566 4.528 13.39875 0.03925 0.2 13.1595
17.958 567 4.536 13.422 0.03925 0.2 13.18275
17.98925 568 4.544 13.44525 0.03925 0.2 13.206
18.0205 569 4.552 13.4685 0.03925 0.2 13.22925
18.05175 570 4.56 13.49175 0.03925 0.2 13.2525
18.083 571 4.568 13.515 0.03925 0.2 13.27575
18.11425 572 4.576 13.53825 0.03925 0.2 13.299
18.1455 573 4.584 13.5615 0.03925 0.2 13.32225
18.17675 574 4.592 13.58475 0.03925 0.2 13.3455
18.208 575 4.6 13.608 0.03925 0.2 13.36875
18.23925 576 4.608 13.63125 0.03925 0.2 13.392
18.2705 577 4.616 13.6545 0.03925 0.2 13.41525
18.30175 578 4.624 13.67775 0.03925 0.2 13.4385
18.333 579 4.632 13.701 0.03925 0.2 13.46175
18.36425 580 4.64 13.72425 0.03925 0.2 13.485
18.3955 581 4.648 13.7475 0.03925 0.2 13.50825
18.42675 582 4.656 13.77075 0.03925 0.2 13.5315
18.458 583 4.664 13.794 0.03925 0.2 13.55475
18.48925 584 4.672 13.81725 0.03925 0.2 13.578
18.5205 585 4.68 13.8405 0.03925 0.2 13.60125
18.55175 586 4.688 13.86375 0.03925 0.2 13.6245
18.583 587 4.696 13.887 0.03925 0.2 13.64775
18.61425 588 4.704 13.91025 0.03925 0.2 13.671
18.6455 589 4.712 13.9335 0.03925 0.2 13.69425
18.67675 590 4.72 13.95675 0.03925 0.2 13.7175
18.708 591 4.728 13.98 0.03925 0.2 13.74075
18.73925 592 4.736 14.00325 0.03925 0.2 13.764
18.7705 593 4.744 14.0265 0.03925 0.2 13.78725
18.80175 594 4.752 14.04975 0.03925 0.2 13.8105
18.833 595 4.76 14.073 0.03925 0.2 13.83375
18.86425 596 4.768 14.09625 0.03925 0.2 13.857
18.8955 597 4.776 14.1195 0.03925 0.2 13.88025
18.92675 598 4.784 14.14275 0.03925 0.2 13.9035
18.958 599 4.792 14.166 0.03925 0.2 13.92675
18.98925 600 4.8 14.18925 0.03925 0.2 13.95
19.0205 601 4.808 14.2125 0.03925 0.2 13.97325
19.05175 602 4.816 14.23575 0.03925 0.2 13.9965
19.083 603 4.824 14.259 0.03925 0.2 14.01975
19.11425 604 4.832 14.28225 0.03925 0.2 14.043
19.1455 605 4.84 14.3055 0.03925 0.2 14.06625
19.17675 606 4.848 14.32875 0.03925 0.2 14.0895
19.208 607 4.856 14.352 0.03925 0.2 14.11275
19.23925 608 4.864 14.37525 0.03925 0.2 14.136
19.2705 609 4.872 14.3985 0.03925 0.2 14.15925
19.30175 610 4.88 14.42175 0.03925 0.2 14.1825
19.333 611 4.888 14.445 0.03925 0.2 14.20575
19.36425 612 4.896 14.46825 0.03925 0.2 14.229
19.3955 613 4.904 14.4915 0.03925 0.2 14.25225
19.42675 614 4.912 14.51475 0.03925 0.2 14.2755
19.458 615 4.92 14.538 0.03925 0.2 14.29875
19.48925 616 4.928 14.56125 0.03925 0.2 14.322
19.5205 617 4.936 14.5845 0.03925 0.2 14.34525
19.55175 618 4.944 14.60775 0.03925 0.2 14.3685
19.583 619 4.952 14.631 0.03925 0.2 14.39175
19.61425 620 4.96 14.65425 0.03925 0.2 14.415
19.6455 621 4.968 14.6775 0.03925 0.2 14.43825
19.67675 622 4.976 14.70075 0.03925 0.2 14.4615
19.708 623 4.984 14.724 0.03925 0.2 14.48475
19.73925 624 4.992 14.74725 0.03925 0.2 14.508
19.7705 625 5.0 14.7705 0.03925 0.2 14.53125
19.80175 626 5.008 14.79375 0.03925 0.2 14.5545
19.833 627 5.016 14.817 0.03925 0.2 14.57775
19.86425 628 5.024 14.84025 0.03925 0.2 14.601
19.8955 629 5.032 14.8635 0.03925 0.2 14.62425
19.92675 630 5.04 14.88675 0.03925 0.2 14.6475
19.958 631 5.048 14.91 0.03925 0.2 14.67075
19.98925 632 5.056 14.93325 0.03925 0.2 14.694
20.0205 633 5.064 14.9565 0.03925 0.2 14.71725
20.05175 634 5.072 14.97975 0.03925 0.2 14.7405
20.083 635 5.08 15.003 0.03925 0.2 14.76375
20.11425 636 5.088 15.02625 0.03925 0.2 14.787
20.1455 637 5.096 15.0495 0.03925 0.2 14.81025
20.17675 638 5.104 15.07275 0.03925 0.2 14.8335
20.208 639 5.112 15.096 0.03925 0.2 14.85675
20.23925 640 5.12 15.11925 0.03925 0.2 14.88
20.2705 641 5.128 15.1425 0.03925 0.2 14.90325
20.30175 642 5.136 15.16575 0.03925 0.2 14.9265
20.333 643 5.144 15.189 0.03925 0.2 14.94975
20.36425 644 5.152 15.21225 0.03925 0.2 14.973
20.3955 645 5.16 15.2355 0.03925 0.2 14.99625
20.42675 646 5.168 15.25875 0.03925 0.2 15.0195
20.458 647 5.176 15.282 0.03925 0.2 15.04275
20.48925 648 5.184 15.30525 0.03925 0.2 15.066
20.5205 649 5.192 15.3285 0.03925 0.2 15.08925
20.55175 650 5.2 15.35175 0.03925 0.2 15.1125
20.583 651 5.208 15.375 0.03925 0.2 15.13575
20.61425 652 5.216 15.39825 0.03925 0.2 15.159
20.6455 653 5.224 15.4215 0.03925 0.2 15.18225
20.67675 654 5.232 15.44475 0.03925 0.2 15.2055
20.708 655 5.24 15.468 0.03925 0.2 15.22875
20.73925 656 5.248 15.49125 0.03925 0.2 15.252
20.7705 657 5.256 15.5145 0.03925 0.2 15.27525
20.80175 658 5.264 15.53775 0.03925 0.2 15.2985
20.833 659 5.272 15.561 0.03925 0.2 15.32175
20.86425 660 5.28 15.58425 0.03925 0.2 15.345
20.8955 661 5.288 15.6075 0.03925 0.2 15.36825
20.92675 662 5.296 15.63075 0.03925 0.2 15.3915
20.958 663 5.304 15.654 0.03925 0.2 15.41475
20.98925 664 5.312 15.67725 0.03925 0.2 15.438
21.0205 665 5.32 15.7005 0.03925 0.2 15.46125
21.05175 666 5.328 15.72375 0.03925 0.2 15.4845
21.083 667 5.336 15.747 0.03925 0.2 15.50775
21.11425 668 5.344 15.77025 0.03925 0.2 15.531
21.1455 669 5.352 15.7935 0.03925 0.2 15.55425
21.17675 670 5.36 15.81675 0.03925 0.2 15.5775
21.208 671 5.368 15.84 0.03925 0.2 15.60075
21.23925 672 5.376 15.86325 0.03925 0.2 15.624
21.2705 673 5.384 15.8865 0.03925 0.2 15.64725
21.30175 674 5.392 15.90975 0.03925 0.2 15.6705
21.333 675 5.4 15.933 0.03925 0.2 15.69375
21.36425 676 5.408 15.95625 0.03925 0.2 15.717
21.3955 677 5.416 15.9795 0.03925 0.2 15.74025
21.42675 678 5.424 16.00275 0.03925 0.2 15.7635
21.458 679 5.432 16.026 0.03925 0.2 15.78675
21.48925 680 5.44 16.04925 0.03925 0.2 15.81
21.5205 681 5.448 16.0725 0.03925 0.2 15.83325
21.55175 682 5.456 16.09575 0.03925 0.2 15.8565
21.583 683 5.464 16.119 0.03925 0.2 15.87975
21.61425 684 5.472 16.14225 0.03925 0.2 15.903
21.6455 685 5.48 16.1655 0.03925 0.2 15.92625
21.67675 686 5.488 16.18875 0.03925 0.2 15.9495
21.708 687 5.496 16.212 0.03925 0.2 15.97275
21.73925 688 5.504 16.23525 0.03925 0.2 15.996
21.7705 689 5.512 16.2585 0.03925 0.2 16.01925
21.80175 690 5.52 16.28175 0.03925 0.2 16.0425
21.833 691 5.528 16.305 0.03925 0.2 16.06575
21.86425 692 5.536 16.32825 0.03925 0.2 16.089
21.8955 693 5.544 16.3515 0.03925 0.2 16.11225
21.92675 694 5.552 16.37475 0.03925 0.2 16.1355
21.958 695 5.56 16.398 0.03925 0.2 16.15875
21.98925 696 5.568 16.42125 0.03925 0.2 16.182
22.0205 697 5.576 16.4445 0.03925 0.2 16.20525
22.05175 698 5.584 16.46775 0.03925 0.2 16.2285
22.083 699 5.592 16.491 0.03925 0.2 16.25175
22.11425 700 5.6 16.51425 0.03925 0.2 16.275
22.1455 701 5.608 16.5375 0.03925 0.2 16.29825
22.17675 702 5.616 16.56075 0.03925 0.2 16.3215
22.208 703 5.624 16.584 0.03925 0.2 16.34475
22.23925 704 5.632 16.60725 0.03925 0.2 16.368
22.2705 705 5.64 16.6305 0.03925 0.2 16.39125
22.30175 706 5.648 16.65375 0.03925 0.2 16.4145
22.333 707 5.656 16.677 0.03925 0.2 16.43775
22.36425 708 5.664 16.70025 0.03925 0.2 16.461
22.3955 709 5.672 16.7235 0.03925 0.2 16.48425
22.42675 710 5.68 16.74675 0.03925 0.2 16.5075
22.458 711 5.688 16.77 0.03925 0.2 16.53075
22.48925 712 5.696 16.79325 0.03925 0.2 16.554
22.5205 713 5.704 16.8165 0.03925 0.2 16.57725
22.55175 714 5.712 16.83975 0.03925 0.2 16.6005
22.583 715 5.72 16.863 0.03925 0.2 16.62375
22.61425 716 5.728 16.88625 0.03925 0.2 16.647
22.6455 717 5.736 16.9095 0.03925 0.2 16.67025
22.67675 718 5.744 16.93275 0.03925 0.2 16.6935
22.708 719 5.752 16.956 0.03925 0.2 16.71675
22.73925 720 5.76 16.97925 0.03925 0.2 16.74
22.7705 721 5.768 17.0025 0.03925 0.2 16.76325
22.80175 722 5.776 17.02575 0.03925 0.2 16.7865
22.833 723 5.784 17.049 0.03925 0.2 16.80975
22.86425 724 5.792 17.07225 0.03925 0.2 16.833
22.8955 725 5.8 17.0955 0.03925 0.2 16.85625
22.92675 726 5.808 17.11875 0.03925 0.2 16.8795
22.958 727 5.816 17.142 0.03925 0.2 16.90275
22.98925 728 5.824 17.16525 0.03925 0.2 16.926
23.0205 729 5.832 17.1885 0.03925 0.2 16.94925
23.05175 730 5.84 17.21175 0.03925 0.2 16.9725
23.083 731 5.848 17.235 0.03925 0.2 16.99575
23.11425 732 5.856 17.25825 0.03925 0.2 17.019
23.1455 733 5.864 17.2815 0.03925 0.2 17.04225
23.17675 734 5.872 17.30475 0.03925 0.2 17.0655
23.208 735 5.88 17.328 0.03925 0.2 17.08875
23.23925 736 5.888 17.35125 0.03925 0.2 17.112
23.2705 737 5.896 17.3745 0.03925 0.2 17.13525
23.30175 738 5.904 17.39775 0.03925 0.2 17.1585
23.333 739 5.912 17.421 0.03925 0.2 17.18175
23.36425 740 5.92 17.44425 0.03925 0.2 17.205
23.3955 741 5.928 17.4675 0.03925 0.2 17.22825
23.42675 742 5.936 17.49075 0.03925 0.2 17.2515
23.458 743 5.944 17.514 0.03925 0.2 17.27475
23.48925 744 5.952 17.53725 0.03925 0.2 17.298
23.5205 745 5.96 17.5605 0.03925 0.2 17.32125
23.55175 746 5.968 17.58375 0.03925 0.2 17.3445
23.583 747 5.976 17.607 0.03925 0.2 17.36775
23.61425 748 5.984 17.63025 0.03925 0.2 17.391
23.6455 749 5.992 17.6535 0.03925 0.2 17.41425
23.67675 750 6.0 17.67675 0.03925 0.2 17.4375
23.708 751 6.008 17.7 0.03925 0.2 17.46075
23.73925 752 6.016 17.72325 0.03925 0.2 17.484
23.7705 753 6.024 17.7465 0.03925 0.2 17.50725
23.80175 754 6.032 17.76975 0.03925 0.2 17.5305
23.833 755 6.04 17.793 0.03925 0.2 17.55375
23.86425 756 6.048 17.81625 0.03925 0.2 17.577
23.8955 757 6.056 17.8395 0.03925 0.2 17.60025
23.92675 758 6.064 17.86275 0.03925 0.2 17.6235
23.958 759 6.072 17.886 0.03925 0.2 17.64675
23.98925 760 6.08 17.90925 0.03925 0.2 17.67
24.0205 761 6.088 17.9325 0.03925 0.2 17.69325
24.05175 762 6.096 17.95575 0.03925 0.2 17.7165
24.083 763 6.104 17.979 0.03925 0.2 17.73975
24.11425 764 6.112 18.00225 0.03925 0.2 17.763
24.1455 765 6.12 18.0255 0.03925 0.2 17.78625
24.17675 766 6.128 18.04875 0.03925 0.2 17.8095
24.208 767 6.136 18.072 0.03925 0.2 17.83275
24.23925 768 6.144 18.09525 0.03925 0.2 17.856
24.2705 769 6.152 18.1185 0.03925 0.2 17.87925
24.30175 770 6.16 18.14175 0.03925 0.2 17.9025
24.333 771 6.168 18.165 0.03925 0.2 17.92575
24.36425 772 6.176 18.18825 0.03925 0.2 17.949
24.3955 773 6.184 18.2115 0.03925 0.2 17.97225
24.42675 774 6.192 18.23475 0.03925 0.2 17.9955
24.458 775 6.2 18.258 0.03925 0.2 18.01875
24.48925 776 6.208 18.28125 0.03925 0.2 18.042
24.5205 777 6.216 18.3045 0.03925 0.2 18.06525
24.55175 778 6.224 18.32775 0.03925 0.2 18.0885
24.583 779 6.232 18.351 0.03925 0.2 18.11175
24.61425 780 6.24 18.37425 0.03925 0.2 18.135
24.6455 781 6.248 18.3975 0.03925 0.2 18.15825
24.67675 782 6.256 18.42075 0.03925 0.2 18.1815
24.708 783 6.264 18.444 0.03925 0.2 18.20475
24.73925 784 6.272 18.46725 0.03925 0.2 18.228
24.7705 785 6.28 18.4905 0.03925 0.2 18.25125
24.80175 786 6.288 18.51375 0.03925 0.2 18.2745
24.833 787 6.296 18.537 0.03925 0.2 18.29775
24.86425 788 6.304 18.56025 0.03925 0.2 18.321
24.8955 789 6.312 18.5835 0.03925 0.2 18.34425
24.92675 790 6.32 18.60675 0.03925 0.2 18.3675
24.958 791 6.328 18.63 0.03925 0.2 18.39075
24.98925 792 6.336 18.65325 0.03925 0.2 18.414
25.0205 793 6.344 18.6765 0.03925 0.2 18.43725
25.05175 794 6.352 18.69975 0.03925 0.2 18.4605
25.083 795 6.36 18.723 0.03925 0.2 18.48375
25.11425 796 6.368 18.74625 0.03925 0.2 18.507
25.1455 797 6.376 18.7695 0.03925 0.2 18.53025
25.17675 798 6.384 18.79275 0.03925 0.2 18.5535
25.208 799 6.392 18.816 0.03925 0.2 18.57675
25.23925 800 6.4 18.83925 0.03925 0.2 18.6
25.2705 801 6.408 18.8625 0.03925 0.2 18.62325
25.30175 802 6.416 18.88575 0.03925 0.2 18.6465
25.333 803 6.424 18.909 0.03925 0.2 18.66975
25.36425 804 6.432 18.93225 0.03925 0.2 18.693
25.3955 805 6.44 18.9555 0.03925 0.2 18.71625
25.42675 806 6.448 18.97875 0.03925 0.2 18.7395
25.458 807 6.456 19.002 0.03925 0.2 18.76275
25.48925 808 6.464 19.02525 0.03925 0.2 18.786
25.5205 809 6.472 19.0485 0.03925 0.2 18.80925
25.55175 810 6.48 19.07175 0.03925 0.2 18.8325
25.583 811 6.488 19.095 0.03925 0.2 18.85575
25.61425 812 6.496 19.11825 0.03925 0.2 18.879
25.6455 813 6.504 19.1415 0.03925 0.2 18.90225
25.67675 814 6.512 19.16475 0.03925 0.2 18.9255
25.708 815 6.52 19.188 0.03925 0.2 18.94875
25.73925 816 6.528 19.21125 0.03925 0.2 18.972
25.7705 817 6.536 19.2345 0.03925 0.2 18.99525
25.80175 818 6.544 19.25775 0.03925 0.2 19.0185
25.833 819 6.552 19.281 0.03925 0.2 19.04175
25.86425 820 6.56 19.30425 0.03925 0.2 19.065
25.8955 821 6.568 19.3275 0.03925 0.2 19.08825
25.92675 822 6.576 19.35075 0.03925 0.2 19.1115
25.958 823 6.584 19.374 0.03925 0.2 19.13475
25.98925 824 6.592 19.39725 0.03925 0.2 19.158
26.0205 825 6.6 19.4205 0.03925 0.2 19.18125
26.05175 826 6.608 19.44375 0.03925 0.2 19.2045
26.083 827 6.616 19.467 0.03925 0.2 19.22775
26.11425 828 6.624 19.49025 0.03925 0.2 19.251
26.1455 829 6.632 19.5135 0.03925 0.2 19.27425
26.17675 830 6.64 19.53675 0.03925 0.2 19.2975
26.208 831 6.648 19.56 0.03925 0.2 19.32075
26.23925 832 6.656 19.58325 0.03925 0.2 19.344
26.2705 833 6.664 19.6065 0.03925 0.2 19.36725
26.30175 834 6.672 19.62975 0.03925 0.2 19.3905
26.333 835 6.68 19.653 0.03925 0.2 19.41375
26.36425 836 6.688 19.67625 0.03925 0.2 19.437
26.3955 837 6.696 19.6995 0.03925 0.2 19.46025
26.42675 838 6.704 19.72275 0.03925 0.2 19.4835
26.458 839 6.712 19.746 0.03925 0.2 19.50675
26.48925 840 6.72 19.76925 0.03925 0.2 19.53
26.5205 841 6.728 19.7925 0.03925 0.2 19.55325
26.55175 842 6.736 19.81575 0.03925 0.2 19.5765
26.583 843 6.744 19.839 0.03925 0.2 19.59975
26.61425 844 6.752 19.86225 0.03925 0.2 19.623
26.6455 845 6.76 19.8855 0.03925 0.2 19.64625
26.67675 846 6.768 19.90875 0.03925 0.2 19.6695
26.708 847 6.776 19.932 0.03925 0.2 19.69275
26.73925 848 6.784 19.95525 0.03925 0.2 19.716
26.7705 849 6.792 19.9785 0.03925 0.2 19.73925
26.80175 850 6.8 20.00175 0.03925 0.2 19.7625
26.833 851 6.808 20.025 0.03925 0.2 19.78575
26.86425 852 6.816 20.04825 0.03925 0.2 19.809
26.8955 853 6.824 20.0715 0.03925 0.2 19.83225
26.92675 854 6.832 20.09475 0.03925 0.2 19.8555
26.958 855 6.84 20.118 0.03925 0.2 19.87875
26.98925 856 6.848 20.14125 0.03925 0.2 19.902
27.0205 857 6.856 20.1645 0.03925 0.2 19.92525
27.05175 858 6.864 20.18775 0.03925 0.2 19.9485
27.083 859 6.872 20.211 0.03925 0.2 19.97175
27.11425 860 6.88 20.23425 0.03925 0.2 19.995
27.1455 861 6.888 20.2575 0.03925 0.2 20.01825
27.17675 862 6.896 20.28075 0.03925 0.2 20.0415
27.208 863 6.904 20.304 0.03925 0.2 20.06475
27.23925 864 6.912 20.32725 0.03925 0.2 20.088
27.2705 865 6.92 20.3505 0.03925 0.2 20.11125
27.30175 866 6.928 20.37375 0.03925 0.2 20.1345
27.333 867 6.936 20.397 0.03925 0.2 20.15775
27.36425 868 6.944 20.42025 0.03925 0.2 20.181
27.3955 869 6.952 20.4435 0.03925 0.2 20.20425
27.42675 870 6.96 20.46675 0.03925 0.2 20.2275
27.458 871 6.968 20.49 0.03925 0.2 20.25075
27.48925 872 6.976 20.51325 0.03925 0.2 20.274
27.5205 873 6.984 20.5365 0.03925 0.2 20.29725
27.55175 874 6.992 20.55975 0.03925 0.2 20.3205
27.583 875 7.0 20.583 0.03925 0.2 20.34375
27.61425 876 7.008 20.60625 0.03925 0.2 20.367
27.6455 877 7.016 20.6295 0.03925 0.2 20.39025
27.67675 878 7.024 20.65275 0.03925 0.2 20.4135
27.708 879 7.032 20.676 0.03925 0.2 20.43675
27.73925 880 7.04 20.69925 0.03925 0.2 20.46
27.7705 881 7.048 20.7225 0.03925 0.2 20.48325
27.80175 882 7.056 20.74575 0.03925 0.2 20.5065
27.833 883 7.064 20.769 0.03925 0.2 20.52975
27.86425 884 7.072 20.79225 0.03925 0.2 20.553
27.8955 885 7.08 20.8155 0.03925 0.2 20.57625
27.92675 886 7.088 20.83875 0.03925 0.2 20.5995
27.958 887 7.096 20.862 0.03925 0.2 20.62275
27.98925 888 7.104 20.88525 0.03925 0.2 20.646
28.0205 889 7.112 20.9085 0.03925 0.2 20.66925
28.05175 890 7.12 20.93175 0.03925 0.2 20.6925
28.083 891 7.128 20.955 0.03925 0.2 20.71575
28.11425 892 7.136 20.97825 0.03925 0.2 20.739
28.1455 893 7.144 21.0015 0.03925 0.2 20.76225
28.17675 894 7.152 21.02475 0.03925 0.2 20.7855
28.208 895 7.16 21.048 0.03925 0.2 20.80875
28.23925 896 7.168 21.07125 0.03925 0.2 20.832
28.2705 897 7.176 21.0945 0.03925 0.2 20.85525
28.30175 898 7.184 21.11775 0.03925 0.2 20.8785
28.333 899 7.192 21.141 0.03925 0.2 20.90175
28.36425 900 7.2 21.16425 0.03925 0.2 20.925
28.3955 901 7.208 21.1875 0.03925 0.2 20.94825
28.42675 902 7.216 21.21075 0.03925 0.2 20.9715
28.458 903 7.224 21.234 0.03925 0.2 20.99475
28.48925 904 7.232 21.25725 0.03925 0.2 21.018
28.5205 905 7.24 21.2805 0.03925 0.2 21.04125
28.55175 906 7.248 21.30375 0.03925 0.2 21.0645
28.583 907 7.256 21.327 0.03925 0.2 21.08775
28.61425 908 7.264 21.35025 0.03925 0.2 21.111
28.6455 909 7.272 21.3735 0.03925 0.2 21.13425
28.67675 910 7.28 21.39675 0.03925 0.2 21.1575
28.708 911 7.288 21.42 0.03925 0.2 21.18075
28.73925 912 7.296 21.44325 0.03925 0.2 21.204
28.7705 913 7.304 21.4665 0.03925 0.2 21.22725
28.80175 914 7.312 21.48975 0.03925 0.2 21.2505
28.833 915 7.32 21.513 0.03925 0.2 21.27375
28.86425 916 7.328 21.53625 0.03925 0.2 21.297
28.8955 917 7.336 21.5595 0.03925 0.2 21.32025
28.92675 918 7.344 21.58275 0.03925 0.2 21.3435
28.958 919 7.352 21.606 0.03925 0.2 21.36675
28.98925 920 7.36 21.62925 0.03925 0.2 21.39
29.0205 921 7.368 21.6525 0.03925 0.2 21.41325
29.05175 922 7.376 21.67575 0.03925 0.2 21.4365
29.083 923 7.384 21.699 0.03925 0.2 21.45975
29.11425 924 7.392 21.72225 0.03925 0.2 21.483
29.1455 925 7.4 21.7455 0.03925 0.2 21.50625
29.17675 926 7.408 21.76875 0.03925 0.2 21.5295
29.208 927 7.416 21.792 0.03925 0.2 21.55275
29.23925 928 7.424 21.81525 0.03925 0.2 21.576
29.2705 929 7.432 21.8385 0.03925 0.2 21.59925
29.30175 930 7.44 21.86175 0.03925 0.2 21.6225
29.333 931 7.448 21.885 0.03925 0.2 21.64575
29.36425 932 7.456 21.90825 0.03925 0.2 21.669
29.3955 933 7.464 21.9315 0.03925 0.2 21.69225
29.42675 934 7.472 21.95475 0.03925 0.2 21.7155
29.458 935 7.48 21.978 0.03925 0.2 21.73875
29.48925 936 7.488 22.00125 0.03925 0.2 21.762
29.5205 937 7.496 22.0245 0.03925 0.2 21.78525
29.55175 938 7.504 22.04775 0.03925 0.2 21.8085
29.583 939 7.512 22.071 0.03925 0.2 21.83175
29.61425 940 7.52 22.09425 0.03925 0.2 21.855
29.6455 941 7.528 22.1175 0.03925 0.2 21.87825
29.67675 942 7.536 22.14075 0.03925 0.2 21.9015
29.708 943 7.544 22.164 0.03925 0.2 21.92475
29.73925 944 7.552 22.18725 0.03925 0.2 21.948
29.7705 945 7.56 22.2105 0.03925 0.2 21.97125
29.80175 946 7.568 22.23375 0.03925 0.2 21.9945
29.833 947 7.576 22.257 0.03925 0.2 22.01775
29.86425 948 7.584 22.28025 0.03925 0.2 22.041
29.8955 949 7.592 22.3035 0.03925 0.2 22.06425
29.92675 950 7.6 22.32675 0.03925 0.2 22.0875
29.958 951 7.608 22.35 0.03925 0.2 22.11075
29.98925 952 7.616 22.37325 0.03925 0.2 22.134
30.0205 953 7.624 22.3965 0.03925 0.2 22.15725
30.05175 954 7.632 22.41975 0.03925 0.2 22.1805
30.083 955 7.64 22.443 0.03925 0.2 22.20375
30.11425 956 7.648 22.46625 0.03925 0.2 22.227
30.1455 957 7.656 22.4895 0.03925 0.2 22.25025
30.17675 958 7.664 22.51275 0.03925 0.2 22.2735
30.208 959 7.672 22.536 0.03925 0.2 22.29675
30.23925 960 7.68 22.55925 0.03925 0.2 22.32
30.2705 961 7.688 22.5825 0.03925 0.2 22.34325
30.30175 962 7.696 22.60575 0.03925 0.2 22.3665
30.333 963 7.704 22.629 0.03925 0.2 22.38975
30.36425 964 7.712 22.65225 0.03925 0.2 22.413
30.3955 965 7.72 22.6755 0.03925 0.2 22.43625
30.42675 966 7.728 22.69875 0.03925 0.2 22.4595
30.458 967 7.736 22.722 0.03925 0.2 22.48275
30.48925 968 7.744 22.74525 0.03925 0.2 22.506
30.5205 969 7.752 22.7685 0.03925 0.2 22.52925
30.55175 970 7.76 22.79175 0.03925 0.2 22.5525
30.583 971 7.768 22.815 0.03925 0.2 22.57575
30.61425 972 7.776 22.83825 0.03925 0.2 22.599
30.6455 973 7.784 22.8615 0.03925 0.2 22.62225
30.67675 974 7.792 22.88475 0.03925 0.2 22.6455
30.708 975 7.8 22.908 0.03925 0.2 22.66875
30.73925 976 7.808 22.93125 0.03925 0.2 22.692
30.7705 977 7.816 22.9545 0.03925 0.2 22.71525
30.80175 978 7.824 22.97775 0.03925 0.2 22.7385
30.833 979 7.832 23.001 0.03925 0.2 22.76175
30.86425 980 7.84 23.02425 0.03925 0.2 22.785
30.8955 981 7.848 23.0475 0.03925 0.2 22.80825
30.92675 982 7.856 23.07075 0.03925 0.2 22.8315
30.958 983 7.864 23.094 0.03925 0.2 22.85475
30.98925 984 7.872 23.11725 0.03925 0.2 22.878
31.0205 985 7.88 23.1405 0.03925 0.2 22.90125
31.05175 986 7.888 23.16375 0.03925 0.2 22.9245
31.083 987 7.896 23.187 0.03925 0.2 22.94775
31.11425 988 7.904 23.21025 0.03925 0.2 22.971
31.1455 989 7.912 23.2335 0.03925 0.2 22.99425
31.17675 990 7.92 23.25675 0.03925 0.2 23.0175
31.208 991 7.928 23.28 0.03925 0.2 23.04075
31.23925 992 7.936 23.30325 0.03925 0.2 23.064
31.2705 993 7.944 23.3265 0.03925 0.2 23.08725
31.30175 994 7.952 23.34975 0.03925 0.2 23.1105
31.333 995 7.96 23.373 0.03925 0.2 23.13375
31.36425 996 7.968 23.39625 0.03925 0.2 23.157
31.3955 997 7.976 23.4195 0.03925 0.2 23.18025
31.42675 998 7.984 23.44275 0.03925 0.2 23.2035
31.458 999 7.992 23.466 0.03925 0.2 23.22675
