0.200016 0 0 0.200016 1.6e-05 0.2 0.0
0.200024 1 8e-06 0.200016 1.6e-05 0.2 0.0
0.200032 2 1.6e-05 0.200016 1.6e-05 0.2 0.0
0.20004 3 2.4e-05 0.200016 1.6e-05 0.2 0.0
0.200048 4 3.2e-05 0.200016 1.6e-05 0.2 0.0
0.200056 5 4e-05 0.200016 1.6e-05 0.2 0.0
0.200064 6 4.8e-05 0.200016 1.6e-05 0.2 0.0
0.200072 7 5.6e-05 0.200016 1.6e-05 0.2 0.0
0.20008 8 6.4e-05 0.200016 1.6e-05 0.2 0.0
0.200088 9 7.2e-05 0.200016 1.6e-05 0.2 0.0
0.200096 10 8e-05 0.200016 1.6e-05 0.2 1.35525271561e-20
0.200104 11 8.8e-05 0.200016 1.6e-05 0.2 1.35525271561e-20
0.200112 12 9.6e-05 0.200016 1.6e-05 0.2 1.35525271561e-20
0.20012 13 0.000104 0.200016 1.6e-05 0.2 2.71050543121e-20
0.200128 14 0.000112 0.200016 1.6e-05 0.2 2.71050543121e-20
0.200136 15 0.00012 0.200016 1.6e-05 0.2 4.06575814682e-20
0.200144 16 0.000128 0.200016 1.6e-05 0.2 2.71050543121e-20
0.200152 17 0.000136 0.200016 1.6e-05 0.2 2.71050543121e-20
0.20016 18 0.000144 0.200016 1.6e-05 0.2 2.71050543121e-20
0.200168 19 0.000152 0.200016 1.6e-05 0.2 5.42101086243e-20
0.200176 20 0.00016 0.200016 1.6e-05 0.2 5.42101086243e-20
0.200184 21 0.000168 0.200016 1.6e-05 0.2 5.42101086243e-20
0.200192 22 0.000176 0.200016 1.6e-05 0.2 5.42101086243e-20
0.2002 23 0.000184 0.200016 1.6e-05 0.2 5.42101086243e-20
0.200208 24 0.000192 0.200016 1.6e-05 0.2 5.42101086243e-20
0.200216 25 0.0002 0.200016 1.6e-05 0.2 8.13151629364e-20
0.200224 26 0.000208 0.200016 1.6e-05 0.2 8.13151629364e-20
0.200232 27 0.000216 0.200016 1.6e-05 0.2 8.13151629364e-20
0.20024 28 0.000224 0.200016 1.6e-05 0.2 8.13151629364e-20
0.200248 29 0.000232 0.200016 1.6e-05 0.2 8.13151629364e-20
0.200256 30 0.00024 0.200016 1.6e-05 0.2 1.08420217249e-19
0.200264 31 0.000248 0.200016 1.6e-05 0.2 5.42101086243e-20
0.200272 32 0.000256 0.200016 1.6e-05 0.2 5.42101086243e-20
0.20028 33 0.000264 0.200016 1.6e-05 0.2 5.42101086243e-20
0.200288 34 0.000272 0.200016 1.6e-05 0.2 0.0
0.200296 35 0.00028 0.200016 1.6e-05 0.2 0.0
0.200304 36 0.000288 0.200016 1.6e-05 0.2 0.0
0.200312 37 0.000296 0.200016 1.6e-05 0.2 0.0
0.20032 38 0.000304 0.200016 1.6e-05 0.2 0.0
0.200328 39 0.000312 0.200016 1.6e-05 0.2 0.0
0.200336 40 0.00032 0.200016 1.6e-05 0.2 0.0
0.200344 41 0.000328 0.200016 1.6e-05 0.2 0.0
0.200352 42 0.000336 0.200016 1.6e-05 0.2 0.0
0.20036 43 0.000344 0.200016 1.6e-05 0.2 0.0
0.200368 44 0.000352 0.200016 1.6e-05 0.2 0.0
0.200376 45 0.00036 0.200016 1.6e-05 0.2 0.0
0.200384 46 0.000368 0.200016 1.6e-05 0.2 0.0
0.200392 47 0.000376 0.200016 1.6e-05 0.2 0.0
0.2004 48 0.000384 0.200016 1.6e-05 0.2 0.0
0.200408 49 0.000392 0.200016 1.6e-05 0.2 0.0
0.200416 50 0.0004 0.200016 1.6e-05 0.2 0.0
0.200424 51 0.000408 0.200016 1.6e-05 0.2 0.0
0.200432 52 0.000416 0.200016 1.6e-05 0.2 0.0
0.20044 53 0.000424 0.200016 1.6e-05 0.2 0.0
0.200448 54 0.000432 0.200016 1.6e-05 0.2 0.0
0.200456 55 0.00044 0.200016 1.6e-05 0.2 0.0
0.200464 56 0.000448 0.200016 1.6e-05 0.2 0.0
0.200472 57 0.000456 0.200016 1.6e-05 0.2 0.0
0.20048 58 0.000464 0.200016 1.6e-05 0.2 0.0
0.200488 59 0.000472 0.200016 1.6e-05 0.2 0.0
0.200496 60 0.00048 0.200016 1.6e-05 0.2 0.0
0.200504 61 0.000488 0.200016 1.6e-05 0.2 0.0
0.200512 62 0.000496 0.200016 1.6e-05 0.2 0.0
0.20052 63 0.000504 0.200016 1.6e-05 0.2 0.0
0.200528 64 0.000512 0.200016 1.6e-05 0.2 0.0
0.200536 65 0.00052 0.200016 1.6e-05 0.2 0.0
0.200544 66 0.000528 0.200016 1.6e-05 0.2 0.0
0.200552 67 0.000536 0.200016 1.6e-05 0.2 0.0
0.20056 68 0.000544 0.200016 1.6e-05 0.2 0.0
0.200568 69 0.000552 0.200016 1.6e-05 0.2 0.0
0.200576 70 0.00056 0.200016 1.6e-05 0.2 0.0
0.200584 71 0.000568 0.200016 1.6e-05 0.2 0.0
0.200592 72 0.000576 0.200016 1.6e-05 0.2 0.0
0.2006 73 0.000584 0.200016 1.6e-05 0.2 0.0
0.200608 74 0.000592 0.200016 1.6e-05 0.2 0.0
0.200616 75 0.0006 0.200016 1.6e-05 0.2 0.0
0.200624 76 0.000608 0.200016 1.6e-05 0.2 0.0
0.200632 77 0.000616 0.200016 1.6e-05 0.2 0.0
0.20064 78 0.000624 0.200016 1.6e-05 0.2 0.0
0.200648 79 0.000632 0.200016 1.6e-05 0.2 0.0
0.200656 80 0.00064 0.200016 1.6e-05 0.2 0.0
0.200664 81 0.000648 0.200016 1.6e-05 0.2 0.0
0.200672 82 0.000656 0.200016 1.6e-05 0.2 0.0
0.20068 83 0.000664 0.200016 1.6e-05 0.2 0.0
0.200688 84 0.000672 0.200016 1.6e-05 0.2 0.0
0.200696 85 0.00068 0.200016 1.6e-05 0.2 0.0
0.200704 86 0.000688 0.200016 1.6e-05 0.2 0.0
0.200712 87 0.000696 0.200016 1.6e-05 0.2 0.0
0.20072 88 0.000704 0.200016 1.6e-05 0.2 0.0
0.200728 89 0.000712 0.200016 1.6e-05 0.2 0.0
0.200736 90 0.00072 0.200016 1.6e-05 0.2 0.0
0.200744 91 0.000728 0.200016 1.6e-05 0.2 0.0
0.200752 92 0.000736 0.200016 1.6e-05 0.2 0.0
0.20076 93 0.000744 0.200016 1.6e-05 0.2 0.0
0.200768 94 0.000752 0.200016 1.6e-05 0.2 0.0
0.200776 95 0.00076 0.200016 1.6e-05 0.2 0.0
0.200784 96 0.000768 0.200016 1.6e-05 0.2 0.0
0.200792 97 0.000776 0.200016 1.6e-05 0.2 0.0
0.2008 98 0.000784 0.200016 1.6e-05 0.2 0.0
0.200808 99 0.000792 0.200016 1.6e-05 0.2 0.0
0.200816 100 0.0008 0.200016 1.6e-05 0.2 0.0
0.200824 101 0.000808 0.200016 1.6e-05 0.2 0.0
0.200832 102 0.000816 0.200016 1.6e-05 0.2 0.0
0.20084 103 0.000824 0.200016 1.6e-05 0.2 0.0
0.200848 104 0.000832 0.200016 1.6e-05 0.2 0.0
0.200856 105 0.00084 0.200016 1.6e-05 0.2 0.0
0.200864 106 0.000848 0.200016 1.6e-05 0.2 0.0
0.200872 107 0.000856 0.200016 1.6e-05 0.2 0.0
0.20088 108 0.000864 0.200016 1.6e-05 0.2 0.0
0.200888 109 0.000872 0.200016 1.6e-05 0.2 0.0
0.200896 110 0.00088 0.200016 1.6e-05 0.2 0.0
0.200904 111 0.000888 0.200016 1.6e-05 0.2 0.0
0.200912 112 0.000896 0.200016 1.6e-05 0.2 0.0
0.20092 113 0.000904 0.200016 1.6e-05 0.2 0.0
0.200928 114 0.000912 0.200016 1.6e-05 0.2 0.0
0.200936 115 0.00092 0.200016 1.6e-05 0.2 0.0
0.200944 116 0.000928 0.200016 1.6e-05 0.2 0.0
0.200952 117 0.000936 0.200016 1.6e-05 0.2 0.0
0.20096 118 0.000944 0.200016 1.6e-05 0.2 0.0
0.200968 119 0.000952 0.200016 1.6e-05 0.2 0.0
0.200976 120 0.00096 0.200016 1.6e-05 0.2 0.0
0.200984 121 0.000968 0.200016 1.6e-05 0.2 0.0
0.200992 122 0.000976 0.200016 1.6e-05 0.2 0.0
0.201 123 0.000984 0.200016 1.6e-05 0.2 2.16840434497e-19
0.201008 124 0.000992 0.200016 1.6e-05 0.2 0.0
0.201016 125 0.001 0.200016 1.6e-05 0.2 0.0
0.201024 126 0.001008 0.200016 1.6e-05 0.2 0.0
0.201032 127 0.001016 0.200016 1.6e-05 0.2 0.0
0.20104 128 0.001024 0.200016 1.6e-05 0.2 0.0
0.201048 129 0.001032 0.200016 1.6e-05 0.2 0.0
0.201056 130 0.00104 0.200016 1.6e-05 0.2 0.0
0.201064 131 0.001048 0.200016 1.6e-05 0.2 0.0
0.201072 132 0.001056 0.200016 1.6e-05 0.2 0.0
0.20108 133 0.001064 0.200016 1.6e-05 0.2 0.0
0.201088 134 0.001072 0.200016 1.6e-05 0.2 0.0
0.201096 135 0.00108 0.200016 1.6e-05 0.2 0.0
0.201104 136 0.001088 0.200016 1.6e-05 0.2 0.0
0.201112 137 0.001096 0.200016 1.6e-05 0.2 0.0
0.20112 138 0.001104 0.200016 1.6e-05 0.2 0.0
0.201128 139 0.001112 0.200016 1.6e-05 0.2 0.0
0.201136 140 0.00112 0.200016 1.6e-05 0.2 0.0
0.201144 141 0.001128 0.200016 1.6e-05 0.2 0.0
0.201152 142 0.001136 0.200016 1.6e-05 0.2 0.0
0.20116 143 0.001144 0.200016 1.6e-05 0.2 0.0
0.201168 144 0.001152 0.200016 1.6e-05 0.2 0.0
0.201176 145 0.00116 0.200016 1.6e-05 0.2 0.0
0.201184 146 0.001168 0.200016 1.6e-05 0.2 0.0
0.201192 147 0.001176 0.200016 1.6e-05 0.2 0.0
0.2012 148 0.001184 0.200016 1.6e-05 0.2 0.0
0.201208 149 0.001192 0.200016 1.6e-05 0.2 0.0
0.201216 150 0.0012 0.200016 1.6e-05 0.2 0.0
0.201224 151 0.001208 0.200016 1.6e-05 0.2 0.0
0.201232 152 0.001216 0.200016 1.6e-05 0.2 0.0
0.20124 153 0.001224 0.200016 1.6e-05 0.2 0.0
0.201248 154 0.001232 0.200016 1.6e-05 0.2 0.0
0.201256 155 0.00124 0.200016 1.6e-05 0.2 0.0
0.201264 156 0.001248 0.200016 1.6e-05 0.2 0.0
0.201272 157 0.001256 0.200016 1.6e-05 0.2 0.0
0.20128 158 0.001264 0.200016 1.6e-05 0.2 0.0
0.201288 159 0.001272 0.200016 1.6e-05 0.2 0.0
0.201296 160 0.00128 0.200016 1.6e-05 0.2 0.0
0.201304 161 0.001288 0.200016 1.6e-05 0.2 0.0
0.201312 162 0.001296 0.200016 1.6e-05 0.2 0.0
0.20132 163 0.001304 0.200016 1.6e-05 0.2 0.0
0.201328 164 0.001312 0.200016 1.6e-05 0.2 0.0
0.201336 165 0.00132 0.200016 1.6e-05 0.2 0.0
0.201344 166 0.001328 0.200016 1.6e-05 0.2 0.0
0.201352 167 0.001336 0.200016 1.6e-05 0.2 0.0
0.20136 168 0.001344 0.200016 1.6e-05 0.2 0.0
0.201368 169 0.001352 0.200016 1.6e-05 0.2 0.0
0.201376 170 0.00136 0.200016 1.6e-05 0.2 0.0
0.201384 171 0.001368 0.200016 1.6e-05 0.2 0.0
0.201392 172 0.001376 0.200016 1.6e-05 0.2 0.0
0.2014 173 0.001384 0.200016 1.6e-05 0.2 0.0
0.201408 174 0.001392 0.200016 1.6e-05 0.2 0.0
0.201416 175 0.0014 0.200016 1.6e-05 0.2 0.0
0.201424 176 0.001408 0.200016 1.6e-05 0.2 0.0
0.201432 177 0.001416 0.200016 1.6e-05 0.2 0.0
0.20144 178 0.001424 0.200016 1.6e-05 0.2 0.0
0.201448 179 0.001432 0.200016 1.6e-05 0.2 0.0
0.201456 180 0.00144 0.200016 1.6e-05 0.2 0.0
0.201464 181 0.001448 0.200016 1.6e-05 0.2 0.0
0.201472 182 0.001456 0.200016 1.6e-05 0.2 0.0
0.20148 183 0.001464 0.200016 1.6e-05 0.2 0.0
0.201488 184 0.001472 0.200016 1.6e-05 0.2 0.0
0.201496 185 0.00148 0.200016 1.6e-05 0.2 0.0
0.201504 186 0.001488 0.200016 1.6e-05 0.2 0.0
0.201512 187 0.001496 0.200016 1.6e-05 0.2 0.0
0.20152 188 0.001504 0.200016 1.6e-05 0.2 0.0
0.201528 189 0.001512 0.200016 1.6e-05 0.2 0.0
0.201536 190 0.00152 0.200016 1.6e-05 0.2 0.0
0.201544 191 0.001528 0.200016 1.6e-05 0.2 0.0
0.201552 192 0.001536 0.200016 1.6e-05 0.2 0.0
0.20156 193 0.001544 0.200016 1.6e-05 0.2 0.0
0.201568 194 0.001552 0.200016 1.6e-05 0.2 0.0
0.201576 195 0.00156 0.200016 1.6e-05 0.2 0.0
0.201584 196 0.001568 0.200016 1.6e-05 0.2 0.0
0.201592 197 0.001576 0.200016 1.6e-05 0.2 0.0
0.2016 198 0.001584 0.200016 1.6e-05 0.2 0.0
0.201608 199 0.001592 0.200016 1.6e-05 0.2 0.0
0.201616 200 0.0016 0.200016 1.6e-05 0.2 0.0
0.201624 201 0.001608 0.200016 1.6e-05 0.2 0.0
0.201632 202 0.001616 0.200016 1.6e-05 0.2 0.0
0.20164 203 0.001624 0.200016 1.6e-05 0.2 0.0
0.201648 204 0.001632 0.200016 1.6e-05 0.2 0.0
0.201656 205 0.00164 0.200016 1.6e-05 0.2 0.0
0.201664 206 0.001648 0.200016 1.6e-05 0.2 0.0
0.201672 207 0.001656 0.200016 1.6e-05 0.2 0.0
0.20168 208 0.001664 0.200016 1.6e-05 0.2 0.0
0.201688 209 0.001672 0.200016 1.6e-05 0.2 0.0
0.201696 210 0.00168 0.200016 1.6e-05 0.2 0.0
0.201704 211 0.001688 0.200016 1.6e-05 0.2 0.0
0.201712 212 0.001696 0.200016 1.6e-05 0.2 0.0
0.20172 213 0.001704 0.200016 1.6e-05 0.2 0.0
0.201728 214 0.001712 0.200016 1.6e-05 0.2 0.0
0.201736 215 0.00172 0.200016 1.6e-05 0.2 0.0
0.201744 216 0.001728 0.200016 1.6e-05 0.2 0.0
0.201752 217 0.001736 0.200016 1.6e-05 0.2 0.0
0.20176 218 0.001744 0.200016 1.6e-05 0.2 0.0
0.201768 219 0.001752 0.200016 1.6e-05 0.2 0.0
0.201776 220 0.00176 0.200016 1.6e-05 0.2 0.0
0.201784 221 0.001768 0.200016 1.6e-05 0.2 0.0
0.201792 222 0.001776 0.200016 1.6e-05 0.2 0.0
0.2018 223 0.001784 0.200016 1.6e-05 0.2 0.0
0.201808 224 0.001792 0.200016 1.6e-05 0.2 0.0
0.201816 225 0.0018 0.200016 1.6e-05 0.2 0.0
0.201824 226 0.001808 0.200016 1.6e-05 0.2 0.0
0.201832 227 0.001816 0.200016 1.6e-05 0.2 0.0
0.20184 228 0.001824 0.200016 1.6e-05 0.2 0.0
0.201848 229 0.001832 0.200016 1.6e-05 0.2 0.0
0.201856 230 0.00184 0.200016 1.6e-05 0.2 0.0
0.201864 231 0.001848 0.200016 1.6e-05 0.2 0.0
0.201872 232 0.001856 0.200016 1.6e-05 0.2 0.0
0.20188 233 0.001864 0.200016 1.6e-05 0.2 0.0
0.201888 234 0.001872 0.200016 1.6e-05 0.2 0.0
0.201896 235 0.00188 0.200016 1.6e-05 0.2 0.0
0.201904 236 0.001888 0.200016 1.6e-05 0.2 0.0
0.201912 237 0.001896 0.200016 1.6e-05 0.2 0.0
0.20192 238 0.001904 0.200016 1.6e-05 0.2 0.0
0.201928 239 0.001912 0.200016 1.6e-05 0.2 0.0
0.201936 240 0.00192 0.200016 1.6e-05 0.2 0.0
0.201944 241 0.001928 0.200016 1.6e-05 0.2 0.0
0.201952 242 0.001936 0.200016 1.6e-05 0.2 0.0
0.20196 243 0.001944 0.200016 1.6e-05 0.2 0.0
0.201968 244 0.001952 0.200016 1.6e-05 0.2 0.0
0.201976 245 0.00196 0.200016 1.6e-05 0.2 0.0
0.201984 246 0.001968 0.200016 1.6e-05 0.2 4.33680868994e-19
0.201992 247 0.001976 0.200016 1.6e-05 0.2 4.33680868994e-19
0.202 248 0.001984 0.200016 1.6e-05 0.2 4.33680868994e-19
0.202008 249 0.001992 0.200016 1.6e-05 0.2 8.67361737988e-19
0.202016 250 0.002 0.200016 1.6e-05 0.2 8.67361737988e-19
0.202024 251 0.002008 0.200016 1.6e-05 0.2 1.30104260698e-18
0.202032 252 0.002016 0.200016 1.6e-05 0.2 1.30104260698e-18
0.20204 253 0.002024 0.200016 1.6e-05 0.2 1.73472347598e-18
0.202048 254 0.002032 0.200016 1.6e-05 0.2 1.73472347598e-18
0.202056 255 0.00204 0.200016 1.6e-05 0.2 2.16840434497e-18
0.202064 256 0.002048 0.200016 1.6e-05 0.2 2.16840434497e-18
0.202072 257 0.002056 0.200016 1.6e-05 0.2 2.16840434497e-18
0.20208 258 0.002064 0.200016 1.6e-05 0.2 2.60208521397e-18
0.202088 259 0.002072 0.200016 1.6e-05 0.2 2.60208521397e-18
0.202096 260 0.00208 0.200016 1.6e-05 0.2 3.03576608296e-18
0.202104 261 0.002088 0.200016 1.6e-05 0.2 3.03576608296e-18
0.202112 262 0.002096 0.200016 1.6e-05 0.2 3.46944695195e-18
0.20212 263 0.002104 0.200016 1.6e-05 0.2 3.46944695195e-18
0.202128 264 0.002112 0.200016 1.6e-05 0.2 3.90312782095e-18
0.202136 265 0.00212 0.200016 1.6e-05 0.2 3.90312782095e-18
0.202144 266 0.002128 0.200016 1.6e-05 0.2 3.90312782095e-18
0.202152 267 0.002136 0.200016 1.6e-05 0.2 4.33680868994e-18
0.20216 268 0.002144 0.200016 1.6e-05 0.2 4.33680868994e-18
0.202168 269 0.002152 0.200016 1.6e-05 0.2 4.77048955894e-18
0.202176 270 0.00216 0.200016 1.6e-05 0.2 4.77048955894e-18
0.202184 271 0.002168 0.200016 1.6e-05 0.2 5.20417042793e-18
0.202192 272 0.002176 0.200016 1.6e-05 0.2 5.20417042793e-18
0.2022 273 0.002184 0.200016 1.6e-05 0.2 5.63785129692e-18
0.202208 274 0.002192 0.200016 1.6e-05 0.2 5.63785129692e-18
0.202216 275 0.0022 0.200016 1.6e-05 0.2 6.07153216592e-18
0.202224 276 0.002208 0.200016 1.6e-05 0.2 6.07153216592e-18
0.202232 277 0.002216 0.200016 1.6e-05 0.2 6.07153216592e-18
0.20224 278 0.002224 0.200016 1.6e-05 0.2 6.50521303491e-18
0.202248 279 0.002232 0.200016 1.6e-05 0.2 6.50521303491e-18
0.202256 280 0.00224 0.200016 1.6e-05 0.2 6.93889390391e-18
0.202264 281 0.002248 0.200016 1.6e-05 0.2 6.93889390391e-18
0.202272 282 0.002256 0.200016 1.6e-05 0.2 7.3725747729e-18
0.20228 283 0.002264 0.200016 1.6e-05 0.2 7.3725747729e-18
0.202288 284 0.002272 0.200016 1.6e-05 0.2 7.8062556419e-18
0.202296 285 0.00228 0.200016 1.6e-05 0.2 7.8062556419e-18
0.202304 286 0.002288 0.200016 1.6e-05 0.2 7.8062556419e-18
0.202312 287 0.002296 0.200016 1.6e-05 0.2 8.23993651089e-18
0.20232 288 0.002304 0.200016 1.6e-05 0.2 8.23993651089e-18
0.202328 289 0.002312 0.200016 1.6e-05 0.2 8.67361737988e-18
0.202336 290 0.00232 0.200016 1.6e-05 0.2 8.67361737988e-18
0.202344 291 0.002328 0.200016 1.6e-05 0.2 9.10729824888e-18
0.202352 292 0.002336 0.200016 1.6e-05 0.2 9.10729824888e-18
0.20236 293 0.002344 0.200016 1.6e-05 0.2 9.54097911787e-18
0.202368 294 0.002352 0.200016 1.6e-05 0.2 9.54097911787e-18
0.202376 295 0.00236 0.200016 1.6e-05 0.2 9.97465998687e-18
0.202384 296 0.002368 0.200016 1.6e-05 0.2 9.97465998687e-18
0.202392 297 0.002376 0.200016 1.6e-05 0.2 9.97465998687e-18
0.2024 298 0.002384 0.200016 1.6e-05 0.2 1.04083408559e-17
0.202408 299 0.002392 0.200016 1.6e-05 0.2 1.04083408559e-17
0.202416 300 0.0024 0.200016 1.6e-05 0.2 1.08420217249e-17
0.202424 301 0.002408 0.200016 1.6e-05 0.2 1.08420217249e-17
0.202432 302 0.002416 0.200016 1.6e-05 0.2 1.12757025938e-17
0.20244 303 0.002424 0.200016 1.6e-05 0.2 1.12757025938e-17
0.202448 304 0.002432 0.200016 1.6e-05 0.2 1.17093834628e-17
0.202456 305 0.00244 0.200016 1.6e-05 0.2 1.17093834628e-17
0.202464 306 0.002448 0.200016 1.6e-05 0.2 1.17093834628e-17
0.202472 307 0.002456 0.200016 1.6e-05 0.2 1.21430643318e-17
0.20248 308 0.002464 0.200016 1.6e-05 0.2 1.21430643318e-17
0.202488 309 0.002472 0.200016 1.6e-05 0.2 1.25767452008e-17
0.202496 310 0.00248 0.200016 1.6e-05 0.2 1.25767452008e-17
0.202504 311 0.002488 0.200016 1.6e-05 0.2 1.30104260698e-17
0.202512 312 0.002496 0.200016 1.6e-05 0.2 1.30104260698e-17
0.20252 313 0.002504 0.200016 1.6e-05 0.2 1.34441069388e-17
0.202528 314 0.002512 0.200016 1.6e-05 0.2 1.34441069388e-17
0.202536 315 0.00252 0.200016 1.6e-05 0.2 1.38777878078e-17
0.202544 316 0.002528 0.200016 1.6e-05 0.2 1.38777878078e-17
0.202552 317 0.002536 0.200016 1.6e-05 0.2 1.38777878078e-17
0.20256 318 0.002544 0.200016 1.6e-05 0.2 1.43114686768e-17
0.202568 319 0.002552 0.200016 1.6e-05 0.2 1.43114686768e-17
0.202576 320 0.00256 0.200016 1.6e-05 0.2 1.47451495458e-17
0.202584 321 0.002568 0.200016 1.6e-05 0.2 1.47451495458e-17
0.202592 322 0.002576 0.200016 1.6e-05 0.2 1.51788304148e-17
0.2026 323 0.002584 0.200016 1.6e-05 0.2 1.51788304148e-17
0.202608 324 0.002592 0.200016 1.6e-05 0.2 1.56125112838e-17
0.202616 325 0.0026 0.200016 1.6e-05 0.2 1.56125112838e-17
0.202624 326 0.002608 0.200016 1.6e-05 0.2 1.56125112838e-17
0.202632 327 0.002616 0.200016 1.6e-05 0.2 1.60461921528e-17
0.20264 328 0.002624 0.200016 1.6e-05 0.2 1.60461921528e-17
0.202648 329 0.002632 0.200016 1.6e-05 0.2 1.64798730218e-17
0.202656 330 0.00264 0.200016 1.6e-05 0.2 1.64798730218e-17
0.202664 331 0.002648 0.200016 1.6e-05 0.2 1.69135538908e-17
0.202672 332 0.002656 0.200016 1.6e-05 0.2 1.69135538908e-17
0.20268 333 0.002664 0.200016 1.6e-05 0.2 1.73472347598e-17
0.202688 334 0.002672 0.200016 1.6e-05 0.2 1.73472347598e-17
0.202696 335 0.00268 0.200016 1.6e-05 0.2 1.73472347598e-17
0.202704 336 0.002688 0.200016 1.6e-05 0.2 1.77809156288e-17
0.202712 337 0.002696 0.200016 1.6e-05 0.2 1.77809156288e-17
0.20272 338 0.002704 0.200016 1.6e-05 0.2 1.82145964978e-17
0.202728 339 0.002712 0.200016 1.6e-05 0.2 1.82145964978e-17
0.202736 340 0.00272 0.200016 1.6e-05 0.2 1.86482773668e-17
0.202744 341 0.002728 0.200016 1.6e-05 0.2 1.86482773668e-17
0.202752 342 0.002736 0.200016 1.6e-05 0.2 1.90819582357e-17
0.20276 343 0.002744 0.200016 1.6e-05 0.2 1.90819582357e-17
0.202768 344 0.002752 0.200016 1.6e-05 0.2 1.95156391047e-17
0.202776 345 0.00276 0.200016 1.6e-05 0.2 1.95156391047e-17
0.202784 346 0.002768 0.200016 1.6e-05 0.2 1.95156391047e-17
0.202792 347 0.002776 0.200016 1.6e-05 0.2 1.99493199737e-17
0.2028 348 0.002784 0.200016 1.6e-05 0.2 1.99493199737e-17
0.202808 349 0.002792 0.200016 1.6e-05 0.2 2.03830008427e-17
0.202816 350 0.0028 0.200016 1.6e-05 0.2 2.03830008427e-17
0.202824 351 0.002808 0.200016 1.6e-05 0.2 2.08166817117e-17
0.202832 352 0.002816 0.200016 1.6e-05 0.2 2.08166817117e-17
0.20284 353 0.002824 0.200016 1.6e-05 0.2 2.12503625807e-17
0.202848 354 0.002832 0.200016 1.6e-05 0.2 2.12503625807e-17
0.202856 355 0.00284 0.200016 1.6e-05 0.2 2.12503625807e-17
0.202864 356 0.002848 0.200016 1.6e-05 0.2 2.16840434497e-17
0.202872 357 0.002856 0.200016 1.6e-05 0.2 2.16840434497e-17
0.20288 358 0.002864 0.200016 1.6e-05 0.2 2.21177243187e-17
0.202888 359 0.002872 0.200016 1.6e-05 0.2 2.21177243187e-17
0.202896 360 0.00288 0.200016 1.6e-05 0.2 2.25514051877e-17
0.202904 361 0.002888 0.200016 1.6e-05 0.2 2.25514051877e-17
0.202912 362 0.002896 0.200016 1.6e-05 0.2 2.29850860567e-17
0.20292 363 0.002904 0.200016 1.6e-05 0.2 2.29850860567e-17
0.202928 364 0.002912 0.200016 1.6e-05 0.2 2.34187669257e-17
0.202936 365 0.00292 0.200016 1.6e-05 0.2 2.34187669257e-17
0.202944 366 0.002928 0.200016 1.6e-05 0.2 2.34187669257e-17
0.202952 367 0.002936 0.200016 1.6e-05 0.2 2.38524477947e-17
0.20296 368 0.002944 0.200016 1.6e-05 0.2 2.38524477947e-17
0.202968 369 0.002952 0.200016 1.6e-05 0.2 2.42861286637e-17
0.202976 370 0.00296 0.200016 1.6e-05 0.2 2.42861286637e-17
0.202984 371 0.002968 0.200016 1.6e-05 0.2 2.47198095327e-17
0.202992 372 0.002976 0.200016 1.6e-05 0.2 2.47198095327e-17
0.203 373 0.002984 0.200016 1.6e-05 0.2 2.51534904017e-17
0.203008 374 0.002992 0.200016 1.6e-05 0.2 2.51534904017e-17
0.203016 375 0.003 0.200016 1.6e-05 0.2 2.51534904017e-17
0.203024 376 0.003008 0.200016 1.6e-05 0.2 2.55871712707e-17
0.203032 377 0.003016 0.200016 1.6e-05 0.2 2.55871712707e-17
0.20304 378 0.003024 0.200016 1.6e-05 0.2 2.60208521397e-17
0.203048 379 0.003032 0.200016 1.6e-05 0.2 2.60208521397e-17
0.203056 380 0.00304 0.200016 1.6e-05 0.2 2.64545330086e-17
0.203064 381 0.003048 0.200016 1.6e-05 0.2 2.64545330086e-17
0.203072 382 0.003056 0.200016 1.6e-05 0.2 2.68882138776e-17
0.20308 383 0.003064 0.200016 1.6e-05 0.2 2.68882138776e-17
0.203088 384 0.003072 0.200016 1.6e-05 0.2 2.68882138776e-17
0.203096 385 0.00308 0.200016 1.6e-05 0.2 2.73218947466e-17
0.203104 386 0.003088 0.200016 1.6e-05 0.2 2.73218947466e-17
0.203112 387 0.003096 0.200016 1.6e-05 0.2 2.77555756156e-17
0.20312 388 0.003104 0.200016 1.6e-05 0.2 2.77555756156e-17
0.203128 389 0.003112 0.200016 1.6e-05 0.2 2.81892564846e-17
0.203136 390 0.00312 0.200016 1.6e-05 0.2 2.81892564846e-17
0.203144 391 0.003128 0.200016 1.6e-05 0.2 2.86229373536e-17
0.203152 392 0.003136 0.200016 1.6e-05 0.2 2.86229373536e-17
0.20316 393 0.003144 0.200016 1.6e-05 0.2 2.90566182226e-17
0.203168 394 0.003152 0.200016 1.6e-05 0.2 2.90566182226e-17
0.203176 395 0.00316 0.200016 1.6e-05 0.2 2.90566182226e-17
0.203184 396 0.003168 0.200016 1.6e-05 0.2 2.94902990916e-17
0.203192 397 0.003176 0.200016 1.6e-05 0.2 2.94902990916e-17
0.2032 398 0.003184 0.200016 1.6e-05 0.2 2.99239799606e-17
0.203208 399 0.003192 0.200016 1.6e-05 0.2 2.99239799606e-17
0.203216 400 0.0032 0.200016 1.6e-05 0.2 3.03576608296e-17
0.203224 401 0.003208 0.200016 1.6e-05 0.2 3.03576608296e-17
0.203232 402 0.003216 0.200016 1.6e-05 0.2 3.07913416986e-17
0.20324 403 0.003224 0.200016 1.6e-05 0.2 3.07913416986e-17
0.203248 404 0.003232 0.200016 1.6e-05 0.2 3.07913416986e-17
0.203256 405 0.00324 0.200016 1.6e-05 0.2 3.12250225676e-17
0.203264 406 0.003248 0.200016 1.6e-05 0.2 3.12250225676e-17
0.203272 407 0.003256 0.200016 1.6e-05 0.2 3.16587034366e-17
0.20328 408 0.003264 0.200016 1.6e-05 0.2 3.16587034366e-17
0.203288 409 0.003272 0.200016 1.6e-05 0.2 3.20923843056e-17
0.203296 410 0.00328 0.200016 1.6e-05 0.2 3.20923843056e-17
0.203304 411 0.003288 0.200016 1.6e-05 0.2 3.25260651746e-17
0.203312 412 0.003296 0.200016 1.6e-05 0.2 3.25260651746e-17
0.20332 413 0.003304 0.200016 1.6e-05 0.2 3.29597460436e-17
0.203328 414 0.003312 0.200016 1.6e-05 0.2 3.29597460436e-17
0.203336 415 0.00332 0.200016 1.6e-05 0.2 3.29597460436e-17
0.203344 416 0.003328 0.200016 1.6e-05 0.2 3.33934269126e-17
0.203352 417 0.003336 0.200016 1.6e-05 0.2 3.33934269126e-17
0.20336 418 0.003344 0.200016 1.6e-05 0.2 3.38271077815e-17
0.203368 419 0.003352 0.200016 1.6e-05 0.2 3.38271077815e-17
0.203376 420 0.00336 0.200016 1.6e-05 0.2 3.42607886505e-17
0.203384 421 0.003368 0.200016 1.6e-05 0.2 3.42607886505e-17
0.203392 422 0.003376 0.200016 1.6e-05 0.2 3.46944695195e-17
0.2034 423 0.003384 0.200016 1.6e-05 0.2 3.46944695195e-17
0.203408 424 0.003392 0.200016 1.6e-05 0.2 3.46944695195e-17
0.203416 425 0.0034 0.200016 1.6e-05 0.2 3.51281503885e-17
0.203424 426 0.003408 0.200016 1.6e-05 0.2 3.51281503885e-17
0.203432 427 0.003416 0.200016 1.6e-05 0.2 3.55618312575e-17
0.20344 428 0.003424 0.200016 1.6e-05 0.2 3.55618312575e-17
0.203448 429 0.003432 0.200016 1.6e-05 0.2 3.59955121265e-17
0.203456 430 0.00344 0.200016 1.6e-05 0.2 3.59955121265e-17
0.203464 431 0.003448 0.200016 1.6e-05 0.2 3.64291929955e-17
0.203472 432 0.003456 0.200016 1.6e-05 0.2 3.64291929955e-17
0.20348 433 0.003464 0.200016 1.6e-05 0.2 3.68628738645e-17
0.203488 434 0.003472 0.200016 1.6e-05 0.2 3.68628738645e-17
0.203496 435 0.00348 0.200016 1.6e-05 0.2 3.68628738645e-17
0.203504 436 0.003488 0.200016 1.6e-05 0.2 3.72965547335e-17
0.203512 437 0.003496 0.200016 1.6e-05 0.2 3.72965547335e-17
0.20352 438 0.003504 0.200016 1.6e-05 0.2 3.77302356025e-17
0.203528 439 0.003512 0.200016 1.6e-05 0.2 3.77302356025e-17
0.203536 440 0.00352 0.200016 1.6e-05 0.2 3.81639164715e-17
0.203544 441 0.003528 0.200016 1.6e-05 0.2 3.81639164715e-17
0.203552 442 0.003536 0.200016 1.6e-05 0.2 3.85975973405e-17
0.20356 443 0.003544 0.200016 1.6e-05 0.2 3.85975973405e-17
0.203568 444 0.003552 0.200016 1.6e-05 0.2 3.85975973405e-17
0.203576 445 0.00356 0.200016 1.6e-05 0.2 3.90312782095e-17
0.203584 446 0.003568 0.200016 1.6e-05 0.2 3.90312782095e-17
0.203592 447 0.003576 0.200016 1.6e-05 0.2 3.94649590785e-17
0.2036 448 0.003584 0.200016 1.6e-05 0.2 3.94649590785e-17
0.203608 449 0.003592 0.200016 1.6e-05 0.2 3.98986399475e-17
0.203616 450 0.0036 0.200016 1.6e-05 0.2 3.98986399475e-17
0.203624 451 0.003608 0.200016 1.6e-05 0.2 4.03323208165e-17
0.203632 452 0.003616 0.200016 1.6e-05 0.2 4.03323208165e-17
0.20364 453 0.003624 0.200016 1.6e-05 0.2 4.03323208165e-17
0.203648 454 0.003632 0.200016 1.6e-05 0.2 4.07660016855e-17
0.203656 455 0.00364 0.200016 1.6e-05 0.2 4.07660016855e-17
0.203664 456 0.003648 0.200016 1.6e-05 0.2 4.11996825544e-17
0.203672 457 0.003656 0.200016 1.6e-05 0.2 4.11996825544e-17
0.20368 458 0.003664 0.200016 1.6e-05 0.2 4.16333634234e-17
0.203688 459 0.003672 0.200016 1.6e-05 0.2 4.16333634234e-17
0.203696 460 0.00368 0.200016 1.6e-05 0.2 4.20670442924e-17
0.203704 461 0.003688 0.200016 1.6e-05 0.2 4.20670442924e-17
0.203712 462 0.003696 0.200016 1.6e-05 0.2 4.25007251614e-17
0.20372 463 0.003704 0.200016 1.6e-05 0.2 4.25007251614e-17
0.203728 464 0.003712 0.200016 1.6e-05 0.2 4.25007251614e-17
0.203736 465 0.00372 0.200016 1.6e-05 0.2 4.29344060304e-17
0.203744 466 0.003728 0.200016 1.6e-05 0.2 4.29344060304e-17
0.203752 467 0.003736 0.200016 1.6e-05 0.2 4.33680868994e-17
0.20376 468 0.003744 0.200016 1.6e-05 0.2 4.33680868994e-17
0.203768 469 0.003752 0.200016 1.6e-05 0.2 4.38017677684e-17
0.203776 470 0.00376 0.200016 1.6e-05 0.2 4.38017677684e-17
0.203784 471 0.003768 0.200016 1.6e-05 0.2 4.42354486374e-17
0.203792 472 0.003776 0.200016 1.6e-05 0.2 4.42354486374e-17
0.2038 473 0.003784 0.200016 1.6e-05 0.2 4.42354486374e-17
0.203808 474 0.003792 0.200016 1.6e-05 0.2 4.46691295064e-17
0.203816 475 0.0038 0.200016 1.6e-05 0.2 4.46691295064e-17
0.203824 476 0.003808 0.200016 1.6e-05 0.2 4.51028103754e-17
0.203832 477 0.003816 0.200016 1.6e-05 0.2 4.51028103754e-17
0.20384 478 0.003824 0.200016 1.6e-05 0.2 4.55364912444e-17
0.203848 479 0.003832 0.200016 1.6e-05 0.2 4.55364912444e-17
0.203856 480 0.00384 0.200016 1.6e-05 0.2 4.59701721134e-17
0.203864 481 0.003848 0.200016 1.6e-05 0.2 4.59701721134e-17
0.203872 482 0.003856 0.200016 1.6e-05 0.2 4.64038529824e-17
0.20388 483 0.003864 0.200016 1.6e-05 0.2 4.64038529824e-17
0.203888 484 0.003872 0.200016 1.6e-05 0.2 4.64038529824e-17
0.203896 485 0.00388 0.200016 1.6e-05 0.2 4.68375338514e-17
0.203904 486 0.003888 0.200016 1.6e-05 0.2 4.68375338514e-17
0.203912 487 0.003896 0.200016 1.6e-05 0.2 4.72712147204e-17
0.20392 488 0.003904 0.200016 1.6e-05 0.2 4.72712147204e-17
0.203928 489 0.003912 0.200016 1.6e-05 0.2 4.77048955894e-17
0.203936 490 0.00392 0.200016 1.6e-05 0.2 4.77048955894e-17
0.203944 491 0.003928 0.200016 1.6e-05 0.2 4.77048955894e-17
0.203952 492 0.003936 0.200016 1.6e-05 0.2 4.85722573274e-17
0.20396 493 0.003944 0.200016 1.6e-05 0.2 4.85722573274e-17
0.203968 494 0.003952 0.200016 1.6e-05 0.2 4.85722573274e-17
0.203976 495 0.00396 0.200016 1.6e-05 0.2 4.85722573274e-17
0.203984 496 0.003968 0.200016 1.6e-05 0.2 4.85722573274e-17
0.203992 497 0.003976 0.200016 1.6e-05 0.2 4.94396190653e-17
0.204 498 0.003984 0.200016 1.6e-05 0.2 4.94396190653e-17
0.204008 499 0.003992 0.200016 1.6e-05 0.2 4.94396190653e-17
0.204016 500 0.004 0.200016 1.6e-05 0.2 4.94396190653e-17
0.204024 501 0.004008 0.200016 1.6e-05 0.2 5.03069808033e-17
0.204032 502 0.004016 0.200016 1.6e-05 0.2 5.03069808033e-17
0.20404 503 0.004024 0.200016 1.6e-05 0.2 5.03069808033e-17
0.204048 504 0.004032 0.200016 1.6e-05 0.2 5.03069808033e-17
0.204056 505 0.00404 0.200016 1.6e-05 0.2 5.03069808033e-17
0.204064 506 0.004048 0.200016 1.6e-05 0.2 5.11743425413e-17
0.204072 507 0.004056 0.200016 1.6e-05 0.2 5.11743425413e-17
0.20408 508 0.004064 0.200016 1.6e-05 0.2 5.11743425413e-17
0.204088 509 0.004072 0.200016 1.6e-05 0.2 5.11743425413e-17
0.204096 510 0.00408 0.200016 1.6e-05 0.2 5.20417042793e-17
0.204104 511 0.004088 0.200016 1.6e-05 0.2 5.20417042793e-17
0.204112 512 0.004096 0.200016 1.6e-05 0.2 5.20417042793e-17
0.20412 513 0.004104 0.200016 1.6e-05 0.2 5.20417042793e-17
0.204128 514 0.004112 0.200016 1.6e-05 0.2 5.20417042793e-17
0.204136 515 0.00412 0.200016 1.6e-05 0.2 5.29090660173e-17
0.204144 516 0.004128 0.200016 1.6e-05 0.2 5.29090660173e-17
0.204152 517 0.004136 0.200016 1.6e-05 0.2 5.29090660173e-17
0.20416 518 0.004144 0.200016 1.6e-05 0.2 5.29090660173e-17
0.204168 519 0.004152 0.200016 1.6e-05 0.2 5.37764277553e-17
0.204176 520 0.00416 0.200016 1.6e-05 0.2 5.37764277553e-17
0.204184 521 0.004168 0.200016 1.6e-05 0.2 5.37764277553e-17
0.204192 522 0.004176 0.200016 1.6e-05 0.2 5.37764277553e-17
0.2042 523 0.004184 0.200016 1.6e-05 0.2 5.37764277553e-17
0.204208 524 0.004192 0.200016 1.6e-05 0.2 5.46437894933e-17
0.204216 525 0.0042 0.200016 1.6e-05 0.2 5.46437894933e-17
0.204224 526 0.004208 0.200016 1.6e-05 0.2 5.46437894933e-17
0.204232 527 0.004216 0.200016 1.6e-05 0.2 5.46437894933e-17
0.20424 528 0.004224 0.200016 1.6e-05 0.2 5.55111512313e-17
0.204248 529 0.004232 0.200016 1.6e-05 0.2 5.55111512313e-17
0.204256 530 0.00424 0.200016 1.6e-05 0.2 5.55111512313e-17
0.204264 531 0.004248 0.200016 1.6e-05 0.2 5.55111512313e-17
0.204272 532 0.004256 0.200016 1.6e-05 0.2 5.55111512313e-17
0.20428 533 0.004264 0.200016 1.6e-05 0.2 5.63785129692e-17
0.204288 534 0.004272 0.200016 1.6e-05 0.2 5.63785129692e-17
0.204296 535 0.00428 0.200016 1.6e-05 0.2 5.63785129692e-17
0.204304 536 0.004288 0.200016 1.6e-05 0.2 5.63785129692e-17
0.204312 537 0.004296 0.200016 1.6e-05 0.2 5.72458747072e-17
0.20432 538 0.004304 0.200016 1.6e-05 0.2 5.72458747072e-17
0.204328 539 0.004312 0.200016 1.6e-05 0.2 5.72458747072e-17
0.204336 540 0.00432 0.200016 1.6e-05 0.2 5.72458747072e-17
0.204344 541 0.004328 0.200016 1.6e-05 0.2 5.81132364452e-17
0.204352 542 0.004336 0.200016 1.6e-05 0.2 5.81132364452e-17
0.20436 543 0.004344 0.200016 1.6e-05 0.2 5.81132364452e-17
0.204368 544 0.004352 0.200016 1.6e-05 0.2 5.81132364452e-17
0.204376 545 0.00436 0.200016 1.6e-05 0.2 5.81132364452e-17
0.204384 546 0.004368 0.200016 1.6e-05 0.2 5.89805981832e-17
0.204392 547 0.004376 0.200016 1.6e-05 0.2 5.89805981832e-17
0.2044 548 0.004384 0.200016 1.6e-05 0.2 5.89805981832e-17
0.204408 549 0.004392 0.200016 1.6e-05 0.2 5.89805981832e-17
0.204416 550 0.0044 0.200016 1.6e-05 0.2 5.98479599212e-17
0.204424 551 0.004408 0.200016 1.6e-05 0.2 5.98479599212e-17
0.204432 552 0.004416 0.200016 1.6e-05 0.2 5.98479599212e-17
0.20444 553 0.004424 0.200016 1.6e-05 0.2 5.98479599212e-17
0.204448 554 0.004432 0.200016 1.6e-05 0.2 5.98479599212e-17
0.204456 555 0.00444 0.200016 1.6e-05 0.2 6.07153216592e-17
0.204464 556 0.004448 0.200016 1.6e-05 0.2 6.07153216592e-17
0.204472 557 0.004456 0.200016 1.6e-05 0.2 6.07153216592e-17
0.20448 558 0.004464 0.200016 1.6e-05 0.2 6.07153216592e-17
0.204488 559 0.004472 0.200016 1.6e-05 0.2 6.15826833972e-17
0.204496 560 0.00448 0.200016 1.6e-05 0.2 6.15826833972e-17
0.204504 561 0.004488 0.200016 1.6e-05 0.2 6.15826833972e-17
0.204512 562 0.004496 0.200016 1.6e-05 0.2 6.15826833972e-17
0.20452 563 0.004504 0.200016 1.6e-05 0.2 6.15826833972e-17
0.204528 564 0.004512 0.200016 1.6e-05 0.2 6.24500451352e-17
0.204536 565 0.00452 0.200016 1.6e-05 0.2 6.24500451352e-17
0.204544 566 0.004528 0.200016 1.6e-05 0.2 6.24500451352e-17
0.204552 567 0.004536 0.200016 1.6e-05 0.2 6.24500451352e-17
0.20456 568 0.004544 0.200016 1.6e-05 0.2 6.33174068732e-17
0.204568 569 0.004552 0.200016 1.6e-05 0.2 6.33174068732e-17
0.204576 570 0.00456 0.200016 1.6e-05 0.2 6.33174068732e-17
0.204584 571 0.004568 0.200016 1.6e-05 0.2 6.33174068732e-17
0.204592 572 0.004576 0.200016 1.6e-05 0.2 6.33174068732e-17
0.2046 573 0.004584 0.200016 1.6e-05 0.2 6.41847686111e-17
0.204608 574 0.004592 0.200016 1.6e-05 0.2 6.41847686111e-17
0.204616 575 0.0046 0.200016 1.6e-05 0.2 6.41847686111e-17
0.204624 576 0.004608 0.200016 1.6e-05 0.2 6.41847686111e-17
0.204632 577 0.004616 0.200016 1.6e-05 0.2 6.50521303491e-17
0.20464 578 0.004624 0.200016 1.6e-05 0.2 6.50521303491e-17
0.204648 579 0.004632 0.200016 1.6e-05 0.2 6.50521303491e-17
0.204656 580 0.00464 0.200016 1.6e-05 0.2 6.50521303491e-17
0.204664 581 0.004648 0.200016 1.6e-05 0.2 6.50521303491e-17
0.204672 582 0.004656 0.200016 1.6e-05 0.2 6.59194920871e-17
0.20468 583 0.004664 0.200016 1.6e-05 0.2 6.59194920871e-17
0.204688 584 0.004672 0.200016 1.6e-05 0.2 6.59194920871e-17
0.204696 585 0.00468 0.200016 1.6e-05 0.2 6.59194920871e-17
0.204704 586 0.004688 0.200016 1.6e-05 0.2 6.67868538251e-17
0.204712 587 0.004696 0.200016 1.6e-05 0.2 6.67868538251e-17
0.20472 588 0.004704 0.200016 1.6e-05 0.2 6.67868538251e-17
0.204728 589 0.004712 0.200016 1.6e-05 0.2 6.67868538251e-17
0.204736 590 0.00472 0.200016 1.6e-05 0.2 6.76542155631e-17
0.204744 591 0.004728 0.200016 1.6e-05 0.2 6.76542155631e-17
0.204752 592 0.004736 0.200016 1.6e-05 0.2 6.76542155631e-17
0.20476 593 0.004744 0.200016 1.6e-05 0.2 6.76542155631e-17
0.204768 594 0.004752 0.200016 1.6e-05 0.2 6.76542155631e-17
0.204776 595 0.00476 0.200016 1.6e-05 0.2 6.85215773011e-17
0.204784 596 0.004768 0.200016 1.6e-05 0.2 6.85215773011e-17
0.204792 597 0.004776 0.200016 1.6e-05 0.2 6.85215773011e-17
0.2048 598 0.004784 0.200016 1.6e-05 0.2 6.85215773011e-17
0.204808 599 0.004792 0.200016 1.6e-05 0.2 6.93889390391e-17
0.204816 600 0.0048 0.200016 1.6e-05 0.2 6.93889390391e-17
0.204824 601 0.004808 0.200016 1.6e-05 0.2 6.93889390391e-17
0.204832 602 0.004816 0.200016 1.6e-05 0.2 6.93889390391e-17
0.20484 603 0.004824 0.200016 1.6e-05 0.2 6.93889390391e-17
0.204848 604 0.004832 0.200016 1.6e-05 0.2 7.02563007771e-17
0.204856 605 0.00484 0.200016 1.6e-05 0.2 7.02563007771e-17
0.204864 606 0.004848 0.200016 1.6e-05 0.2 7.02563007771e-17
0.204872 607 0.004856 0.200016 1.6e-05 0.2 7.02563007771e-17
0.20488 608 0.004864 0.200016 1.6e-05 0.2 7.1123662515e-17
0.204888 609 0.004872 0.200016 1.6e-05 0.2 7.1123662515e-17
0.204896 610 0.00488 0.200016 1.6e-05 0.2 7.1123662515e-17
0.204904 611 0.004888 0.200016 1.6e-05 0.2 7.1123662515e-17
0.204912 612 0.004896 0.200016 1.6e-05 0.2 7.1123662515e-17
0.20492 613 0.004904 0.200016 1.6e-05 0.2 7.1991024253e-17
0.204928 614 0.004912 0.200016 1.6e-05 0.2 7.1991024253e-17
0.204936 615 0.00492 0.200016 1.6e-05 0.2 7.1991024253e-17
0.204944 616 0.004928 0.200016 1.6e-05 0.2 7.1991024253e-17
0.204952 617 0.004936 0.200016 1.6e-05 0.2 7.2858385991e-17
0.20496 618 0.004944 0.200016 1.6e-05 0.2 7.2858385991e-17
0.204968 619 0.004952 0.200016 1.6e-05 0.2 7.2858385991e-17
0.204976 620 0.00496 0.200016 1.6e-05 0.2 7.2858385991e-17
0.204984 621 0.004968 0.200016 1.6e-05 0.2 7.2858385991e-17
0.204992 622 0.004976 0.200016 1.6e-05 0.2 7.3725747729e-17
0.205 623 0.004984 0.200016 1.6e-05 0.2 7.3725747729e-17
0.205008 624 0.004992 0.200016 1.6e-05 0.2 7.3725747729e-17
0.205016 625 0.005 0.200016 1.6e-05 0.2 7.3725747729e-17
0.205024 626 0.005008 0.200016 1.6e-05 0.2 7.4593109467e-17
0.205032 627 0.005016 0.200016 1.6e-05 0.2 7.4593109467e-17
0.20504 628 0.005024 0.200016 1.6e-05 0.2 7.4593109467e-17
0.205048 629 0.005032 0.200016 1.6e-05 0.2 7.4593109467e-17
0.205056 630 0.00504 0.200016 1.6e-05 0.2 7.5460471205e-17
0.205064 631 0.005048 0.200016 1.6e-05 0.2 7.5460471205e-17
0.205072 632 0.005056 0.200016 1.6e-05 0.2 7.5460471205e-17
0.20508 633 0.005064 0.200016 1.6e-05 0.2 7.5460471205e-17
0.205088 634 0.005072 0.200016 1.6e-05 0.2 7.5460471205e-17
0.205096 635 0.00508 0.200016 1.6e-05 0.2 7.6327832943e-17
0.205104 636 0.005088 0.200016 1.6e-05 0.2 7.6327832943e-17
0.205112 637 0.005096 0.200016 1.6e-05 0.2 7.6327832943e-17
0.20512 638 0.005104 0.200016 1.6e-05 0.2 7.6327832943e-17
0.205128 639 0.005112 0.200016 1.6e-05 0.2 7.7195194681e-17
0.205136 640 0.00512 0.200016 1.6e-05 0.2 7.7195194681e-17
0.205144 641 0.005128 0.200016 1.6e-05 0.2 7.7195194681e-17
0.205152 642 0.005136 0.200016 1.6e-05 0.2 7.7195194681e-17
0.20516 643 0.005144 0.200016 1.6e-05 0.2 7.7195194681e-17
0.205168 644 0.005152 0.200016 1.6e-05 0.2 7.8062556419e-17
0.205176 645 0.00516 0.200016 1.6e-05 0.2 7.8062556419e-17
0.205184 646 0.005168 0.200016 1.6e-05 0.2 7.8062556419e-17
0.205192 647 0.005176 0.200016 1.6e-05 0.2 7.8062556419e-17
0.2052 648 0.005184 0.200016 1.6e-05 0.2 7.89299181569e-17
0.205208 649 0.005192 0.200016 1.6e-05 0.2 7.89299181569e-17
0.205216 650 0.0052 0.200016 1.6e-05 0.2 7.89299181569e-17
0.205224 651 0.005208 0.200016 1.6e-05 0.2 7.89299181569e-17
0.205232 652 0.005216 0.200016 1.6e-05 0.2 7.89299181569e-17
0.20524 653 0.005224 0.200016 1.6e-05 0.2 7.97972798949e-17
0.205248 654 0.005232 0.200016 1.6e-05 0.2 7.97972798949e-17
0.205256 655 0.00524 0.200016 1.6e-05 0.2 7.97972798949e-17
0.205264 656 0.005248 0.200016 1.6e-05 0.2 7.97972798949e-17
0.205272 657 0.005256 0.200016 1.6e-05 0.2 8.06646416329e-17
0.20528 658 0.005264 0.200016 1.6e-05 0.2 8.06646416329e-17
0.205288 659 0.005272 0.200016 1.6e-05 0.2 8.06646416329e-17
0.205296 660 0.00528 0.200016 1.6e-05 0.2 8.06646416329e-17
0.205304 661 0.005288 0.200016 1.6e-05 0.2 8.06646416329e-17
0.205312 662 0.005296 0.200016 1.6e-05 0.2 8.15320033709e-17
0.20532 663 0.005304 0.200016 1.6e-05 0.2 8.15320033709e-17
0.205328 664 0.005312 0.200016 1.6e-05 0.2 8.15320033709e-17
0.205336 665 0.00532 0.200016 1.6e-05 0.2 8.15320033709e-17
0.205344 666 0.005328 0.200016 1.6e-05 0.2 8.23993651089e-17
0.205352 667 0.005336 0.200016 1.6e-05 0.2 8.23993651089e-17
0.20536 668 0.005344 0.200016 1.6e-05 0.2 8.23993651089e-17
0.205368 669 0.005352 0.200016 1.6e-05 0.2 8.23993651089e-17
0.205376 670 0.00536 0.200016 1.6e-05 0.2 8.23993651089e-17
0.205384 671 0.005368 0.200016 1.6e-05 0.2 8.32667268469e-17
0.205392 672 0.005376 0.200016 1.6e-05 0.2 8.32667268469e-17
0.2054 673 0.005384 0.200016 1.6e-05 0.2 8.32667268469e-17
0.205408 674 0.005392 0.200016 1.6e-05 0.2 8.32667268469e-17
0.205416 675 0.0054 0.200016 1.6e-05 0.2 8.41340885849e-17
0.205424 676 0.005408 0.200016 1.6e-05 0.2 8.41340885849e-17
0.205432 677 0.005416 0.200016 1.6e-05 0.2 8.41340885849e-17
0.20544 678 0.005424 0.200016 1.6e-05 0.2 8.41340885849e-17
0.205448 679 0.005432 0.200016 1.6e-05 0.2 8.50014503229e-17
0.205456 680 0.00544 0.200016 1.6e-05 0.2 8.50014503229e-17
0.205464 681 0.005448 0.200016 1.6e-05 0.2 8.50014503229e-17
0.205472 682 0.005456 0.200016 1.6e-05 0.2 8.50014503229e-17
0.20548 683 0.005464 0.200016 1.6e-05 0.2 8.50014503229e-17
0.205488 684 0.005472 0.200016 1.6e-05 0.2 8.58688120609e-17
0.205496 685 0.00548 0.200016 1.6e-05 0.2 8.58688120609e-17
0.205504 686 0.005488 0.200016 1.6e-05 0.2 8.58688120609e-17
0.205512 687 0.005496 0.200016 1.6e-05 0.2 8.58688120609e-17
0.20552 688 0.005504 0.200016 1.6e-05 0.2 8.67361737988e-17
0.205528 689 0.005512 0.200016 1.6e-05 0.2 8.67361737988e-17
0.205536 690 0.00552 0.200016 1.6e-05 0.2 8.67361737988e-17
0.205544 691 0.005528 0.200016 1.6e-05 0.2 8.67361737988e-17
0.205552 692 0.005536 0.200016 1.6e-05 0.2 8.67361737988e-17
0.20556 693 0.005544 0.200016 1.6e-05 0.2 8.76035355368e-17
0.205568 694 0.005552 0.200016 1.6e-05 0.2 8.76035355368e-17
0.205576 695 0.00556 0.200016 1.6e-05 0.2 8.76035355368e-17
0.205584 696 0.005568 0.200016 1.6e-05 0.2 8.76035355368e-17
0.205592 697 0.005576 0.200016 1.6e-05 0.2 8.84708972748e-17
0.2056 698 0.005584 0.200016 1.6e-05 0.2 8.84708972748e-17
0.205608 699 0.005592 0.200016 1.6e-05 0.2 8.84708972748e-17
0.205616 700 0.0056 0.200016 1.6e-05 0.2 8.84708972748e-17
0.205624 701 0.005608 0.200016 1.6e-05 0.2 8.84708972748e-17
0.205632 702 0.005616 0.200016 1.6e-05 0.2 8.93382590128e-17
0.20564 703 0.005624 0.200016 1.6e-05 0.2 8.93382590128e-17
0.205648 704 0.005632 0.200016 1.6e-05 0.2 8.93382590128e-17
0.205656 705 0.00564 0.200016 1.6e-05 0.2 8.93382590128e-17
0.205664 706 0.005648 0.200016 1.6e-05 0.2 9.02056207508e-17
0.205672 707 0.005656 0.200016 1.6e-05 0.2 9.02056207508e-17
0.20568 708 0.005664 0.200016 1.6e-05 0.2 9.02056207508e-17
0.205688 709 0.005672 0.200016 1.6e-05 0.2 9.02056207508e-17
0.205696 710 0.00568 0.200016 1.6e-05 0.2 9.02056207508e-17
0.205704 711 0.005688 0.200016 1.6e-05 0.2 9.10729824888e-17
0.205712 712 0.005696 0.200016 1.6e-05 0.2 9.10729824888e-17
0.20572 713 0.005704 0.200016 1.6e-05 0.2 9.10729824888e-17
0.205728 714 0.005712 0.200016 1.6e-05 0.2 9.10729824888e-17
0.205736 715 0.00572 0.200016 1.6e-05 0.2 9.19403442268e-17
0.205744 716 0.005728 0.200016 1.6e-05 0.2 9.19403442268e-17
0.205752 717 0.005736 0.200016 1.6e-05 0.2 9.19403442268e-17
0.20576 718 0.005744 0.200016 1.6e-05 0.2 9.19403442268e-17
0.205768 719 0.005752 0.200016 1.6e-05 0.2 9.19403442268e-17
0.205776 720 0.00576 0.200016 1.6e-05 0.2 9.28077059648e-17
0.205784 721 0.005768 0.200016 1.6e-05 0.2 9.28077059648e-17
0.205792 722 0.005776 0.200016 1.6e-05 0.2 9.28077059648e-17
0.2058 723 0.005784 0.200016 1.6e-05 0.2 9.28077059648e-17
0.205808 724 0.005792 0.200016 1.6e-05 0.2 9.36750677027e-17
0.205816 725 0.0058 0.200016 1.6e-05 0.2 9.36750677027e-17
0.205824 726 0.005808 0.200016 1.6e-05 0.2 9.36750677027e-17
0.205832 727 0.005816 0.200016 1.6e-05 0.2 9.36750677027e-17
0.20584 728 0.005824 0.200016 1.6e-05 0.2 9.45424294407e-17
0.205848 729 0.005832 0.200016 1.6e-05 0.2 9.45424294407e-17
0.205856 730 0.00584 0.200016 1.6e-05 0.2 9.45424294407e-17
0.205864 731 0.005848 0.200016 1.6e-05 0.2 9.45424294407e-17
0.205872 732 0.005856 0.200016 1.6e-05 0.2 9.45424294407e-17
0.20588 733 0.005864 0.200016 1.6e-05 0.2 9.54097911787e-17
0.205888 734 0.005872 0.200016 1.6e-05 0.2 9.54097911787e-17
0.205896 735 0.00588 0.200016 1.6e-05 0.2 9.54097911787e-17
0.205904 736 0.005888 0.200016 1.6e-05 0.2 9.54097911787e-17
0.205912 737 0.005896 0.200016 1.6e-05 0.2 9.62771529167e-17
0.20592 738 0.005904 0.200016 1.6e-05 0.2 9.62771529167e-17
0.205928 739 0.005912 0.200016 1.6e-05 0.2 9.62771529167e-17
0.205936 740 0.00592 0.200016 1.6e-05 0.2 9.62771529167e-17
0.205944 741 0.005928 0.200016 1.6e-05 0.2 9.62771529167e-17
0.205952 742 0.005936 0.200016 1.6e-05 0.2 9.71445146547e-17
0.20596 743 0.005944 0.200016 1.6e-05 0.2 9.71445146547e-17
0.205968 744 0.005952 0.200016 1.6e-05 0.2 9.71445146547e-17
0.205976 745 0.00596 0.200016 1.6e-05 0.2 9.71445146547e-17
0.205984 746 0.005968 0.200016 1.6e-05 0.2 9.80118763927e-17
0.205992 747 0.005976 0.200016 1.6e-05 0.2 9.80118763927e-17
0.206 748 0.005984 0.200016 1.6e-05 0.2 9.80118763927e-17
0.206008 749 0.005992 0.200016 1.6e-05 0.2 9.80118763927e-17
0.206016 750 0.006 0.200016 1.6e-05 0.2 9.80118763927e-17
0.206024 751 0.006008 0.200016 1.6e-05 0.2 9.88792381307e-17
0.206032 752 0.006016 0.200016 1.6e-05 0.2 9.88792381307e-17
0.20604 753 0.006024 0.200016 1.6e-05 0.2 9.88792381307e-17
0.206048 754 0.006032 0.200016 1.6e-05 0.2 9.88792381307e-17
0.206056 755 0.00604 0.200016 1.6e-05 0.2 9.97465998687e-17
0.206064 756 0.006048 0.200016 1.6e-05 0.2 9.97465998687e-17
0.206072 757 0.006056 0.200016 1.6e-05 0.2 9.97465998687e-17
0.20608 758 0.006064 0.200016 1.6e-05 0.2 9.97465998687e-17
0.206088 759 0.006072 0.200016 1.6e-05 0.2 9.97465998687e-17
0.206096 760 0.00608 0.200016 1.6e-05 0.2 1.00613961607e-16
0.206104 761 0.006088 0.200016 1.6e-05 0.2 1.00613961607e-16
0.206112 762 0.006096 0.200016 1.6e-05 0.2 1.00613961607e-16
0.20612 763 0.006104 0.200016 1.6e-05 0.2 1.00613961607e-16
0.206128 764 0.006112 0.200016 1.6e-05 0.2 1.01481323345e-16
0.206136 765 0.00612 0.200016 1.6e-05 0.2 1.01481323345e-16
0.206144 766 0.006128 0.200016 1.6e-05 0.2 1.01481323345e-16
0.206152 767 0.006136 0.200016 1.6e-05 0.2 1.01481323345e-16
0.20616 768 0.006144 0.200016 1.6e-05 0.2 1.01481323345e-16
0.206168 769 0.006152 0.200016 1.6e-05 0.2 1.02348685083e-16
0.206176 770 0.00616 0.200016 1.6e-05 0.2 1.02348685083e-16
0.206184 771 0.006168 0.200016 1.6e-05 0.2 1.02348685083e-16
0.206192 772 0.006176 0.200016 1.6e-05 0.2 1.02348685083e-16
0.2062 773 0.006184 0.200016 1.6e-05 0.2 1.03216046821e-16
0.206208 774 0.006192 0.200016 1.6e-05 0.2 1.03216046821e-16
0.206216 775 0.0062 0.200016 1.6e-05 0.2 1.03216046821e-16
0.206224 776 0.006208 0.200016 1.6e-05 0.2 1.03216046821e-16
0.206232 777 0.006216 0.200016 1.6e-05 0.2 1.04083408559e-16
0.20624 778 0.006224 0.200016 1.6e-05 0.2 1.04083408559e-16
0.206248 779 0.006232 0.200016 1.6e-05 0.2 1.04083408559e-16
0.206256 780 0.00624 0.200016 1.6e-05 0.2 1.04083408559e-16
0.206264 781 0.006248 0.200016 1.6e-05 0.2 1.04083408559e-16
0.206272 782 0.006256 0.200016 1.6e-05 0.2 1.04950770297e-16
0.20628 783 0.006264 0.200016 1.6e-05 0.2 1.04950770297e-16
0.206288 784 0.006272 0.200016 1.6e-05 0.2 1.04950770297e-16
0.206296 785 0.00628 0.200016 1.6e-05 0.2 1.04950770297e-16
0.206304 786 0.006288 0.200016 1.6e-05 0.2 1.05818132035e-16
0.206312 787 0.006296 0.200016 1.6e-05 0.2 1.05818132035e-16
0.20632 788 0.006304 0.200016 1.6e-05 0.2 1.05818132035e-16
0.206328 789 0.006312 0.200016 1.6e-05 0.2 1.05818132035e-16
0.206336 790 0.00632 0.200016 1.6e-05 0.2 1.05818132035e-16
0.206344 791 0.006328 0.200016 1.6e-05 0.2 1.06685493773e-16
0.206352 792 0.006336 0.200016 1.6e-05 0.2 1.06685493773e-16
0.20636 793 0.006344 0.200016 1.6e-05 0.2 1.06685493773e-16
0.206368 794 0.006352 0.200016 1.6e-05 0.2 1.06685493773e-16
0.206376 795 0.00636 0.200016 1.6e-05 0.2 1.07552855511e-16
0.206384 796 0.006368 0.200016 1.6e-05 0.2 1.07552855511e-16
0.206392 797 0.006376 0.200016 1.6e-05 0.2 1.07552855511e-16
0.2064 798 0.006384 0.200016 1.6e-05 0.2 1.07552855511e-16
0.206408 799 0.006392 0.200016 1.6e-05 0.2 1.07552855511e-16
0.206416 800 0.0064 0.200016 1.6e-05 0.2 1.08420217249e-16
0.206424 801 0.006408 0.200016 1.6e-05 0.2 1.08420217249e-16
0.206432 802 0.006416 0.200016 1.6e-05 0.2 1.08420217249e-16
0.20644 803 0.006424 0.200016 1.6e-05 0.2 1.08420217249e-16
0.206448 804 0.006432 0.200016 1.6e-05 0.2 1.09287578987e-16
0.206456 805 0.00644 0.200016 1.6e-05 0.2 1.09287578987e-16
0.206464 806 0.006448 0.200016 1.6e-05 0.2 1.09287578987e-16
0.206472 807 0.006456 0.200016 1.6e-05 0.2 1.09287578987e-16
0.20648 808 0.006464 0.200016 1.6e-05 0.2 1.09287578987e-16
0.206488 809 0.006472 0.200016 1.6e-05 0.2 1.10154940725e-16
0.206496 810 0.00648 0.200016 1.6e-05 0.2 1.10154940725e-16
0.206504 811 0.006488 0.200016 1.6e-05 0.2 1.10154940725e-16
0.206512 812 0.006496 0.200016 1.6e-05 0.2 1.10154940725e-16
0.20652 813 0.006504 0.200016 1.6e-05 0.2 1.11022302463e-16
0.206528 814 0.006512 0.200016 1.6e-05 0.2 1.11022302463e-16
0.206536 815 0.00652 0.200016 1.6e-05 0.2 1.11022302463e-16
0.206544 816 0.006528 0.200016 1.6e-05 0.2 1.11022302463e-16
0.206552 817 0.006536 0.200016 1.6e-05 0.2 1.11889664201e-16
0.20656 818 0.006544 0.200016 1.6e-05 0.2 1.11889664201e-16
0.206568 819 0.006552 0.200016 1.6e-05 0.2 1.11889664201e-16
0.206576 820 0.00656 0.200016 1.6e-05 0.2 1.11889664201e-16
0.206584 821 0.006568 0.200016 1.6e-05 0.2 1.11889664201e-16
0.206592 822 0.006576 0.200016 1.6e-05 0.2 1.12757025938e-16
0.2066 823 0.006584 0.200016 1.6e-05 0.2 1.12757025938e-16
0.206608 824 0.006592 0.200016 1.6e-05 0.2 1.12757025938e-16
0.206616 825 0.0066 0.200016 1.6e-05 0.2 1.12757025938e-16
0.206624 826 0.006608 0.200016 1.6e-05 0.2 1.13624387676e-16
0.206632 827 0.006616 0.200016 1.6e-05 0.2 1.13624387676e-16
0.20664 828 0.006624 0.200016 1.6e-05 0.2 1.13624387676e-16
0.206648 829 0.006632 0.200016 1.6e-05 0.2 1.13624387676e-16
0.206656 830 0.00664 0.200016 1.6e-05 0.2 1.13624387676e-16
0.206664 831 0.006648 0.200016 1.6e-05 0.2 1.14491749414e-16
0.206672 832 0.006656 0.200016 1.6e-05 0.2 1.14491749414e-16
0.20668 833 0.006664 0.200016 1.6e-05 0.2 1.14491749414e-16
0.206688 834 0.006672 0.200016 1.6e-05 0.2 1.14491749414e-16
0.206696 835 0.00668 0.200016 1.6e-05 0.2 1.15359111152e-16
0.206704 836 0.006688 0.200016 1.6e-05 0.2 1.15359111152e-16
0.206712 837 0.006696 0.200016 1.6e-05 0.2 1.15359111152e-16
0.20672 838 0.006704 0.200016 1.6e-05 0.2 1.15359111152e-16
0.206728 839 0.006712 0.200016 1.6e-05 0.2 1.15359111152e-16
0.206736 840 0.00672 0.200016 1.6e-05 0.2 1.1622647289e-16
0.206744 841 0.006728 0.200016 1.6e-05 0.2 1.1622647289e-16
0.206752 842 0.006736 0.200016 1.6e-05 0.2 1.1622647289e-16
0.20676 843 0.006744 0.200016 1.6e-05 0.2 1.1622647289e-16
0.206768 844 0.006752 0.200016 1.6e-05 0.2 1.17093834628e-16
0.206776 845 0.00676 0.200016 1.6e-05 0.2 1.17093834628e-16
0.206784 846 0.006768 0.200016 1.6e-05 0.2 1.17093834628e-16
0.206792 847 0.006776 0.200016 1.6e-05 0.2 1.17093834628e-16
0.2068 848 0.006784 0.200016 1.6e-05 0.2 1.17093834628e-16
0.206808 849 0.006792 0.200016 1.6e-05 0.2 1.17961196366e-16
0.206816 850 0.0068 0.200016 1.6e-05 0.2 1.17961196366e-16
0.206824 851 0.006808 0.200016 1.6e-05 0.2 1.17961196366e-16
0.206832 852 0.006816 0.200016 1.6e-05 0.2 1.17961196366e-16
0.20684 853 0.006824 0.200016 1.6e-05 0.2 1.18828558104e-16
0.206848 854 0.006832 0.200016 1.6e-05 0.2 1.18828558104e-16
0.206856 855 0.00684 0.200016 1.6e-05 0.2 1.18828558104e-16
0.206864 856 0.006848 0.200016 1.6e-05 0.2 1.18828558104e-16
0.206872 857 0.006856 0.200016 1.6e-05 0.2 1.18828558104e-16
0.20688 858 0.006864 0.200016 1.6e-05 0.2 1.19695919842e-16
0.206888 859 0.006872 0.200016 1.6e-05 0.2 1.19695919842e-16
0.206896 860 0.00688 0.200016 1.6e-05 0.2 1.19695919842e-16
0.206904 861 0.006888 0.200016 1.6e-05 0.2 1.19695919842e-16
0.206912 862 0.006896 0.200016 1.6e-05 0.2 1.2056328158e-16
0.20692 863 0.006904 0.200016 1.6e-05 0.2 1.2056328158e-16
0.206928 864 0.006912 0.200016 1.6e-05 0.2 1.2056328158e-16
0.206936 865 0.00692 0.200016 1.6e-05 0.2 1.2056328158e-16
0.206944 866 0.006928 0.200016 1.6e-05 0.2 1.21430643318e-16
0.206952 867 0.006936 0.200016 1.6e-05 0.2 1.21430643318e-16
0.20696 868 0.006944 0.200016 1.6e-05 0.2 1.21430643318e-16
0.206968 869 0.006952 0.200016 1.6e-05 0.2 1.21430643318e-16
0.206976 870 0.00696 0.200016 1.6e-05 0.2 1.21430643318e-16
0.206984 871 0.006968 0.200016 1.6e-05 0.2 1.22298005056e-16
0.206992 872 0.006976 0.200016 1.6e-05 0.2 1.22298005056e-16
0.207 873 0.006984 0.200016 1.6e-05 0.2 1.22298005056e-16
0.207008 874 0.006992 0.200016 1.6e-05 0.2 1.22298005056e-16
0.207016 875 0.007 0.200016 1.6e-05 0.2 1.23165366794e-16
0.207024 876 0.007008 0.200016 1.6e-05 0.2 1.23165366794e-16
0.207032 877 0.007016 0.200016 1.6e-05 0.2 1.23165366794e-16
0.20704 878 0.007024 0.200016 1.6e-05 0.2 1.23165366794e-16
0.207048 879 0.007032 0.200016 1.6e-05 0.2 1.23165366794e-16
0.207056 880 0.00704 0.200016 1.6e-05 0.2 1.24032728532e-16
0.207064 881 0.007048 0.200016 1.6e-05 0.2 1.24032728532e-16
0.207072 882 0.007056 0.200016 1.6e-05 0.2 1.24032728532e-16
0.20708 883 0.007064 0.200016 1.6e-05 0.2 1.24032728532e-16
0.207088 884 0.007072 0.200016 1.6e-05 0.2 1.2490009027e-16
0.207096 885 0.00708 0.200016 1.6e-05 0.2 1.2490009027e-16
0.207104 886 0.007088 0.200016 1.6e-05 0.2 1.2490009027e-16
0.207112 887 0.007096 0.200016 1.6e-05 0.2 1.2490009027e-16
0.20712 888 0.007104 0.200016 1.6e-05 0.2 1.2490009027e-16
0.207128 889 0.007112 0.200016 1.6e-05 0.2 1.25767452008e-16
0.207136 890 0.00712 0.200016 1.6e-05 0.2 1.25767452008e-16
0.207144 891 0.007128 0.200016 1.6e-05 0.2 1.25767452008e-16
0.207152 892 0.007136 0.200016 1.6e-05 0.2 1.25767452008e-16
0.20716 893 0.007144 0.200016 1.6e-05 0.2 1.26634813746e-16
0.207168 894 0.007152 0.200016 1.6e-05 0.2 1.26634813746e-16
0.207176 895 0.00716 0.200016 1.6e-05 0.2 1.26634813746e-16
0.207184 896 0.007168 0.200016 1.6e-05 0.2 1.26634813746e-16
0.207192 897 0.007176 0.200016 1.6e-05 0.2 1.26634813746e-16
0.2072 898 0.007184 0.200016 1.6e-05 0.2 1.27502175484e-16
0.207208 899 0.007192 0.200016 1.6e-05 0.2 1.27502175484e-16
0.207216 900 0.0072 0.200016 1.6e-05 0.2 1.27502175484e-16
0.207224 901 0.007208 0.200016 1.6e-05 0.2 1.27502175484e-16
0.207232 902 0.007216 0.200016 1.6e-05 0.2 1.28369537222e-16
0.20724 903 0.007224 0.200016 1.6e-05 0.2 1.28369537222e-16
0.207248 904 0.007232 0.200016 1.6e-05 0.2 1.28369537222e-16
0.207256 905 0.00724 0.200016 1.6e-05 0.2 1.28369537222e-16
0.207264 906 0.007248 0.200016 1.6e-05 0.2 1.28369537222e-16
0.207272 907 0.007256 0.200016 1.6e-05 0.2 1.2923689896e-16
0.20728 908 0.007264 0.200016 1.6e-05 0.2 1.2923689896e-16
0.207288 909 0.007272 0.200016 1.6e-05 0.2 1.2923689896e-16
0.207296 910 0.00728 0.200016 1.6e-05 0.2 1.2923689896e-16
0.207304 911 0.007288 0.200016 1.6e-05 0.2 1.30104260698e-16
0.207312 912 0.007296 0.200016 1.6e-05 0.2 1.30104260698e-16
0.20732 913 0.007304 0.200016 1.6e-05 0.2 1.30104260698e-16
0.207328 914 0.007312 0.200016 1.6e-05 0.2 1.30104260698e-16
0.207336 915 0.00732 0.200016 1.6e-05 0.2 1.30971622436e-16
0.207344 916 0.007328 0.200016 1.6e-05 0.2 1.30971622436e-16
0.207352 917 0.007336 0.200016 1.6e-05 0.2 1.30971622436e-16
0.20736 918 0.007344 0.200016 1.6e-05 0.2 1.30971622436e-16
0.207368 919 0.007352 0.200016 1.6e-05 0.2 1.30971622436e-16
0.207376 920 0.00736 0.200016 1.6e-05 0.2 1.31838984174e-16
0.207384 921 0.007368 0.200016 1.6e-05 0.2 1.31838984174e-16
0.207392 922 0.007376 0.200016 1.6e-05 0.2 1.31838984174e-16
0.2074 923 0.007384 0.200016 1.6e-05 0.2 1.31838984174e-16
0.207408 924 0.007392 0.200016 1.6e-05 0.2 1.32706345912e-16
0.207416 925 0.0074 0.200016 1.6e-05 0.2 1.32706345912e-16
0.207424 926 0.007408 0.200016 1.6e-05 0.2 1.32706345912e-16
0.207432 927 0.007416 0.200016 1.6e-05 0.2 1.32706345912e-16
0.20744 928 0.007424 0.200016 1.6e-05 0.2 1.32706345912e-16
0.207448 929 0.007432 0.200016 1.6e-05 0.2 1.3357370765e-16
0.207456 930 0.00744 0.200016 1.6e-05 0.2 1.3357370765e-16
0.207464 931 0.007448 0.200016 1.6e-05 0.2 1.3357370765e-16
0.207472 932 0.007456 0.200016 1.6e-05 0.2 1.3357370765e-16
0.20748 933 0.007464 0.200016 1.6e-05 0.2 1.34441069388e-16
0.207488 934 0.007472 0.200016 1.6e-05 0.2 1.34441069388e-16
0.207496 935 0.00748 0.200016 1.6e-05 0.2 1.34441069388e-16
0.207504 936 0.007488 0.200016 1.6e-05 0.2 1.34441069388e-16
0.207512 937 0.007496 0.200016 1.6e-05 0.2 1.34441069388e-16
0.20752 938 0.007504 0.200016 1.6e-05 0.2 1.35308431126e-16
0.207528 939 0.007512 0.200016 1.6e-05 0.2 1.35308431126e-16
0.207536 940 0.00752 0.200016 1.6e-05 0.2 1.35308431126e-16
0.207544 941 0.007528 0.200016 1.6e-05 0.2 1.35308431126e-16
0.207552 942 0.007536 0.200016 1.6e-05 0.2 1.36175792864e-16
0.20756 943 0.007544 0.200016 1.6e-05 0.2 1.36175792864e-16
0.207568 944 0.007552 0.200016 1.6e-05 0.2 1.36175792864e-16
0.207576 945 0.00756 0.200016 1.6e-05 0.2 1.36175792864e-16
0.207584 946 0.007568 0.200016 1.6e-05 0.2 1.36175792864e-16
0.207592 947 0.007576 0.200016 1.6e-05 0.2 1.37043154602e-16
0.2076 948 0.007584 0.200016 1.6e-05 0.2 1.37043154602e-16
0.207608 949 0.007592 0.200016 1.6e-05 0.2 1.37043154602e-16
0.207616 950 0.0076 0.200016 1.6e-05 0.2 1.37043154602e-16
0.207624 951 0.007608 0.200016 1.6e-05 0.2 1.3791051634e-16
0.207632 952 0.007616 0.200016 1.6e-05 0.2 1.3791051634e-16
0.20764 953 0.007624 0.200016 1.6e-05 0.2 1.3791051634e-16
0.207648 954 0.007632 0.200016 1.6e-05 0.2 1.3791051634e-16
0.207656 955 0.00764 0.200016 1.6e-05 0.2 1.38777878078e-16
0.207664 956 0.007648 0.200016 1.6e-05 0.2 1.38777878078e-16
0.207672 957 0.007656 0.200016 1.6e-05 0.2 1.38777878078e-16
0.20768 958 0.007664 0.200016 1.6e-05 0.2 1.38777878078e-16
0.207688 959 0.007672 0.200016 1.6e-05 0.2 1.38777878078e-16
0.207696 960 0.00768 0.200016 1.6e-05 0.2 1.39645239816e-16
0.207704 961 0.007688 0.200016 1.6e-05 0.2 1.39645239816e-16
0.207712 962 0.007696 0.200016 1.6e-05 0.2 1.39645239816e-16
0.20772 963 0.007704 0.200016 1.6e-05 0.2 1.39645239816e-16
0.207728 964 0.007712 0.200016 1.6e-05 0.2 1.40512601554e-16
0.207736 965 0.00772 0.200016 1.6e-05 0.2 1.40512601554e-16
0.207744 966 0.007728 0.200016 1.6e-05 0.2 1.40512601554e-16
0.207752 967 0.007736 0.200016 1.6e-05 0.2 1.40512601554e-16
0.20776 968 0.007744 0.200016 1.6e-05 0.2 1.40512601554e-16
0.207768 969 0.007752 0.200016 1.6e-05 0.2 1.41379963292e-16
0.207776 970 0.00776 0.200016 1.6e-05 0.2 1.41379963292e-16
0.207784 971 0.007768 0.200016 1.6e-05 0.2 1.41379963292e-16
0.207792 972 0.007776 0.200016 1.6e-05 0.2 1.41379963292e-16
0.2078 973 0.007784 0.200016 1.6e-05 0.2 1.4224732503e-16
0.207808 974 0.007792 0.200016 1.6e-05 0.2 1.4224732503e-16
0.207816 975 0.0078 0.200016 1.6e-05 0.2 1.4224732503e-16
0.207824 976 0.007808 0.200016 1.6e-05 0.2 1.4224732503e-16
0.207832 977 0.007816 0.200016 1.6e-05 0.2 1.4224732503e-16
0.20784 978 0.007824 0.200016 1.6e-05 0.2 1.4224732503e-16
0.207848 979 0.007832 0.200016 1.6e-05 0.2 1.40512601554e-16
0.207856 980 0.00784 0.200016 1.6e-05 0.2 1.40512601554e-16
0.207864 981 0.007848 0.200016 1.6e-05 0.2 1.40512601554e-16
0.207872 982 0.007856 0.200016 1.6e-05 0.2 1.38777878078e-16
0.20788 983 0.007864 0.200016 1.6e-05 0.2 1.38777878078e-16
0.207888 984 0.007872 0.200016 1.6e-05 0.2 1.38777878078e-16
0.207896 985 0.00788 0.200016 1.6e-05 0.2 1.37043154602e-16
0.207904 986 0.007888 0.200016 1.6e-05 0.2 1.37043154602e-16
0.207912 987 0.007896 0.200016 1.6e-05 0.2 1.35308431126e-16
0.20792 988 0.007904 0.200016 1.6e-05 0.2 1.35308431126e-16
0.207928 989 0.007912 0.200016 1.6e-05 0.2 1.35308431126e-16
0.207936 990 0.00792 0.200016 1.6e-05 0.2 1.3357370765e-16
0.207944 991 0.007928 0.200016 1.6e-05 0.2 1.3357370765e-16
0.207952 992 0.007936 0.200016 1.6e-05 0.2 1.31838984174e-16
0.20796 993 0.007944 0.200016 1.6e-05 0.2 1.31838984174e-16
0.207968 994 0.007952 0.200016 1.6e-05 0.2 1.31838984174e-16
0.207976 995 0.00796 0.200016 1.6e-05 0.2 1.30104260698e-16
0.207984 996 0.007968 0.200016 1.6e-05 0.2 1.30104260698e-16
0.207992 997 0.007976 0.200016 1.6e-05 0.2 1.28369537222e-16
0.208 998 0.007984 0.200016 1.6e-05 0.2 1.28369537222e-16
0.208008 999 0.007992 0.200016 1.6e-05 0.2 1.28369537222e-16
