0.009 2 0 0.009 0.008 0.001 0
0.0546405018945 3 0.0456405018945 0.009 0.008 0.001 0.0
0.0699709822001 4 0.0609709822001 0.009 0.008 0.001 0.0
0.105167562217 5 0.0961675622169 0.009 0.008 0.001 0.0
0.145914844467 6 0.136914844467 0.009 0.008 0.001 0.0
0.184809702839 7 0.175809702839 0.009 0.008 0.001 0.0
0.19876861133 8 0.18976861133 0.009 0.008 0.001 0.0
0.222433882387 9 0.213433882387 0.009 0.008 0.001 0.0
0.284580965 10 0.275580965 0.009 0.008 0.001 0.0
0.292580965 11 0.276255147772 0.0163258172281 0.008 0.001 0.00732581722809
0.307375048407 12 0.298375048407 0.009 0.008 0.001 0.0
0.327684476319 13 0.318684476319 0.009 0.008 0.001 0.0
0.335684476319 14 0.319468151356 0.0162163249632 0.008 0.001 0.00721632496318
0.345349768195 15 0.336349768195 0.009 0.008 0.001 0.0
0.353349768195 16 0.340104063302 0.0132457048924 0.008 0.001 0.00424570489242
0.361349768195 17 0.342114169335 0.0192355988598 0.008 0.001 0.0102355988598
0.369349768195 18 0.346631504774 0.0227182634202 0.008 0.001 0.0137182634202
0.391917036534 19 0.382917036534 0.009 0.008 0.001 0.0
0.399917036534 20 0.384969421835 0.0149476146985 0.008 0.001 0.00594761469851
0.46244351078 21 0.45344351078 0.009 0.008 0.001 0.0
0.47044351078 22 0.45384739562 0.0165961151607 0.008 0.001 0.00759611516073
0.47844351078 23 0.464133884116 0.0143096266646 0.008 0.001 0.00530962666463
0.504145067462 24 0.495145067462 0.009 0.008 0.001 0.0
0.512145067462 25 0.500136468315 0.0120085991471 0.008 0.001 0.0030085991471
0.520145067462 26 0.505156979252 0.0149880882095 0.008 0.001 0.00598808820955
0.541394382417 27 0.532394382417 0.009 0.008 0.001 0.0
0.592393889126 28 0.583393889126 0.009 0.008 0.001 0.0
0.600393889126 29 0.587111818858 0.0132820702686 0.008 0.001 0.0042820702686
0.714472919863 30 0.705472919863 0.009 0.008 0.001 0.0
0.725731539831 31 0.716731539831 0.009 0.008 0.001 0.0
0.763182751024 32 0.754182751024 0.009 0.008 0.001 0.0
0.807669539345 33 0.798669539345 0.009 0.008 0.001 0.0
0.815669539345 34 0.800143270399 0.0155262689466 0.008 0.001 0.00652626894656
0.837742784969 35 0.828742784969 0.009 0.008 0.001 0.0
0.845742784969 36 0.829887080961 0.0158557040087 0.008 0.001 0.00685570400871
0.858633923649 37 0.849633923649 0.009 0.008 0.001 0.0
0.866633923649 38 0.852395136291 0.0142387873576 0.008 0.001 0.0052387873576
0.878581694567 39 0.869581694567 0.009 0.008 0.001 0.0
0.889685022136 40 0.880685022136 0.009 0.008 0.001 0.0
0.948190573526 41 0.939190573526 0.009 0.008 0.001 0.0
0.966407117097 42 0.957407117097 0.009 0.008 0.001 0.0
0.974407117097 43 0.957631752762 0.0167753643348 0.008 0.001 0.0077753643348
0.985296124143 44 0.976296124143 0.009 0.008 0.001 0.0
0.993296124143 45 0.978310277365 0.0149858467783 0.008 0.001 0.0059858467783
1.01750558346 46 1.00850558346 0.009 0.008 0.001 0.0
1.05009427623 47 1.04109427623 0.009 0.008 0.001 0.0
1.0822666345 48 1.0732666345 0.009 0.008 0.001 0.0
1.09206353733 49 1.08306353733 0.009 0.008 0.001 0.0
1.14073193872 50 1.13173193872 0.009 0.008 0.001 0.0
1.16519202045 51 1.15619202045 0.009 0.008 0.001 0.0
1.22440634525 52 1.21540634525 0.009 0.008 0.001 0.0
1.25842868494 53 1.24942868494 0.009 0.008 0.001 0.0
1.26642868494 54 1.25667748812 0.00975119682272 0.008 0.001 0.000751196822721
1.29125297914 55 1.28225297914 0.009 0.008 0.001 0.0
1.29925297914 56 1.29018395756 0.00906902158129 0.008 0.001 6.90215812933e-05
1.31141191064 57 1.30241191064 0.009 0.008 0.001 0.0
1.33928380354 58 1.33028380354 0.009 0.008 0.001 0.0
1.34728380354 59 1.33060911705 0.0166746864882 0.008 0.001 0.00767468648815
1.3877071178 60 1.3787071178 0.009 0.008 0.001 0.0
1.40986319993 61 1.40086319993 0.009 0.008 0.001 0.0
1.46812909324 62 1.45912909324 0.009 0.008 0.001 0.0
1.50147093941 63 1.49247093941 0.009 0.008 0.001 0.0
1.50947093941 64 1.49399407422 0.0154768651965 0.008 0.001 0.0064768651965
1.5507035653 65 1.5417035653 0.009 0.008 0.001 0.0
1.58328423555 66 1.57428423555 0.009 0.008 0.001 0.0
1.60142023736 67 1.59242023736 0.009 0.008 0.001 0.0
1.62851606521 68 1.61951606521 0.009 0.008 0.001 0.0
1.67374745867 69 1.66474745867 0.009 0.008 0.001 0.0
1.69948937795 70 1.69048937795 0.009 0.008 0.001 0.0
1.72912963578 71 1.72012963578 0.009 0.008 0.001 0.0
1.76879886172 72 1.75979886172 0.009 0.008 0.001 0.0
1.78166917648 73 1.77266917648 0.009 0.008 0.001 0.0
1.78966917648 74 1.77457209558 0.0150970808978 0.008 0.001 0.00609708089781
1.8200294267 75 1.8110294267 0.009 0.008 0.001 0.0
1.85159894657 76 1.84259894657 0.009 0.008 0.001 0.0
1.87027479342 77 1.86127479342 0.009 0.008 0.001 0.0
1.88800437352 78 1.87900437352 0.009 0.008 0.001 0.0
1.89600437352 79 1.88085016584 0.0151542076809 0.008 0.001 0.00615420768091
1.90400437352 80 1.88445419296 0.0195501805647 0.008 0.001 0.0105501805647
1.95175949953 81 1.94275949953 0.009 0.008 0.001 0.0
1.96201546116 82 1.95301546116 0.009 0.008 0.001 0.0
2.06411384357 83 2.05511384357 0.009 0.008 0.001 0.0
2.07292351933 84 2.06392351933 0.009 0.008 0.001 0.0
2.11438213696 85 2.10538213696 0.009 0.008 0.001 0.0
2.13340288493 86 2.12440288493 0.009 0.008 0.001 0.0
2.15507424421 87 2.14607424421 0.009 0.008 0.001 0.0
2.16892834791 88 2.15992834791 0.009 0.008 0.001 0.0
2.19662928409 89 2.18762928409 0.009 0.008 0.001 0.0
2.24341869764 90 2.23441869764 0.009 0.008 0.001 0.0
2.25141869764 91 2.24237572328 0.00904297435348 0.008 0.001 4.29743534811e-05
2.25941869764 92 2.24656174881 0.0128569488227 0.008 0.001 0.00385694882267
2.26741869764 93 2.25807207732 0.00934662031964 0.008 0.001 0.000346620319643
2.27541869764 94 2.26220335769 0.0132153399457 0.008 0.001 0.00421533994574
2.29356930239 95 2.28456930239 0.009 0.008 0.001 0.0
2.30433573229 96 2.29533573229 0.009 0.008 0.001 0.0
2.31233573229 97 2.30108206133 0.0112536709538 0.008 0.001 0.0022536709538
2.37662623256 98 2.36762623256 0.009 0.008 0.001 0.0
2.39453509718 99 2.38553509718 0.009 0.008 0.001 0.0
2.40253509718 100 2.38906639614 0.0134687010364 0.008 0.001 0.00446870103642
2.42671459559 101 2.41771459559 0.009 0.008 0.001 0.0
2.46028593363 102 2.45128593363 0.009 0.008 0.001 0.0
2.59817804239 103 2.58917804239 0.009 0.008 0.001 0.0
2.66238466469 104 2.65338466469 0.009 0.008 0.001 0.0
2.67279678799 105 2.66379678799 0.009 0.008 0.001 0.0
2.77934325677 106 2.77034325677 0.009 0.008 0.001 0.0
2.80208256456 107 2.79308256456 0.009 0.008 0.001 0.0
2.82802600165 108 2.81902600165 0.009 0.008 0.001 0.0
2.83602600165 109 2.82392193494 0.0121040667167 0.008 0.001 0.00310406671674
2.85849900787 110 2.84949900787 0.009 0.008 0.001 0.0
2.899149347 111 2.890149347 0.009 0.008 0.001 0.0
2.95039487168 112 2.94139487168 0.009 0.008 0.001 0.0
2.96725490924 113 2.95825490924 0.009 0.008 0.001 0.0
2.97525490924 114 2.95838571771 0.0168691915248 0.008 0.001 0.00786919152482
2.98332577928 115 2.97432577928 0.009 0.008 0.001 0.0
3.0002878281 116 2.9912878281 0.009 0.008 0.001 0.0
3.0082878281 117 2.99684086356 0.0114469645381 0.008 0.001 0.00244696453809
3.02355023229 118 3.01455023229 0.009 0.008 0.001 0.0
3.04114546345 119 3.03214546345 0.009 0.008 0.001 0.0
3.04914546345 120 3.03674446523 0.0124009982262 0.008 0.001 0.00340099822616
3.06341011152 121 3.05441011152 0.009 0.008 0.001 0.0
3.11281434411 122 3.10381434411 0.009 0.008 0.001 0.0
3.15843227343 123 3.14943227343 0.009 0.008 0.001 0.0
3.20046863603 124 3.19146863603 0.009 0.008 0.001 0.0
3.27024358357 125 3.26124358357 0.009 0.008 0.001 0.0
3.28534000765 126 3.27634000765 0.009 0.008 0.001 0.0
3.29493973116 127 3.28593973116 0.009 0.008 0.001 0.0
3.31280959897 128 3.30380959897 0.009 0.008 0.001 0.0
3.35318339756 129 3.34418339756 0.009 0.008 0.001 0.0
3.36118339756 130 3.34626971049 0.014913687065 0.008 0.001 0.005913687065
3.3737500877 131 3.3647500877 0.009 0.008 0.001 0.0
3.3817500877 132 3.37114916213 0.0106009255729 0.008 0.001 0.00160092557289
3.3897500877 133 3.37915035321 0.0105997344939 0.008 0.001 0.00159973449389
3.43805952124 134 3.42905952124 0.009 0.008 0.001 0.0
3.46129304168 135 3.45229304168 0.009 0.008 0.001 0.0
3.46929304168 136 3.45280677561 0.0164862660633 0.008 0.001 0.00748626606332
3.48018758608 137 3.47118758608 0.009 0.008 0.001 0.0
3.55842619432 138 3.54942619432 0.009 0.008 0.001 0.0
3.57005516178 139 3.56105516178 0.009 0.008 0.001 0.0
3.61573834031 140 3.60673834031 0.009 0.008 0.001 0.0
3.63688092429 141 3.62788092429 0.009 0.008 0.001 0.0
3.64823031223 142 3.63923031223 0.009 0.008 0.001 0.0
3.74352579422 143 3.73452579422 0.009 0.008 0.001 0.0
3.75356764368 144 3.74456764368 0.009 0.008 0.001 0.0
3.76156764368 145 3.75253928652 0.00902835716391 0.008 0.001 2.83571639073e-05
3.76956764368 146 3.75336516074 0.0162024829383 0.008 0.001 0.00720248293832
3.77756764368 147 3.76671299855 0.0108546451297 0.008 0.001 0.00185464512975
3.80111878343 148 3.79211878343 0.009 0.008 0.001 0.0
3.81305252093 149 3.80405252093 0.009 0.008 0.001 0.0
3.82613365517 150 3.81713365517 0.009 0.008 0.001 0.0
3.83413365517 151 3.81860469038 0.0155289647868 0.008 0.001 0.00652896478676
3.84213365517 152 3.82870248984 0.0134311653306 0.008 0.001 0.00443116533062
3.8649232012 153 3.8559232012 0.009 0.008 0.001 0.0
3.93021571457 154 3.92121571457 0.009 0.008 0.001 0.0
3.97031960626 155 3.96131960626 0.009 0.008 0.001 0.0
3.9805804263 156 3.9715804263 0.009 0.008 0.001 0.0
3.9885804263 157 3.97676264816 0.011817778135 0.008 0.001 0.00281777813504
3.9965804263 158 3.98343248674 0.0131479395573 0.008 0.001 0.00414793955728
4.11454231968 159 4.10554231968 0.009 0.008 0.001 0.0
4.12254231968 160 4.10968594422 0.0128563754624 0.008 0.001 0.00385637546239
4.16577455417 161 4.15677455417 0.009 0.008 0.001 0.0
4.17621393016 162 4.16721393016 0.009 0.008 0.001 0.0
4.18421393016 163 4.17143959112 0.0127743390371 0.008 0.001 0.00377433903711
4.21105180181 164 4.20205180181 0.009 0.008 0.001 0.0
4.22008353352 165 4.21108353352 0.009 0.008 0.001 0.0
4.24694536472 166 4.23794536472 0.009 0.008 0.001 0.0
4.25494536472 167 4.23835458621 0.0165907785116 0.008 0.001 0.00759077851159
4.26294536472 168 4.24865860068 0.0142867640417 0.008 0.001 0.00528676404172
4.28315684214 169 4.27415684214 0.009 0.008 0.001 0.0
4.29853147759 170 4.28953147759 0.009 0.008 0.001 0.0
4.40225765365 171 4.39325765365 0.009 0.008 0.001 0.0
4.4332984562 172 4.4242984562 0.009 0.008 0.001 0.0
4.44330314626 173 4.43430314626 0.009 0.008 0.001 0.0
4.46714214959 174 4.45814214959 0.009 0.008 0.001 0.0
4.50161440427 175 4.49261440427 0.009 0.008 0.001 0.0
4.56060435328 176 4.55160435328 0.009 0.008 0.001 0.0
4.57889754573 177 4.56989754573 0.009 0.008 0.001 0.0
4.60726907643 178 4.59826907643 0.009 0.008 0.001 0.0
4.61892556243 179 4.60992556243 0.009 0.008 0.001 0.0
4.6490612717 180 4.6400612717 0.009 0.008 0.001 0.0
4.68360091237 181 4.67460091237 0.009 0.008 0.001 0.0
4.71686070836 182 4.70786070836 0.009 0.008 0.001 0.0
4.76623885436 183 4.75723885436 0.009 0.008 0.001 0.0
4.77423885436 184 4.75997000012 0.0142688542448 0.008 0.001 0.00526885424477
4.79457411869 185 4.78557411869 0.009 0.008 0.001 0.0
4.81168797198 186 4.80268797198 0.009 0.008 0.001 0.0
4.8528066016 187 4.8438066016 0.009 0.008 0.001 0.0
4.8608066016 188 4.84443312063 0.0163734809711 0.008 0.001 0.00737348097114
4.87035089551 189 4.86135089551 0.009 0.008 0.001 0.0
4.91952932936 190 4.91052932936 0.009 0.008 0.001 0.0
4.95610918296 191 4.94710918296 0.009 0.008 0.001 0.0
4.96410918296 192 4.94736773081 0.0167414521448 0.008 0.001 0.0077414521448
5.06303925959 193 5.05403925959 0.009 0.008 0.001 0.0
5.07103925959 194 5.05453311788 0.016506141702 0.008 0.001 0.007506141702
5.07903925959 195 5.06961272662 0.00942653296988 0.008 0.001 0.000426532969878
5.115100887 196 5.106100887 0.009 0.008 0.001 0.0
5.12871227318 197 5.11971227318 0.009 0.008 0.001 0.0
5.13671227318 198 5.12207037591 0.0146418972742 0.008 0.001 0.00564189727418
5.1536019545 199 5.1446019545 0.009 0.008 0.001 0.0
5.1616019545 200 5.14985171859 0.0117502359021 0.008 0.001 0.00275023590213
5.1696019545 201 5.1605047878 0.0090971667003 0.008 0.001 9.71667002982e-05
5.22258619187 202 5.21358619187 0.009 0.008 0.001 0.0
5.25087916372 203 5.24187916372 0.009 0.008 0.001 0.0
5.28997068555 204 5.28097068555 0.009 0.008 0.001 0.0
5.29797068555 205 5.28387015662 0.0141005289357 0.008 0.001 0.00510052893567
5.31796584016 206 5.30896584016 0.009 0.008 0.001 0.0
5.32596584016 207 5.31213984751 0.0138259926538 0.008 0.001 0.00482599265378
5.39277723786 208 5.38377723786 0.009 0.008 0.001 0.0
5.40148929526 209 5.39248929526 0.009 0.008 0.001 0.0
5.43369870358 210 5.42469870358 0.009 0.008 0.001 0.0
5.45260181874 211 5.44360181874 0.009 0.008 0.001 0.0
5.46128174641 212 5.45228174641 0.009 0.008 0.001 0.0
5.47440893207 213 5.46540893207 0.009 0.008 0.001 0.0
5.4861880721 214 5.4771880721 0.009 0.008 0.001 0.0
5.4941880721 215 5.48349869966 0.0106893724371 0.008 0.001 0.00168937243715
5.50289468605 216 5.49389468605 0.009 0.008 0.001 0.0
5.51089468605 217 5.49682473984 0.0140699462102 0.008 0.001 0.00506994621025
5.51889468605 218 5.49822485874 0.0206698273114 0.008 0.001 0.0116698273114
5.55770309251 219 5.54870309251 0.009 0.008 0.001 0.0
5.56862112476 220 5.55962112476 0.009 0.008 0.001 0.0
5.6219053501 221 5.6129053501 0.009 0.008 0.001 0.0
5.65513909333 222 5.64613909333 0.009 0.008 0.001 0.0
5.69296821778 223 5.68396821778 0.009 0.008 0.001 0.0
5.70096821778 224 5.69195014344 0.0090180743479 0.008 0.001 1.80743478984e-05
5.72098226764 225 5.71198226764 0.009 0.008 0.001 0.0
5.73730156709 226 5.72830156709 0.009 0.008 0.001 0.0
5.75412039742 227 5.74512039742 0.009 0.008 0.001 0.0
5.80522131574 228 5.79622131574 0.009 0.008 0.001 0.0
5.81322131574 229 5.79749178761 0.0157295281342 0.008 0.001 0.00672952813423
5.82122131574 230 5.81025237148 0.0109689442625 0.008 0.001 0.0019689442625
5.82922131574 231 5.81807180668 0.0111495090697 0.008 0.001 0.00214950906969
5.86695173998 232 5.85795173998 0.009 0.008 0.001 0.0
5.87495173998 233 5.86002991244 0.014921827544 0.008 0.001 0.00592182754395
5.88707058689 234 5.87807058689 0.009 0.008 0.001 0.0
5.92711249579 235 5.91811249579 0.009 0.008 0.001 0.0
5.94677316004 236 5.93777316004 0.009 0.008 0.001 0.0
5.95477316004 237 5.94031917253 0.0144539875105 0.008 0.001 0.00545398751046
6.01195766231 238 6.00295766231 0.009 0.008 0.001 0.0
6.01995766231 239 6.00569837516 0.0142592871452 0.008 0.001 0.00525928714521
6.0883369227 240 6.0793369227 0.009 0.008 0.001 0.0
6.10913589895 241 6.10013589895 0.009 0.008 0.001 0.0
6.12423284821 242 6.11523284821 0.009 0.008 0.001 0.0
6.22639026016 243 6.21739026016 0.009 0.008 0.001 0.0
6.23439026016 244 6.2233695336 0.0110207265554 0.008 0.001 0.00202072655543
6.28720479874 245 6.27820479874 0.009 0.008 0.001 0.0
6.36609022687 246 6.35709022687 0.009 0.008 0.001 0.0
6.39667426346 247 6.38767426346 0.009 0.008 0.001 0.0
6.40467426346 248 6.38914321291 0.0155310505557 0.008 0.001 0.00653105055565
6.43198474644 249 6.42298474644 0.009 0.008 0.001 0.0
6.49529437177 250 6.48629437177 0.009 0.008 0.001 0.0
6.56663489171 251 6.55763489171 0.009 0.008 0.001 0.0
6.57463489171 252 6.56432504258 0.0103098491386 0.008 0.001 0.00130984913862
6.6040843124 253 6.5950843124 0.009 0.008 0.001 0.0
6.61407140203 254 6.60507140203 0.009 0.008 0.001 0.0
6.69829919292 255 6.68929919292 0.009 0.008 0.001 0.0
6.81540962345 256 6.80640962345 0.009 0.008 0.001 0.0
6.86831970914 257 6.85931970914 0.009 0.008 0.001 0.0
6.87631970914 258 6.86427759963 0.0120421095126 0.008 0.001 0.00304210951257
6.88431970914 259 6.86915063567 0.0151690734755 0.008 0.001 0.00616907347548
6.8982379052 260 6.8892379052 0.009 0.008 0.001 0.0
6.9152053138 261 6.9062053138 0.009 0.008 0.001 0.0
6.952834993 262 6.943834993 0.009 0.008 0.001 0.0
6.960834993 263 6.95182589506 0.00900909793416 0.008 0.001 9.09793415893e-06
6.97546287764 264 6.96646287764 0.009 0.008 0.001 0.0
7.02252296704 265 7.01352296704 0.009 0.008 0.001 0.0
7.03135303874 266 7.02235303874 0.009 0.008 0.001 0.0
7.04586841829 267 7.03686841829 0.009 0.008 0.001 0.0
7.06331059254 268 7.05431059254 0.009 0.008 0.001 0.0
7.07198075142 269 7.06298075142 0.009 0.008 0.001 0.0
7.08265987402 270 7.07365987402 0.009 0.008 0.001 0.0
7.12082495379 271 7.11182495379 0.009 0.008 0.001 0.0
7.12882495379 272 7.11539138933 0.013433564459 0.008 0.001 0.00443356445899
7.13726629654 273 7.12826629654 0.009 0.008 0.001 0.0
7.14610727685 274 7.13710727685 0.009 0.008 0.001 0.0
7.16889766595 275 7.15989766595 0.009 0.008 0.001 0.0
7.21920001226 276 7.21020001226 0.009 0.008 0.001 0.0
7.22720001226 277 7.21234730762 0.0148527046415 0.008 0.001 0.00585270464154
7.26171931383 278 7.25271931383 0.009 0.008 0.001 0.0
7.26971931383 279 7.25931013548 0.010409178344 0.008 0.001 0.00140917834402
7.38548010516 280 7.37648010516 0.009 0.008 0.001 0.0
7.46826442333 281 7.45926442333 0.009 0.008 0.001 0.0
7.47626442333 282 7.46435528206 0.0119091412779 0.008 0.001 0.00290914127789
7.48426442333 283 7.46676620502 0.017498218309 0.008 0.001 0.00849821830901
7.49226442333 284 7.47435009245 0.0179143308809 0.008 0.001 0.00891433088086
7.52059975008 285 7.51159975008 0.009 0.008 0.001 0.0
7.56816801313 286 7.55916801313 0.009 0.008 0.001 0.0
7.61069206081 287 7.60169206081 0.009 0.008 0.001 0.0
7.62169274615 288 7.61269274615 0.009 0.008 0.001 0.0
7.639594258 289 7.630594258 0.009 0.008 0.001 0.0
7.67806498763 290 7.66906498763 0.009 0.008 0.001 0.0
7.70044439837 291 7.69144439837 0.009 0.008 0.001 0.0
7.71058524507 292 7.70158524507 0.009 0.008 0.001 0.0
7.75844371694 293 7.74944371694 0.009 0.008 0.001 0.0
7.7722994624 294 7.7632994624 0.009 0.008 0.001 0.0
7.7802994624 295 7.77016510494 0.0101343574599 0.008 0.001 0.00113435745994
7.79249401389 296 7.78349401389 0.009 0.008 0.001 0.0
7.81445926185 297 7.80545926185 0.009 0.008 0.001 0.0
7.88765381246 298 7.87865381246 0.009 0.008 0.001 0.0
7.89964865178 299 7.89064865178 0.009 0.008 0.001 0.0
7.90764865178 300 7.89606738636 0.0115812654203 0.008 0.001 0.00258126542032
7.91564865178 301 7.90477819621 0.0108704555749 0.008 0.001 0.00187045557492
7.92595111685 302 7.91695111685 0.009 0.008 0.001 0.0
7.97903408653 303 7.97003408653 0.009 0.008 0.001 0.0
7.98703408653 304 7.97411079034 0.0129232961905 0.008 0.001 0.00392329619053
8.00230894143 305 7.99330894143 0.009 0.008 0.001 0.0
8.02071550299 306 8.01171550299 0.009 0.008 0.001 0.0
8.02871550299 307 8.01739293661 0.0113225663822 0.008 0.001 0.00232256638217
8.03671550299 308 8.01882596619 0.0178895367978 0.008 0.001 0.00888953679776
8.06283224048 309 8.05383224048 0.009 0.008 0.001 0.0
8.07083224048 310 8.05853104118 0.0123011992919 0.008 0.001 0.0033011992919
8.08123095227 311 8.07223095227 0.009 0.008 0.001 0.0
8.11251654504 312 8.10351654504 0.009 0.008 0.001 0.0
8.12907439578 313 8.12007439578 0.009 0.008 0.001 0.0
8.14332150631 314 8.13432150631 0.009 0.008 0.001 0.0
8.18322499195 315 8.17422499195 0.009 0.008 0.001 0.0
8.22795873992 316 8.21895873992 0.009 0.008 0.001 0.0
8.23595873992 317 8.22505781012 0.0109009298014 0.008 0.001 0.00190092980135
8.25087345391 318 8.24187345391 0.009 0.008 0.001 0.0
8.26051687723 319 8.25151687723 0.009 0.008 0.001 0.0
8.26851687723 320 8.25807505845 0.0104418187725 0.008 0.001 0.00144181877252
8.27651687723 321 8.25984359261 0.016673284614 0.008 0.001 0.00767328461404
8.28451687723 322 8.26651664858 0.0180002286463 0.008 0.001 0.00900022864634
8.29251687723 323 8.27418257245 0.0183343047808 0.008 0.001 0.00933430478076
8.3120165209 324 8.3030165209 0.009 0.008 0.001 0.0
8.3200165209 325 8.30393929152 0.0160772293786 0.008 0.001 0.00707722937861
8.32990723415 326 8.32090723415 0.009 0.008 0.001 0.0
8.33790723415 327 8.3270608187 0.0108464154539 0.008 0.001 0.00184641545388
8.34643736707 328 8.33743736707 0.009 0.008 0.001 0.0
8.35443736707 329 8.33943040115 0.0150069659193 0.008 0.001 0.00600696591933
8.36858858673 330 8.35958858673 0.009 0.008 0.001 0.0
8.37658858673 331 8.36517838307 0.0114102036571 0.008 0.001 0.00241020365713
8.4405025493 332 8.4315025493 0.009 0.008 0.001 0.0
8.4485025493 333 8.43155993923 0.0169426100664 0.008 0.001 0.00794261006637
8.49068507221 334 8.48168507221 0.009 0.008 0.001 0.0
8.49868507221 335 8.48375758612 0.0149274860823 0.008 0.001 0.00592748608227
8.51509197915 336 8.50609197915 0.009 0.008 0.001 0.0
8.54774839087 337 8.53874839087 0.009 0.008 0.001 0.0
8.59285552288 338 8.58385552288 0.009 0.008 0.001 0.0
8.61530514206 339 8.60630514206 0.009 0.008 0.001 0.0
8.64648383964 340 8.63748383964 0.009 0.008 0.001 0.0
8.71635953974 341 8.70735953974 0.009 0.008 0.001 0.0
8.74147686637 342 8.73247686637 0.009 0.008 0.001 0.0
8.75258499357 343 8.74358499357 0.009 0.008 0.001 0.0
8.79544740641 344 8.78644740641 0.009 0.008 0.001 0.0
8.82843999879 345 8.81943999879 0.009 0.008 0.001 0.0
8.85008807875 346 8.84108807875 0.009 0.008 0.001 0.0
8.86462574349 347 8.85562574349 0.009 0.008 0.001 0.0
8.91405274222 348 8.90505274222 0.009 0.008 0.001 0.0
8.94959476919 349 8.94059476919 0.009 0.008 0.001 0.0
9.01907058011 350 9.01007058011 0.009 0.008 0.001 0.0
9.0393165209 351 9.0303165209 0.009 0.008 0.001 0.0
9.06152694725 352 9.05252694725 0.009 0.008 0.001 0.0
9.06952694725 353 9.05682819291 0.0126987543394 0.008 0.001 0.00369875433936
9.07752694725 354 9.06451382009 0.0130131271558 0.008 0.001 0.00401312715579
9.1071646812 355 9.0981646812 0.009 0.008 0.001 0.0
9.14055325013 356 9.13155325013 0.009 0.008 0.001 0.0
9.15674241192 357 9.14774241192 0.009 0.008 0.001 0.0
9.17323814264 358 9.16423814264 0.009 0.008 0.001 0.0
9.18907345068 359 9.18007345068 0.009 0.008 0.001 0.0
9.19707345068 360 9.18759669281 0.00947675786712 0.008 0.001 0.000476757867123
9.20507345068 361 9.1956728184 0.00940063228083 0.008 0.001 0.000400632280829
9.24219699855 362 9.23319699855 0.009 0.008 0.001 0.0
9.27063305667 363 9.26163305667 0.009 0.008 0.001 0.0
9.29117046708 364 9.28217046708 0.009 0.008 0.001 0.0
9.29920259211 365 9.29020259211 0.009 0.008 0.001 0.0
9.30910604161 366 9.30010604161 0.009 0.008 0.001 0.0
9.33425439945 367 9.32525439945 0.009 0.008 0.001 0.0
9.36156051412 368 9.35256051412 0.009 0.008 0.001 0.0
9.39376617033 369 9.38476617033 0.009 0.008 0.001 0.0
9.40817974234 370 9.39917974234 0.009 0.008 0.001 0.0
9.41617974234 371 9.40594203335 0.0102377089858 0.008 0.001 0.00123770898577
9.43997976711 372 9.43097976711 0.009 0.008 0.001 0.0
9.45409199324 373 9.44509199324 0.009 0.008 0.001 0.0
9.48652298167 374 9.47752298167 0.009 0.008 0.001 0.0
9.49452298167 375 9.48230844916 0.0122145325138 0.008 0.001 0.00321453251377
9.55279363441 376 9.54379363441 0.009 0.008 0.001 0.0
9.60314612653 377 9.59414612653 0.009 0.008 0.001 0.0
9.61114612653 378 9.59465316048 0.0164929660529 0.008 0.001 0.00749296605285
9.61914612653 379 9.6055180203 0.0136281062303 0.008 0.001 0.00462810623027
9.73309148743 380 9.72409148743 0.009 0.008 0.001 0.0
9.75957791257 381 9.75057791257 0.009 0.008 0.001 0.0
9.87822056886 382 9.86922056886 0.009 0.008 0.001 0.0
9.95500809046 383 9.94600809046 0.009 0.008 0.001 0.0
