0.009 2 0 0.009 0.008 0.001 0
0.017 3 0.000392535359699 0.0166074646403 0.008 0.001 0.0076074646403
0.025 4 0.0115065159583 0.0134934840417 0.008 0.001 0.00449348404165
0.033 5 0.0176204727812 0.0153795272188 0.008 0.001 0.00637952721882
0.041 6 0.0245413605646 0.0164586394354 0.008 0.001 0.00745863943541
0.049 7 0.0292439531104 0.0197560468896 0.008 0.001 0.0107560468896
0.057 8 0.0398826609294 0.0171173390706 0.008 0.001 0.00811733907061
0.065 9 0.0460107926167 0.0189892073833 0.008 0.001 0.00998920738333
0.073 10 0.0510737085527 0.0219262914473 0.008 0.001 0.0129262914473
0.081 11 0.0557664538283 0.0252335461717 0.008 0.001 0.0162335461717
0.089 12 0.0582791875342 0.0307208124658 0.008 0.001 0.0217208124658
0.097 13 0.07314383903 0.02385616097 0.008 0.001 0.01485616097
0.105 14 0.0895666044795 0.0154333955205 0.008 0.001 0.00643339552049
0.113 15 0.0978187013358 0.0151812986642 0.008 0.001 0.00618129866424
0.121 16 0.111463654618 0.00953634538151 0.008 0.001 0.000536345381509
0.132282467155 17 0.123282467155 0.009 0.008 0.001 0.0
0.140282467155 18 0.124389487341 0.0158929798145 0.008 0.001 0.00689297981453
0.148282467155 19 0.129183976111 0.0190984910439 0.008 0.001 0.0100984910439
0.156282467155 20 0.141644654579 0.0146378125759 0.008 0.001 0.00563781257589
0.164282467155 21 0.149205040954 0.0150774262019 0.008 0.001 0.00607742620186
0.172282467155 22 0.159325153173 0.0129573139822 0.008 0.001 0.00395731398217
0.186634130032 23 0.177634130032 0.009 0.008 0.001 0.0
0.194902690144 24 0.185902690144 0.009 0.008 0.001 0.0
0.204695148382 25 0.195695148382 0.009 0.008 0.001 0.0
0.225010668128 26 0.216010668128 0.009 0.008 0.001 0.0
0.233010668128 27 0.219403104613 0.0136075635149 0.008 0.001 0.00460756351494
0.241010668128 28 0.22649611692 0.0145145512077 0.008 0.001 0.00551455120772
0.249010668128 29 0.226569466628 0.0224412015001 0.008 0.001 0.0134412015001
0.271643102978 30 0.262643102978 0.009 0.008 0.001 0.0
0.279643102978 31 0.263671092314 0.0159720106641 0.008 0.001 0.00697201066414
0.287643102978 32 0.276770190834 0.0108729121442 0.008 0.001 0.00187291214422
0.295643102978 33 0.279510825556 0.016132277422 0.008 0.001 0.00713227742204
0.303643102978 34 0.287260130173 0.0163829728051 0.008 0.001 0.00738297280509
0.311643102978 35 0.302599014836 0.00904408814212 0.008 0.001 4.40881421157e-05
0.320938391207 36 0.311938391207 0.009 0.008 0.001 0.0
0.330099806209 37 0.321099806209 0.009 0.008 0.001 0.0
0.340415247653 38 0.331415247653 0.009 0.008 0.001 0.0
0.362132269047 39 0.353132269047 0.009 0.008 0.001 0.0
0.370132269047 40 0.358548205007 0.0115840640406 0.008 0.001 0.00258406404063
0.378132269047 41 0.360664280642 0.0174679884059 0.008 0.001 0.00846798840588
0.386132269047 42 0.364337909988 0.0217943590596 0.008 0.001 0.0127943590596
0.394132269047 43 0.371358337353 0.0227739316942 0.008 0.001 0.0137739316942
0.402132269047 44 0.37607527714 0.0260569919076 0.008 0.001 0.0170569919076
0.410132269047 45 0.377182802128 0.0329494669196 0.008 0.001 0.0239494669196
0.418132269047 46 0.386859988934 0.0312722801133 0.008 0.001 0.0222722801133
0.426132269047 47 0.394694998439 0.031437270608 0.008 0.001 0.022437270608
0.434132269047 48 0.397706012811 0.0364262562366 0.008 0.001 0.0274262562366
0.442132269047 49 0.407549118844 0.0345831502036 0.008 0.001 0.0255831502036
0.450132269047 50 0.424761386419 0.025370882628 0.008 0.001 0.016370882628
0.458132269047 51 0.431062210574 0.0270700584735 0.008 0.001 0.0180700584735
0.466132269047 52 0.446438816119 0.0196934529281 0.008 0.001 0.0106934529281
0.509458956751 53 0.500458956751 0.009 0.008 0.001 0.0
0.517458956751 54 0.508093803229 0.00936515352215 0.008 0.001 0.000365153522147
0.542294037614 55 0.533294037614 0.009 0.008 0.001 0.0
0.550294037614 56 0.533374944507 0.0169190931078 0.008 0.001 0.00791909310778
0.558294037614 57 0.542951524541 0.0153425130729 0.008 0.001 0.00634251307285
0.571675379579 58 0.562675379579 0.009 0.008 0.001 0.0
0.579675379579 59 0.565040843996 0.0146345355822 0.008 0.001 0.00563453558217
0.587675379579 60 0.572613197129 0.0150621824496 0.008 0.001 0.00606218244962
0.595675379579 61 0.584409117155 0.0112662624236 0.008 0.001 0.0022662624236
0.611328386185 62 0.602328386185 0.009 0.008 0.001 0.0
0.619328386185 63 0.608408155592 0.0109202305936 0.008 0.001 0.00192023059359
0.630494724536 64 0.621494724536 0.009 0.008 0.001 0.0
0.646068716064 65 0.637068716064 0.009 0.008 0.001 0.0
0.680031568691 66 0.671031568691 0.009 0.008 0.001 0.0
0.697884649645 67 0.688884649645 0.009 0.008 0.001 0.0
0.720103950378 68 0.711103950378 0.009 0.008 0.001 0.0
0.729759361478 69 0.720759361478 0.009 0.008 0.001 0.0
0.737759361478 70 0.721282445314 0.016476916164 0.008 0.001 0.00747691616397
0.745759361478 71 0.727077681983 0.0186816794945 0.008 0.001 0.00968167949449
0.757530279632 72 0.748530279632 0.009 0.008 0.001 0.0
0.765530279632 73 0.75504270383 0.0104875758018 0.008 0.001 0.00148757580175
0.786835241667 74 0.777835241667 0.009 0.008 0.001 0.0
0.794835241667 75 0.778540990922 0.0162942507445 0.008 0.001 0.00729425074447
0.802835241667 76 0.791798661283 0.011036580384 0.008 0.001 0.00203658038403
0.81312639166 77 0.80412639166 0.009 0.008 0.001 0.0
0.822651198925 78 0.813651198925 0.009 0.008 0.001 0.0
0.830651198925 79 0.816208095277 0.0144431036474 0.008 0.001 0.00544310364744
0.838651198925 80 0.819638573478 0.0190126254473 0.008 0.001 0.0100126254473
0.869007651418 81 0.860007651418 0.009 0.008 0.001 0.0
0.877184069949 82 0.868184069949 0.009 0.008 0.001 0.0
0.885184069949 83 0.869398259217 0.0157858107316 0.008 0.001 0.00678581073157
0.893184069949 84 0.877292456252 0.0158916136969 0.008 0.001 0.00689161369693
0.901184069949 85 0.886156766245 0.0150273037042 0.008 0.001 0.00602730370415
0.909184069949 86 0.888471103503 0.020712966446 0.008 0.001 0.011712966446
0.917184069949 87 0.902177663431 0.0150064065178 0.008 0.001 0.00600640651775
0.925184069949 88 0.911614633469 0.0135694364799 0.008 0.001 0.0045694364799
0.933184069949 89 0.919187231107 0.0139968388422 0.008 0.001 0.00499683884222
0.941184069949 90 0.930796489956 0.0103875799925 0.008 0.001 0.00138757999251
0.949184069949 91 0.933307170724 0.0158768992246 0.008 0.001 0.00687689922456
0.957184069949 92 0.943123185742 0.0140608842072 0.008 0.001 0.00506088420723
0.971692146275 93 0.962692146275 0.009 0.008 0.001 0.0
0.979692146275 94 0.968487841569 0.011204304706 0.008 0.001 0.00220430470601
0.987692146275 95 0.975643228655 0.0120489176205 0.008 0.001 0.00304891762049
0.995692146275 96 0.979260050889 0.0164320953862 0.008 0.001 0.00743209538621
1.00369214628 97 0.982766370916 0.0209257753596 0.008 0.001 0.0119257753596
1.01169214628 98 0.987471340223 0.024220806052 0.008 0.001 0.015220806052
1.01969214628 99 0.9978414745 0.0218506717755 0.008 0.001 0.0128506717755
1.02769214628 100 1.01060088005 0.017091266224 0.008 0.001 0.008091266224
1.03569214628 101 1.01484082047 0.0208513258007 0.008 0.001 0.0118513258007
1.04369214628 102 1.02074210195 0.0229500443213 0.008 0.001 0.0139500443213
1.05169214628 103 1.0285708941 0.023121252173 0.008 0.001 0.014121252173
1.05969214628 104 1.04002750443 0.0196646418474 0.008 0.001 0.0106646418474
1.06769214628 105 1.04291163317 0.0247805131096 0.008 0.001 0.0157805131096
1.07569214628 106 1.05253239228 0.023159753991 0.008 0.001 0.014159753991
1.08369214628 107 1.06215691205 0.0215352342232 0.008 0.001 0.0125352342232
1.09169214628 108 1.07339193791 0.018300208367 0.008 0.001 0.00930020836698
1.09969214628 109 1.07938664711 0.0203054991666 0.008 0.001 0.0113054991666
1.10769214628 110 1.09511190209 0.0125802441853 0.008 0.001 0.00358024418526
1.11569214628 111 1.10160487889 0.0140872673825 0.008 0.001 0.00508726738251
1.12369214628 112 1.10350232288 0.020189823392 0.008 0.001 0.011189823392
1.15485041298 113 1.14585041298 0.009 0.008 0.001 0.0
1.18113413009 114 1.17213413009 0.009 0.008 0.001 0.0
1.18913413009 115 1.17325827398 0.0158758561131 0.008 0.001 0.00687585611314
1.19713413009 116 1.1763365188 0.0207976112938 0.008 0.001 0.0117976112938
1.20513413009 117 1.17878749326 0.0263466368337 0.008 0.001 0.0173466368337
1.21313413009 118 1.18011374468 0.0330203854132 0.008 0.001 0.0240203854132
1.22113413009 119 1.18243003096 0.03870409913 0.008 0.001 0.02970409913
1.22913413009 120 1.18375564305 0.0453784870383 0.008 0.001 0.0363784870383
1.23713413009 121 1.20430818004 0.032825950054 0.008 0.001 0.023825950054
1.24513413009 122 1.21707791185 0.0280562182421 0.008 0.001 0.0190562182421
1.25313413009 123 1.22050496746 0.0326291626334 0.008 0.001 0.0236291626334
1.26113413009 124 1.22121990424 0.0399142258465 0.008 0.001 0.0309142258465
1.26913413009 125 1.2223393985 0.046794731592 0.008 0.001 0.037794731592
1.27713413009 126 1.23000708538 0.0471270447082 0.008 0.001 0.0381270447082
1.28513413009 127 1.23668061529 0.0484535148025 0.008 0.001 0.0394535148025
1.29313413009 128 1.23948359898 0.0536505311074 0.008 0.001 0.0446505311074
1.30113413009 129 1.2425679148 0.0585662152885 0.008 0.001 0.0495662152885
1.30913413009 130 1.2435072637 0.0656268663926 0.008 0.001 0.0566268663926
1.31713413009 131 1.25007459916 0.0670595309307 0.008 0.001 0.0580595309307
1.32513413009 132 1.26369145784 0.0614426722539 0.008 0.001 0.0524426722539
1.33313413009 133 1.27664203049 0.0564920996034 0.008 0.001 0.0474920996034
1.34113413009 134 1.28159168154 0.0595424485526 0.008 0.001 0.0505424485526
1.34913413009 135 1.28515989313 0.0639742369637 0.008 0.001 0.0549742369637
1.35713413009 136 1.28755244903 0.0695816810633 0.008 0.001 0.0605816810633
1.36513413009 137 1.29445890079 0.0706752293029 0.008 0.001 0.0616752293029
1.37313413009 138 1.29534513054 0.0777889995517 0.008 0.001 0.0687889995517
1.38113413009 139 1.296983386 0.0841507440875 0.008 0.001 0.0751507440875
1.38913413009 140 1.29972089159 0.0894132384963 0.008 0.001 0.0804132384963
1.39713413009 141 1.30062601417 0.0965081159169 0.008 0.001 0.0875081159169
1.40513413009 142 1.30668518654 0.0984489435501 0.008 0.001 0.0894489435501
1.41313413009 143 1.3165645231 0.0965696069888 0.008 0.001 0.0875696069888
1.42113413009 144 1.32311452463 0.0980196054621 0.008 0.001 0.0890196054621
1.42913413009 145 1.32569888774 0.10343524235 0.008 0.001 0.0944352423503
1.43713413009 146 1.32577540156 0.111358728533 0.008 0.001 0.102358728533
1.44513413009 147 1.33590718562 0.109226944474 0.008 0.001 0.100226944474
1.45313413009 148 1.33801752652 0.115116603575 0.008 0.001 0.106116603575
1.46113413009 149 1.34523055223 0.11590357786 0.008 0.001 0.10690357786
1.46913413009 150 1.35443759183 0.114696538257 0.008 0.001 0.105696538257
1.47713413009 151 1.35707242267 0.120061707422 0.008 0.001 0.111061707422
1.48513413009 152 1.37275597759 0.112378152503 0.008 0.001 0.103378152503
1.49313413009 153 1.37602105921 0.117113070878 0.008 0.001 0.108113070878
1.50113413009 154 1.38256688327 0.118567246819 0.008 0.001 0.109567246819
1.50913413009 155 1.38556036898 0.123573761107 0.008 0.001 0.114573761107
1.51713413009 156 1.38591808183 0.131216048262 0.008 0.001 0.122216048262
1.52513413009 157 1.3890167326 0.136117397491 0.008 0.001 0.127117397491
1.53313413009 158 1.3932217207 0.139912409393 0.008 0.001 0.130912409393
1.54113413009 159 1.40226749588 0.138866634214 0.008 0.001 0.129866634214
1.54913413009 160 1.40687772439 0.1422564057 0.008 0.001 0.1332564057
1.55713413009 161 1.42057517282 0.136558957266 0.008 0.001 0.127558957266
1.56513413009 162 1.4243229611 0.140811168993 0.008 0.001 0.131811168993
1.57313413009 163 1.4366690251 0.136465104988 0.008 0.001 0.127465104988
1.58113413009 164 1.44405634708 0.137077783012 0.008 0.001 0.128077783012
1.58913413009 165 1.4534999893 0.135634140794 0.008 0.001 0.126634140794
1.59713413009 166 1.4603557484 0.136778381687 0.008 0.001 0.127778381687
1.60513413009 167 1.46191063024 0.143223499853 0.008 0.001 0.134223499853
1.61313413009 168 1.47052446164 0.142609668449 0.008 0.001 0.133609668449
1.62113413009 169 1.4758630616 0.145271068494 0.008 0.001 0.136271068494
1.62913413009 170 1.48663653364 0.142497596447 0.008 0.001 0.133497596447
1.63713413009 171 1.53175351027 0.105380619816 0.008 0.001 0.096380619816
1.64513413009 172 1.53625665053 0.108877479556 0.008 0.001 0.0998774795562
1.65313413009 173 1.53683984762 0.116294282472 0.008 0.001 0.107294282472
1.66113413009 174 1.53918868711 0.121945442983 0.008 0.001 0.112945442983
1.66913413009 175 1.54934110924 0.119793020849 0.008 0.001 0.110793020849
1.67713413009 176 1.55139712956 0.125737000531 0.008 0.001 0.116737000531
1.68513413009 177 1.56408194764 0.121052182452 0.008 0.001 0.112052182452
1.69313413009 178 1.5761207119 0.117013418189 0.008 0.001 0.108013418189
1.70113413009 179 1.59865423039 0.102479899698 0.008 0.001 0.0934798996982
1.70913413009 180 1.61703320606 0.0921009240298 0.008 0.001 0.0831009240298
1.71713413009 181 1.64418397248 0.0729501576071 0.008 0.001 0.0639501576071
1.72513413009 182 1.65438626531 0.0707478647846 0.008 0.001 0.0617478647846
1.73313413009 183 1.68226003763 0.0508740924604 0.008 0.001 0.0418740924604
1.74113413009 184 1.68626355898 0.0548705711085 0.008 0.001 0.0458705711085
1.74913413009 185 1.68642581319 0.0627083168991 0.008 0.001 0.0537083168991
1.75713413009 186 1.69158993801 0.0655441920829 0.008 0.001 0.0565441920829
1.76513413009 187 1.7199156624 0.0452184676918 0.008 0.001 0.0362184676918
1.77313413009 188 1.72498524255 0.0481488875383 0.008 0.001 0.0391488875383
1.78113413009 189 1.72656125235 0.0545728777422 0.008 0.001 0.0455728777422
1.78913413009 190 1.73763611007 0.0514980200222 0.008 0.001 0.0424980200222
1.79713413009 191 1.74499902469 0.0521351053965 0.008 0.001 0.0431351053965
1.80513413009 192 1.77522631182 0.0299078182698 0.008 0.001 0.0209078182698
1.81313413009 193 1.78043451671 0.0326996133842 0.008 0.001 0.0236996133842
1.82113413009 194 1.78621821492 0.0349159151666 0.008 0.001 0.0259159151666
1.82913413009 195 1.79345208932 0.0356820407705 0.008 0.001 0.0266820407705
1.83713413009 196 1.80168356227 0.035450567821 0.008 0.001 0.026450567821
1.84513413009 197 1.80426614608 0.0408679840123 0.008 0.001 0.0318679840123
1.85313413009 198 1.81509068887 0.0380434412196 0.008 0.001 0.0290434412196
1.86113413009 199 1.82707103148 0.034063098606 0.008 0.001 0.025063098606
1.86913413009 200 1.83215360252 0.0369805275729 0.008 0.001 0.0279805275729
1.87713413009 201 1.83317755687 0.043956573222 0.008 0.001 0.034956573222
1.88513413009 202 1.84229037942 0.0428437506737 0.008 0.001 0.0338437506737
1.89313413009 203 1.84626982119 0.0468643088958 0.008 0.001 0.0378643088958
1.90113413009 204 1.85522352256 0.0459106075347 0.008 0.001 0.0369106075347
1.90913413009 205 1.8575324714 0.0516016586861 0.008 0.001 0.0426016586861
1.91713413009 206 1.87921861992 0.037915510173 0.008 0.001 0.028915510173
1.92513413009 207 1.88278987045 0.0423442596432 0.008 0.001 0.0333442596432
1.93313413009 208 1.88297624352 0.0501578865719 0.008 0.001 0.0411578865719
1.94113413009 209 1.89233462837 0.0487995017231 0.008 0.001 0.0397995017231
1.94913413009 210 1.89306791689 0.0560662132001 0.008 0.001 0.0470662132001
1.95713413009 211 1.90170592283 0.0554282072605 0.008 0.001 0.0464282072605
1.96513413009 212 1.91539796018 0.049736169908 0.008 0.001 0.040736169908
1.97313413009 213 1.92152154274 0.0516125873484 0.008 0.001 0.0426125873484
1.98113413009 214 1.92331760027 0.0578165298164 0.008 0.001 0.0488165298164
1.98913413009 215 1.93835785582 0.0507762742705 0.008 0.001 0.0417762742705
1.99713413009 216 1.94323962054 0.0538945095471 0.008 0.001 0.0448945095471
2.00513413009 217 1.94489201348 0.0602421166133 0.008 0.001 0.0512421166133
2.01313413009 218 1.94714273255 0.0659913975382 0.008 0.001 0.0569913975382
2.02113413009 219 1.94874527026 0.0723888598348 0.008 0.001 0.0633888598348
2.02913413009 220 1.95096658377 0.0781675463201 0.008 0.001 0.0691675463201
2.03713413009 221 1.95585972615 0.0812744039412 0.008 0.001 0.0722744039412
2.04513413009 222 1.97187187769 0.0732622524047 0.008 0.001 0.0642622524047
2.05313413009 223 1.98147619838 0.0716579317096 0.008 0.001 0.0626579317096
2.06113413009 224 1.99142053356 0.0697135965298 0.008 0.001 0.0607135965298
2.06913413009 225 1.99214175196 0.0769923781348 0.008 0.001 0.0679923781348
2.07713413009 226 1.99898328971 0.0781508403816 0.008 0.001 0.0691508403816
2.08513413009 227 2.04010490318 0.0450292269055 0.008 0.001 0.0360292269055
2.09313413009 228 2.05232825048 0.0408058796094 0.008 0.001 0.0318058796094
2.10113413009 229 2.05482119682 0.0463129332723 0.008 0.001 0.0373129332723
2.10913413009 230 2.06480485693 0.0443292731585 0.008 0.001 0.0353292731585
2.11713413009 231 2.06520994259 0.0519241875053 0.008 0.001 0.0429241875053
2.12513413009 232 2.07024133748 0.0548927926134 0.008 0.001 0.0458927926134
2.13313413009 233 2.07514662223 0.0579875078637 0.008 0.001 0.0489875078637
2.14113413009 234 2.09329492317 0.0478392069196 0.008 0.001 0.0388392069196
2.14913413009 235 2.09449479291 0.0546393371847 0.008 0.001 0.0456393371847
2.15713413009 236 2.09913914894 0.0579949811456 0.008 0.001 0.0489949811456
2.16513413009 237 2.09924736672 0.0658867633744 0.008 0.001 0.0568867633744
2.17313413009 238 2.10336270542 0.069771424666 0.008 0.001 0.060771424666
2.18113413009 239 2.11668138699 0.0644527430978 0.008 0.001 0.0554527430978
2.18913413009 240 2.11717959957 0.07195453052 0.008 0.001 0.06295453052
2.19713413009 241 2.14374666981 0.0533874602787 0.008 0.001 0.0443874602787
2.20513413009 242 2.14965890121 0.0554752288833 0.008 0.001 0.0464752288833
2.21313413009 243 2.18349799931 0.0296361307832 0.008 0.001 0.0206361307832
2.22113413009 244 2.20403107984 0.017103050249 0.008 0.001 0.00810305024897
2.22913413009 245 2.2150158327 0.014118297392 0.008 0.001 0.00511829739204
2.23713413009 246 2.21733462781 0.0197995022852 0.008 0.001 0.0107995022852
2.24513413009 247 2.22699061853 0.0181435115573 0.008 0.001 0.00914351155733
2.25313413009 248 2.22963068884 0.0235034412509 0.008 0.001 0.0145034412509
2.26113413009 249 2.24138685558 0.0197472745088 0.008 0.001 0.0107472745088
2.26913413009 250 2.24435039545 0.0247837346401 0.008 0.001 0.0157837346401
2.27713413009 251 2.2448129389 0.0323211911933 0.008 0.001 0.0233211911933
2.28513413009 252 2.25737160608 0.0277625240083 0.008 0.001 0.0187625240083
2.29313413009 253 2.26811548129 0.0250186487992 0.008 0.001 0.0160186487992
2.30113413009 254 2.27681048762 0.0243236424684 0.008 0.001 0.0153236424684
2.30913413009 255 2.28036597364 0.0287681564467 0.008 0.001 0.0197681564467
2.31713413009 256 2.28816047177 0.0289736583232 0.008 0.001 0.0199736583232
2.32513413009 257 2.30285801811 0.0222761119792 0.008 0.001 0.0132761119792
2.33313413009 258 2.30564413407 0.0274899960219 0.008 0.001 0.0184899960219
2.34113413009 259 2.30624271536 0.0348914147311 0.008 0.001 0.0258914147311
2.34913413009 260 2.30831365885 0.0408204712429 0.008 0.001 0.0318204712429
2.35713413009 261 2.32020451307 0.03692961702 0.008 0.001 0.02792961702
2.36513413009 262 2.32913765609 0.0359964740028 0.008 0.001 0.0269964740028
2.37313413009 263 2.34262395462 0.030510175471 0.008 0.001 0.021510175471
2.38113413009 264 2.36874381236 0.0123903177318 0.008 0.001 0.00339031773178
2.4118096642 265 2.4028096642 0.009 0.008 0.001 0.0
2.42963649525 266 2.42063649525 0.009 0.008 0.001 0.0
2.43811884737 267 2.42911884737 0.009 0.008 0.001 0.0
2.44611884737 268 2.42956354491 0.0165553024662 0.008 0.001 0.00755530246615
2.45411884737 269 2.44124743217 0.0128714152051 0.008 0.001 0.00387141520512
2.46211884737 270 2.45125416073 0.0108646866453 0.008 0.001 0.00186468664535
2.47011884737 271 2.45346546455 0.0166533828225 0.008 0.001 0.00765338282253
2.47811884737 272 2.45399566328 0.0241231840907 0.008 0.001 0.0151231840907
2.48611884737 273 2.45471504704 0.0314038003307 0.008 0.001 0.0224038003307
2.49411884737 274 2.45649913486 0.0376197125117 0.008 0.001 0.0286197125117
2.50211884737 275 2.46345635438 0.0386624929871 0.008 0.001 0.0296624929871
2.51011884737 276 2.46986653489 0.0402523124802 0.008 0.001 0.0312523124802
2.51811884737 277 2.473166696 0.044952151368 0.008 0.001 0.035952151368
2.52611884737 278 2.49344843638 0.0326704109873 0.008 0.001 0.0236704109873
2.53411884737 279 2.49472829543 0.039390551944 0.008 0.001 0.030390551944
2.54211884737 280 2.508069128 0.0340497193692 0.008 0.001 0.0250497193692
2.55011884737 281 2.52239336651 0.0277254808594 0.008 0.001 0.0187254808594
2.55811884737 282 2.53065804156 0.0274608058082 0.008 0.001 0.0184608058082
2.56611884737 283 2.53585833958 0.0302605077921 0.008 0.001 0.0212605077921
2.57411884737 284 2.54270024116 0.0314186062112 0.008 0.001 0.0224186062112
2.58211884737 285 2.56060725863 0.0215115887457 0.008 0.001 0.0125115887457
2.59011884737 286 2.565589429 0.024529418371 0.008 0.001 0.015529418371
2.59811884737 287 2.58065879206 0.017460055309 0.008 0.001 0.00846005530903
2.60611884737 288 2.58259849499 0.0235203523834 0.008 0.001 0.0145203523834
2.61411884737 289 2.58416894329 0.0299499040854 0.008 0.001 0.0209499040854
2.62211884737 290 2.59706320626 0.025055641111 0.008 0.001 0.016055641111
2.63011884737 291 2.59811626831 0.0320025790604 0.008 0.001 0.0230025790604
2.63811884737 292 2.60032226373 0.0377965836371 0.008 0.001 0.0287965836371
2.64611884737 293 2.60066470693 0.0454541404409 0.008 0.001 0.0364541404409
2.65411884737 294 2.61002245218 0.0440963951918 0.008 0.001 0.0350963951918
2.66211884737 295 2.61589260792 0.0462262394517 0.008 0.001 0.0372262394517
2.67011884737 296 2.62332625039 0.0467925969773 0.008 0.001 0.0377925969773
2.67811884737 297 2.6372653488 0.0408534985668 0.008 0.001 0.0318534985668
2.68611884737 298 2.65222952777 0.0338893195996 0.008 0.001 0.0248893195996
2.69411884737 299 2.65808059654 0.0360382508356 0.008 0.001 0.0270382508356
2.70211884737 300 2.66585878105 0.0362600663207 0.008 0.001 0.0272600663207
2.71011884737 301 2.66603036675 0.0440884806238 0.008 0.001 0.0350884806238
2.71811884737 302 2.67054424733 0.0475746000421 0.008 0.001 0.0385746000421
2.72611884737 303 2.67948360946 0.0466352379129 0.008 0.001 0.0376352379129
2.73411884737 304 2.67982261163 0.0542962357406 0.008 0.001 0.0452962357406
2.74211884737 305 2.68406908427 0.0580497630992 0.008 0.001 0.0490497630992
2.75011884737 306 2.69302396628 0.0570948810884 0.008 0.001 0.0480948810884
2.75811884737 307 2.70191098398 0.0562078633905 0.008 0.001 0.0472078633905
2.76611884737 308 2.7082863231 0.0578325242732 0.008 0.001 0.0488325242732
2.77411884737 309 2.74545616964 0.028662677732 0.008 0.001 0.019662677732
2.78211884737 310 2.7467104353 0.0354084120692 0.008 0.001 0.0264084120692
2.79011884737 311 2.75521161674 0.0349072306269 0.008 0.001 0.0259072306269
2.79811884737 312 2.75660947106 0.0415093763103 0.008 0.001 0.0325093763103
2.80611884737 313 2.75767785488 0.0484409924881 0.008 0.001 0.0394409924881
2.81411884737 314 2.77708288753 0.0370359598417 0.008 0.001 0.0280359598417
2.82211884737 315 2.79189775035 0.0302210970207 0.008 0.001 0.0212210970207
2.83011884737 316 2.79191215612 0.0382066912545 0.008 0.001 0.0292066912545
2.83811884737 317 2.803826154 0.034292693372 0.008 0.001 0.025292693372
2.84611884737 318 2.81152635622 0.0345924911551 0.008 0.001 0.0255924911551
2.85411884737 319 2.82117645729 0.0329423900779 0.008 0.001 0.0239423900779
2.86211884737 320 2.8281511865 0.0339676608693 0.008 0.001 0.0249676608693
2.87011884737 321 2.84078042251 0.0293384248661 0.008 0.001 0.0203384248661
2.87811884737 322 2.85001126917 0.0281075782032 0.008 0.001 0.0191075782032
2.88611884737 323 2.85127158238 0.0348472649924 0.008 0.001 0.0258472649924
2.89411884737 324 2.85547590848 0.0386429388909 0.008 0.001 0.0296429388909
2.90211884737 325 2.86050796134 0.0416108860298 0.008 0.001 0.0326108860298
2.91011884737 326 2.8655727131 0.044546134273 0.008 0.001 0.035546134273
2.91811884737 327 2.86609547711 0.0520233702579 0.008 0.001 0.0430233702579
2.92611884737 328 2.86628482881 0.0598340185643 0.008 0.001 0.0508340185643
2.93411884737 329 2.86896383151 0.0651550158631 0.008 0.001 0.0561550158631
2.94211884737 330 2.8951666866 0.0469521607667 0.008 0.001 0.0379521607667
2.95011884737 331 2.89604512271 0.054073724663 0.008 0.001 0.045073724663
2.95811884737 332 2.89976870773 0.0583501396397 0.008 0.001 0.0493501396397
2.96611884737 333 2.90633074264 0.0597881047284 0.008 0.001 0.0507881047284
2.97411884737 334 2.90865347866 0.0654653687103 0.008 0.001 0.0564653687103
2.98211884737 335 2.91662281976 0.0654960276075 0.008 0.001 0.0564960276075
2.99011884737 336 2.91719833904 0.0729205083366 0.008 0.001 0.0639205083366
2.99811884737 337 2.9199456818 0.0781731655673 0.008 0.001 0.0691731655673
3.00611884737 338 2.93096360186 0.0751552455086 0.008 0.001 0.0661552455086
3.01411884737 339 2.93993282474 0.0741860226332 0.008 0.001 0.0651860226332
3.02211884737 340 2.95819294715 0.0639259002251 0.008 0.001 0.0549259002251
3.03011884737 341 2.9610653292 0.0690535181675 0.008 0.001 0.0600535181675
3.03811884737 342 2.97293636261 0.0651824847604 0.008 0.001 0.0561824847604
3.04611884737 343 2.98536333686 0.0607555105128 0.008 0.001 0.0517555105128
3.05411884737 344 2.99291261182 0.061206235548 0.008 0.001 0.052206235548
3.06211884737 345 2.99600610611 0.0661127412596 0.008 0.001 0.0571127412596
3.07011884737 346 2.99665309943 0.0734657479413 0.008 0.001 0.0644657479413
3.07811884737 347 3.00044869222 0.0776701551522 0.008 0.001 0.0686701551522
3.08611884737 348 3.00181552335 0.0843033240207 0.008 0.001 0.0753033240207
3.09411884737 349 3.03481596075 0.0593028866245 0.008 0.001 0.0503028866245
3.10211884737 350 3.03667802833 0.0654408190373 0.008 0.001 0.0564408190373
3.11011884737 351 3.0393082432 0.0708106041719 0.008 0.001 0.0618106041719
3.11811884737 352 3.05831512685 0.0598037205188 0.008 0.001 0.0508037205188
3.12611884737 353 3.05895817019 0.0671606771862 0.008 0.001 0.0581606771862
3.13411884737 354 3.0599651266 0.0741537207711 0.008 0.001 0.0651537207711
3.14211884737 355 3.06487919991 0.0772396474601 0.008 0.001 0.0682396474601
3.15011884737 356 3.08855851137 0.0615603360033 0.008 0.001 0.0525603360033
3.15811884737 357 3.09279421553 0.065324631838 0.008 0.001 0.056324631838
3.16611884737 358 3.11803125986 0.0480875875115 0.008 0.001 0.0390875875115
3.17411884737 359 3.12171185709 0.0524069902769 0.008 0.001 0.0434069902769
3.18211884737 360 3.13413539781 0.0479834495582 0.008 0.001 0.0389834495582
3.19011884737 361 3.1362290982 0.0538897491739 0.008 0.001 0.0448897491739
3.19811884737 362 3.14653484505 0.0515840023252 0.008 0.001 0.0425840023252
3.20611884737 363 3.15259513574 0.0535237116352 0.008 0.001 0.0445237116352
3.21411884737 364 3.15284024278 0.0612786045887 0.008 0.001 0.0522786045887
3.22211884737 365 3.18935270096 0.0327661464144 0.008 0.001 0.0237661464144
3.23011884737 366 3.19801734216 0.0321015052126 0.008 0.001 0.0231015052126
3.23811884737 367 3.1982748672 0.0398439801694 0.008 0.001 0.0308439801694
3.24611884737 368 3.2159288796 0.0301899677752 0.008 0.001 0.0211899677752
3.25411884737 369 3.21678747062 0.0373313767549 0.008 0.001 0.0283313767549
3.26211884737 370 3.22359742219 0.0385214251858 0.008 0.001 0.0295214251858
3.27011884737 371 3.23203086082 0.0380879865471 0.008 0.001 0.0290879865471
3.27811884737 372 3.24301076773 0.0351080796424 0.008 0.001 0.0261080796424
3.28611884737 373 3.24572700642 0.0403918409476 0.008 0.001 0.0313918409476
3.29411884737 374 3.24753677287 0.0465820744967 0.008 0.001 0.0375820744967
3.30211884737 375 3.24868045699 0.0534383903797 0.008 0.001 0.0444383903797
3.31011884737 376 3.25656856811 0.0535502792645 0.008 0.001 0.0445502792645
3.31811884737 377 3.25781391479 0.0603049325814 0.008 0.001 0.0513049325814
3.32611884737 378 3.25954813659 0.0665707107815 0.008 0.001 0.0575707107815
3.33411884737 379 3.29235255875 0.0417662886231 0.008 0.001 0.0327662886231
3.34211884737 380 3.29277375914 0.0493450882349 0.008 0.001 0.0403450882349
3.35011884737 381 3.30057473182 0.0495441155484 0.008 0.001 0.0405441155484
3.35811884737 382 3.30777767918 0.0503411681881 0.008 0.001 0.0413411681881
3.36611884737 383 3.3222882108 0.0438306365763 0.008 0.001 0.0348306365763
3.37411884737 384 3.3253067335 0.0488121138709 0.008 0.001 0.0398121138709
3.39405249071 385 3.38505249071 0.009 0.008 0.001 0.0
3.40205249071 386 3.38896460493 0.0130878857827 0.008 0.001 0.0040878857827
3.41005249071 387 3.38957661303 0.0204758776784 0.008 0.001 0.0114758776784
3.41805249071 388 3.40299845648 0.0150540342252 0.008 0.001 0.00605403422522
3.42605249071 389 3.40436161997 0.0216908707359 0.008 0.001 0.0126908707359
3.44350499862 390 3.43450499862 0.009 0.008 0.001 0.0
3.46548225339 391 3.45648225339 0.009 0.008 0.001 0.0
3.48535287593 392 3.47635287593 0.009 0.008 0.001 0.0
3.49335287593 393 3.48221166079 0.0111412151357 0.008 0.001 0.00214121513571
3.50135287593 394 3.4829805303 0.0183723456278 0.008 0.001 0.00937234562784
3.52151221871 395 3.51251221871 0.009 0.008 0.001 0.0
3.52951221871 396 3.51550079433 0.0140114243796 0.008 0.001 0.00501142437962
3.53751221871 397 3.51751250238 0.0199997163237 0.008 0.001 0.0109997163237
3.54551221871 398 3.51834707641 0.0271651422959 0.008 0.001 0.0181651422959
3.55351221871 399 3.52406049486 0.0294517238435 0.008 0.001 0.0204517238435
3.56151221871 400 3.52572589113 0.0357863275786 0.008 0.001 0.0267863275786
3.56951221871 401 3.53657002989 0.0329421888123 0.008 0.001 0.0239421888123
3.57751221871 402 3.53863729424 0.03887492447 0.008 0.001 0.02987492447
3.58551221871 403 3.54092425425 0.0445879644592 0.008 0.001 0.0355879644592
3.59351221871 404 3.54223695431 0.0512752643972 0.008 0.001 0.0422752643972
3.60151221871 405 3.55094898648 0.0505632322234 0.008 0.001 0.0415632322234
3.60951221871 406 3.55455859939 0.0549536193172 0.008 0.001 0.0459536193172
3.61751221871 407 3.56968300853 0.0478292101747 0.008 0.001 0.0388292101747
3.62551221871 408 3.57676420729 0.0487480114182 0.008 0.001 0.0397480114182
3.63351221871 409 3.58006256338 0.0534496553283 0.008 0.001 0.0444496553283
3.64151221871 410 3.58767796316 0.0538342555442 0.008 0.001 0.0448342555442
3.64951221871 411 3.60335686138 0.0461553573256 0.008 0.001 0.0371553573256
3.65751221871 412 3.60977547318 0.0477367455252 0.008 0.001 0.0387367455252
3.66551221871 413 3.61193708385 0.0535751348545 0.008 0.001 0.0445751348545
3.67351221871 414 3.61851305821 0.0549991604948 0.008 0.001 0.0459991604948
3.68151221871 415 3.62034087254 0.0611713461678 0.008 0.001 0.0521713461678
3.68951221871 416 3.66792377739 0.021588441312 0.008 0.001 0.012588441312
3.69751221871 417 3.67537248721 0.0221397314961 0.008 0.001 0.0131397314961
3.70551221871 418 3.68786129433 0.017650924371 0.008 0.001 0.00865092437096
3.71924216695 419 3.71024216695 0.009 0.008 0.001 0.0
3.72724216695 420 3.71407360924 0.0131685577059 0.008 0.001 0.00416855770587
3.73524216695 421 3.71494298684 0.020299180113 0.008 0.001 0.011299180113
3.74324216695 422 3.71575974715 0.0274824198052 0.008 0.001 0.0184824198052
3.75124216695 423 3.72714485571 0.0240973112358 0.008 0.001 0.0150973112358
3.76392240796 424 3.75492240796 0.009 0.008 0.001 0.0
3.78508278991 425 3.77608278991 0.009 0.008 0.001 0.0
3.79308278991 426 3.77849183015 0.0145909597622 0.008 0.001 0.00559095976221
3.80108278991 427 3.78777160367 0.0133111862395 0.008 0.001 0.00431118623952
3.80908278991 428 3.78862125947 0.0204615304392 0.008 0.001 0.0114615304392
3.81708278991 429 3.79154880945 0.025533980458 0.008 0.001 0.016533980458
3.82508278991 430 3.81481871017 0.0102640797406 0.008 0.001 0.0012640797406
3.83308278991 431 3.81881465556 0.0142681343536 0.008 0.001 0.00526813435355
3.84108278991 432 3.82160589513 0.0194768947826 0.008 0.001 0.0104768947826
3.84908278991 433 3.82656661578 0.0225161741318 0.008 0.001 0.0135161741318
3.85708278991 434 3.83090831853 0.0261744713799 0.008 0.001 0.0171744713799
3.86508278991 435 3.83137460092 0.0337081889899 0.008 0.001 0.0247081889899
3.87308278991 436 3.83721590281 0.0358668871041 0.008 0.001 0.0268668871041
3.88108278991 437 3.85934539816 0.0217373917476 0.008 0.001 0.0127373917476
3.88908278991 438 3.86239566143 0.0266871284819 0.008 0.001 0.0176871284819
3.89708278991 439 3.88172342278 0.015359367128 0.008 0.001 0.00635936712805
3.90743121143 440 3.89843121143 0.009 0.008 0.001 0.0
3.91781156488 441 3.90881156488 0.009 0.008 0.001 0.0
3.92581156488 442 3.91021684148 0.0155947234026 0.008 0.001 0.00659472340261
3.93381156488 443 3.9175880114 0.0162235534834 0.008 0.001 0.00722355348343
3.94181156488 444 3.92495652818 0.0168550367034 0.008 0.001 0.00785503670338
3.94981156488 445 3.93187215186 0.0179394130162 0.008 0.001 0.00893941301618
3.95781156488 446 3.93452898969 0.0232825751931 0.008 0.001 0.0142825751931
3.96581156488 447 3.93821934319 0.0275922216874 0.008 0.001 0.0185922216874
3.97381156488 448 3.94383146605 0.0299800988272 0.008 0.001 0.0209800988272
3.98181156488 449 3.95105673875 0.0307548261328 0.008 0.001 0.0217548261328
3.98981156488 450 3.9515456053 0.0382659595789 0.008 0.001 0.0292659595789
3.99781156488 451 3.95461629678 0.0431952680949 0.008 0.001 0.0341952680949
4.00581156488 452 3.96201563945 0.0437959254257 0.008 0.001 0.0347959254257
4.01381156488 453 3.9664343953 0.0473771695773 0.008 0.001 0.0383771695773
4.02181156488 454 3.97109280102 0.0507187638626 0.008 0.001 0.0417187638626
4.02981156488 455 3.98282660681 0.0469849580674 0.008 0.001 0.0379849580674
4.03781156488 456 3.99946481397 0.0383467509106 0.008 0.001 0.0293467509106
4.04581156488 457 4.00513681405 0.0406747508266 0.008 0.001 0.0316747508266
4.05381156488 458 4.01146589763 0.0423456672479 0.008 0.001 0.0333456672479
4.06181156488 459 4.01168724216 0.0501243227199 0.008 0.001 0.0411243227199
4.06981156488 460 4.01240828298 0.0574032818988 0.008 0.001 0.0484032818988
4.07781156488 461 4.01358404788 0.064227516999 0.008 0.001 0.055227516999
4.08581156488 462 4.01997716836 0.0658343965199 0.008 0.001 0.0568343965199
4.09381156488 463 4.02163820025 0.0721733646259 0.008 0.001 0.0631733646259
4.10181156488 464 4.02169055683 0.080121008047 0.008 0.001 0.071121008047
4.10981156488 465 4.04008134944 0.0697302154413 0.008 0.001 0.0607302154413
4.11781156488 466 4.04033157787 0.0774799870127 0.008 0.001 0.0684799870127
4.12581156488 467 4.05378161906 0.0720299458164 0.008 0.001 0.0630299458164
4.13381156488 468 4.05464100622 0.0791705586568 0.008 0.001 0.0701705586568
4.14181156488 469 4.05673142483 0.0850801400507 0.008 0.001 0.0760801400507
4.14981156488 470 4.09589970808 0.0539118567968 0.008 0.001 0.0449118567968
4.15781156488 471 4.10456387896 0.0532476859171 0.008 0.001 0.0442476859171
4.16581156488 472 4.12244052976 0.0433710351209 0.008 0.001 0.0343710351209
4.17381156488 473 4.12351062488 0.050300940002 0.008 0.001 0.041300940002
4.18181156488 474 4.1271939612 0.0546176036793 0.008 0.001 0.0456176036793
4.18981156488 475 4.13133464944 0.0584769154389 0.008 0.001 0.0494769154389
4.19781156488 476 4.13480160897 0.0630099559067 0.008 0.001 0.0540099559067
4.20581156488 477 4.13702840999 0.068783154886 0.008 0.001 0.059783154886
4.21381156488 478 4.13725156267 0.0765600022116 0.008 0.001 0.0675600022116
4.22181156488 479 4.14034784334 0.0814637215341 0.008 0.001 0.0724637215341
4.22981156488 480 4.14431884767 0.0854927172116 0.008 0.001 0.0764927172115
4.23781156488 481 4.15204998738 0.0857615774944 0.008 0.001 0.0767615774944
4.24581156488 482 4.17325722332 0.0725543415595 0.008 0.001 0.0635543415595
4.25381156488 483 4.1734497755 0.0803617893743 0.008 0.001 0.0713617893743
4.26181156488 484 4.17989818231 0.0819133825654 0.008 0.001 0.0729133825654
4.26981156488 485 4.18018879259 0.0896227722902 0.008 0.001 0.0806227722902
4.27781156488 486 4.20155576952 0.0762557953602 0.008 0.001 0.0672557953602
4.28581156488 487 4.20385081239 0.0819607524866 0.008 0.001 0.0729607524866
4.29381156488 488 4.21009745087 0.0837141140074 0.008 0.001 0.0747141140074
4.30181156488 489 4.2118789387 0.0899326261745 0.008 0.001 0.0809326261745
4.30981156488 490 4.21316459162 0.0966469732543 0.008 0.001 0.0876469732543
4.31781156488 491 4.21919579264 0.098615772238 0.008 0.001 0.089615772238
4.32581156488 492 4.22466081908 0.101150745801 0.008 0.001 0.092150745801
4.33381156488 493 4.24327185883 0.0905397060524 0.008 0.001 0.0815397060524
4.34181156488 494 4.24959632844 0.0922152364381 0.008 0.001 0.0832152364381
4.34981156488 495 4.25891580457 0.0908957603062 0.008 0.001 0.0818957603062
4.35781156488 496 4.26393808885 0.0938734760272 0.008 0.001 0.0848734760272
4.36581156488 497 4.295784844 0.0700267208764 0.008 0.001 0.0610267208764
4.37381156488 498 4.30599273907 0.0678188258045 0.008 0.001 0.0588188258045
4.38181156488 499 4.32103704709 0.0607745177912 0.008 0.001 0.0517745177912
4.38981156488 500 4.3244619045 0.0653496603749 0.008 0.001 0.0563496603749
4.39781156488 501 4.34354398742 0.0542675774544 0.008 0.001 0.0452675774544
4.40581156488 502 4.34910804021 0.0567035246727 0.008 0.001 0.0477035246727
4.41381156488 503 4.35975303374 0.0540585311368 0.008 0.001 0.0450585311368
4.42181156488 504 4.35993331412 0.0618782507602 0.008 0.001 0.0528782507602
4.42981156488 505 4.36841573852 0.0613958263585 0.008 0.001 0.0523958263585
4.43781156488 506 4.37441977331 0.0633917915639 0.008 0.001 0.0543917915639
4.44581156488 507 4.37752483336 0.0682867315235 0.008 0.001 0.0592867315235
4.45381156488 508 4.381636568 0.0721749968787 0.008 0.001 0.0631749968787
4.46181156488 509 4.3872260045 0.0745855603825 0.008 0.001 0.0655855603825
4.46981156488 510 4.40884715635 0.0609644085335 0.008 0.001 0.0519644085335
4.47781156488 511 4.41300380946 0.0648077554139 0.008 0.001 0.0558077554139
4.48581156488 512 4.41416960828 0.0716419565967 0.008 0.001 0.0626419565967
4.49381156488 513 4.43424359787 0.059567967008 0.008 0.001 0.050567967008
4.50181156488 514 4.4386951854 0.0631163794738 0.008 0.001 0.0541163794738
4.50981156488 515 4.4422991917 0.067512373178 0.008 0.001 0.058512373178
4.51781156488 516 4.4458271767 0.0719843881799 0.008 0.001 0.0629843881799
4.52581156488 517 4.46232440364 0.0634871612361 0.008 0.001 0.0544871612361
4.53381156488 518 4.46584918218 0.0679623826954 0.008 0.001 0.0589623826954
4.54181156488 519 4.4700147666 0.0717967982803 0.008 0.001 0.0627967982803
4.54981156488 520 4.47078554016 0.0790260247207 0.008 0.001 0.0700260247207
4.55781156488 521 4.48942643904 0.0683851258372 0.008 0.001 0.0593851258372
4.56581156488 522 4.52536117165 0.0404503932278 0.008 0.001 0.0314503932278
4.57381156488 523 4.54009662922 0.0337149356599 0.008 0.001 0.0247149356599
4.58181156488 524 4.54024393356 0.0415676313229 0.008 0.001 0.0325676313229
4.58981156488 525 4.5408179976 0.0489935672797 0.008 0.001 0.0399935672797
4.59781156488 526 4.54255949684 0.0552520680434 0.008 0.001 0.0462520680434
4.60581156488 527 4.55593228446 0.0498792804219 0.008 0.001 0.0408792804219
4.61381156488 528 4.56798336876 0.0458281961157 0.008 0.001 0.0368281961157
4.62181156488 529 4.57338131799 0.0484302468862 0.008 0.001 0.0394302468862
4.62981156488 530 4.58071125261 0.0491003122727 0.008 0.001 0.0401003122727
4.63781156488 531 4.58210881392 0.0557027509606 0.008 0.001 0.0467027509606
4.64581156488 532 4.60320295351 0.0426086113699 0.008 0.001 0.0336086113699
4.65381156488 533 4.60394104425 0.0498705206289 0.008 0.001 0.0408705206289
4.66181156488 534 4.61733712746 0.044474437414 0.008 0.001 0.035474437414
4.66981156488 535 4.63861304666 0.0311985182186 0.008 0.001 0.0221985182186
4.67781156488 536 4.64724232396 0.030569240923 0.008 0.001 0.021569240923
4.68581156488 537 4.67474528896 0.0110662759155 0.008 0.001 0.00206627591553
4.69381156488 538 4.68108192955 0.0127296353249 0.008 0.001 0.00372963532485
4.70181156488 539 4.69155296828 0.0102585965967 0.008 0.001 0.00125859659675
4.70981156488 540 4.69332014277 0.016491422104 0.008 0.001 0.00749142210398
4.71781156488 541 4.6980756346 0.0197359302752 0.008 0.001 0.0107359302752
4.72581156488 542 4.69947459033 0.0263369745459 0.008 0.001 0.0173369745459
4.73381156488 543 4.70983665598 0.0239749088973 0.008 0.001 0.0149749088973
4.74181156488 544 4.71548144491 0.0263301199671 0.008 0.001 0.0173301199671
4.74981156488 545 4.72363878993 0.0261727749521 0.008 0.001 0.0171727749521
4.75781156488 546 4.72801840485 0.0297931600243 0.008 0.001 0.0207931600243
4.76581156488 547 4.73772573229 0.0280858325901 0.008 0.001 0.0190858325901
4.77381156488 548 4.74204451117 0.0317670537119 0.008 0.001 0.0227670537119
4.78181156488 549 4.75183911384 0.0299724510356 0.008 0.001 0.0209724510356
4.78981156488 550 4.76071617363 0.0290953912492 0.008 0.001 0.0200953912492
4.79781156488 551 4.76111811193 0.0366934529453 0.008 0.001 0.0276934529453
4.80581156488 552 4.76752950961 0.0382820552673 0.008 0.001 0.0292820552673
4.81381156488 553 4.77267398605 0.0411375788282 0.008 0.001 0.0321375788282
4.82181156488 554 4.777399019 0.0444125458742 0.008 0.001 0.0354125458742
4.82981156488 555 4.7812551043 0.0485564605763 0.008 0.001 0.0395564605763
4.83781156488 556 4.7881917588 0.0496198060796 0.008 0.001 0.0406198060796
4.84581156488 557 4.79456868742 0.0512428774616 0.008 0.001 0.0422428774616
4.85381156488 558 4.80103982391 0.0527717409705 0.008 0.001 0.0437717409705
4.86181156488 559 4.80176341339 0.0600481514848 0.008 0.001 0.0510481514848
4.86981156488 560 4.81278414479 0.0570274200918 0.008 0.001 0.0480274200918
4.87781156488 561 4.81568954602 0.0621220188613 0.008 0.001 0.0531220188613
4.88581156488 562 4.81786180161 0.0679497632692 0.008 0.001 0.0589497632692
4.89381156488 563 4.8215562112 0.0722553536784 0.008 0.001 0.0632553536784
4.90181156488 564 4.82193442008 0.0798771447953 0.008 0.001 0.0708771447953
4.90981156488 565 4.83282139361 0.0769901712719 0.008 0.001 0.0679901712719
4.91781156488 566 4.84580619158 0.0720053732945 0.008 0.001 0.0630053732945
4.92581156488 567 4.84787130409 0.0779402607899 0.008 0.001 0.0689402607899
4.93381156488 568 4.85305497665 0.0807565882277 0.008 0.001 0.0717565882277
4.94181156488 569 4.85419525878 0.0876163060957 0.008 0.001 0.0786163060957
4.94981156488 570 4.87501399298 0.0747975719023 0.008 0.001 0.0657975719023
4.95781156488 571 4.8762842478 0.0815273170769 0.008 0.001 0.0725273170769
4.96581156488 572 4.88199518122 0.0838163836537 0.008 0.001 0.0748163836537
4.97381156488 573 4.90081454132 0.0729970235574 0.008 0.001 0.0639970235574
4.98181156488 574 4.9068910265 0.074920538383 0.008 0.001 0.0659205383829
4.98981156488 575 4.90792197053 0.0818895943515 0.008 0.001 0.0728895943515
4.99781156488 576 4.91410080311 0.0837107617657 0.008 0.001 0.0747107617657
5.00581156488 577 4.91474640686 0.0910651580214 0.008 0.001 0.0820651580214
5.01381156488 578 4.91977686157 0.0940347033121 0.008 0.001 0.0850347033121
5.02181156488 579 4.92070027895 0.101111285928 0.008 0.001 0.0921112859284
5.02981156488 580 4.92319883396 0.106612730917 0.008 0.001 0.0976127309166
5.03781156488 581 4.93201919216 0.105792372719 0.008 0.001 0.0967923727191
5.04581156488 582 4.93553433045 0.11027723443 0.008 0.001 0.10127723443
5.05381156488 583 4.94264895135 0.111162613524 0.008 0.001 0.102162613524
5.06181156488 584 4.94773871135 0.114072853528 0.008 0.001 0.105072853528
5.06981156488 585 4.95134105036 0.118470514518 0.008 0.001 0.109470514518
5.07781156488 586 4.95705030826 0.12076125662 0.008 0.001 0.11176125662
5.08581156488 587 4.98273123266 0.103080332217 0.008 0.001 0.0940803322168
5.09381156488 588 4.98639335168 0.107418213197 0.008 0.001 0.0984182131965
5.10181156488 589 5.00513232319 0.0966792416899 0.008 0.001 0.0876792416899
5.10981156488 590 5.00977797524 0.100033589636 0.008 0.001 0.091033589636
5.11781156488 591 5.01008122769 0.107730337192 0.008 0.001 0.0987303371925
5.12581156488 592 5.01317120775 0.112640357133 0.008 0.001 0.103640357133
5.13381156488 593 5.02508569917 0.108725865714 0.008 0.001 0.0997258657135
5.14181156488 594 5.02747915559 0.114332409285 0.008 0.001 0.105332409285
5.14981156488 595 5.03848041488 0.111331149995 0.008 0.001 0.102331149995
5.15781156488 596 5.04639647669 0.111415088185 0.008 0.001 0.102415088185
5.16581156488 597 5.05264057789 0.113170986989 0.008 0.001 0.104170986989
5.17381156488 598 5.07445716209 0.0993544027892 0.008 0.001 0.0903544027892
5.18181156488 599 5.07476058438 0.107050980496 0.008 0.001 0.0980509804964
5.18981156488 600 5.07717797229 0.112633592592 0.008 0.001 0.103633592592
5.19781156488 601 5.09233101775 0.105480547124 0.008 0.001 0.0964805471243
5.20581156488 602 5.10788620703 0.0979253578484 0.008 0.001 0.0889253578484
5.21381156488 603 5.11879502081 0.0950165440706 0.008 0.001 0.0860165440706
5.22181156488 604 5.12189081961 0.0999207452673 0.008 0.001 0.0909207452673
5.22981156488 605 5.13469313467 0.095118430205 0.008 0.001 0.086118430205
5.23781156488 606 5.14942584389 0.0883857209933 0.008 0.001 0.0793857209933
5.24581156488 607 5.15913940808 0.0866721567942 0.008 0.001 0.0776721567942
5.25381156488 608 5.18495262528 0.0688589395959 0.008 0.001 0.0598589395959
5.26181156488 609 5.19277712593 0.0690344389485 0.008 0.001 0.0600344389485
5.26981156488 610 5.19819513594 0.0716164289427 0.008 0.001 0.0626164289427
5.27781156488 611 5.20150587565 0.076305689229 0.008 0.001 0.067305689229
5.28581156488 612 5.22407786124 0.0617337036376 0.008 0.001 0.0527337036376
5.29381156488 613 5.22608563291 0.0677259319665 0.008 0.001 0.0587259319665
5.30181156488 614 5.24489848137 0.0569130835059 0.008 0.001 0.0479130835059
5.30981156488 615 5.2487343655 0.0610771993739 0.008 0.001 0.0520771993739
5.31781156488 616 5.26917242107 0.0486391438041 0.008 0.001 0.0396391438041
5.32581156488 617 5.27307907792 0.0527324869611 0.008 0.001 0.0437324869611
5.33381156488 618 5.29006428004 0.0437472848382 0.008 0.001 0.0347472848382
5.34181156488 619 5.29786078341 0.0439507814702 0.008 0.001 0.0349507814702
5.34981156488 620 5.30028353081 0.0495280340706 0.008 0.001 0.0405280340706
5.35781156488 621 5.30625908081 0.0515524840636 0.008 0.001 0.0425524840636
5.36581156488 622 5.33706163933 0.0287499255455 0.008 0.001 0.0197499255455
5.37381156488 623 5.34549539138 0.0283161735011 0.008 0.001 0.0193161735011
5.38181156488 624 5.35404613416 0.0277654307223 0.008 0.001 0.0187654307223
5.38981156488 625 5.35519383092 0.0346177339539 0.008 0.001 0.0256177339539
5.39781156488 626 5.35922135677 0.0385902081073 0.008 0.001 0.0295902081073
5.40581156488 627 5.36236684748 0.0434447173998 0.008 0.001 0.0344447173998
5.41381156488 628 5.37198868175 0.0418228831273 0.008 0.001 0.0328228831273
5.42181156488 629 5.37830719349 0.0435043713856 0.008 0.001 0.0345043713856
5.42981156488 630 5.38882311333 0.0409884515467 0.008 0.001 0.0319884515467
5.43781156488 631 5.3947215354 0.0430900294796 0.008 0.001 0.0340900294796
5.44581156488 632 5.39642317863 0.0493883862524 0.008 0.001 0.0403883862524
5.45381156488 633 5.40094255728 0.0528690075975 0.008 0.001 0.0438690075975
5.46181156488 634 5.43267980318 0.0291317616955 0.008 0.001 0.0201317616955
5.46981156488 635 5.43634921529 0.0334623495871 0.008 0.001 0.0244623495871
5.47781156488 636 5.43733889718 0.0404726676975 0.008 0.001 0.0314726676975
5.48581156488 637 5.44782979157 0.0379817733079 0.008 0.001 0.0289817733079
5.49381156488 638 5.45710988531 0.0367016795683 0.008 0.001 0.0277016795683
5.50181156488 639 5.46576971174 0.0360418531409 0.008 0.001 0.0270418531409
5.50981156488 640 5.47155022295 0.0382613419287 0.008 0.001 0.0292613419287
5.51781156488 641 5.47797194612 0.0398396187612 0.008 0.001 0.0308396187612
5.52581156488 642 5.47912570902 0.0466858558543 0.008 0.001 0.0376858558543
5.53381156488 643 5.49799091896 0.0358206459182 0.008 0.001 0.0268206459182
5.54181156488 644 5.50742030246 0.0343912624183 0.008 0.001 0.0253912624183
5.54981156488 645 5.52908560081 0.0207259640692 0.008 0.001 0.0117259640692
5.55781156488 646 5.53591254282 0.0218990220598 0.008 0.001 0.0128990220598
5.56581156488 647 5.54052391653 0.0252876483486 0.008 0.001 0.0162876483486
5.57381156488 648 5.55262091062 0.0211906542569 0.008 0.001 0.0121906542569
5.58181156488 649 5.56359330259 0.0182182622848 0.008 0.001 0.00921826228485
5.58981156488 650 5.56522362371 0.0245879411663 0.008 0.001 0.0155879411663
5.59781156488 651 5.58265266397 0.0151589009112 0.008 0.001 0.00615890091121
5.60581156488 652 5.58508632001 0.0207252448706 0.008 0.001 0.0117252448706
5.61381156488 653 5.60139596101 0.0124156038697 0.008 0.001 0.00341560386965
5.62299584867 654 5.61399584867 0.009 0.008 0.001 0.0
5.63099584867 655 5.61924718723 0.0117486614367 0.008 0.001 0.00274866143668
5.63899584867 656 5.6197242649 0.0192715837707 0.008 0.001 0.0102715837707
5.64699584867 657 5.63760391806 0.00939193060601 0.008 0.001 0.00039193060601
5.65499584867 658 5.64237631392 0.0126195347497 0.008 0.001 0.00361953474967
5.66688244777 659 5.65788244777 0.009 0.008 0.001 0.0
5.67709952065 660 5.66809952065 0.009 0.008 0.001 0.0
5.68509952065 661 5.6715420731 0.0135574475484 0.008 0.001 0.00455744754841
5.69309952065 662 5.67567152099 0.0174279996625 0.008 0.001 0.00842799966253
5.70109952065 663 5.67669503011 0.0244044905384 0.008 0.001 0.0154044905384
5.70909952065 664 5.6912948159 0.0178047047539 0.008 0.001 0.00880470475388
5.71709952065 665 5.69211327867 0.0249862419845 0.008 0.001 0.0159862419845
5.72509952065 666 5.70436553594 0.0207339847112 0.008 0.001 0.0117339847112
5.73309952065 667 5.70677856615 0.0263209545045 0.008 0.001 0.0173209545045
5.74109952065 668 5.71060485506 0.0304946655892 0.008 0.001 0.0214946655892
5.74909952065 669 5.71292384426 0.036175676389 0.008 0.001 0.027175676389
5.75709952065 670 5.72125405406 0.035845466596 0.008 0.001 0.026845466596
5.76509952065 671 5.72594581202 0.0391537086314 0.008 0.001 0.0301537086314
5.77309952065 672 5.73037963421 0.0427198864415 0.008 0.001 0.0337198864415
5.78109952065 673 5.74047979257 0.0406197280776 0.008 0.001 0.0316197280776
5.78909952065 674 5.74228394121 0.046815579437 0.008 0.001 0.037815579437
5.79709952065 675 5.74346195722 0.0536375634297 0.008 0.001 0.0446375634297
5.80509952065 676 5.76983516554 0.0352643551161 0.008 0.001 0.0262643551161
5.81309952065 677 5.77591601103 0.0371835096227 0.008 0.001 0.0281835096227
5.82109952065 678 5.77772224919 0.0433772714574 0.008 0.001 0.0343772714574
5.82909952065 679 5.78022687502 0.0488726456303 0.008 0.001 0.0398726456303
5.83709952065 680 5.78096768047 0.0561318401821 0.008 0.001 0.0471318401821
5.84509952065 681 5.78166774477 0.0634317758798 0.008 0.001 0.0544317758798
5.85309952065 682 5.78916107909 0.0639384415611 0.008 0.001 0.0549384415611
5.86109952065 683 5.79129081869 0.069808701959 0.008 0.001 0.060808701959
5.86909952065 684 5.79396139754 0.0751381231087 0.008 0.001 0.0661381231087
5.87709952065 685 5.80041691178 0.0766826088695 0.008 0.001 0.0676826088695
5.88509952065 686 5.80302428049 0.0820752401614 0.008 0.001 0.0730752401614
5.89309952065 687 5.80973789742 0.0833616232287 0.008 0.001 0.0743616232287
5.90109952065 688 5.82585870023 0.075240820422 0.008 0.001 0.066240820422
5.90909952065 689 5.83855164236 0.0705478782897 0.008 0.001 0.0615478782897
5.91709952065 690 5.84882329362 0.0682762270278 0.008 0.001 0.0592762270278
5.92509952065 691 5.85295507429 0.0721444463584 0.008 0.001 0.0631444463584
5.93309952065 692 5.85555329413 0.0775462265186 0.008 0.001 0.0685462265186
5.94109952065 693 5.86594543795 0.0751540827067 0.008 0.001 0.0661540827067
5.94909952065 694 5.88219964005 0.0668998806046 0.008 0.001 0.0578998806046
5.95709952065 695 5.88348816388 0.0736113567705 0.008 0.001 0.0646113567705
5.96509952065 696 5.88494812623 0.080151394422 0.008 0.001 0.071151394422
5.97309952065 697 5.88971857589 0.0833809447573 0.008 0.001 0.0743809447573
5.98109952065 698 5.91840091619 0.0626986044599 0.008 0.001 0.0536986044599
5.98909952065 699 5.94783907245 0.0412604482022 0.008 0.001 0.0322604482022
5.99709952065 700 5.95492801903 0.042171501623 0.008 0.001 0.033171501623
6.00509952065 701 5.96932358508 0.0357759355765 0.008 0.001 0.0267759355765
6.01309952065 702 5.98085061751 0.0322489031431 0.008 0.001 0.0232489031431
6.02109952065 703 6.00454534329 0.0165541773581 0.008 0.001 0.00755417735808
6.02909952065 704 6.01497522323 0.0141242974262 0.008 0.001 0.0051242974262
6.03709952065 705 6.0151488449 0.0219506757479 0.008 0.001 0.0129506757479
6.04584428473 706 6.03684428473 0.009 0.008 0.001 0.0
6.05384428473 707 6.0378427797 0.0160015050326 0.008 0.001 0.0070015050326
6.06184428473 708 6.04316277033 0.018681514399 0.008 0.001 0.00968151439905
6.06984428473 709 6.06046063206 0.00938365266989 0.008 0.001 0.000383652669893
6.07784428473 710 6.06325029699 0.0145939877438 0.008 0.001 0.00559398774381
6.08584428473 711 6.06728934393 0.0185549407969 0.008 0.001 0.00955494079694
6.09384428473 712 6.06922737727 0.0246169074651 0.008 0.001 0.0156169074651
6.10184428473 713 6.07089530638 0.0309489783527 0.008 0.001 0.0219489783527
6.10984428473 714 6.07718038375 0.032663900981 0.008 0.001 0.023663900981
6.11784428473 715 6.09179854654 0.026045738195 0.008 0.001 0.017045738195
6.12584428473 716 6.09419021859 0.0316540661377 0.008 0.001 0.0226540661377
6.13384428473 717 6.10069758342 0.0331467013068 0.008 0.001 0.0241467013068
6.14184428473 718 6.10834010022 0.0335041845068 0.008 0.001 0.0245041845068
6.14984428473 719 6.11232087747 0.0375234072612 0.008 0.001 0.0285234072612
6.15784428473 720 6.1153867878 0.042457496931 0.008 0.001 0.033457496931
6.16584428473 721 6.12967888407 0.036165400658 0.008 0.001 0.027165400658
6.17574022477 722 6.16674022477 0.009 0.008 0.001 0.0
6.18374022477 723 6.16980363788 0.0139365868893 0.008 0.001 0.0049365868893
6.19174022477 724 6.17578983991 0.0159503848618 0.008 0.001 0.00695038486176
6.19974022477 725 6.18570320816 0.0140370166084 0.008 0.001 0.00503701660843
6.20774022477 726 6.18855606292 0.0191841618473 0.008 0.001 0.0101841618473
6.22877378618 727 6.21977378618 0.009 0.008 0.001 0.0
6.23677378618 728 6.22250600028 0.0142677858965 0.008 0.001 0.00526778589655
6.24477378618 729 6.22277094949 0.0220028366844 0.008 0.001 0.0130028366844
6.25277378618 730 6.23779849316 0.0149752930165 0.008 0.001 0.0059752930165
6.26077378618 731 6.24472463545 0.0160491507309 0.008 0.001 0.00704915073087
6.26925840588 732 6.26025840588 0.009 0.008 0.001 0.0
6.30860067054 733 6.29960067054 0.009 0.008 0.001 0.0
6.31660067054 734 6.30276161957 0.0138390509633 0.008 0.001 0.00483905096328
6.32460067054 735 6.30675158466 0.0178490858809 0.008 0.001 0.00884908588089
6.33260067054 736 6.31213593397 0.0204647365708 0.008 0.001 0.0114647365708
6.34060067054 737 6.32193325309 0.0186674174503 0.008 0.001 0.00966741745032
6.34860067054 738 6.32200789109 0.0265927794506 0.008 0.001 0.0175927794506
6.35660067054 739 6.3361025885 0.0204980820361 0.008 0.001 0.0114980820361
6.36460067054 740 6.33747537549 0.0271252950434 0.008 0.001 0.0181252950434
6.3770654174 741 6.3680654174 0.009 0.008 0.001 0.0
6.39112105675 742 6.38212105675 0.009 0.008 0.001 0.0
6.39912105675 743 6.38537354135 0.0137475153983 0.008 0.001 0.00474751539828
6.41069515107 744 6.40169515107 0.009 0.008 0.001 0.0
6.41869515107 745 6.40690488391 0.0117902671594 0.008 0.001 0.00279026715938
6.42669515107 746 6.40692623154 0.0197689195239 0.008 0.001 0.0107689195239
6.43469515107 747 6.41396895367 0.0207261973956 0.008 0.001 0.0117261973956
6.44269515107 748 6.41944803402 0.0232471170457 0.008 0.001 0.0142471170457
6.45069515107 749 6.42680501084 0.0238901402251 0.008 0.001 0.0148901402251
6.45869515107 750 6.4369362675 0.021758883561 0.008 0.001 0.012758883561
6.46669515107 751 6.44471837285 0.021976778213 0.008 0.001 0.012976778213
6.47469515107 752 6.45807187583 0.0166232752397 0.008 0.001 0.00762327523968
6.48269515107 753 6.45953338988 0.0231617611854 0.008 0.001 0.0141617611854
6.49069515107 754 6.46805326647 0.0226418845996 0.008 0.001 0.0136418845996
6.49869515107 755 6.48546694322 0.013228207845 0.008 0.001 0.00422820784504
6.50669515107 756 6.49747615067 0.00921900039812 0.008 0.001 0.000219000398115
6.51469515107 757 6.49975297256 0.0149421785037 0.008 0.001 0.00594217850369
6.52269515107 758 6.50084241797 0.0218527330947 0.008 0.001 0.0128527330947
6.53069515107 759 6.50420531802 0.0264898330496 0.008 0.001 0.0174898330496
6.53869515107 760 6.5068218354 0.031873315662 0.008 0.001 0.022873315662
6.54669515107 761 6.51232298719 0.0343721638724 0.008 0.001 0.0253721638724
6.55469515107 762 6.52084663492 0.0338485161438 0.008 0.001 0.0248485161438
6.56269515107 763 6.52130720639 0.0413879446712 0.008 0.001 0.0323879446712
6.57754593826 764 6.56854593826 0.009 0.008 0.001 0.0
6.58691084949 765 6.57791084949 0.009 0.008 0.001 0.0
6.59491084949 766 6.58538887642 0.00952197307289 0.008 0.001 0.000521973072892
6.60291084949 767 6.58686757451 0.0160432749814 0.008 0.001 0.00704327498143
6.61091084949 768 6.60153027254 0.00938057695042 0.008 0.001 0.000380576950417
6.61891084949 769 6.60673809869 0.0121727508009 0.008 0.001 0.00317275080085
6.62691084949 770 6.60702797891 0.0198828705794 0.008 0.001 0.0108828705794
6.63491084949 771 6.60703978171 0.0278710677829 0.008 0.001 0.0188710677829
6.65270344526 772 6.64370344526 0.009 0.008 0.001 0.0
6.66070344526 773 6.65026592546 0.0104375198 0.008 0.001 0.00143751980001
6.66870344526 774 6.65320634613 0.0154970991274 0.008 0.001 0.00649709912736
6.67670344526 775 6.65979640991 0.0169070353512 0.008 0.001 0.00790703535118
6.68470344526 776 6.66010008851 0.0246033567487 0.008 0.001 0.0156033567487
6.69270344526 777 6.66265260414 0.0300508411177 0.008 0.001 0.0210508411177
6.70070344526 778 6.67469907145 0.0260043738067 0.008 0.001 0.0170043738067
6.70870344526 779 6.68609865855 0.0226047867139 0.008 0.001 0.0136047867139
6.71670344526 780 6.69239016598 0.0243132792826 0.008 0.001 0.0153132792825
6.72470344526 781 6.69342302092 0.0312804243399 0.008 0.001 0.0222804243399
6.73270344526 782 6.69359379356 0.0391096517023 0.008 0.001 0.0301096517023
6.74070344526 783 6.70574958905 0.0349538562078 0.008 0.001 0.0259538562078
6.74870344526 784 6.70681552969 0.0418879155653 0.008 0.001 0.0328879155653
6.75670344526 785 6.71416736809 0.0425360771685 0.008 0.001 0.0335360771685
6.76470344526 786 6.71955158109 0.045151864173 0.008 0.001 0.036151864173
6.77270344526 787 6.72751769897 0.0451857462905 0.008 0.001 0.0361857462905
6.78070344526 788 6.73963990937 0.0410635358945 0.008 0.001 0.0320635358945
6.78870344526 789 6.74534415064 0.0433592946225 0.008 0.001 0.0343592946225
6.79670344526 790 6.75914003889 0.037563406372 0.008 0.001 0.028563406372
6.80470344526 791 6.79133648037 0.0133669648945 0.008 0.001 0.00436696489447
6.83057521874 792 6.82157521874 0.009 0.008 0.001 0.0
6.84114554767 793 6.83214554767 0.009 0.008 0.001 0.0
6.85424923688 794 6.84524923688 0.009 0.008 0.001 0.0
6.86509163057 795 6.85609163057 0.009 0.008 0.001 0.0
6.88718981085 796 6.87818981085 0.009 0.008 0.001 0.0
6.90514715732 797 6.89614715732 0.009 0.008 0.001 0.0
6.91382930407 798 6.90482930407 0.009 0.008 0.001 0.0
6.92543961555 799 6.91643961555 0.009 0.008 0.001 0.0
6.93343961555 800 6.91763894389 0.0158006716593 0.008 0.001 0.00680067165931
6.94143961555 801 6.92005158485 0.0213880307017 0.008 0.001 0.0123880307017
6.94943961555 802 6.93824849935 0.0111911161987 0.008 0.001 0.00219111619872
6.95743961555 803 6.94242496927 0.0150146462798 0.008 0.001 0.00601464627982
6.96543961555 804 6.94823293539 0.0172066801595 0.008 0.001 0.00820668015948
6.97343961555 805 6.95022117625 0.0232184392996 0.008 0.001 0.0142184392996
6.98143961555 806 6.9579287387 0.0235108768529 0.008 0.001 0.0145108768529
6.98943961555 807 6.96096497914 0.0284746364133 0.008 0.001 0.0194746364133
6.99743961555 808 6.97338801378 0.0240516017756 0.008 0.001 0.0150516017756
7.00543961555 809 6.97923938251 0.0262002330426 0.008 0.001 0.0172002330426
7.01684634167 810 7.00784634167 0.009 0.008 0.001 0.0
7.02484634167 811 7.01053135364 0.0143149880327 0.008 0.001 0.00531498803268
7.03284634167 812 7.01224155859 0.0206047830783 0.008 0.001 0.0116047830783
7.04084634167 813 7.02082503935 0.0200213023154 0.008 0.001 0.0110213023154
7.04884634167 814 7.02441844325 0.0244278984185 0.008 0.001 0.0154278984185
7.05684634167 815 7.03013730813 0.0267090335383 0.008 0.001 0.0177090335383
7.06484634167 816 7.03776584032 0.0270805013518 0.008 0.001 0.0180805013518
7.07284634167 817 7.05404363598 0.018802705686 0.008 0.001 0.00980270568596
7.08084634167 818 7.0561620051 0.024684336572 0.008 0.001 0.015684336572
7.08884634167 819 7.0567281751 0.0321181665745 0.008 0.001 0.0231181665745
7.09684634167 820 7.05899865445 0.0378476872148 0.008 0.001 0.0288476872148
7.10484634167 821 7.06210890038 0.0427374412909 0.008 0.001 0.0337374412909
7.11284634167 822 7.06487780884 0.0479685328314 0.008 0.001 0.0389685328314
7.12084634167 823 7.06593754114 0.0549088005255 0.008 0.001 0.0459088005255
7.12884634167 824 7.0867966641 0.0420496775691 0.008 0.001 0.0330496775691
7.13684634167 825 7.09114454168 0.045701799991 0.008 0.001 0.036701799991
7.14484634167 826 7.09367119565 0.0511751460197 0.008 0.001 0.0421751460197
7.15284634167 827 7.10257383169 0.0502725099812 0.008 0.001 0.0412725099812
7.16084634167 828 7.1144333436 0.0464129980716 0.008 0.001 0.0374129980716
7.16884634167 829 7.11520257685 0.0536437648158 0.008 0.001 0.0446437648158
7.17684634167 830 7.13832825761 0.0385180840573 0.008 0.001 0.0295180840573
7.18484634167 831 7.15975896413 0.0250873775431 0.008 0.001 0.0160873775431
7.19284634167 832 7.16236301132 0.0304833303477 0.008 0.001 0.0214833303477
7.20084634167 833 7.18685109805 0.0139952436156 0.008 0.001 0.00499524361557
7.21407075522 834 7.20507075522 0.009 0.008 0.001 0.0
7.22207075522 835 7.20899040535 0.0130803498681 0.008 0.001 0.00408034986813
7.24271396998 836 7.23371396998 0.009 0.008 0.001 0.0
7.25071396998 837 7.23669020722 0.0140237627586 0.008 0.001 0.00502376275861
7.25871396998 838 7.24710219061 0.0116117793712 0.008 0.001 0.0026117793712
7.27458273518 839 7.26558273518 0.009 0.008 0.001 0.0
7.30254132116 840 7.29354132116 0.009 0.008 0.001 0.0
7.31054132116 841 7.29471864068 0.0158226804792 0.008 0.001 0.00682268047924
7.31854132116 842 7.29630675507 0.0222345660879 0.008 0.001 0.0132345660879
7.32654132116 843 7.30324529317 0.0232960279842 0.008 0.001 0.0142960279842
7.33454132116 844 7.30663420606 0.027907115094 0.008 0.001 0.018907115094
7.34254132116 845 7.30750041928 0.0350409018802 0.008 0.001 0.0260409018802
7.35054132116 846 7.31044286808 0.0400984530788 0.008 0.001 0.0310984530788
7.35854132116 847 7.32156434461 0.0369769765536 0.008 0.001 0.0279769765536
7.36654132116 848 7.3433287792 0.0232125419601 0.008 0.001 0.0142125419601
7.37454132116 849 7.34550949684 0.0290318243176 0.008 0.001 0.0200318243176
7.38254132116 850 7.34645947012 0.0360818510399 0.008 0.001 0.0270818510399
7.39054132116 851 7.35903105632 0.0315102648403 0.008 0.001 0.0225102648403
7.39854132116 852 7.36613112531 0.032410195852 0.008 0.001 0.0234101958519
7.40654132116 853 7.376788138 0.0297531831576 0.008 0.001 0.0207531831576
7.41454132116 854 7.39426677736 0.0202745437961 0.008 0.001 0.0112745437961
7.42254132116 855 7.3999596141 0.0225817070587 0.008 0.001 0.0135817070587
7.43054132116 856 7.4005189031 0.0300224180545 0.008 0.001 0.0210224180545
7.43854132116 857 7.41780375432 0.0207375668356 0.008 0.001 0.0117375668356
7.44654132116 858 7.41994452346 0.0265967977025 0.008 0.001 0.0175967977025
7.45454132116 859 7.42163159769 0.0329097234735 0.008 0.001 0.0239097234735
7.46254132116 860 7.43638634605 0.0261549751046 0.008 0.001 0.0171549751046
7.47054132116 861 7.45273621019 0.017805110966 0.008 0.001 0.00880511096602
7.47854132116 862 7.45789622183 0.020645099331 0.008 0.001 0.011645099331
7.49212102546 863 7.48312102546 0.009 0.008 0.001 0.0
7.51236916035 864 7.50336916035 0.009 0.008 0.001 0.0
7.52111939145 865 7.51211939145 0.009 0.008 0.001 0.0
7.53290703366 866 7.52390703366 0.009 0.008 0.001 0.0
7.54301139474 867 7.53401139474 0.009 0.008 0.001 0.0
7.55101139474 868 7.53512778334 0.0158836114058 0.008 0.001 0.00688361140581
7.55901139474 869 7.53558507474 0.0234263200081 0.008 0.001 0.0144263200081
7.56701139474 870 7.53674691995 0.0302644747896 0.008 0.001 0.0212644747896
7.57501139474 871 7.54950139209 0.0255100026529 0.008 0.001 0.0165100026529
7.58301139474 872 7.55507567812 0.0279357166248 0.008 0.001 0.0189357166248
7.59101139474 873 7.55686123168 0.0341501630588 0.008 0.001 0.0251501630588
7.59901139474 874 7.57189776739 0.0271136273538 0.008 0.001 0.0181136273538
7.60701139474 875 7.57511256725 0.0318988274925 0.008 0.001 0.0228988274925
7.61501139474 876 7.58396751384 0.0310438809046 0.008 0.001 0.0220438809046
7.62301139474 877 7.5924829198 0.0305284749452 0.008 0.001 0.0215284749452
7.63101139474 878 7.59267677071 0.0383346240334 0.008 0.001 0.0293346240334
7.63901139474 879 7.59560821484 0.0434031799039 0.008 0.001 0.0344031799039
7.64701139474 880 7.60353295674 0.0434784379995 0.008 0.001 0.0344784379995
7.65501139474 881 7.63540860143 0.0196027933157 0.008 0.001 0.0106027933157
7.66301139474 882 7.63719587445 0.0258155202895 0.008 0.001 0.0168155202895
7.67101139474 883 7.63907533237 0.0319360623776 0.008 0.001 0.0229360623776
7.67901139474 884 7.66398268454 0.0150287102054 0.008 0.001 0.00602871020542
7.68701139474 885 7.66941721571 0.0175941790383 0.008 0.001 0.00859417903832
7.69501139474 886 7.67546321504 0.0195481797068 0.008 0.001 0.0105481797068
7.70301139474 887 7.67655920481 0.0264521899293 0.008 0.001 0.0174521899293
7.71101139474 888 7.69161199016 0.0193994045807 0.008 0.001 0.0103994045807
7.73109042657 889 7.72209042657 0.009 0.008 0.001 0.0
7.74315114624 890 7.73415114624 0.009 0.008 0.001 0.0
7.75115114624 891 7.73824595532 0.0129051909146 0.008 0.001 0.00390519091464
7.76069328993 892 7.75169328993 0.009 0.008 0.001 0.0
7.76869328993 893 7.75456003155 0.0141332583759 0.008 0.001 0.00513325837589
7.77669328993 894 7.76572778263 0.010965507301 0.008 0.001 0.00196550730104
7.78469328993 895 7.77276522913 0.0119280607941 0.008 0.001 0.00292806079409
7.79269328993 896 7.78067622344 0.012017066489 0.008 0.001 0.00301706648903
7.80861714782 897 7.79961714782 0.009 0.008 0.001 0.0
7.81922718778 898 7.81022718778 0.009 0.008 0.001 0.0
7.82722718778 899 7.81187644846 0.0153507393122 0.008 0.001 0.00635073931216
7.83522718778 900 7.8180383372 0.0171888505774 0.008 0.001 0.00818885057737
7.84322718778 901 7.82126827196 0.0219589158116 0.008 0.001 0.0129589158116
7.86019975007 902 7.85119975007 0.009 0.008 0.001 0.0
7.86869109304 903 7.85969109304 0.009 0.008 0.001 0.0
7.89649880235 904 7.88749880235 0.009 0.008 0.001 0.0
7.92294348435 905 7.91394348435 0.009 0.008 0.001 0.0
7.93578029006 906 7.92678029006 0.009 0.008 0.001 0.0
7.94378029006 907 7.93421729889 0.00956299117537 0.008 0.001 0.000562991175372
7.95178029006 908 7.93652298338 0.0152573066759 0.008 0.001 0.00625730667594
7.95978029006 909 7.93937623726 0.0204040528052 0.008 0.001 0.0114040528052
7.96778029006 910 7.94571436035 0.0220659297137 0.008 0.001 0.0130659297137
7.97578029006 911 7.95355178297 0.0222285070917 0.008 0.001 0.0132285070917
7.98378029006 912 7.95701595436 0.0267643356992 0.008 0.001 0.0177643356992
7.99178029006 913 7.95943217342 0.0323481166425 0.008 0.001 0.0233481166425
7.99978029006 914 7.97830102864 0.0214792614224 0.008 0.001 0.0124792614224
8.00778029006 915 7.98767611056 0.0201041794996 0.008 0.001 0.0111041794996
8.01578029006 916 7.98891093101 0.0268693590538 0.008 0.001 0.0178693590538
8.02378029006 917 8.00304906612 0.0207312239358 0.008 0.001 0.0117312239358
8.03178029006 918 8.01580398773 0.0159763023326 0.008 0.001 0.00697630233255
8.04436037451 919 8.03536037451 0.009 0.008 0.001 0.0
8.07433118963 920 8.06533118963 0.009 0.008 0.001 0.0
8.08233118963 921 8.07134454049 0.0109866491352 0.008 0.001 0.0019866491352
8.10061588232 922 8.09161588232 0.009 0.008 0.001 0.0
8.11132773837 923 8.10232773837 0.009 0.008 0.001 0.0
8.11932773837 924 8.10321612808 0.0161116102926 0.008 0.001 0.0071116102926
8.12732773837 925 8.11097238422 0.0163553541495 0.008 0.001 0.00735535414952
8.13532773837 926 8.11357429799 0.0217534403777 0.008 0.001 0.0127534403777
8.14332773837 927 8.11633005208 0.0269976862924 0.008 0.001 0.0179976862924
8.15132773837 928 8.11839628524 0.0329314531301 0.008 0.001 0.0239314531301
8.15932773837 929 8.13600471816 0.0233230202108 0.008 0.001 0.0143230202108
8.16766906481 930 8.15866906481 0.009 0.008 0.001 0.0
8.17566906481 931 8.16260830883 0.0130607559781 0.008 0.001 0.0040607559781
8.18366906481 932 8.16573089206 0.0179381727502 0.008 0.001 0.00893817275017
8.19166906481 933 8.18003232764 0.0116367371648 0.008 0.001 0.00263673716484
8.19966906481 934 8.18555299576 0.0141160690472 0.008 0.001 0.00511606904721
8.20766906481 935 8.19124256042 0.0164265043851 0.008 0.001 0.00742650438506
8.21566906481 936 8.19749644083 0.0181726239812 0.008 0.001 0.00917262398116
8.22366906481 937 8.20745176555 0.0162172992621 0.008 0.001 0.00721729926205
8.23166906481 938 8.20903225633 0.0226368084813 0.008 0.001 0.0136368084813
8.23966906481 939 8.2135868818 0.0260821830053 0.008 0.001 0.0170821830053
8.24766906481 940 8.22188272347 0.0257863413431 0.008 0.001 0.0167863413431
8.25566906481 941 8.2232707131 0.0323983517105 0.008 0.001 0.0233983517105
8.26366906481 942 8.22776555043 0.0359035143822 0.008 0.001 0.0269035143822
8.27166906481 943 8.23115083553 0.04051822928 0.008 0.001 0.03151822928
8.27966906481 944 8.2464369217 0.0332321431077 0.008 0.001 0.0242321431077
8.28766906481 945 8.24711087168 0.0405581931291 0.008 0.001 0.0315581931291
8.29566906481 946 8.26296872421 0.0327003406041 0.008 0.001 0.0237003406041
8.30366906481 947 8.26345448133 0.040214583476 0.008 0.001 0.031214583476
8.31166906481 948 8.26379086163 0.0478782031842 0.008 0.001 0.0388782031842
8.31966906481 949 8.26830885893 0.0513602058785 0.008 0.001 0.0423602058785
8.32766906481 950 8.26884672748 0.0588223373283 0.008 0.001 0.0498223373283
8.33566906481 951 8.27687047519 0.0587985896219 0.008 0.001 0.0497985896219
8.34366906481 952 8.28921359023 0.0544554745776 0.008 0.001 0.0454554745776
8.35166906481 953 8.29336567096 0.0583033938523 0.008 0.001 0.0493033938523
8.35966906481 954 8.29609515358 0.0635739112304 0.008 0.001 0.0545739112304
8.36766906481 955 8.29770520738 0.0699638574296 0.008 0.001 0.0609638574296
8.37566906481 956 8.3052153542 0.0704537106117 0.008 0.001 0.0614537106117
8.38366906481 957 8.30999011411 0.0736789507003 0.008 0.001 0.0646789507003
8.39166906481 958 8.31975128452 0.0719177802912 0.008 0.001 0.0629177802912
8.39966906481 959 8.32562661207 0.0740424527391 0.008 0.001 0.0650424527391
8.40766906481 960 8.32637810878 0.0812909560308 0.008 0.001 0.0722909560308
8.41566906481 961 8.33451662875 0.0811524360554 0.008 0.001 0.0721524360554
8.42366906481 962 8.33454635943 0.0891227053776 0.008 0.001 0.0801227053776
8.43166906481 963 8.3476515745 0.0840174903048 0.008 0.001 0.0750174903048
8.43966906481 964 8.34895961799 0.0907094468148 0.008 0.001 0.0817094468148
8.44766906481 965 8.35511271357 0.0925563512349 0.008 0.001 0.0835563512349
8.45566906481 966 8.36062404961 0.0950450151996 0.008 0.001 0.0860450151996
8.46366906481 967 8.36809247238 0.0955765924269 0.008 0.001 0.0865765924269
8.47166906481 968 8.37906821403 0.0926008507795 0.008 0.001 0.0836008507795
8.47966906481 969 8.38836483922 0.0913042255907 0.008 0.001 0.0823042255907
8.48766906481 970 8.40004837829 0.0876206865186 0.008 0.001 0.0786206865186
8.49566906481 971 8.40066842971 0.0950006351 0.008 0.001 0.0860006351
8.50366906481 972 8.40073297051 0.102936094295 0.008 0.001 0.0939360942949
8.51166906481 973 8.40871315885 0.102955905958 0.008 0.001 0.0939559059581
8.51966906481 974 8.40969742843 0.109971636384 0.008 0.001 0.100971636384
8.52766906481 975 8.41000727919 0.117661785621 0.008 0.001 0.108661785621
8.53566906481 976 8.4109839814 0.124685083405 0.008 0.001 0.115685083405
8.54366906481 977 8.41392296709 0.129746097719 0.008 0.001 0.120746097719
8.55166906481 978 8.4185225184 0.133146546412 0.008 0.001 0.124146546412
8.55966906481 979 8.42819930024 0.131469764572 0.008 0.001 0.122469764572
8.56766906481 980 8.42970606442 0.137963000392 0.008 0.001 0.128963000392
8.57566906481 981 8.43532714101 0.140341923802 0.008 0.001 0.131341923802
8.58366906481 982 8.4462663509 0.137402713911 0.008 0.001 0.128402713911
8.59166906481 983 8.45227838681 0.139390678004 0.008 0.001 0.130390678004
8.59966906481 984 8.45535452684 0.144314537969 0.008 0.001 0.135314537969
8.60766906481 985 8.45717096082 0.150498103985 0.008 0.001 0.141498103985
8.61566906481 986 8.45811456854 0.157554496267 0.008 0.001 0.148554496267
8.62366906481 987 8.46233001067 0.161339054135 0.008 0.001 0.152339054135
8.63166906481 988 8.4683898476 0.163279217208 0.008 0.001 0.154279217208
8.63966906481 989 8.46857446053 0.171094604281 0.008 0.001 0.162094604281
8.64766906481 990 8.47550658437 0.172162480441 0.008 0.001 0.163162480441
8.65566906481 991 8.48109942939 0.174569635424 0.008 0.001 0.165569635424
8.66366906481 992 8.51196743184 0.151701632968 0.008 0.001 0.142701632968
8.67166906481 993 8.56553217673 0.106136888074 0.008 0.001 0.0971368880743
8.67966906481 994 8.5723416143 0.107327450507 0.008 0.001 0.0983274505072
8.68766906481 995 8.58307620172 0.104592863094 0.008 0.001 0.095592863094
8.69566906481 996 8.59846731837 0.0972017464407 0.008 0.001 0.0882017464407
8.70366906481 997 8.59916028496 0.10450877985 0.008 0.001 0.0955087798501
8.71166906481 998 8.60620038268 0.105468682126 0.008 0.001 0.0964686821258
8.71966906481 999 8.63881748861 0.0808515762039 0.008 0.001 0.0718515762039
8.72766906481 1000 8.64283848791 0.0848305769039 0.008 0.001 0.0758305769039
8.73566906481 1001 8.64314473051 0.0925243343 0.008 0.001 0.0835243343
8.74366906481 1002 8.64511229377 0.0985567710417 0.008 0.001 0.0895567710417
8.75166906481 1003 8.64673597444 0.104933090369 0.008 0.001 0.0959330903688
8.75966906481 1004 8.65019090049 0.109478164321 0.008 0.001 0.100478164321
8.76766906481 1005 8.65452623286 0.113142831946 0.008 0.001 0.104142831946
8.77566906481 1006 8.6908703593 0.0847987055048 0.008 0.001 0.0757987055048
8.78366906481 1007 8.69555624134 0.0881128234691 0.008 0.001 0.0791128234691
8.79166906481 1008 8.70252938612 0.0891396786924 0.008 0.001 0.0801396786924
8.79966906481 1009 8.70429067768 0.0953783871284 0.008 0.001 0.0863783871284
8.80766906481 1010 8.71374473542 0.0939243293925 0.008 0.001 0.0849243293925
8.81566906481 1011 8.72060431558 0.0950647492263 0.008 0.001 0.0860647492263
8.82366906481 1012 8.72504147203 0.0986275927826 0.008 0.001 0.0896275927826
8.83166906481 1013 8.74866670173 0.0830023630744 0.008 0.001 0.0740023630744
8.83966906481 1014 8.75382394274 0.0858451220707 0.008 0.001 0.0768451220707
8.84766906481 1015 8.76915516534 0.078513899472 0.008 0.001 0.069513899472
8.85566906481 1016 8.77574861969 0.0799204451194 0.008 0.001 0.0709204451194
8.86366906481 1017 8.77611350575 0.0875555590562 0.008 0.001 0.0785555590562
8.87166906481 1018 8.79253608059 0.0791329842212 0.008 0.001 0.0701329842212
8.87966906481 1019 8.81368308845 0.0659859763603 0.008 0.001 0.0569859763603
8.88766906481 1020 8.81968315951 0.0679859053025 0.008 0.001 0.0589859053025
8.89566906481 1021 8.82125908732 0.0744099774903 0.008 0.001 0.0654099774903
8.90366906481 1022 8.84446438014 0.0592046846662 0.008 0.001 0.0502046846662
8.91166906481 1023 8.85069378472 0.0609752800856 0.008 0.001 0.0519752800856
8.91966906481 1024 8.85904414588 0.0606249189258 0.008 0.001 0.0516249189258
8.92766906481 1025 8.88886723818 0.0388018266304 0.008 0.001 0.0298018266304
8.93566906481 1026 8.90006925212 0.0355998126845 0.008 0.001 0.0265998126845
8.94366906481 1027 8.90747438065 0.0361946841581 0.008 0.001 0.0271946841581
8.95166906481 1028 8.92271846747 0.0289505973345 0.008 0.001 0.0199505973345
8.95966906481 1029 8.92285034162 0.0368187231893 0.008 0.001 0.0278187231893
8.96766906481 1030 8.9251819312 0.0424871336113 0.008 0.001 0.0334871336113
8.97566906481 1031 8.92994264742 0.0457264173881 0.008 0.001 0.0367264173881
8.98366906481 1032 8.94798086392 0.0356882008843 0.008 0.001 0.0266882008843
8.99166906481 1033 8.96269360245 0.0289754623573 0.008 0.001 0.0199754623573
8.99966906481 1034 8.97749885599 0.022170208821 0.008 0.001 0.013170208821
9.00766906481 1035 8.97856437678 0.0291046880302 0.008 0.001 0.0201046880302
9.01566906481 1036 8.99389443847 0.0217746263381 0.008 0.001 0.0127746263381
9.02366906481 1037 8.9940300974 0.0296389674083 0.008 0.001 0.0206389674083
9.03166906481 1038 9.02126324405 0.0104058207585 0.008 0.001 0.00140582075849
9.03966906481 1039 9.02570314418 0.0139659206336 0.008 0.001 0.00496592063357
9.04766906481 1040 9.03400440841 0.0136646563993 0.008 0.001 0.00466465639933
9.06120581047 1041 9.05220581047 0.009 0.008 0.001 0.0
9.08243835765 1042 9.07343835765 0.009 0.008 0.001 0.0
9.11496017934 1043 9.10596017934 0.009 0.008 0.001 0.0
9.12296017934 1044 9.10863746347 0.014322715873 0.008 0.001 0.00532271587301
9.13096017934 1045 9.1189622759 0.0119979034438 0.008 0.001 0.00299790344378
9.13896017934 1046 9.12978949284 0.00917068649899 0.008 0.001 0.000170686498988
9.14696017934 1047 9.13724539383 0.00971478551157 0.008 0.001 0.000714785511571
9.15496017934 1048 9.13808683435 0.0168733449916 0.008 0.001 0.00787334499157
9.16296017934 1049 9.13913600059 0.0238241787514 0.008 0.001 0.0148241787514
9.17096017934 1050 9.15059407045 0.0203661088942 0.008 0.001 0.0113661088942
9.17896017934 1051 9.15275565164 0.0262045277031 0.008 0.001 0.0172045277031
9.18696017934 1052 9.16330622087 0.0236539584749 0.008 0.001 0.0146539584749
9.19496017934 1053 9.18425330565 0.0107068736913 0.008 0.001 0.00170687369134
9.20358080322 1054 9.19458080322 0.009 0.008 0.001 0.0
9.22246391948 1055 9.21346391948 0.009 0.008 0.001 0.0
9.23046391948 1056 9.21440038836 0.0160635311187 0.008 0.001 0.00706353111869
9.23846391948 1057 9.22301214658 0.015451772894 0.008 0.001 0.00645177289402
9.26726719748 1058 9.25826719748 0.009 0.008 0.001 0.0
9.29522514066 1059 9.28622514066 0.009 0.008 0.001 0.0
9.30322514066 1060 9.29416499773 0.00906014292912 0.008 0.001 6.01429291152e-05
9.32141848937 1061 9.31241848937 0.009 0.008 0.001 0.0
9.32941848937 1062 9.31838839766 0.0110300917103 0.008 0.001 0.00203009171032
9.33741848937 1063 9.32081902628 0.0165994630869 0.008 0.001 0.0075994630869
9.34541848937 1064 9.33184687405 0.0135716153179 0.008 0.001 0.00457161531789
9.35341848937 1065 9.34250767703 0.0109108123326 0.008 0.001 0.00191081233259
9.36169275866 1066 9.35269275866 0.009 0.008 0.001 0.0
9.36969275866 1067 9.35468290319 0.0150098554714 0.008 0.001 0.00600985547142
9.37769275866 1068 9.35760361968 0.0200891389816 0.008 0.001 0.0110891389816
9.38569275866 1069 9.35804870206 0.0276440566054 0.008 0.001 0.0186440566054
9.39369275866 1070 9.37019440688 0.0234983517808 0.008 0.001 0.0144983517808
9.40169275866 1071 9.3703631327 0.0313296259653 0.008 0.001 0.0223296259653
9.40969275866 1072 9.37786393824 0.0318288204215 0.008 0.001 0.0228288204215
9.41888313666 1073 9.40988313666 0.009 0.008 0.001 0.0
9.42688313666 1074 9.41448425446 0.0123988822 0.008 0.001 0.00339888220001
9.43488313666 1075 9.42375925693 0.0111238797272 0.008 0.001 0.00212387972724
9.44288313666 1076 9.42923901577 0.0136441208843 0.008 0.001 0.00464412088429
9.45133973535 1077 9.44233973535 0.009 0.008 0.001 0.0
9.45933973535 1078 9.44673942317 0.0126003121789 0.008 0.001 0.00360031217885
9.46733973535 1079 9.45648737393 0.0108523614199 0.008 0.001 0.00185236141992
9.47533973535 1080 9.46356288842 0.0117768469279 0.008 0.001 0.00277684692792
9.48333973535 1081 9.46841945164 0.0149202837036 0.008 0.001 0.00592028370357
9.49133973535 1082 9.47530036941 0.0160393659398 0.008 0.001 0.00703936593977
9.49933973535 1083 9.48036811692 0.01897161843 0.008 0.001 0.00997161843004
9.50733973535 1084 9.48832062887 0.0190191064804 0.008 0.001 0.0100191064804
9.51533973535 1085 9.49227873744 0.0230609979103 0.008 0.001 0.0140609979103
9.52333973535 1086 9.49237989458 0.0309598407647 0.008 0.001 0.0219598407647
9.53133973535 1087 9.49357862787 0.0377611074765 0.008 0.001 0.0287611074765
9.53933973535 1088 9.50667549117 0.0326642441814 0.008 0.001 0.0236642441814
9.54733973535 1089 9.5147189517 0.0326207836468 0.008 0.001 0.0236207836468
9.55533973535 1090 9.54183191884 0.0135078165067 0.008 0.001 0.00450781650674
9.56333973535 1091 9.54550514081 0.017834594534 0.008 0.001 0.00883459453402
9.57133973535 1092 9.54718674498 0.0241529903635 0.008 0.001 0.0151529903635
9.57933973535 1093 9.55192307937 0.0274166559797 0.008 0.001 0.0184166559797
9.58733973535 1094 9.55672291809 0.0306168172614 0.008 0.001 0.0216168172614
9.59533973535 1095 9.57282511543 0.0225146199205 0.008 0.001 0.0135146199205
9.60333973535 1096 9.58516603588 0.0181736994629 0.008 0.001 0.00917369946293
9.61133973535 1097 9.58536931278 0.0259704225649 0.008 0.001 0.0169704225649
9.61933973535 1098 9.58698121452 0.0323585208235 0.008 0.001 0.0233585208235
9.62733973535 1099 9.58723708862 0.0401026467297 0.008 0.001 0.0311026467297
9.63533973535 1100 9.60726602231 0.0280737130423 0.008 0.001 0.0190737130423
9.64333973535 1101 9.6145198125 0.0288199228436 0.008 0.001 0.0198199228436
9.65133973535 1102 9.63197637816 0.0193633571834 0.008 0.001 0.0103633571834
9.65933973535 1103 9.63684997678 0.0224897585728 0.008 0.001 0.0134897585728
9.66733973535 1104 9.64255647519 0.0247832601546 0.008 0.001 0.0157832601546
9.67533973535 1105 9.6486859455 0.0266537898486 0.008 0.001 0.0176537898486
9.68333973535 1106 9.64880564681 0.0345340885381 0.008 0.001 0.0255340885381
9.69133973535 1107 9.65214348837 0.039196246975 0.008 0.001 0.030196246975
9.69933973535 1108 9.66149698759 0.0378427477626 0.008 0.001 0.0288427477626
9.70733973535 1109 9.66600365757 0.0413360777738 0.008 0.001 0.0323360777738
9.71533973535 1110 9.68030820066 0.0350315346868 0.008 0.001 0.0260315346868
9.72333973535 1111 9.69582731473 0.0275124206142 0.008 0.001 0.0185124206142
9.73133973535 1112 9.69959107799 0.0317486573595 0.008 0.001 0.0227486573595
9.73933973535 1113 9.70172301407 0.0376167212824 0.008 0.001 0.0286167212824
9.74733973535 1114 9.7123716603 0.0349680750524 0.008 0.001 0.0259680750524
9.75533973535 1115 9.71379289971 0.0415468356422 0.008 0.001 0.0325468356422
9.76333973535 1116 9.7157580044 0.0475817309505 0.008 0.001 0.0385817309505
9.77133973535 1117 9.72344125131 0.0478984840411 0.008 0.001 0.0388984840411
9.77933973535 1118 9.73620094976 0.0431387855927 0.008 0.001 0.0341387855927
9.78733973535 1119 9.74325167999 0.0440880553574 0.008 0.001 0.0350880553574
9.79533973535 1120 9.74464040902 0.0506993263234 0.008 0.001 0.0416993263234
9.80333973535 1121 9.75542621531 0.0479135200392 0.008 0.001 0.0389135200392
9.81133973535 1122 9.77361032124 0.0377294141122 0.008 0.001 0.0287294141122
9.81933973535 1123 9.78844600772 0.0308937276288 0.008 0.001 0.0218937276288
9.82733973535 1124 9.79006798443 0.0372717509171 0.008 0.001 0.0282717509171
9.83533973535 1125 9.79951989475 0.0358198406009 0.008 0.001 0.0268198406009
9.84333973535 1126 9.80009717567 0.0432425596781 0.008 0.001 0.0342425596781
9.85133973535 1127 9.80264178047 0.0486979548814 0.008 0.001 0.0396979548814
9.85933973535 1128 9.80574112271 0.0535986126423 0.008 0.001 0.0445986126423
9.86733973535 1129 9.81177704592 0.0555626894297 0.008 0.001 0.0465626894297
9.87533973535 1130 9.82332629142 0.0520134439236 0.008 0.001 0.0430134439236
9.88333973535 1131 9.83586536221 0.0474743731407 0.008 0.001 0.0384743731407
9.89133973535 1132 9.83825759698 0.0530821383674 0.008 0.001 0.0440821383674
9.89933973535 1133 9.84852552951 0.0508142058419 0.008 0.001 0.0418142058419
9.90733973535 1134 9.85727836716 0.0500613681889 0.008 0.001 0.0410613681889
9.91533973535 1135 9.86032705766 0.0550126776923 0.008 0.001 0.0460126776923
9.92333973535 1136 9.87304001729 0.0502997180577 0.008 0.001 0.0412997180577
9.93133973535 1137 9.89748114188 0.033858593471 0.008 0.001 0.024858593471
9.93933973535 1138 9.90766115321 0.0316785821354 0.008 0.001 0.0226785821354
9.94733973535 1139 9.90919941204 0.0381403233029 0.008 0.001 0.0291403233029
9.95533973535 1140 9.90958676483 0.0457529705226 0.008 0.001 0.0367529705226
9.96333973535 1141 9.91449834261 0.0488413927369 0.008 0.001 0.0398413927369
9.97133973535 1142 9.91858266219 0.0527570731613 0.008 0.001 0.0437570731613
9.97933973535 1143 9.94270830455 0.0366314307943 0.008 0.001 0.0276314307943
9.98733973535 1144 9.96096451341 0.0263752219358 0.008 0.001 0.0173752219358
9.99533973535 1145 9.96246851162 0.0328712237265 0.008 0.001 0.0238712237265
10.0033397353 1146 9.96358590366 0.0397538316908 0.008 0.001 0.0307538316908
10.0113397353 1147 9.99293762234 0.0184021130122 0.008 0.001 0.00940211301221
