0.009 2 0 0.009 0.008 0.001 0
0.017 3 0.00569606963925 0.0113039303607 0.008 0.001 0.00230393036075
0.025 4 0.00993848605704 0.015061513943 0.008 0.001 0.00606151394296
0.033 5 0.0119744302267 0.0210255697733 0.008 0.001 0.0120255697733
0.041 6 0.0209924911135 0.0200075088865 0.008 0.001 0.0110075088865
0.049 7 0.0247720977431 0.0242279022569 0.008 0.001 0.0152279022569
0.057 8 0.0256645882903 0.0313354117097 0.008 0.001 0.0223354117097
0.065 9 0.0281908569702 0.0368091430298 0.008 0.001 0.0278091430298
0.073 10 0.0317850058035 0.0412149941965 0.008 0.001 0.0322149941965
0.081 11 0.033284984843 0.047715015157 0.008 0.001 0.038715015157
0.089 12 0.0586333729775 0.0303666270225 0.008 0.001 0.0213666270225
0.097 13 0.0606208863274 0.0363791136726 0.008 0.001 0.0273791136726
0.105 14 0.0616971703558 0.0433028296442 0.008 0.001 0.0343028296442
0.113 15 0.0767647149238 0.0362352850762 0.008 0.001 0.0272352850762
0.121 16 0.109175929245 0.0118240707555 0.008 0.001 0.0028240707555
0.129 17 0.109221377713 0.0197786222866 0.008 0.001 0.0107786222866
0.137 18 0.110207670506 0.0267923294938 0.008 0.001 0.0177923294938
0.145 19 0.113550778702 0.0314492212983 0.008 0.001 0.0224492212983
0.153 20 0.123763015071 0.0292369849292 0.008 0.001 0.0202369849292
0.161 21 0.142686073315 0.0183139266851 0.008 0.001 0.00931392668506
0.169 22 0.147286917979 0.021713082021 0.008 0.001 0.012713082021
0.177 23 0.15522252657 0.0217774734302 0.008 0.001 0.0127774734302
0.185 24 0.16274538998 0.0222546100199 0.008 0.001 0.0132546100199
0.193 25 0.165839879465 0.0271601205348 0.008 0.001 0.0181601205348
0.201 26 0.167376515073 0.0336234849272 0.008 0.001 0.0246234849272
0.209 27 0.174669045443 0.0343309545573 0.008 0.001 0.0253309545573
0.217 28 0.175731054751 0.0412689452492 0.008 0.001 0.0322689452492
0.225 29 0.18485425899 0.0401457410096 0.008 0.001 0.0311457410096
0.233 30 0.189646333239 0.0433536667614 0.008 0.001 0.0343536667614
0.241 31 0.195492267858 0.0455077321422 0.008 0.001 0.0365077321422
0.249 32 0.19739578486 0.0516042151404 0.008 0.001 0.0426042151404
0.257 33 0.198326321067 0.0586736789333 0.008 0.001 0.0496736789333
0.265 34 0.202068780364 0.0629312196356 0.008 0.001 0.0539312196356
0.273 35 0.215013662299 0.057986337701 0.008 0.001 0.048986337701
0.281 36 0.217330613855 0.0636693861446 0.008 0.001 0.0546693861446
0.289 37 0.217791963831 0.0712080361691 0.008 0.001 0.0622080361691
0.297 38 0.238845691209 0.0581543087909 0.008 0.001 0.0491543087909
0.305 39 0.246440063002 0.0585599369978 0.008 0.001 0.0495599369978
0.313 40 0.249704497019 0.0632955029811 0.008 0.001 0.0542955029811
0.321 41 0.254941957496 0.0660580425044 0.008 0.001 0.0570580425044
0.329 42 0.258718222197 0.0702817778026 0.008 0.001 0.0612817778026
0.337 43 0.259922706749 0.0770772932511 0.008 0.001 0.0680772932511
0.345 44 0.260706797125 0.0842932028751 0.008 0.001 0.0752932028751
0.353 45 0.268902487567 0.0840975124328 0.008 0.001 0.0750975124328
0.361 46 0.268988075213 0.0920119247867 0.008 0.001 0.0830119247867
0.369 47 0.29065301273 0.0783469872704 0.008 0.001 0.0693469872704
0.377 48 0.291472122915 0.0855278770855 0.008 0.001 0.0765278770855
0.385 49 0.313871508202 0.0711284917982 0.008 0.001 0.0621284917982
0.393 50 0.317595469606 0.0754045303939 0.008 0.001 0.0664045303939
0.401 51 0.317977321871 0.0830226781294 0.008 0.001 0.0740226781294
0.409 52 0.328882986058 0.0801170139424 0.008 0.001 0.0711170139424
0.417 53 0.330946371699 0.086053628301 0.008 0.001 0.077053628301
0.425 54 0.344059649642 0.080940350358 0.008 0.001 0.071940350358
0.433 55 0.363621265929 0.0693787340714 0.008 0.001 0.0603787340714
0.441 56 0.367656745481 0.0733432545185 0.008 0.001 0.0643432545185
0.449 57 0.38086314433 0.0681368556701 0.008 0.001 0.0591368556701
0.457 58 0.383593518823 0.0734064811771 0.008 0.001 0.0644064811771
0.465 59 0.388604574627 0.0763954253731 0.008 0.001 0.0673954253731
0.473 60 0.428005748725 0.0449942512745 0.008 0.001 0.0359942512745
0.481 61 0.444296076444 0.036703923556 0.008 0.001 0.027703923556
0.489 62 0.456733203105 0.0322667968955 0.008 0.001 0.0232667968955
0.497 63 0.457765001446 0.0392349985535 0.008 0.001 0.0302349985535
0.505 64 0.460148712355 0.0448512876445 0.008 0.001 0.0358512876445
0.513 65 0.475155485817 0.0378445141831 0.008 0.001 0.0288445141831
0.521 66 0.483971375984 0.0370286240163 0.008 0.001 0.0280286240163
0.529 67 0.488248191772 0.0407518082278 0.008 0.001 0.0317518082278
0.537 68 0.492124417401 0.0448755825986 0.008 0.001 0.0358755825986
0.545 69 0.498605257756 0.046394742244 0.008 0.001 0.037394742244
0.553 70 0.500371228247 0.0526287717532 0.008 0.001 0.0436287717532
0.561 71 0.509924978228 0.0510750217716 0.008 0.001 0.0420750217716
0.569 72 0.51193403363 0.0570659663698 0.008 0.001 0.0480659663698
0.577 73 0.515022487087 0.0619775129134 0.008 0.001 0.0529775129134
0.585 74 0.517328023021 0.0676719769792 0.008 0.001 0.0586719769792
0.593 75 0.52003460541 0.0729653945902 0.008 0.001 0.0639653945902
0.601 76 0.541673635779 0.0593263642214 0.008 0.001 0.0503263642214
0.609 77 0.54436915537 0.0646308446304 0.008 0.001 0.0556308446304
0.617 78 0.546437957733 0.0705620422672 0.008 0.001 0.0615620422672
0.625 79 0.549457917654 0.0755420823461 0.008 0.001 0.0665420823461
0.633 80 0.561145026229 0.0718549737708 0.008 0.001 0.0628549737708
0.641 81 0.566155708997 0.0748442910027 0.008 0.001 0.0658442910027
0.649 82 0.572696230364 0.0763037696355 0.008 0.001 0.0673037696355
0.657 83 0.577948384491 0.0790516155091 0.008 0.001 0.0700516155091
0.665 84 0.581767892171 0.0832321078285 0.008 0.001 0.0742321078285
0.673 85 0.587968998637 0.0850310013628 0.008 0.001 0.0760310013628
0.681 86 0.595074846276 0.0859251537236 0.008 0.001 0.0769251537236
0.689 87 0.599184368897 0.0898156311033 0.008 0.001 0.0808156311033
0.697 88 0.617925241804 0.0790747581964 0.008 0.001 0.0700747581964
0.705 89 0.650322250839 0.0546777491611 0.008 0.001 0.0456777491611
0.713 90 0.66390450226 0.0490954977396 0.008 0.001 0.0400954977396
0.721 91 0.675629632211 0.0453703677892 0.008 0.001 0.0363703677892
0.729 92 0.6907203687 0.0382796313002 0.008 0.001 0.0292796313002
0.737 93 0.69669526043 0.0403047395696 0.008 0.001 0.0313047395696
0.745 94 0.702569175778 0.0424308242221 0.008 0.001 0.0334308242221
0.753 95 0.703388523377 0.0496114766228 0.008 0.001 0.0406114766228
0.761 96 0.710504287694 0.0504957123058 0.008 0.001 0.0414957123058
0.769 97 0.712277047571 0.0567229524285 0.008 0.001 0.0477229524285
0.777 98 0.718902041614 0.0580979583857 0.008 0.001 0.0490979583857
0.785 99 0.739609188928 0.0453908110721 0.008 0.001 0.0363908110721
0.793 100 0.751992556119 0.0410074438809 0.008 0.001 0.0320074438809
0.801 101 0.753671649228 0.0473283507719 0.008 0.001 0.0383283507719
0.809 102 0.762076497266 0.0469235027337 0.008 0.001 0.0379235027337
0.817 103 0.763858844223 0.0531411557766 0.008 0.001 0.0441411557766
0.825 104 0.769132489676 0.0558675103237 0.008 0.001 0.0468675103237
0.833 105 0.773180125859 0.0598198741414 0.008 0.001 0.0508198741414
0.841 106 0.783040766352 0.0579592336482 0.008 0.001 0.0489592336482
0.849 107 0.785708504579 0.0632914954213 0.008 0.001 0.0542914954213
0.857 108 0.796429918508 0.0605700814919 0.008 0.001 0.0515700814919
0.865 109 0.796435711246 0.0685642887537 0.008 0.001 0.0595642887537
0.873 110 0.802741695404 0.0702583045956 0.008 0.001 0.0612583045956
0.881 111 0.803088409695 0.0779115903046 0.008 0.001 0.0689115903046
0.889 112 0.807120260441 0.0818797395594 0.008 0.001 0.0728797395594
0.897 113 0.812233206394 0.0847667936059 0.008 0.001 0.0757667936059
0.905 114 0.834151810401 0.0708481895989 0.008 0.001 0.0618481895989
0.913 115 0.840104867412 0.072895132588 0.008 0.001 0.063895132588
0.921 116 0.848482076173 0.0725179238266 0.008 0.001 0.0635179238266
0.929 117 0.849598267757 0.0794017322434 0.008 0.001 0.0704017322434
0.937 118 0.851916888856 0.0850831111443 0.008 0.001 0.0760831111443
0.945 119 0.868135939288 0.0768640607121 0.008 0.001 0.0678640607121
0.953 120 0.877401109478 0.0755988905222 0.008 0.001 0.0665988905222
0.961 121 0.88577319433 0.0752268056703 0.008 0.001 0.0662268056703
0.969 122 0.896350092615 0.0726499073854 0.008 0.001 0.0636499073854
0.977 123 0.903999245993 0.0730007540073 0.008 0.001 0.0640007540073
0.985 124 0.909180453814 0.0758195461856 0.008 0.001 0.0668195461856
0.993 125 0.920285114549 0.072714885451 0.008 0.001 0.063714885451
1.001 126 0.941681874994 0.0593181250064 0.008 0.001 0.0503181250064
1.009 127 0.942021315887 0.0669786841129 0.008 0.001 0.0579786841129
1.017 128 0.959971963849 0.0570280361507 0.008 0.001 0.0480280361507
1.025 129 0.97397080027 0.0510291997297 0.008 0.001 0.0420291997297
1.033 130 0.985492512374 0.0475074876257 0.008 0.001 0.0385074876257
1.041 131 0.990036553638 0.0509634463615 0.008 0.001 0.0419634463615
1.049 132 0.993950626918 0.0550493730816 0.008 0.001 0.0460493730816
1.057 133 0.997380695336 0.0596193046641 0.008 0.001 0.0506193046641
1.065 134 0.998195749611 0.0668042503888 0.008 0.001 0.0578042503888
1.073 135 0.999795150608 0.0732048493924 0.008 0.001 0.0642048493924
1.081 136 1.0039460184 0.0770539816015 0.008 0.001 0.0680539816015
1.089 137 1.01474016697 0.074259833035 0.008 0.001 0.065259833035
1.097 138 1.01914676713 0.0778532328701 0.008 0.001 0.0688532328701
1.105 139 1.0272303163 0.0777696836988 0.008 0.001 0.0687696836988
1.113 140 1.03397698327 0.079023016726 0.008 0.001 0.070023016726
1.121 141 1.03534939052 0.0856506094788 0.008 0.001 0.0766506094788
1.129 142 1.0398975963 0.0891024037004 0.008 0.001 0.0801024037004
1.137 143 1.04027491062 0.096725089384 0.008 0.001 0.087725089384
1.145 144 1.05473118767 0.0902688123275 0.008 0.001 0.0812688123275
1.153 145 1.05746131605 0.09553868395 0.008 0.001 0.08653868395
1.161 146 1.085491375 0.0755086249959 0.008 0.001 0.0665086249959
1.169 147 1.10740711053 0.061592889469 0.008 0.001 0.052592889469
1.177 148 1.10849647828 0.068503521719 0.008 0.001 0.059503521719
1.185 149 1.11200543286 0.0729945671363 0.008 0.001 0.0639945671363
1.193 150 1.1231054637 0.0698945363043 0.008 0.001 0.0608945363043
1.201 151 1.12702066373 0.0739793362726 0.008 0.001 0.0649793362726
1.209 152 1.12766244152 0.081337558481 0.008 0.001 0.072337558481
1.217 153 1.13378993333 0.0832100666723 0.008 0.001 0.0742100666723
1.225 154 1.1384083891 0.0865916109025 0.008 0.001 0.0775916109025
1.233 155 1.14220571618 0.0907942838197 0.008 0.001 0.0817942838197
1.241 156 1.15688657669 0.0841134233091 0.008 0.001 0.0751134233091
1.249 157 1.17569073983 0.0733092601747 0.008 0.001 0.0643092601747
1.257 158 1.18393359969 0.073066400306 0.008 0.001 0.064066400306
1.265 159 1.18702134897 0.0779786510308 0.008 0.001 0.0689786510308
1.273 160 1.20019767455 0.0728023254536 0.008 0.001 0.0638023254536
1.281 161 1.20522602182 0.0757739781807 0.008 0.001 0.0667739781807
1.289 162 1.20620561512 0.0827943848818 0.008 0.001 0.0737943848818
1.297 163 1.20731276806 0.0896872319392 0.008 0.001 0.0806872319392
1.305 164 1.21198529703 0.0930147029747 0.008 0.001 0.0840147029747
1.313 165 1.22252529027 0.0904747097276 0.008 0.001 0.0814747097276
1.321 166 1.22418512901 0.0968148709901 0.008 0.001 0.0878148709901
1.329 167 1.23007273166 0.0989272683397 0.008 0.001 0.0899272683397
1.337 168 1.23947725323 0.0975227467663 0.008 0.001 0.0885227467663
1.345 169 1.24335267838 0.101647321625 0.008 0.001 0.0926473216245
1.353 170 1.25442733827 0.0985726617321 0.008 0.001 0.0895726617321
1.361 171 1.25692863625 0.104071363746 0.008 0.001 0.0950713637463
1.369 172 1.2583131019 0.1106868981 0.008 0.001 0.1016868981
1.377 173 1.26183488744 0.115165112556 0.008 0.001 0.106165112556
1.385 174 1.26306759373 0.121932406267 0.008 0.001 0.112932406267
1.393 175 1.26432577395 0.128674226046 0.008 0.001 0.119674226046
1.401 176 1.26434823298 0.136651767022 0.008 0.001 0.127651767022
1.409 177 1.26483673903 0.144163260973 0.008 0.001 0.135163260973
1.417 178 1.28571659705 0.131283402953 0.008 0.001 0.122283402953
1.425 179 1.28643624499 0.138563755007 0.008 0.001 0.129563755007
1.433 180 1.28813162408 0.144868375915 0.008 0.001 0.135868375915
1.441 181 1.30211222773 0.138887772272 0.008 0.001 0.129887772272
1.449 182 1.31051131077 0.138488689232 0.008 0.001 0.129488689232
1.457 183 1.31930277572 0.137697224283 0.008 0.001 0.128697224283
1.465 184 1.321757312 0.143242687997 0.008 0.001 0.134242687997
1.473 185 1.32317512943 0.149824870575 0.008 0.001 0.140824870575
1.481 186 1.33072933881 0.150270661192 0.008 0.001 0.141270661192
1.489 187 1.33862770882 0.150372291178 0.008 0.001 0.141372291178
1.497 188 1.35165630602 0.145343693978 0.008 0.001 0.136343693978
1.505 189 1.35208728845 0.152912711549 0.008 0.001 0.143912711549
1.513 190 1.36237425867 0.150625741325 0.008 0.001 0.141625741325
1.521 191 1.36368377015 0.157316229845 0.008 0.001 0.148316229845
1.529 192 1.38081258827 0.14818741173 0.008 0.001 0.13918741173
1.537 193 1.38387685281 0.153123147189 0.008 0.001 0.144123147189
1.545 194 1.38617548553 0.15882451447 0.008 0.001 0.14982451447
1.553 195 1.40173539677 0.151264603227 0.008 0.001 0.142264603227
1.561 196 1.40260104783 0.15839895217 0.008 0.001 0.14939895217
1.569 197 1.40277118309 0.166228816907 0.008 0.001 0.157228816907
1.577 198 1.40434241803 0.172657581966 0.008 0.001 0.163657581966
1.585 199 1.41423275459 0.170767245406 0.008 0.001 0.161767245406
1.593 200 1.4297064142 0.163293585797 0.008 0.001 0.154293585797
1.601 201 1.43873197254 0.162268027461 0.008 0.001 0.153268027461
1.609 202 1.43973358367 0.169266416333 0.008 0.001 0.160266416333
1.617 203 1.44770511941 0.169294880588 0.008 0.001 0.160294880588
1.625 204 1.44897342712 0.176026572875 0.008 0.001 0.167026572875
1.633 205 1.45799159142 0.175008408577 0.008 0.001 0.166008408577
1.641 206 1.45877070795 0.182229292046 0.008 0.001 0.173229292046
1.649 207 1.49350295773 0.155497042274 0.008 0.001 0.146497042274
1.657 208 1.50268608106 0.154313918939 0.008 0.001 0.145313918939
1.665 209 1.52210831 0.142891690003 0.008 0.001 0.133891690003
1.673 210 1.52404250123 0.148957498772 0.008 0.001 0.139957498772
1.681 211 1.53264211723 0.148357882768 0.008 0.001 0.139357882768
1.689 212 1.53834168317 0.150658316834 0.008 0.001 0.141658316834
1.697 213 1.5570732421 0.139926757903 0.008 0.001 0.130926757903
1.705 214 1.55766093536 0.147339064643 0.008 0.001 0.138339064643
1.713 215 1.56135543308 0.151644566918 0.008 0.001 0.142644566918
1.721 216 1.56237655943 0.158623440571 0.008 0.001 0.149623440571
1.729 217 1.57031312152 0.158686878477 0.008 0.001 0.149686878477
1.737 218 1.59337243018 0.143627569824 0.008 0.001 0.134627569824
1.745 219 1.60026271866 0.144737281336 0.008 0.001 0.135737281336
1.753 220 1.61508536887 0.13791463113 0.008 0.001 0.12891463113
1.761 221 1.61583048407 0.145169515929 0.008 0.001 0.136169515929
1.769 222 1.61903804416 0.149961955844 0.008 0.001 0.140961955844
1.777 223 1.64911827396 0.127881726043 0.008 0.001 0.118881726043
1.785 224 1.65718713034 0.127812869657 0.008 0.001 0.118812869657
1.793 225 1.66274699189 0.13025300811 0.008 0.001 0.12125300811
1.801 226 1.67937838889 0.12162161111 0.008 0.001 0.11262161111
1.809 227 1.68133418578 0.127665814217 0.008 0.001 0.118665814217
1.817 228 1.68211295194 0.134887048057 0.008 0.001 0.125887048057
1.825 229 1.68764142831 0.137358571692 0.008 0.001 0.128358571692
1.833 230 1.68883894604 0.144161053956 0.008 0.001 0.135161053956
1.841 231 1.69886957957 0.142130420431 0.008 0.001 0.133130420431
1.849 232 1.70241493433 0.146585065672 0.008 0.001 0.137585065672
1.857 233 1.70318915521 0.153810844786 0.008 0.001 0.144810844786
1.865 234 1.70600777109 0.158992228912 0.008 0.001 0.149992228912
1.873 235 1.7114772475 0.161522752496 0.008 0.001 0.152522752496
1.881 236 1.73264664759 0.148353352406 0.008 0.001 0.139353352406
1.889 237 1.73397807056 0.155021929439 0.008 0.001 0.146021929439
1.897 238 1.7512954903 0.145704509698 0.008 0.001 0.136704509698
1.905 239 1.75386496331 0.15113503669 0.008 0.001 0.14213503669
1.913 240 1.75810569691 0.154894303088 0.008 0.001 0.145894303088
1.921 241 1.78720316582 0.133796834185 0.008 0.001 0.124796834185
1.929 242 1.8119644922 0.117035507798 0.008 0.001 0.108035507798
1.937 243 1.82867827381 0.108321726187 0.008 0.001 0.0993217261874
1.945 244 1.85233108029 0.0926689197072 0.008 0.001 0.0836689197072
1.953 245 1.85353161068 0.0994683893243 0.008 0.001 0.0904683893243
1.961 246 1.85556824636 0.105431753636 0.008 0.001 0.0964317536358
1.969 247 1.88065299086 0.0883470091383 0.008 0.001 0.0793470091383
1.977 248 1.88072608413 0.0962739158736 0.008 0.001 0.0872739158736
1.985 249 1.90401657852 0.0809834214822 0.008 0.001 0.0719834214822
1.993 250 1.93666164966 0.0563383503367 0.008 0.001 0.0473383503367
2.001 251 1.96088520688 0.0401147931159 0.008 0.001 0.0311147931159
2.009 252 1.96372952696 0.0452704730366 0.008 0.001 0.0362704730366
2.017 253 1.96387894592 0.0531210540816 0.008 0.001 0.0441210540816
2.025 254 1.97591608346 0.049083916541 0.008 0.001 0.040083916541
2.033 255 1.9777278985 0.0552721015014 0.008 0.001 0.0462721015014
2.041 256 1.97824653022 0.0627534697785 0.008 0.001 0.0537534697785
2.049 257 1.9852374551 0.0637625448955 0.008 0.001 0.0547625448955
2.057 258 1.98649649609 0.0705035039088 0.008 0.001 0.0615035039088
2.065 259 1.98915630887 0.0758436911335 0.008 0.001 0.0668436911335
2.073 260 1.99664339328 0.0763566067172 0.008 0.001 0.0673566067172
2.081 261 2.00466585182 0.0763341481821 0.008 0.001 0.0673341481821
2.089 262 2.0131165174 0.0758834826004 0.008 0.001 0.0668834826004
2.097 263 2.02013156534 0.0768684346603 0.008 0.001 0.0678684346603
2.105 264 2.03651116871 0.0684888312853 0.008 0.001 0.0594888312853
2.113 265 2.03963007596 0.073369924036 0.008 0.001 0.064369924036
2.121 266 2.05123324812 0.0697667518798 0.008 0.001 0.0607667518798
2.129 267 2.05673704575 0.0722629542531 0.008 0.001 0.0632629542531
2.137 268 2.07329574484 0.0637042551637 0.008 0.001 0.0547042551637
2.145 269 2.07635596224 0.068644037756 0.008 0.001 0.059644037756
2.153 270 2.0776029645 0.0753970354963 0.008 0.001 0.0663970354963
2.161 271 2.07901160647 0.0819883935332 0.008 0.001 0.0729883935332
2.169 272 2.08163346869 0.0873665313111 0.008 0.001 0.0783665313111
2.177 273 2.08184065919 0.0951593408065 0.008 0.001 0.0861593408065
2.185 274 2.08850200176 0.0964979982379 0.008 0.001 0.0874979982379
2.193 275 2.11793930745 0.0750606925451 0.008 0.001 0.0660606925451
2.201 276 2.13238400242 0.068615997582 0.008 0.001 0.059615997582
2.209 277 2.139852114 0.0691478860033 0.008 0.001 0.0601478860033
2.217 278 2.1442167851 0.0727832148992 0.008 0.001 0.0637832148992
2.225 279 2.16603903579 0.0589609642114 0.008 0.001 0.0499609642114
2.233 280 2.16989197599 0.063108024007 0.008 0.001 0.054108024007
2.241 281 2.20160852337 0.0393914766323 0.008 0.001 0.0303914766323
2.249 282 2.20966471494 0.0393352850586 0.008 0.001 0.0303352850586
2.257 283 2.20969308795 0.0473069120501 0.008 0.001 0.0383069120501
2.265 284 2.2099916649 0.0550083350959 0.008 0.001 0.0460083350959
2.273 285 2.21426263547 0.0587373645336 0.008 0.001 0.0497373645336
2.281 286 2.21886322887 0.0621367711279 0.008 0.001 0.0531367711279
2.289 287 2.23021530399 0.0587846960138 0.008 0.001 0.0497846960138
2.297 288 2.23266750982 0.0643324901769 0.008 0.001 0.0553324901769
2.305 289 2.23266875892 0.0723312410772 0.008 0.001 0.0633312410772
2.313 290 2.23718441927 0.0758155807301 0.008 0.001 0.0668155807301
2.321 291 2.24052691216 0.0804730878429 0.008 0.001 0.0714730878429
2.329 292 2.24951945453 0.07948054547 0.008 0.001 0.07048054547
2.337 293 2.2543257293 0.0826742706997 0.008 0.001 0.0736742706997
2.345 294 2.26182189491 0.0831781050938 0.008 0.001 0.0741781050938
2.353 295 2.26814891105 0.0848510889456 0.008 0.001 0.0758510889456
2.361 296 2.272937695 0.0880623049955 0.008 0.001 0.0790623049955
2.369 297 2.27814350375 0.0908564962454 0.008 0.001 0.0818564962454
2.377 298 2.29392681624 0.0830731837637 0.008 0.001 0.0740731837637
2.385 299 2.3075521575 0.0774478425009 0.008 0.001 0.0684478425009
2.393 300 2.30770501375 0.0852949862506 0.008 0.001 0.0762949862506
2.401 301 2.30910870533 0.0918912946656 0.008 0.001 0.0828912946656
2.409 302 2.30991672427 0.0990832757334 0.008 0.001 0.0900832757334
2.417 303 2.31196748624 0.105032513761 0.008 0.001 0.0960325137607
2.425 304 2.31710353222 0.107896467779 0.008 0.001 0.0988964677786
2.433 305 2.32358019105 0.109419808953 0.008 0.001 0.100419808953
2.441 306 2.3401284743 0.1008715257 0.008 0.001 0.0918715256999
2.449 307 2.34500675674 0.103993243257 0.008 0.001 0.0949932432565
2.457 308 2.34680336574 0.110196634258 0.008 0.001 0.101196634258
2.465 309 2.34879884467 0.116201155334 0.008 0.001 0.107201155334
2.473 310 2.35268340758 0.120316592422 0.008 0.001 0.111316592422
2.481 311 2.38418165839 0.0968183416096 0.008 0.001 0.0878183416096
2.489 312 2.4013041332 0.0876958668008 0.008 0.001 0.0786958668008
2.497 313 2.40176527226 0.095234727744 0.008 0.001 0.086234727744
2.505 314 2.41745269999 0.0875473000117 0.008 0.001 0.0785473000117
2.513 315 2.43481652811 0.0781834718909 0.008 0.001 0.0691834718909
2.521 316 2.44701443485 0.0739855651491 0.008 0.001 0.0649855651491
2.529 317 2.4655970014 0.0634029986031 0.008 0.001 0.0544029986031
2.537 318 2.46625917497 0.0707408250284 0.008 0.001 0.0617408250284
2.545 319 2.4732414885 0.0717585115049 0.008 0.001 0.0627585115049
2.553 320 2.47907831821 0.0739216817937 0.008 0.001 0.0649216817937
2.561 321 2.49447040258 0.0665295974215 0.008 0.001 0.0575295974215
2.569 322 2.50696554456 0.0620344554352 0.008 0.001 0.0530344554352
2.577 323 2.51224477287 0.0647552271297 0.008 0.001 0.0557552271297
2.585 324 2.51774615361 0.067253846393 0.008 0.001 0.058253846393
2.593 325 2.52289304948 0.0701069505202 0.008 0.001 0.0611069505202
2.601 326 2.54521256183 0.0557874381673 0.008 0.001 0.0467874381673
2.609 327 2.55366631121 0.055333688792 0.008 0.001 0.046333688792
2.617 328 2.5630122871 0.053987712902 0.008 0.001 0.044987712902
2.625 329 2.56371986176 0.0612801382431 0.008 0.001 0.0522801382431
2.633 330 2.58273676592 0.0502632340827 0.008 0.001 0.0412632340827
2.641 331 2.58815662664 0.0528433733598 0.008 0.001 0.0438433733598
2.649 332 2.5884175331 0.0605824669038 0.008 0.001 0.0515824669038
2.657 333 2.59921325015 0.0577867498459 0.008 0.001 0.0487867498459
2.665 334 2.61047585281 0.0545241471922 0.008 0.001 0.0455241471922
2.673 335 2.61776987554 0.0552301244594 0.008 0.001 0.0462301244594
2.681 336 2.61913143008 0.0618685699207 0.008 0.001 0.0528685699207
2.689 337 2.62573174953 0.0632682504668 0.008 0.001 0.0542682504668
2.697 338 2.63684635228 0.0601536477214 0.008 0.001 0.0511536477214
2.705 339 2.65238511921 0.0526148807888 0.008 0.001 0.0436148807888
2.713 340 2.65301940532 0.0599805946775 0.008 0.001 0.0509805946775
2.721 341 2.65335033213 0.0676496678718 0.008 0.001 0.0586496678718
2.729 342 2.65475596726 0.0742440327386 0.008 0.001 0.0652440327386
2.737 343 2.67058357969 0.0664164203122 0.008 0.001 0.0574164203122
2.745 344 2.67211026585 0.0728897341486 0.008 0.001 0.0638897341486
2.753 345 2.67551785367 0.0774821463292 0.008 0.001 0.0684821463292
2.761 346 2.68447049381 0.0765295061933 0.008 0.001 0.0675295061933
2.769 347 2.68968907055 0.0793109294481 0.008 0.001 0.0703109294481
2.777 348 2.68992765278 0.087072347218 0.008 0.001 0.078072347218
2.785 349 2.69943433711 0.0855656628902 0.008 0.001 0.0765656628902
2.793 350 2.72026678292 0.072733217082 0.008 0.001 0.063733217082
2.801 351 2.72456010814 0.0764398918567 0.008 0.001 0.0674398918567
2.809 352 2.72751765249 0.0814823475118 0.008 0.001 0.0724823475118
2.817 353 2.72828943629 0.0887105637106 0.008 0.001 0.0797105637106
2.825 354 2.72846734257 0.0965326574269 0.008 0.001 0.0875326574269
2.833 355 2.73975505856 0.0932449414368 0.008 0.001 0.0842449414368
2.841 356 2.74400246244 0.0969975375649 0.008 0.001 0.0879975375649
2.849 357 2.75007738967 0.0989226103342 0.008 0.001 0.0899226103342
2.857 358 2.75475632619 0.102243673809 0.008 0.001 0.0932436738089
2.865 359 2.75551221903 0.109487780968 0.008 0.001 0.100487780968
2.873 360 2.76083066659 0.112169333411 0.008 0.001 0.103169333411
2.881 361 2.7888047311 0.0921952688991 0.008 0.001 0.0831952688991
2.889 362 2.8059289476 0.0830710523952 0.008 0.001 0.0740710523952
2.897 363 2.81204871652 0.0849512834782 0.008 0.001 0.0759512834782
2.905 364 2.81310973903 0.0918902609686 0.008 0.001 0.0828902609686
2.913 365 2.81682578896 0.0961742110428 0.008 0.001 0.0871742110428
2.921 366 2.82038253695 0.100617463047 0.008 0.001 0.0916174630468
2.929 367 2.82437739473 0.104622605268 0.008 0.001 0.0956226052683
2.937 368 2.82568021908 0.111319780917 0.008 0.001 0.102319780917
2.945 369 2.83027353937 0.114726460632 0.008 0.001 0.105726460632
2.953 370 2.83565773507 0.117342264931 0.008 0.001 0.108342264931
2.961 371 2.84197234118 0.119027658817 0.008 0.001 0.110027658817
2.969 372 2.85340450848 0.115595491519 0.008 0.001 0.106595491519
2.977 373 2.85647175166 0.120528248344 0.008 0.001 0.111528248344
2.985 374 2.86042706309 0.124572936911 0.008 0.001 0.115572936911
2.993 375 2.86805646808 0.124943531918 0.008 0.001 0.115943531918
3.001 376 2.87749689294 0.12350310706 0.008 0.001 0.11450310706
3.009 377 2.88909444974 0.119905550259 0.008 0.001 0.110905550259
3.017 378 2.89698329774 0.120016702258 0.008 0.001 0.111016702258
3.025 379 2.90025861446 0.124741385541 0.008 0.001 0.115741385541
3.033 380 2.90180245233 0.131197547666 0.008 0.001 0.122197547666
3.041 381 2.9116495814 0.129350418602 0.008 0.001 0.120350418602
3.049 382 2.91456335359 0.134436646405 0.008 0.001 0.125436646405
3.057 383 2.91733084629 0.139669153709 0.008 0.001 0.130669153709
3.065 384 2.93810424264 0.126895757365 0.008 0.001 0.117895757365
3.073 385 2.93958606896 0.133413931043 0.008 0.001 0.124413931043
3.081 386 2.9416673681 0.139332631902 0.008 0.001 0.130332631902
3.089 387 2.94356008409 0.145439915908 0.008 0.001 0.136439915908
3.097 388 2.94676659624 0.150233403764 0.008 0.001 0.141233403764
3.105 389 2.94696493679 0.158035063215 0.008 0.001 0.149035063215
3.113 390 2.95126779135 0.161732208652 0.008 0.001 0.152732208652
3.121 391 2.96836468537 0.152635314634 0.008 0.001 0.143635314634
3.129 392 2.98070227987 0.148297720127 0.008 0.001 0.139297720127
3.137 393 2.98337516401 0.153624835985 0.008 0.001 0.144624835985
3.145 394 2.98339309387 0.161606906134 0.008 0.001 0.152606906134
3.153 395 2.98745073077 0.165549269231 0.008 0.001 0.156549269231
3.161 396 3.00768134694 0.153318653064 0.008 0.001 0.144318653064
3.169 397 3.01095312909 0.158046870913 0.008 0.001 0.149046870913
3.177 398 3.02844090475 0.148559095251 0.008 0.001 0.139559095251
3.185 399 3.03331538973 0.151684610273 0.008 0.001 0.142684610273
3.193 400 3.0438135542 0.149186445801 0.008 0.001 0.140186445801
3.201 401 3.04616880041 0.154831199592 0.008 0.001 0.145831199592
3.209 402 3.05491970063 0.154080299374 0.008 0.001 0.145080299374
3.217 403 3.06053533147 0.156464668533 0.008 0.001 0.147464668533
3.225 404 3.07110569071 0.153894309294 0.008 0.001 0.144894309294
3.233 405 3.07631009603 0.156689903969 0.008 0.001 0.147689903969
3.241 406 3.08023519478 0.160764805225 0.008 0.001 0.151764805225
3.249 407 3.08113590649 0.167864093514 0.008 0.001 0.158864093514
3.257 408 3.09584520265 0.161154797353 0.008 0.001 0.152154797353
3.265 409 3.10167231651 0.163327683495 0.008 0.001 0.154327683495
3.273 410 3.10397364965 0.169026350353 0.008 0.001 0.160026350353
3.281 411 3.10628791911 0.174712080889 0.008 0.001 0.165712080889
3.289 412 3.1205958792 0.168404120803 0.008 0.001 0.159404120803
3.297 413 3.12666678265 0.170333217354 0.008 0.001 0.161333217354
3.305 414 3.13594223785 0.169057762148 0.008 0.001 0.160057762148
3.313 415 3.14452503951 0.168474960495 0.008 0.001 0.159474960495
3.321 416 3.14783128281 0.173168717191 0.008 0.001 0.164168717191
3.329 417 3.15516405588 0.173835944125 0.008 0.001 0.164835944125
3.337 418 3.1570059207 0.179994079297 0.008 0.001 0.170994079297
3.345 419 3.15747463568 0.187525364316 0.008 0.001 0.178525364316
3.353 420 3.16804281933 0.184957180671 0.008 0.001 0.175957180671
3.361 421 3.17874891714 0.182251082862 0.008 0.001 0.173251082862
3.369 422 3.18474085008 0.184259149919 0.008 0.001 0.175259149919
3.377 423 3.18801046577 0.188989534226 0.008 0.001 0.179989534226
3.385 424 3.19113845115 0.19386154885 0.008 0.001 0.18486154885
3.393 425 3.19699119769 0.196008802308 0.008 0.001 0.187008802308
3.401 426 3.22088136809 0.180118631905 0.008 0.001 0.171118631905
3.409 427 3.23957613057 0.16942386943 0.008 0.001 0.16042386943
3.417 428 3.24214145156 0.174858548439 0.008 0.001 0.165858548439
3.425 429 3.24847897583 0.176521024174 0.008 0.001 0.167521024174
3.433 430 3.25554375457 0.177456245432 0.008 0.001 0.168456245432
3.441 431 3.25706118168 0.183938818321 0.008 0.001 0.174938818321
3.449 432 3.25878121296 0.190218787041 0.008 0.001 0.181218787041
3.457 433 3.27684794656 0.180152053441 0.008 0.001 0.171152053441
3.465 434 3.28054574247 0.184454257528 0.008 0.001 0.175454257528
3.473 435 3.28090811223 0.192091887773 0.008 0.001 0.183091887773
3.481 436 3.28496062043 0.196039379571 0.008 0.001 0.187039379571
3.489 437 3.29742343755 0.191576562447 0.008 0.001 0.182576562447
3.497 438 3.33935378021 0.157646219794 0.008 0.001 0.148646219794
3.505 439 3.34663180172 0.158368198277 0.008 0.001 0.149368198277
3.513 440 3.34680265056 0.166197349441 0.008 0.001 0.157197349441
3.521 441 3.34869732331 0.172302676694 0.008 0.001 0.163302676694
3.529 442 3.35381365494 0.175186345058 0.008 0.001 0.166186345058
3.537 443 3.36100430953 0.175995690465 0.008 0.001 0.166995690465
3.545 444 3.36427500742 0.180724992585 0.008 0.001 0.171724992585
3.553 445 3.38418703549 0.168812964509 0.008 0.001 0.159812964509
3.561 446 3.38455354018 0.17644645982 0.008 0.001 0.16744645982
3.569 447 3.38849064078 0.180509359219 0.008 0.001 0.171509359219
3.577 448 3.39054623437 0.18645376563 0.008 0.001 0.17745376563
3.585 449 3.39225580721 0.192744192791 0.008 0.001 0.183744192791
3.593 450 3.39394772943 0.199052270575 0.008 0.001 0.190052270575
3.601 451 3.39716804855 0.203831951449 0.008 0.001 0.194831951449
3.609 452 3.40269396228 0.206306037723 0.008 0.001 0.197306037723
3.617 453 3.40491582724 0.212084172758 0.008 0.001 0.203084172758
3.625 454 3.41421510043 0.210784899565 0.008 0.001 0.201784899565
3.633 455 3.41634452916 0.216655470842 0.008 0.001 0.207655470842
3.641 456 3.42652965212 0.214470347882 0.008 0.001 0.205470347882
3.649 457 3.44622026572 0.202779734276 0.008 0.001 0.193779734276
3.657 458 3.44806747164 0.208932528361 0.008 0.001 0.199932528361
3.665 459 3.45652452847 0.208475471528 0.008 0.001 0.199475471528
3.673 460 3.4655997458 0.207400254201 0.008 0.001 0.198400254201
3.681 461 3.46720061288 0.213799387119 0.008 0.001 0.204799387119
3.689 462 3.47120147902 0.217798520979 0.008 0.001 0.208798520979
3.697 463 3.47130828498 0.225691715017 0.008 0.001 0.216691715017
3.705 464 3.47281806648 0.232181933524 0.008 0.001 0.223181933524
3.713 465 3.47722664717 0.23577335283 0.008 0.001 0.22677335283
3.721 466 3.4839797262 0.237020273805 0.008 0.001 0.228020273805
3.729 467 3.48835567205 0.240644327953 0.008 0.001 0.231644327953
3.737 468 3.49138936489 0.245610635105 0.008 0.001 0.236610635105
3.745 469 3.50513790589 0.239862094114 0.008 0.001 0.230862094114
3.753 470 3.50713611056 0.245863889441 0.008 0.001 0.236863889441
3.761 471 3.51067908016 0.250320919842 0.008 0.001 0.241320919842
3.769 472 3.5119171186 0.2570828814 0.008 0.001 0.2480828814
3.777 473 3.51906709985 0.257932900146 0.008 0.001 0.248932900146
3.785 474 3.52506010391 0.259939896092 0.008 0.001 0.250939896092
3.793 475 3.52522942664 0.26777057336 0.008 0.001 0.25877057336
3.801 476 3.52856895023 0.272431049773 0.008 0.001 0.263431049773
3.809 477 3.54272231972 0.26627768028 0.008 0.001 0.25727768028
3.817 478 3.54472531333 0.272274686667 0.008 0.001 0.263274686667
3.825 479 3.54499930309 0.280000696906 0.008 0.001 0.271000696906
3.833 480 3.54594317163 0.28705682837 0.008 0.001 0.27805682837
3.841 481 3.55047442835 0.290525571647 0.008 0.001 0.281525571647
3.849 482 3.56188098458 0.287119015424 0.008 0.001 0.278119015424
3.857 483 3.58368860813 0.273311391868 0.008 0.001 0.264311391868
3.865 484 3.58734274907 0.277657250928 0.008 0.001 0.268657250928
3.873 485 3.59114711718 0.281852882817 0.008 0.001 0.272852882817
3.881 486 3.59245360897 0.288546391035 0.008 0.001 0.279546391035
3.889 487 3.59855101768 0.290448982322 0.008 0.001 0.281448982322
3.897 488 3.61704392123 0.279956078766 0.008 0.001 0.270956078766
3.905 489 3.62304720259 0.281952797406 0.008 0.001 0.272952797406
3.913 490 3.62833503307 0.284664966925 0.008 0.001 0.275664966925
3.921 491 3.63174961594 0.289250384059 0.008 0.001 0.280250384059
3.929 492 3.63528809823 0.293711901766 0.008 0.001 0.284711901766
3.937 493 3.63858322479 0.298416775211 0.008 0.001 0.289416775211
3.945 494 3.64024186619 0.304758133807 0.008 0.001 0.295758133807
3.953 495 3.64534317059 0.307656829407 0.008 0.001 0.298656829407
3.961 496 3.64999734574 0.311002654265 0.008 0.001 0.302002654265
3.969 497 3.65231649916 0.31668350084 0.008 0.001 0.30768350084
3.977 498 3.65444160311 0.322558396885 0.008 0.001 0.313558396885
3.985 499 3.65907416128 0.32592583872 0.008 0.001 0.31692583872
3.993 500 3.66975518656 0.32324481344 0.008 0.001 0.31424481344
4.001 501 3.67032776506 0.330672234942 0.008 0.001 0.321672234942
4.009 502 3.6781080645 0.330891935503 0.008 0.001 0.321891935503
4.017 503 3.67831806232 0.33868193768 0.008 0.001 0.32968193768
4.025 504 3.70415818977 0.320841810231 0.008 0.001 0.311841810231
4.033 505 3.70788736644 0.325112633558 0.008 0.001 0.316112633558
4.041 506 3.7116553831 0.3293446169 0.008 0.001 0.3203446169
4.049 507 3.724808393 0.324191606998 0.008 0.001 0.315191606998
4.057 508 3.72654080016 0.33045919984 0.008 0.001 0.32145919984
4.065 509 3.7332606014 0.331739398598 0.008 0.001 0.322739398598
4.073 510 3.73715678171 0.335843218294 0.008 0.001 0.326843218294
4.081 511 3.76258422284 0.318415777161 0.008 0.001 0.309415777161
4.089 512 3.76547830665 0.323521693354 0.008 0.001 0.314521693354
4.097 513 3.76807560483 0.328924395173 0.008 0.001 0.319924395173
4.105 514 3.77914858841 0.325851411589 0.008 0.001 0.316851411589
4.113 515 3.78525424956 0.327745750438 0.008 0.001 0.318745750438
4.121 516 3.79581212665 0.325187873352 0.008 0.001 0.316187873352
4.129 517 3.79969684484 0.329303155159 0.008 0.001 0.320303155159
4.137 518 3.79977121666 0.337228783338 0.008 0.001 0.328228783338
4.145 519 3.80484232465 0.340157675348 0.008 0.001 0.331157675348
4.153 520 3.80772619177 0.345273808232 0.008 0.001 0.336273808232
4.161 521 3.81432292892 0.346677071084 0.008 0.001 0.337677071084
4.169 522 3.82301833224 0.34598166776 0.008 0.001 0.33698166776
4.177 523 3.83671790714 0.340282092865 0.008 0.001 0.331282092865
4.185 524 3.83739639676 0.347603603242 0.008 0.001 0.338603603242
4.193 525 3.84751785584 0.345482144157 0.008 0.001 0.336482144157
4.201 526 3.84759708283 0.353402917168 0.008 0.001 0.344402917168
4.209 527 3.84809856564 0.360901434362 0.008 0.001 0.351901434362
4.217 528 3.86653499894 0.350465001059 0.008 0.001 0.341465001059
4.225 529 3.88522836402 0.339771635976 0.008 0.001 0.330771635976
4.233 530 3.88874828572 0.344251714284 0.008 0.001 0.335251714284
4.241 531 3.89910640103 0.341893598971 0.008 0.001 0.332893598971
4.249 532 3.90035864315 0.348641356851 0.008 0.001 0.339641356851
4.257 533 3.90048087375 0.35651912625 0.008 0.001 0.34751912625
4.265 534 3.90389863969 0.361101360308 0.008 0.001 0.352101360308
4.273 535 3.9044867301 0.368513269896 0.008 0.001 0.359513269896
4.281 536 3.92534138248 0.355658617518 0.008 0.001 0.346658617518
4.289 537 3.92592427303 0.363075726966 0.008 0.001 0.354075726966
4.297 538 3.94258725487 0.354412745135 0.008 0.001 0.345412745135
4.305 539 3.9465670965 0.358432903498 0.008 0.001 0.349432903498
4.313 540 3.94963036372 0.363369636275 0.008 0.001 0.354369636275
4.321 541 3.9579731543 0.363026845701 0.008 0.001 0.354026845701
4.329 542 3.99891802922 0.330081970781 0.008 0.001 0.321081970781
4.337 543 3.99966340661 0.337336593394 0.008 0.001 0.328336593394
4.345 544 4.0199319718 0.325068028198 0.008 0.001 0.316068028198
4.353 545 4.02996107429 0.323038925713 0.008 0.001 0.314038925713
4.361 546 4.06224072549 0.298759274513 0.008 0.001 0.289759274513
4.369 547 4.06350940021 0.305490599792 0.008 0.001 0.296490599792
4.377 548 4.06939275084 0.307607249159 0.008 0.001 0.298607249159
4.385 549 4.07186097808 0.313139021918 0.008 0.001 0.304139021918
4.393 550 4.07372153709 0.319278462912 0.008 0.001 0.310278462912
4.401 551 4.07734451468 0.323655485317 0.008 0.001 0.314655485317
4.409 552 4.07936813621 0.329631863794 0.008 0.001 0.320631863794
4.417 553 4.10568069259 0.311319307411 0.008 0.001 0.302319307411
4.425 554 4.11229346792 0.312706532079 0.008 0.001 0.303706532079
4.433 555 4.11267732866 0.320322671341 0.008 0.001 0.311322671341
4.441 556 4.11608718754 0.32491281246 0.008 0.001 0.31591281246
4.449 557 4.12960783855 0.319392161447 0.008 0.001 0.310392161447
4.457 558 4.15787186457 0.29912813543 0.008 0.001 0.29012813543
4.465 559 4.16316040842 0.301839591585 0.008 0.001 0.292839591585
4.473 560 4.16342597116 0.309574028841 0.008 0.001 0.300574028841
4.481 561 4.16609092547 0.31490907453 0.008 0.001 0.30590907453
4.489 562 4.17581111492 0.313188885084 0.008 0.001 0.304188885084
4.497 563 4.186382003 0.310617996996 0.008 0.001 0.301617996996
4.505 564 4.20326307194 0.301736928063 0.008 0.001 0.292736928063
4.513 565 4.20812241393 0.304877586072 0.008 0.001 0.295877586072
4.521 566 4.20981955424 0.311180445762 0.008 0.001 0.302180445762
4.529 567 4.22608205551 0.302917944489 0.008 0.001 0.293917944489
4.537 568 4.23312345271 0.303876547288 0.008 0.001 0.294876547288
4.545 569 4.23696776229 0.308032237706 0.008 0.001 0.299032237706
4.553 570 4.24027150882 0.312728491177 0.008 0.001 0.303728491177
4.561 571 4.24061859946 0.320381400538 0.008 0.001 0.311381400538
4.569 572 4.24622598755 0.322774012447 0.008 0.001 0.313774012447
4.577 573 4.2531471561 0.323852843897 0.008 0.001 0.314852843897
4.585 574 4.25383158334 0.331168416657 0.008 0.001 0.322168416657
4.593 575 4.26082064089 0.332179359108 0.008 0.001 0.323179359108
4.601 576 4.26130148209 0.339698517909 0.008 0.001 0.330698517909
4.609 577 4.2650711945 0.343928805504 0.008 0.001 0.334928805504
4.617 578 4.26682186534 0.350178134663 0.008 0.001 0.341178134663
4.625 579 4.26829479446 0.356705205541 0.008 0.001 0.347705205541
4.633 580 4.27371517251 0.359284827492 0.008 0.001 0.350284827492
4.641 581 4.29006021388 0.350939786118 0.008 0.001 0.341939786118
4.649 582 4.3157474685 0.333252531498 0.008 0.001 0.324252531498
4.657 583 4.35282168985 0.304178310146 0.008 0.001 0.295178310146
4.665 584 4.35884657761 0.306153422391 0.008 0.001 0.297153422391
4.673 585 4.36278513893 0.310214861073 0.008 0.001 0.301214861073
4.681 586 4.37262316398 0.308376836019 0.008 0.001 0.299376836019
4.689 587 4.37586340273 0.31313659727 0.008 0.001 0.30413659727
4.697 588 4.38025130165 0.316748698349 0.008 0.001 0.307748698349
4.705 589 4.38641321173 0.318586788271 0.008 0.001 0.309586788271
4.713 590 4.38666474246 0.326335257538 0.008 0.001 0.317335257538
4.721 591 4.41040754483 0.310592455171 0.008 0.001 0.301592455171
4.729 592 4.42682034047 0.302179659528 0.008 0.001 0.293179659528
4.737 593 4.43224097035 0.304759029649 0.008 0.001 0.295759029649
4.745 594 4.43557065432 0.309429345679 0.008 0.001 0.300429345679
4.753 595 4.44221559657 0.310784403425 0.008 0.001 0.301784403425
4.761 596 4.45063418313 0.310365816874 0.008 0.001 0.301365816874
4.769 597 4.46293142323 0.306068576774 0.008 0.001 0.297068576774
4.777 598 4.51741799066 0.259582009343 0.008 0.001 0.250582009343
4.785 599 4.52343104317 0.26156895683 0.008 0.001 0.25256895683
4.793 600 4.52874175887 0.264258241128 0.008 0.001 0.255258241128
4.801 601 4.53184853343 0.269151466575 0.008 0.001 0.260151466575
4.809 602 4.54726964386 0.261730356139 0.008 0.001 0.252730356139
4.817 603 4.54964434369 0.267355656312 0.008 0.001 0.258355656312
4.825 604 4.56436268099 0.260637319013 0.008 0.001 0.251637319013
4.833 605 4.56581997648 0.267180023521 0.008 0.001 0.258180023521
4.841 606 4.56994717143 0.271052828573 0.008 0.001 0.262052828573
4.849 607 4.57174984493 0.277250155068 0.008 0.001 0.268250155068
4.857 608 4.59052028402 0.266479715984 0.008 0.001 0.257479715984
4.865 609 4.5925061027 0.272493897298 0.008 0.001 0.263493897298
4.873 610 4.60022297378 0.272777026215 0.008 0.001 0.263777026215
4.881 611 4.60143700654 0.279562993463 0.008 0.001 0.270562993463
4.889 612 4.60574800509 0.283251994911 0.008 0.001 0.274251994911
4.897 613 4.61102605457 0.285973945426 0.008 0.001 0.276973945426
4.905 614 4.61389342237 0.291106577634 0.008 0.001 0.282106577634
4.913 615 4.61925900202 0.293740997976 0.008 0.001 0.284740997976
4.921 616 4.62051554221 0.300484457792 0.008 0.001 0.291484457792
4.929 617 4.6226892105 0.306310789501 0.008 0.001 0.297310789501
4.937 618 4.64743425234 0.28956574766 0.008 0.001 0.28056574766
4.945 619 4.64987842335 0.295121576647 0.008 0.001 0.286121576647
4.953 620 4.65020180667 0.302798193331 0.008 0.001 0.293798193331
4.961 621 4.67041032116 0.290589678835 0.008 0.001 0.281589678835
4.969 622 4.67224483472 0.296755165278 0.008 0.001 0.287755165278
4.977 623 4.68279296211 0.29420703789 0.008 0.001 0.28520703789
4.985 624 4.68334577548 0.301654224518 0.008 0.001 0.292654224518
4.993 625 4.69602433619 0.296975663807 0.008 0.001 0.287975663807
5.001 626 4.69771074657 0.303289253425 0.008 0.001 0.294289253425
5.009 627 4.71711482992 0.29188517008 0.008 0.001 0.28288517008
5.017 628 4.72898491392 0.288015086082 0.008 0.001 0.279015086082
5.025 629 4.73071241136 0.29428758864 0.008 0.001 0.28528758864
5.033 630 4.73181633614 0.301183663864 0.008 0.001 0.292183663864
5.041 631 4.75271011657 0.288289883431 0.008 0.001 0.279289883431
5.049 632 4.75601348177 0.292986518226 0.008 0.001 0.283986518226
5.057 633 4.75698654305 0.300013456946 0.008 0.001 0.291013456946
5.065 634 4.76110771924 0.303892280756 0.008 0.001 0.294892280756
5.073 635 4.76751050024 0.305489499757 0.008 0.001 0.296489499757
5.081 636 4.77208521525 0.308914784749 0.008 0.001 0.299914784749
5.089 637 4.77491788858 0.314082111421 0.008 0.001 0.305082111421
5.097 638 4.78273367131 0.314266328687 0.008 0.001 0.305266328687
5.105 639 4.78499269802 0.320007301977 0.008 0.001 0.311007301977
5.113 640 4.79982665281 0.313173347191 0.008 0.001 0.304173347191
5.121 641 4.81750707445 0.303492925554 0.008 0.001 0.294492925554
5.129 642 4.82907023266 0.299929767342 0.008 0.001 0.290929767342
5.137 643 4.83061560752 0.306384392481 0.008 0.001 0.297384392481
5.145 644 4.83475252473 0.310247475266 0.008 0.001 0.301247475266
5.153 645 4.83891625989 0.314083740107 0.008 0.001 0.305083740107
5.161 646 4.83909594627 0.321904053731 0.008 0.001 0.312904053731
5.169 647 4.84357528263 0.325424717371 0.008 0.001 0.316424717371
5.177 648 4.84694623515 0.330053764847 0.008 0.001 0.321053764847
5.185 649 4.86982576713 0.315174232867 0.008 0.001 0.306174232867
5.193 650 4.88701107786 0.305988922142 0.008 0.001 0.296988922142
5.201 651 4.89809212348 0.302907876523 0.008 0.001 0.293907876523
5.209 652 4.89835002552 0.310649974475 0.008 0.001 0.301649974475
5.217 653 4.90201930873 0.314980691267 0.008 0.001 0.305980691267
5.225 654 4.90805731733 0.316942682671 0.008 0.001 0.307942682671
5.233 655 4.92494740119 0.308052598809 0.008 0.001 0.299052598809
5.241 656 4.93116591115 0.309834088848 0.008 0.001 0.300834088848
5.249 657 4.93369863593 0.31530136407 0.008 0.001 0.30630136407
5.257 658 4.94299674015 0.314003259847 0.008 0.001 0.305003259847
5.265 659 4.94646162841 0.318538371589 0.008 0.001 0.309538371589
5.273 660 4.96054390593 0.312456094072 0.008 0.001 0.303456094072
5.281 661 4.97172980817 0.309270191831 0.008 0.001 0.300270191831
5.289 662 4.97764097563 0.311359024372 0.008 0.001 0.302359024372
5.297 663 4.98215289979 0.314847100206 0.008 0.001 0.305847100206
5.305 664 4.98877379525 0.316226204747 0.008 0.001 0.307226204747
5.313 665 4.99079304452 0.322206955477 0.008 0.001 0.313206955477
5.321 666 4.99695183184 0.32404816816 0.008 0.001 0.31504816816
5.329 667 5.00953514003 0.319464859966 0.008 0.001 0.310464859966
5.337 668 5.02374108228 0.313258917722 0.008 0.001 0.304258917722
5.345 669 5.04248648868 0.302513511322 0.008 0.001 0.293513511322
5.353 670 5.04596809984 0.307031900165 0.008 0.001 0.298031900165
5.361 671 5.04702520972 0.313974790277 0.008 0.001 0.304974790277
5.369 672 5.06585822659 0.30314177341 0.008 0.001 0.29414177341
5.377 673 5.07292551862 0.304074481377 0.008 0.001 0.295074481377
5.385 674 5.07489334836 0.310106651645 0.008 0.001 0.301106651645
5.393 675 5.09128427429 0.30171572571 0.008 0.001 0.29271572571
5.401 676 5.09377802032 0.30722197968 0.008 0.001 0.29822197968
5.409 677 5.09501924214 0.313980757856 0.008 0.001 0.304980757856
5.417 678 5.09574547806 0.321254521937 0.008 0.001 0.312254521937
5.425 679 5.09944133011 0.325558669892 0.008 0.001 0.316558669892
5.433 680 5.10069697072 0.332303029275 0.008 0.001 0.323303029275
5.441 681 5.11126986905 0.32973013095 0.008 0.001 0.32073013095
5.449 682 5.1121528423 0.336847157702 0.008 0.001 0.327847157702
5.457 683 5.12494780054 0.332052199461 0.008 0.001 0.323052199461
5.465 684 5.12622994254 0.338770057464 0.008 0.001 0.329770057464
5.473 685 5.13652584673 0.336474153267 0.008 0.001 0.327474153267
5.481 686 5.13744412552 0.34355587448 0.008 0.001 0.33455587448
5.489 687 5.14585209057 0.343147909432 0.008 0.001 0.334147909432
5.497 688 5.14897649334 0.348023506664 0.008 0.001 0.339023506664
5.505 689 5.16193813391 0.343061866086 0.008 0.001 0.334061866086
5.513 690 5.1648002859 0.348199714103 0.008 0.001 0.339199714103
5.521 691 5.18094093464 0.340059065363 0.008 0.001 0.331059065363
5.529 692 5.18612406127 0.342875938731 0.008 0.001 0.333875938731
5.537 693 5.1895163808 0.347483619204 0.008 0.001 0.338483619204
5.545 694 5.20593987729 0.339060122715 0.008 0.001 0.330060122715
5.553 695 5.20655146771 0.346448532288 0.008 0.001 0.337448532288
5.561 696 5.20932220417 0.351677795831 0.008 0.001 0.342677795831
5.569 697 5.25237678988 0.316623210121 0.008 0.001 0.307623210121
5.577 698 5.27180221911 0.305197780891 0.008 0.001 0.296197780891
5.585 699 5.29034090982 0.294659090178 0.008 0.001 0.285659090178
5.593 700 5.29176472028 0.301235279716 0.008 0.001 0.292235279716
5.601 701 5.29211255934 0.308887440661 0.008 0.001 0.299887440661
5.609 702 5.30725232768 0.301747672315 0.008 0.001 0.292747672315
5.617 703 5.3142662711 0.3027337289 0.008 0.001 0.2937337289
5.625 704 5.32444821153 0.300551788473 0.008 0.001 0.291551788473
5.633 705 5.3369548569 0.296045143096 0.008 0.001 0.287045143096
5.641 706 5.34444722754 0.29655277246 0.008 0.001 0.28755277246
5.649 707 5.34853295203 0.300467047971 0.008 0.001 0.291467047971
5.657 708 5.35305653943 0.303943460565 0.008 0.001 0.294943460565
5.665 709 5.36731054055 0.297689459451 0.008 0.001 0.288689459451
5.673 710 5.36797139634 0.305028603655 0.008 0.001 0.296028603655
5.681 711 5.38860915586 0.292390844144 0.008 0.001 0.283390844144
5.689 712 5.39720814193 0.291791858073 0.008 0.001 0.282791858073
5.697 713 5.39768958631 0.299310413686 0.008 0.001 0.290310413686
5.705 714 5.4065846311 0.2984153689 0.008 0.001 0.2894153689
5.713 715 5.40734504859 0.305654951408 0.008 0.001 0.296654951408
5.721 716 5.40948359957 0.311516400429 0.008 0.001 0.302516400429
5.729 717 5.41674699229 0.312253007711 0.008 0.001 0.303253007711
5.737 718 5.41826159266 0.318738407337 0.008 0.001 0.309738407337
5.745 719 5.46368586128 0.281314138718 0.008 0.001 0.272314138718
5.753 720 5.47883481214 0.274165187858 0.008 0.001 0.265165187858
5.761 721 5.49831638936 0.262683610643 0.008 0.001 0.253683610643
5.769 722 5.50022066171 0.268779338288 0.008 0.001 0.259779338288
5.777 723 5.50253539898 0.274464601017 0.008 0.001 0.265464601017
5.785 724 5.52101643686 0.263983563142 0.008 0.001 0.254983563142
5.793 725 5.53690415056 0.256095849444 0.008 0.001 0.247095849444
5.801 726 5.54469580553 0.256304194472 0.008 0.001 0.247304194472
5.809 727 5.57409511832 0.234904881684 0.008 0.001 0.225904881684
5.817 728 5.57682331268 0.240176687316 0.008 0.001 0.231176687316
5.825 729 5.58933541313 0.235664586866 0.008 0.001 0.226664586866
5.833 730 5.60668066275 0.226319337254 0.008 0.001 0.217319337254
5.841 731 5.61637446006 0.224625539941 0.008 0.001 0.215625539941
5.849 732 5.63740301553 0.211596984475 0.008 0.001 0.202596984475
5.857 733 5.65575399212 0.201246007883 0.008 0.001 0.192246007883
5.865 734 5.65645172057 0.208548279433 0.008 0.001 0.199548279433
5.873 735 5.68097662333 0.192023376674 0.008 0.001 0.183023376674
5.881 736 5.68346956006 0.197530439944 0.008 0.001 0.188530439944
5.889 737 5.68889557717 0.200104422835 0.008 0.001 0.191104422835
5.897 738 5.68954314352 0.207456856484 0.008 0.001 0.198456856484
5.905 739 5.70145710503 0.203542894975 0.008 0.001 0.194542894975
5.913 740 5.71693406306 0.196065936938 0.008 0.001 0.187065936938
5.921 741 5.71914992829 0.201850071708 0.008 0.001 0.192850071708
5.929 742 5.72037710633 0.208622893674 0.008 0.001 0.199622893674
5.937 743 5.72259169848 0.214408301521 0.008 0.001 0.205408301521
5.945 744 5.7246428768 0.220357123201 0.008 0.001 0.211357123201
5.953 745 5.72678499854 0.226215001461 0.008 0.001 0.217215001461
5.961 746 5.72948195493 0.231518045075 0.008 0.001 0.222518045075
5.969 747 5.73111411532 0.237885884681 0.008 0.001 0.228885884681
5.977 748 5.7368533676 0.240146632397 0.008 0.001 0.231146632397
5.985 749 5.75154833116 0.233451668837 0.008 0.001 0.224451668837
5.993 750 5.78432267252 0.208677327476 0.008 0.001 0.199677327476
6.001 751 5.79108627669 0.209913723307 0.008 0.001 0.200913723307
6.009 752 5.81592453876 0.193075461237 0.008 0.001 0.184075461237
6.017 753 5.81679539965 0.200204600352 0.008 0.001 0.191204600352
6.025 754 5.82273207483 0.202267925169 0.008 0.001 0.193267925169
6.033 755 5.82823102133 0.204768978667 0.008 0.001 0.195768978667
6.041 756 5.82900369658 0.211996303419 0.008 0.001 0.202996303419
6.049 757 5.84563561613 0.203364383871 0.008 0.001 0.194364383871
6.057 758 5.86071401148 0.196285988519 0.008 0.001 0.187285988519
6.065 759 5.89357555554 0.171424444459 0.008 0.001 0.162424444459
6.073 760 5.897838142 0.175161858003 0.008 0.001 0.166161858003
6.081 761 5.90217815705 0.178821842951 0.008 0.001 0.169821842951
6.089 762 5.92410804637 0.164891953628 0.008 0.001 0.155891953628
6.097 763 5.93369934554 0.16330065446 0.008 0.001 0.15430065446
6.105 764 5.93740358414 0.167596415862 0.008 0.001 0.158596415862
6.113 765 5.93876738303 0.174232616965 0.008 0.001 0.165232616965
6.121 766 5.94559965786 0.175400342143 0.008 0.001 0.166400342143
6.129 767 5.94928018446 0.179719815536 0.008 0.001 0.170719815536
6.137 768 5.94991825277 0.187081747229 0.008 0.001 0.178081747229
6.145 769 5.97474737833 0.170252621667 0.008 0.001 0.161252621667
6.153 770 6.01649792043 0.136502079569 0.008 0.001 0.127502079569
6.161 771 6.02026445084 0.140735549158 0.008 0.001 0.131735549158
6.169 772 6.02045723526 0.148542764741 0.008 0.001 0.139542764741
6.177 773 6.02583582488 0.151164175122 0.008 0.001 0.142164175122
6.185 774 6.02735954412 0.157640455877 0.008 0.001 0.148640455877
6.193 775 6.05127173148 0.141728268517 0.008 0.001 0.132728268517
6.201 776 6.06320607408 0.137793925919 0.008 0.001 0.128793925919
6.209 777 6.06788940662 0.141110593384 0.008 0.001 0.132110593384
6.217 778 6.07191862278 0.145081377218 0.008 0.001 0.136081377218
6.225 779 6.09529456026 0.129705439745 0.008 0.001 0.120705439745
6.233 780 6.095922172 0.137077827996 0.008 0.001 0.128077827996
6.241 781 6.1058890731 0.135110926902 0.008 0.001 0.126110926902
6.249 782 6.10649709146 0.142502908536 0.008 0.001 0.133502908536
6.257 783 6.10841142992 0.148588570084 0.008 0.001 0.139588570084
6.265 784 6.11336801304 0.151631986959 0.008 0.001 0.142631986959
6.273 785 6.11434589321 0.158654106795 0.008 0.001 0.149654106795
6.281 786 6.11454341953 0.166456580471 0.008 0.001 0.157456580471
6.289 787 6.13426303243 0.154736967566 0.008 0.001 0.145736967566
6.297 788 6.13827862179 0.158721378205 0.008 0.001 0.149721378205
6.305 789 6.13933785201 0.165662147985 0.008 0.001 0.156662147985
6.313 790 6.15026972552 0.162730274475 0.008 0.001 0.153730274475
6.321 791 6.15086148011 0.170138519888 0.008 0.001 0.161138519888
6.329 792 6.15256369645 0.176436303549 0.008 0.001 0.167436303549
6.337 793 6.16068395777 0.176316042235 0.008 0.001 0.167316042235
6.345 794 6.18528714481 0.159712855189 0.008 0.001 0.150712855189
6.353 795 6.18884674033 0.164153259668 0.008 0.001 0.155153259668
6.361 796 6.19671486767 0.16428513233 0.008 0.001 0.15528513233
6.369 797 6.20898517618 0.160014823822 0.008 0.001 0.151014823822
6.377 798 6.2119508735 0.165049126502 0.008 0.001 0.156049126502
6.385 799 6.21405713278 0.170942867215 0.008 0.001 0.161942867215
6.393 800 6.23319926665 0.159800733346 0.008 0.001 0.150800733346
6.401 801 6.24852325709 0.152476742907 0.008 0.001 0.143476742907
6.409 802 6.24892220513 0.160077794874 0.008 0.001 0.151077794874
6.417 803 6.24998852995 0.167011470053 0.008 0.001 0.158011470053
6.425 804 6.27645355725 0.148546442752 0.008 0.001 0.139546442752
6.433 805 6.27799819749 0.155001802512 0.008 0.001 0.146001802512
6.441 806 6.28581407062 0.155185929384 0.008 0.001 0.146185929384
6.449 807 6.29369279034 0.155307209665 0.008 0.001 0.146307209665
6.457 808 6.30333092896 0.153669071035 0.008 0.001 0.144669071035
6.465 809 6.30586511885 0.159134881145 0.008 0.001 0.150134881145
6.473 810 6.30991273676 0.163087263242 0.008 0.001 0.154087263242
6.481 811 6.32049841828 0.160501581724 0.008 0.001 0.151501581724
6.489 812 6.32591645092 0.163083549079 0.008 0.001 0.154083549079
6.497 813 6.32718424136 0.169815758637 0.008 0.001 0.160815758637
6.505 814 6.32747497976 0.177525020241 0.008 0.001 0.168525020241
6.513 815 6.34244028823 0.170559711769 0.008 0.001 0.161559711769
6.521 816 6.35158085431 0.169419145687 0.008 0.001 0.160419145687
6.529 817 6.35951854483 0.169481455167 0.008 0.001 0.160481455167
6.537 818 6.37800532366 0.158994676335 0.008 0.001 0.149994676335
6.545 819 6.387721449 0.157278551001 0.008 0.001 0.148278551001
6.553 820 6.39037890708 0.162621092917 0.008 0.001 0.153621092917
6.561 821 6.39077381986 0.170226180141 0.008 0.001 0.161226180141
6.569 822 6.39526805121 0.173731948792 0.008 0.001 0.164731948792
6.577 823 6.40406813362 0.172931866383 0.008 0.001 0.163931866383
6.585 824 6.40722865088 0.177771349124 0.008 0.001 0.168771349124
6.593 825 6.41741230129 0.175587698713 0.008 0.001 0.166587698713
6.601 826 6.43819291471 0.16280708529 0.008 0.001 0.15380708529
6.609 827 6.44813674844 0.160863251565 0.008 0.001 0.151863251565
6.617 828 6.44943401044 0.167565989556 0.008 0.001 0.158565989556
6.625 829 6.45715044629 0.16784955371 0.008 0.001 0.15884955371
6.633 830 6.46988510157 0.163114898428 0.008 0.001 0.154114898428
6.641 831 6.47494911048 0.166050889516 0.008 0.001 0.157050889516
6.649 832 6.48781134343 0.161188656567 0.008 0.001 0.152188656567
6.657 833 6.48861200879 0.168387991213 0.008 0.001 0.159387991213
6.665 834 6.49078477431 0.174215225691 0.008 0.001 0.165215225691
6.673 835 6.4963805692 0.176619430795 0.008 0.001 0.167619430795
6.681 836 6.50922273587 0.171777264125 0.008 0.001 0.162777264125
6.689 837 6.52006533384 0.168934666159 0.008 0.001 0.159934666159
6.697 838 6.52059751476 0.176402485241 0.008 0.001 0.167402485241
6.705 839 6.53021905216 0.174780947844 0.008 0.001 0.165780947844
6.713 840 6.55646145964 0.156538540359 0.008 0.001 0.147538540359
6.721 841 6.56959620734 0.151403792655 0.008 0.001 0.142403792655
6.729 842 6.57329904288 0.155700957122 0.008 0.001 0.146700957122
6.737 843 6.58997676466 0.147023235337 0.008 0.001 0.138023235337
6.745 844 6.59525740557 0.149742594427 0.008 0.001 0.140742594427
6.753 845 6.61555947696 0.137440523038 0.008 0.001 0.128440523038
6.761 846 6.62258805619 0.138411943809 0.008 0.001 0.129411943809
6.769 847 6.62527635055 0.143723649451 0.008 0.001 0.134723649451
6.777 848 6.63716617216 0.139833827842 0.008 0.001 0.130833827842
6.785 849 6.65156969166 0.133430308342 0.008 0.001 0.124430308342
6.793 850 6.66004903559 0.132950964414 0.008 0.001 0.123950964414
6.801 851 6.69498831906 0.10601168094 0.008 0.001 0.0970116809403
6.809 852 6.69992229785 0.109077702151 0.008 0.001 0.100077702151
6.817 853 6.74842455676 0.0685754432426 0.008 0.001 0.0595754432426
6.825 854 6.75109723611 0.0739027638878 0.008 0.001 0.0649027638878
6.833 855 6.75548177648 0.0775182235166 0.008 0.001 0.0685182235166
6.841 856 6.75550488434 0.0854951156578 0.008 0.001 0.0764951156578
6.849 857 6.7654336782 0.0835663218046 0.008 0.001 0.0745663218046
6.857 858 6.78232936144 0.0746706385643 0.008 0.001 0.0656706385643
6.865 859 6.78460818499 0.0803918150087 0.008 0.001 0.0713918150087
6.873 860 6.78694340395 0.0860565960538 0.008 0.001 0.0770565960538
6.881 861 6.79130605229 0.0896939477108 0.008 0.001 0.0806939477108
6.889 862 6.79528246635 0.0937175336499 0.008 0.001 0.0847175336499
6.897 863 6.79931691047 0.0976830895304 0.008 0.001 0.0886830895304
6.905 864 6.80542692005 0.0995730799461 0.008 0.001 0.0905730799461
6.913 865 6.81956822815 0.0934317718461 0.008 0.001 0.0844317718461
6.921 866 6.82957596485 0.0914240351528 0.008 0.001 0.0824240351528
6.929 867 6.83173597996 0.0972640200413 0.008 0.001 0.0882640200413
6.937 868 6.83437632456 0.102623675437 0.008 0.001 0.0936236754372
6.945 869 6.8345046788 0.110495321203 0.008 0.001 0.101495321203
6.953 870 6.84949342237 0.103506577635 0.008 0.001 0.094506577635
6.961 871 6.85099896762 0.110001032378 0.008 0.001 0.101001032378
6.969 872 6.85618862216 0.112811377837 0.008 0.001 0.103811377837
6.977 873 6.86449028471 0.112509715295 0.008 0.001 0.103509715295
6.985 874 6.86628345573 0.118716544269 0.008 0.001 0.109716544269
6.993 875 6.87323459692 0.119765403082 0.008 0.001 0.110765403082
7.001 876 6.88065124195 0.120348758055 0.008 0.001 0.111348758055
7.009 877 6.88192867409 0.127071325911 0.008 0.001 0.118071325911
7.017 878 6.88211131788 0.134888682118 0.008 0.001 0.125888682118
7.025 879 6.88368214975 0.141317850253 0.008 0.001 0.132317850253
7.033 880 6.88419302432 0.148806975682 0.008 0.001 0.139806975682
7.041 881 6.89181066892 0.149189331083 0.008 0.001 0.140189331083
7.049 882 6.92793764683 0.121062353175 0.008 0.001 0.112062353175
7.057 883 6.9334129988 0.1235870012 0.008 0.001 0.1145870012
7.065 884 6.93962625945 0.125373740549 0.008 0.001 0.116373740549
7.073 885 6.94680747231 0.126192527688 0.008 0.001 0.117192527688
7.081 886 6.94824407116 0.132755928843 0.008 0.001 0.123755928843
7.089 887 6.95139139188 0.137608608116 0.008 0.001 0.128608608116
7.097 888 6.95295918905 0.144040810954 0.008 0.001 0.135040810954
7.105 889 6.95734897949 0.147651020511 0.008 0.001 0.138651020511
7.113 890 6.97649280214 0.136507197863 0.008 0.001 0.127507197863
7.121 891 6.9887422741 0.1322577259 0.008 0.001 0.1232577259
7.129 892 6.99472829504 0.134271704961 0.008 0.001 0.125271704961
7.137 893 6.99911828542 0.137881714581 0.008 0.001 0.128881714581
7.145 894 7.00232219889 0.142677801112 0.008 0.001 0.133677801112
7.153 895 7.00323710489 0.149762895114 0.008 0.001 0.140762895114
7.161 896 7.00407324888 0.156926751115 0.008 0.001 0.147926751115
7.169 897 7.01124047557 0.157759524428 0.008 0.001 0.148759524428
7.177 898 7.02263623208 0.154363767919 0.008 0.001 0.145363767919
7.185 899 7.0357239429 0.149276057095 0.008 0.001 0.140276057095
7.193 900 7.04807948225 0.144920517747 0.008 0.001 0.135920517747
7.201 901 7.05302386367 0.147976136329 0.008 0.001 0.138976136329
7.209 902 7.05492461127 0.154075388732 0.008 0.001 0.145075388732
7.217 903 7.06628249518 0.150717504825 0.008 0.001 0.141717504825
7.225 904 7.09256013725 0.132439862753 0.008 0.001 0.123439862753
7.233 905 7.10494113205 0.128058867948 0.008 0.001 0.119058867948
7.241 906 7.11140030737 0.129599692626 0.008 0.001 0.120599692626
7.249 907 7.12204983361 0.126950166388 0.008 0.001 0.117950166388
7.257 908 7.12248717079 0.134512829208 0.008 0.001 0.125512829208
7.265 909 7.12282642595 0.142173574054 0.008 0.001 0.133173574054
7.273 910 7.12380222779 0.149197772205 0.008 0.001 0.140197772205
7.281 911 7.12970106524 0.151298934755 0.008 0.001 0.142298934755
7.289 912 7.16071038997 0.128289610035 0.008 0.001 0.119289610035
7.297 913 7.17515153148 0.121848468521 0.008 0.001 0.112848468521
7.305 914 7.17618408755 0.128815912448 0.008 0.001 0.119815912448
7.313 915 7.19102628398 0.121973716017 0.008 0.001 0.112973716017
7.321 916 7.20082518972 0.120174810279 0.008 0.001 0.111174810279
7.329 917 7.20620640998 0.122793590016 0.008 0.001 0.113793590016
7.337 918 7.24190056399 0.0950994360093 0.008 0.001 0.0860994360093
7.345 919 7.25352353984 0.0914764601621 0.008 0.001 0.0824764601621
7.353 920 7.26249269745 0.0905073025514 0.008 0.001 0.0815073025514
7.361 921 7.26996869127 0.0910313087317 0.008 0.001 0.0820313087317
7.369 922 7.27964252901 0.0893574709883 0.008 0.001 0.0803574709883
7.377 923 7.30395310229 0.0730468977133 0.008 0.001 0.0640468977133
7.385 924 7.31660289415 0.0683971058481 0.008 0.001 0.0593971058481
7.393 925 7.31945061573 0.0735493842657 0.008 0.001 0.0645493842657
7.401 926 7.32484792844 0.07615207156 0.008 0.001 0.06715207156
7.409 927 7.32655170482 0.0824482951813 0.008 0.001 0.0734482951813
7.417 928 7.33301612376 0.0839838762447 0.008 0.001 0.0749838762447
7.425 929 7.34957852339 0.0754214766054 0.008 0.001 0.0664214766054
7.433 930 7.35161810171 0.0813818982858 0.008 0.001 0.0723818982858
7.441 931 7.35305993351 0.087940066494 0.008 0.001 0.078940066494
7.449 932 7.36707974327 0.0819202567346 0.008 0.001 0.0729202567346
7.457 933 7.3706071472 0.0863928528033 0.008 0.001 0.0773928528033
7.465 934 7.37840815151 0.0865918484854 0.008 0.001 0.0775918484854
7.473 935 7.37907670464 0.0939232953594 0.008 0.001 0.0849232953594
7.481 936 7.38079050206 0.100209497942 0.008 0.001 0.0912094979418
7.489 937 7.3827755602 0.106224439797 0.008 0.001 0.097224439797
7.497 938 7.39750321106 0.0994967889395 0.008 0.001 0.0904967889395
7.505 939 7.40043079755 0.10456920245 0.008 0.001 0.0955692024502
7.513 940 7.40663844571 0.106361554293 0.008 0.001 0.0973615542931
7.521 941 7.4068589287 0.114141071298 0.008 0.001 0.105141071298
7.529 942 7.41464494042 0.114355059585 0.008 0.001 0.105355059585
7.537 943 7.41988136171 0.11711863829 0.008 0.001 0.10811863829
7.545 944 7.42737620701 0.117623792995 0.008 0.001 0.108623792995
7.553 945 7.43154593835 0.121454061653 0.008 0.001 0.112454061653
7.561 946 7.43614297892 0.124857021084 0.008 0.001 0.115857021084
7.569 947 7.43762286655 0.131377133452 0.008 0.001 0.122377133452
7.577 948 7.4437298576 0.133270142398 0.008 0.001 0.124270142398
7.585 949 7.44868222978 0.136317770222 0.008 0.001 0.127317770222
7.593 950 7.44988490928 0.143115090719 0.008 0.001 0.134115090719
7.601 951 7.45486151554 0.146138484458 0.008 0.001 0.137138484458
7.609 952 7.50707980084 0.101920199156 0.008 0.001 0.0929201991557
7.617 953 7.58223010519 0.0347698948116 0.008 0.001 0.0257698948116
7.625 954 7.59284321274 0.0321567872589 0.008 0.001 0.0231567872589
7.633 955 7.60033468332 0.032665316682 0.008 0.001 0.023665316682
7.641 956 7.60366282305 0.0373371769493 0.008 0.001 0.0283371769493
7.649 957 7.61505572182 0.0339442781804 0.008 0.001 0.0249442781804
7.657 958 7.62145386597 0.0355461340337 0.008 0.001 0.0265461340337
7.665 959 7.6467218774 0.018278122598 0.008 0.001 0.00927812259803
7.673 960 7.64771405549 0.0252859445145 0.008 0.001 0.0162859445145
7.681 961 7.6527588514 0.0282411485969 0.008 0.001 0.0192411485969
7.689 962 7.65283228128 0.0361677187205 0.008 0.001 0.0271677187205
7.697 963 7.65304103949 0.0439589605102 0.008 0.001 0.0349589605102
7.705 964 7.65782771961 0.0471722803922 0.008 0.001 0.0381722803922
7.713 965 7.66894027381 0.0440597261948 0.008 0.001 0.0350597261948
7.721 966 7.68363229144 0.0373677085561 0.008 0.001 0.0283677085561
7.729 967 7.68740515207 0.0415948479335 0.008 0.001 0.0325948479335
7.737 968 7.68785419947 0.0491458005336 0.008 0.001 0.0401458005336
7.745 969 7.70150961957 0.0434903804305 0.008 0.001 0.0344903804305
7.753 970 7.70608908952 0.0469109104762 0.008 0.001 0.0379109104762
7.761 971 7.71729654457 0.0437034554261 0.008 0.001 0.0347034554261
7.769 972 7.73461892706 0.0343810729393 0.008 0.001 0.0253810729393
7.777 973 7.74200099355 0.0349990064515 0.008 0.001 0.0259990064515
7.785 974 7.74454027649 0.0404597235113 0.008 0.001 0.0314597235113
7.793 975 7.74609757211 0.0469024278945 0.008 0.001 0.0379024278945
7.801 976 7.76574486298 0.0352551370217 0.008 0.001 0.0262551370217
7.809 977 7.78275184282 0.0262481571831 0.008 0.001 0.0172481571831
7.817 978 7.78278420808 0.0342157919177 0.008 0.001 0.0252157919177
7.825 979 7.78750598383 0.0374940161731 0.008 0.001 0.0284940161731
7.833 980 7.79946127741 0.0335387225876 0.008 0.001 0.0245387225876
7.841 981 7.80867276449 0.0323272355067 0.008 0.001 0.0233272355067
7.849 982 7.81133685238 0.0376631476247 0.008 0.001 0.0286631476247
7.857 983 7.83212419305 0.0248758069488 0.008 0.001 0.0158758069488
7.865 984 7.84368612732 0.0213138726814 0.008 0.001 0.0123138726814
7.873 985 7.85347924117 0.0195207588346 0.008 0.001 0.0105207588346
7.881 986 7.85667630541 0.0243236945869 0.008 0.001 0.0153236945869
7.889 987 7.86010224275 0.0288977572499 0.008 0.001 0.0198977572499
7.897 988 7.86719557633 0.0298044236713 0.008 0.001 0.0208044236713
7.905 989 7.8696606736 0.0353393263968 0.008 0.001 0.0263393263968
7.913 990 7.87165347976 0.0413465202384 0.008 0.001 0.0323465202384
7.921 991 7.88341485944 0.0375851405599 0.008 0.001 0.0285851405599
7.929 992 7.88587887981 0.0431211201902 0.008 0.001 0.0341211201902
7.937 993 7.88842487682 0.0485751231818 0.008 0.001 0.0395751231818
7.945 994 7.89258495542 0.0524150445826 0.008 0.001 0.0434150445826
7.953 995 7.89696280584 0.0560371941626 0.008 0.001 0.0470371941626
7.961 996 7.90503821463 0.0559617853705 0.008 0.001 0.0469617853705
7.969 997 7.92950962093 0.0394903790667 0.008 0.001 0.0304903790667
7.977 998 7.9367462729 0.0402537270987 0.008 0.001 0.0312537270987
7.985 999 7.9469195841 0.0380804159026 0.008 0.001 0.0290804159026
7.993 1000 7.95208515011 0.0409148498932 0.008 0.001 0.0319148498932
8.001 1001 7.98377292111 0.0172270788867 0.008 0.001 0.00822707888668
8.009 1002 7.99278985071 0.0162101492856 0.008 0.001 0.00721014928559
8.017 1003 8.00028464155 0.0167153584461 0.008 0.001 0.00771535844608
8.025 1004 8.0070518121 0.0179481878962 0.008 0.001 0.00894818789621
8.033 1005 8.01844287277 0.0145571272332 0.008 0.001 0.00555712723324
8.041 1006 8.01897885706 0.0220211429409 0.008 0.001 0.0130211429409
8.049 1007 8.02540374819 0.0235962518063 0.008 0.001 0.0145962518063
8.057 1008 8.02554109288 0.0314589071234 0.008 0.001 0.0224589071234
8.065 1009 8.03053566691 0.0344643330928 0.008 0.001 0.0254643330928
8.073 1010 8.0305896665 0.0424103334988 0.008 0.001 0.0334103334988
8.081 1011 8.05043906797 0.0305609320301 0.008 0.001 0.0215609320301
8.089 1012 8.05219584609 0.0368041539099 0.008 0.001 0.0278041539099
8.097 1013 8.06538328386 0.0316167161359 0.008 0.001 0.0226167161359
8.105 1014 8.0688310007 0.0361689993006 0.008 0.001 0.0271689993006
8.113 1015 8.09050804393 0.0224919560708 0.008 0.001 0.0134919560707
8.121 1016 8.09226505099 0.0287349490109 0.008 0.001 0.0197349490109
8.129 1017 8.11330940147 0.0156905985259 0.008 0.001 0.00669059852593
8.137 1018 8.11517632201 0.0218236779855 0.008 0.001 0.0128236779855
8.14656742449 1019 8.13756742449 0.009 0.008 0.001 0.0
8.1583055724 1020 8.1493055724 0.009 0.008 0.001 0.0
8.17322434403 1021 8.16422434403 0.009 0.008 0.001 0.0
8.1943120776 1022 8.1853120776 0.009 0.008 0.001 0.0
8.2023120776 1023 8.18854068905 0.0137713885463 0.008 0.001 0.00477138854634
8.21052845227 1024 8.20152845227 0.009 0.008 0.001 0.0
8.21852845227 1025 8.20669218578 0.0118362664887 0.008 0.001 0.00283626648866
8.22652845227 1026 8.21116673025 0.0153617220216 0.008 0.001 0.00636172202164
8.23452845227 1027 8.21256775868 0.0219606935875 0.008 0.001 0.0129606935875
8.24252845227 1028 8.21823950428 0.0242889479878 0.008 0.001 0.0152889479878
8.25052845227 1029 8.22476409894 0.0257643533258 0.008 0.001 0.0167643533258
8.25852845227 1030 8.22877088615 0.029757566124 0.008 0.001 0.020757566124
8.26652845227 1031 8.22913826754 0.0373901847269 0.008 0.001 0.0283901847269
8.27452845227 1032 8.2324794043 0.042049047969 0.008 0.001 0.033049047969
8.28252845227 1033 8.2435054486 0.0390230036652 0.008 0.001 0.0300230036652
8.29052845227 1034 8.24592153507 0.0446069172001 0.008 0.001 0.0356069172001
8.29852845227 1035 8.25811806103 0.0404103912428 0.008 0.001 0.0314103912428
8.30652845227 1036 8.2713321118 0.0351963404692 0.008 0.001 0.0261963404692
8.31452845227 1037 8.27233842587 0.0421900263968 0.008 0.001 0.0331900263968
8.32252845227 1038 8.28107762449 0.0414508277757 0.008 0.001 0.0324508277757
8.33052845227 1039 8.28207889631 0.0484495559618 0.008 0.001 0.0394495559618
8.33852845227 1040 8.28996215851 0.0485662937636 0.008 0.001 0.0395662937636
8.34652845227 1041 8.30289840223 0.0436300500401 0.008 0.001 0.0346300500401
8.35452845227 1042 8.32227173694 0.0322567153325 0.008 0.001 0.0232567153325
8.36252845227 1043 8.33456483518 0.0279636170894 0.008 0.001 0.0189636170894
8.37052845227 1044 8.33516109422 0.0353673580487 0.008 0.001 0.0263673580487
8.37852845227 1045 8.33522164526 0.0433068070113 0.008 0.001 0.0343068070113
8.38652845227 1046 8.3483890752 0.0381393770677 0.008 0.001 0.0291393770677
8.39452845227 1047 8.35111101084 0.0434174414297 0.008 0.001 0.0344174414297
8.40252845227 1048 8.36133019915 0.0411982531163 0.008 0.001 0.0321982531163
8.41052845227 1049 8.36715176244 0.0433766898255 0.008 0.001 0.0343766898255
8.41852845227 1050 8.37081725493 0.0477111973411 0.008 0.001 0.0387111973411
8.42652845227 1051 8.37606807811 0.0504603741576 0.008 0.001 0.0414603741576
8.43452845227 1052 8.37609098097 0.0584374712953 0.008 0.001 0.0494374712953
8.44252845227 1053 8.38693076086 0.0555976914056 0.008 0.001 0.0465976914056
8.45052845227 1054 8.38994379877 0.0605846534973 0.008 0.001 0.0515846534973
8.45852845227 1055 8.3941079607 0.0644204915708 0.008 0.001 0.0554204915708
8.46652845227 1056 8.40232140807 0.0642070441975 0.008 0.001 0.0552070441975
8.47452845227 1057 8.40559916981 0.0689292824605 0.008 0.001 0.0599292824605
8.48252845227 1058 8.40742182976 0.0751066225058 0.008 0.001 0.0661066225058
8.49052845227 1059 8.41291157714 0.0776168751321 0.008 0.001 0.0686168751321
8.49852845227 1060 8.43380234969 0.0647261025767 0.008 0.001 0.0557261025767
8.50652845227 1061 8.43645154158 0.0700769106847 0.008 0.001 0.0610769106847
8.51452845227 1062 8.4431216105 0.0714068417669 0.008 0.001 0.0624068417669
8.52252845227 1063 8.44893110266 0.0735973496045 0.008 0.001 0.0645973496045
8.53052845227 1064 8.46725592295 0.0632725293225 0.008 0.001 0.0542725293225
8.53852845227 1065 8.46837748153 0.0701509707416 0.008 0.001 0.0611509707416
8.54652845227 1066 8.47883426637 0.0676941858982 0.008 0.001 0.0586941858982
8.55452845227 1067 8.48417225736 0.0703561949106 0.008 0.001 0.0613561949106
8.56252845227 1068 8.48829469177 0.0742337605022 0.008 0.001 0.0652337605022
8.57052845227 1069 8.48948164731 0.0810468049559 0.008 0.001 0.0720468049559
8.57852845227 1070 8.50133805146 0.0771904008114 0.008 0.001 0.0681904008114
8.58652845227 1071 8.50987845688 0.0766499953899 0.008 0.001 0.0676499953899
8.59452845227 1072 8.51964094163 0.0748875106387 0.008 0.001 0.0658875106387
8.60252845227 1073 8.53401007017 0.0685183821012 0.008 0.001 0.0595183821012
8.61052845227 1074 8.53731458758 0.0732138646878 0.008 0.001 0.0642138646878
8.61852845227 1075 8.54373950785 0.0747889444198 0.008 0.001 0.0657889444198
8.62652845227 1076 8.56059791651 0.0659305357567 0.008 0.001 0.0569305357567
8.63452845227 1077 8.56335549554 0.0711729567334 0.008 0.001 0.0621729567334
8.64252845227 1078 8.568686127 0.0738423252731 0.008 0.001 0.0648423252731
8.65052845227 1079 8.57162780769 0.0789006445788 0.008 0.001 0.0699006445788
8.65852845227 1080 8.58050101143 0.0780274408399 0.008 0.001 0.0690274408399
8.66652845227 1081 8.60515173927 0.0613767129954 0.008 0.001 0.0523767129954
8.67452845227 1082 8.62159455662 0.0529338956524 0.008 0.001 0.0439338956524
8.68252845227 1083 8.63379368802 0.0487347642505 0.008 0.001 0.0397347642505
8.69052845227 1084 8.63504356912 0.0554848831512 0.008 0.001 0.0464848831512
8.69852845227 1085 8.64077773831 0.0577507139553 0.008 0.001 0.0487507139553
8.70652845227 1086 8.6581849175 0.0483435347734 0.008 0.001 0.0393435347734
8.71452845227 1087 8.68092750717 0.0336009450998 0.008 0.001 0.0246009450998
8.72252845227 1088 8.70002423614 0.0225042161302 0.008 0.001 0.0135042161302
8.73052845227 1089 8.70327390086 0.0272545514119 0.008 0.001 0.0182545514119
8.73852845227 1090 8.71296758879 0.0255608634841 0.008 0.001 0.0165608634841
8.74652845227 1091 8.71850392164 0.028024530631 0.008 0.001 0.019024530631
8.75452845227 1092 8.72298530722 0.0315431450467 0.008 0.001 0.0225431450467
8.76252845227 1093 8.72657409999 0.0359543522765 0.008 0.001 0.0269543522765
8.77052845227 1094 8.74279915159 0.0277293006814 0.008 0.001 0.0187293006814
8.77852845227 1095 8.74314031576 0.0353881365134 0.008 0.001 0.0263881365134
8.78652845227 1096 8.7493718266 0.037156625671 0.008 0.001 0.028156625671
8.79452845227 1097 8.76604972368 0.0284787285908 0.008 0.001 0.0194787285908
8.80252845227 1098 8.77220235958 0.030326092693 0.008 0.001 0.021326092693
8.81052845227 1099 8.78902966166 0.0214987906112 0.008 0.001 0.0124987906112
8.81852845227 1100 8.79506646177 0.0234619904946 0.008 0.001 0.0144619904946
8.82652845227 1101 8.7977831221 0.0287453301688 0.008 0.001 0.0197453301688
8.83452845227 1102 8.81846365774 0.0160647945244 0.008 0.001 0.00706479452436
8.84252845227 1103 8.82528396494 0.0172444873298 0.008 0.001 0.00824448732976
8.85052845227 1104 8.83640535334 0.0141230989251 0.008 0.001 0.00512309892507
8.85852845227 1105 8.83971414747 0.0188143047988 0.008 0.001 0.00981430479878
8.86652845227 1106 8.84234581996 0.0241826323106 0.008 0.001 0.0151826323106
8.88671841498 1107 8.87771841498 0.009 0.008 0.001 0.0
8.90380226923 1108 8.89480226923 0.009 0.008 0.001 0.0
8.91180226923 1109 8.89498139103 0.0168208781966 0.008 0.001 0.00782087819664
8.92051271822 1110 8.91151271822 0.009 0.008 0.001 0.0
8.92851271822 1111 8.91925593208 0.00925678613473 0.008 0.001 0.000256786134726
8.93651271822 1112 8.92696700241 0.00954571580854 0.008 0.001 0.000545715808535
8.94451271822 1113 8.92830326163 0.0162094565817 0.008 0.001 0.00720945658167
8.95440719903 1114 8.94540719903 0.009 0.008 0.001 0.0
8.96240719903 1115 8.9517295872 0.0106776118218 0.008 0.001 0.00167761182182
8.99055972072 1116 8.98155972072 0.009 0.008 0.001 0.0
8.99855972072 1117 8.98503409785 0.0135256228762 0.008 0.001 0.00452562287619
9.00655972072 1118 8.98754124036 0.0190184803646 0.008 0.001 0.0100184803646
9.01455972072 1119 8.99086229089 0.0236974298362 0.008 0.001 0.0146974298362
9.02255972072 1120 8.99314887639 0.0294108443353 0.008 0.001 0.0204108443353
9.03055972072 1121 8.99974146746 0.0308182532692 0.008 0.001 0.0218182532692
9.03855972072 1122 9.0295587005 0.00900102022145 0.008 0.001 1.02022144866e-06
9.05460034292 1123 9.04560034292 0.009 0.008 0.001 0.0
9.06940303499 1124 9.06040303499 0.009 0.008 0.001 0.0
9.07740303499 1125 9.06829707107 0.00910596391565 0.008 0.001 0.000105963915653
9.09907236959 1126 9.09007236959 0.009 0.008 0.001 0.0
9.10707236959 1127 9.09174867007 0.0153236995242 0.008 0.001 0.00632369952421
9.11507236959 1128 9.09263861091 0.0224337586781 0.008 0.001 0.0134337586781
9.12307236959 1129 9.09860698798 0.0244653816148 0.008 0.001 0.0154653816148
9.13107236959 1130 9.09924429371 0.0318280758861 0.008 0.001 0.0228280758861
9.13907236959 1131 9.11553139643 0.0235409731605 0.008 0.001 0.0145409731605
9.14707236959 1132 9.12107172088 0.0260006487116 0.008 0.001 0.0170006487116
9.15507236959 1133 9.13659343347 0.0184789361241 0.008 0.001 0.00947893612407
9.16307236959 1134 9.1395306931 0.0235416764891 0.008 0.001 0.0145416764891
9.17107236959 1135 9.15517951971 0.0158928498853 0.008 0.001 0.00689284988527
9.17907236959 1136 9.15742305751 0.0216493120857 0.008 0.001 0.0126493120857
9.18707236959 1137 9.16396536358 0.0231070060103 0.008 0.001 0.0141070060103
9.19507236959 1138 9.16919883992 0.0258735296767 0.008 0.001 0.0168735296767
9.20307236959 1139 9.17250650823 0.0305658613597 0.008 0.001 0.0215658613597
9.21107236959 1140 9.18328266064 0.0277897089552 0.008 0.001 0.0187897089552
9.21907236959 1141 9.18408067853 0.0349916910659 0.008 0.001 0.0259916910659
9.22707236959 1142 9.18837413497 0.0386982346266 0.008 0.001 0.0296982346266
9.23507236959 1143 9.19310213865 0.041970230945 0.008 0.001 0.032970230945
9.24307236959 1144 9.19365513637 0.0494172332196 0.008 0.001 0.0404172332196
9.25107236959 1145 9.19728174972 0.0537906198746 0.008 0.001 0.0447906198746
9.25907236959 1146 9.20272248815 0.0563498814389 0.008 0.001 0.0473498814389
9.26707236959 1147 9.22680013658 0.0402722330081 0.008 0.001 0.0312722330081
9.27507236959 1148 9.23340953463 0.0416628349583 0.008 0.001 0.0326628349583
9.28307236959 1149 9.23931707674 0.0437552928568 0.008 0.001 0.0347552928568
9.29107236959 1150 9.2551071979 0.0359651716944 0.008 0.001 0.0269651716944
9.29907236959 1151 9.25916517226 0.039907197333 0.008 0.001 0.030907197333
9.30707236959 1152 9.26534211863 0.0417302509645 0.008 0.001 0.0327302509645
9.31507236959 1153 9.27046305261 0.0446093169865 0.008 0.001 0.0356093169865
9.32307236959 1154 9.28388943211 0.0391829374863 0.008 0.001 0.0301829374863
9.33107236959 1155 9.30510571575 0.0259666538389 0.008 0.001 0.0169666538389
9.33907236959 1156 9.3061266333 0.0329457362887 0.008 0.001 0.0239457362887
9.34707236959 1157 9.31809568483 0.0289766847647 0.008 0.001 0.0199766847647
9.35507236959 1158 9.31919110683 0.0358812627673 0.008 0.001 0.0268812627673
9.36307236959 1159 9.32057714909 0.0424952205014 0.008 0.001 0.0334952205014
9.37107236959 1160 9.32257329781 0.0484990717804 0.008 0.001 0.0394990717804
9.37907236959 1161 9.33117409804 0.0478982715518 0.008 0.001 0.0388982715518
9.38707236959 1162 9.33573336885 0.0513390007426 0.008 0.001 0.0423390007426
9.39507236959 1163 9.33944377967 0.0556285899257 0.008 0.001 0.0466285899257
9.40307236959 1164 9.36928012284 0.0337922467568 0.008 0.001 0.0247922467568
9.41107236959 1165 9.37018864199 0.0408837275987 0.008 0.001 0.0318837275987
9.41907236959 1166 9.3757215176 0.0433508519955 0.008 0.001 0.0343508519955
9.42707236959 1167 9.38814983027 0.0389225393192 0.008 0.001 0.0299225393192
9.43507236959 1168 9.39111430426 0.0439580653369 0.008 0.001 0.0349580653369
9.44307236959 1169 9.39308802026 0.0499843493313 0.008 0.001 0.0409843493313
9.45107236959 1170 9.40606616572 0.0450062038719 0.008 0.001 0.0360062038719
9.45907236959 1171 9.40662138676 0.0524509828334 0.008 0.001 0.0434509828334
9.46707236959 1172 9.40861696099 0.0584554086027 0.008 0.001 0.0494554086027
9.47507236959 1173 9.41382600919 0.061246360407 0.008 0.001 0.052246360407
9.48307236959 1174 9.41527761214 0.0677947574562 0.008 0.001 0.0587947574562
9.49107236959 1175 9.41909896442 0.071973405168 0.008 0.001 0.062973405168
9.49907236959 1176 9.42496061195 0.0741117576428 0.008 0.001 0.0651117576428
9.50707236959 1177 9.42602906598 0.0810433036123 0.008 0.001 0.0720433036123
9.51507236959 1178 9.42904346006 0.08602890953 0.008 0.001 0.07702890953
9.52307236959 1179 9.43104001729 0.0920323522996 0.008 0.001 0.0830323522996
9.53107236959 1180 9.43966693818 0.0914054314106 0.008 0.001 0.0824054314106
9.53907236959 1181 9.47037221615 0.0687001534379 0.008 0.001 0.0597001534379
9.54707236959 1182 9.47280046641 0.0742719031809 0.008 0.001 0.0652719031809
9.55507236959 1183 9.47603298387 0.0790393857189 0.008 0.001 0.0700393857189
9.56307236959 1184 9.50744296956 0.0556294000368 0.008 0.001 0.0466294000368
9.57107236959 1185 9.51864057496 0.0524317946375 0.008 0.001 0.0434317946375
9.57907236959 1186 9.51928091608 0.0597914535144 0.008 0.001 0.0507914535144
9.58707236959 1187 9.52106285751 0.0660095120856 0.008 0.001 0.0570095120856
9.59507236959 1188 9.53132678014 0.0637455894509 0.008 0.001 0.0547455894509
9.60307236959 1189 9.53364536351 0.0694270060842 0.008 0.001 0.0604270060842
9.61107236959 1190 9.53373681184 0.0773355577538 0.008 0.001 0.0683355577538
9.61907236959 1191 9.53631088238 0.0827614872125 0.008 0.001 0.0737614872125
9.62707236959 1192 9.54496345292 0.0821089166685 0.008 0.001 0.0731089166685
9.63507236959 1193 9.54728529515 0.0877870744393 0.008 0.001 0.0787870744393
9.64307236959 1194 9.55055568858 0.0925166810149 0.008 0.001 0.0835166810149
9.65107236959 1195 9.55351175435 0.0975606152425 0.008 0.001 0.0885606152425
9.65907236959 1196 9.55779105354 0.101281316048 0.008 0.001 0.0922813160482
9.66707236959 1197 9.57020253921 0.0968698303824 0.008 0.001 0.0878698303824
9.67507236959 1198 9.57102078395 0.104051585642 0.008 0.001 0.0950515856421
9.68307236959 1199 9.59416113017 0.0889112394208 0.008 0.001 0.0799112394208
9.69107236959 1200 9.59715023095 0.0939221386477 0.008 0.001 0.0849221386477
9.69907236959 1201 9.60066243467 0.0984099349226 0.008 0.001 0.0894099349226
9.70707236959 1202 9.62158002892 0.0854923406739 0.008 0.001 0.0764923406739
9.71507236959 1203 9.64893364633 0.0661387232633 0.008 0.001 0.0571387232633
9.72307236959 1204 9.65992427769 0.0631480919038 0.008 0.001 0.0541480919038
9.73107236959 1205 9.67991538204 0.0511569875549 0.008 0.001 0.0421569875549
9.73907236959 1206 9.70543649155 0.0336358780439 0.008 0.001 0.0246358780439
9.74707236959 1207 9.71529153917 0.0317808304272 0.008 0.001 0.0227808304272
9.75507236959 1208 9.71804637757 0.0370259920237 0.008 0.001 0.0280259920237
9.76307236959 1209 9.72187131003 0.0412010595625 0.008 0.001 0.0322010595625
9.77107236959 1210 9.72234632165 0.0487260479466 0.008 0.001 0.0397260479466
9.77907236959 1211 9.74252260304 0.0365497665519 0.008 0.001 0.0275497665519
9.78707236959 1212 9.74311655658 0.0439558130124 0.008 0.001 0.0349558130124
9.79507236959 1213 9.74470065456 0.0503717150328 0.008 0.001 0.0413717150328
9.80307236959 1214 9.75934236728 0.0437300023097 0.008 0.001 0.0347300023097
9.81107236959 1215 9.76879667972 0.0422756898707 0.008 0.001 0.0332756898707
9.8209871608 1216 9.8119871608 0.009 0.008 0.001 0.0
9.83617031989 1217 9.82717031989 0.009 0.008 0.001 0.0
9.84417031989 1218 9.82729212118 0.0168781987081 0.008 0.001 0.0078781987081
9.85217031989 1219 9.82792714014 0.02424317975 0.008 0.001 0.01524317975
9.86017031989 1220 9.83589668924 0.0242736306428 0.008 0.001 0.0152736306428
9.86817031989 1221 9.84016378765 0.0280065322323 0.008 0.001 0.0190065322323
9.87617031989 1222 9.85027853772 0.0258917821628 0.008 0.001 0.0168917821628
9.88417031989 1223 9.86089649734 0.0232738225453 0.008 0.001 0.0142738225453
9.89217031989 1224 9.88258133311 0.00958898677462 0.008 0.001 0.000588986774622
9.90017031989 1225 9.88457301006 0.015597309829 0.008 0.001 0.00659730982897
9.90817031989 1226 9.88800052735 0.020169792532 0.008 0.001 0.011169792532
9.91617031989 1227 9.89580064508 0.0203696748062 0.008 0.001 0.0113696748062
9.92417031989 1228 9.89997999734 0.0241903225433 0.008 0.001 0.0151903225433
9.93217031989 1229 9.906775046 0.0253952738896 0.008 0.001 0.0163952738896
9.94017031989 1230 9.90795269531 0.0322176245737 0.008 0.001 0.0232176245737
9.94817031989 1231 9.90908227382 0.0390880460715 0.008 0.001 0.0300880460715
9.95617031989 1232 9.92261544079 0.0335548791003 0.008 0.001 0.0245548791003
9.96417031989 1233 9.92645217875 0.0377181411417 0.008 0.001 0.0287181411417
9.97217031989 1234 9.92681494675 0.0453553731343 0.008 0.001 0.0363553731343
9.98017031989 1235 9.92752537139 0.0526449484958 0.008 0.001 0.0436449484958
9.98817031989 1236 9.93050005546 0.0576702644232 0.008 0.001 0.0486702644232
9.99617031989 1237 9.94403983766 0.052130482231 0.008 0.001 0.043130482231
10.0041703199 1238 9.94700164857 0.0571686713143 0.008 0.001 0.0481686713143
10.0121703199 1239 9.95589177251 0.056278547378 0.008 0.001 0.047278547378
10.0201703199 1240 9.95809460253 0.0620757173602 0.008 0.001 0.0530757173602
10.0281703199 1241 9.97667092116 0.0514993987226 0.008 0.001 0.0424993987226
10.0361703199 1242 9.97670274989 0.0594675699937 0.008 0.001 0.0504675699937
10.0441703199 1243 9.98120639462 0.0629639252657 0.008 0.001 0.0539639252657
10.0521703199 1244 9.98314042246 0.0690298974304 0.008 0.001 0.0600298974304
10.0601703199 1245 9.98780826018 0.0723620597091 0.008 0.001 0.0633620597091
10.0681703199 1246 9.9921293235 0.0760409963886 0.008 0.001 0.0670409963886
