0.009 2 0 0.009 0.008 0.001 0
0.0857508482029 3 0.0767508482029 0.009 0.008 0.001 0.0
0.0937508482029 4 0.078366694247 0.0153841539559 0.008 0.001 0.00638415395593
0.275678814758 5 0.266678814758 0.009 0.008 0.001 0.0
0.355305574093 6 0.346305574093 0.009 0.008 0.001 0.0
0.435279603755 7 0.426279603755 0.009 0.008 0.001 0.0
0.484321138816 8 0.475321138816 0.009 0.008 0.001 0.0
0.513976665554 9 0.504976665554 0.009 0.008 0.001 0.0
0.540874577684 10 0.531874577684 0.009 0.008 0.001 0.0
0.713250402903 11 0.704250402903 0.009 0.008 0.001 0.0
0.721250402903 12 0.704342639767 0.0169077631354 0.008 0.001 0.00790776313543
0.87327996542 13 0.86427996542 0.009 0.008 0.001 0.0
0.894626322743 14 0.885626322743 0.009 0.008 0.001 0.0
0.906964154159 15 0.897964154159 0.009 0.008 0.001 0.0
0.914964154159 16 0.900395895277 0.0145682588823 0.008 0.001 0.00556825888225
1.0409292672 17 1.0319292672 0.009 0.008 0.001 0.0
1.11283596149 18 1.10383596149 0.009 0.008 0.001 0.0
1.12935895002 19 1.12035895002 0.009 0.008 0.001 0.0
1.19348913621 20 1.18448913621 0.009 0.008 0.001 0.0
1.21539063484 21 1.20639063484 0.009 0.008 0.001 0.0
1.22339063484 22 1.20834100613 0.0150496287042 0.008 0.001 0.00604962870421
1.28270314972 23 1.27370314972 0.009 0.008 0.001 0.0
1.39494171992 24 1.38594171992 0.009 0.008 0.001 0.0
1.4095980555 25 1.4005980555 0.009 0.008 0.001 0.0
1.43315451908 26 1.42415451908 0.009 0.008 0.001 0.0
1.49440183945 27 1.48540183945 0.009 0.008 0.001 0.0
1.52201551031 28 1.51301551031 0.009 0.008 0.001 0.0
1.61745006202 29 1.60845006202 0.009 0.008 0.001 0.0
1.71360354066 30 1.70460354066 0.009 0.008 0.001 0.0
1.72160354066 31 1.70909650395 0.0125070367009 0.008 0.001 0.00350703670087
1.73290575222 32 1.72390575222 0.009 0.008 0.001 0.0
1.74966082122 33 1.74066082122 0.009 0.008 0.001 0.0
1.81232542197 34 1.80332542197 0.009 0.008 0.001 0.0
1.9839781495 35 1.9749781495 0.009 0.008 0.001 0.0
2.00472878704 36 1.99572878704 0.009 0.008 0.001 0.0
2.08825139104 37 2.07925139104 0.009 0.008 0.001 0.0
2.36327032297 38 2.35427032297 0.009 0.008 0.001 0.0
2.38154452921 39 2.37254452921 0.009 0.008 0.001 0.0
2.39664141726 40 2.38764141726 0.009 0.008 0.001 0.0
2.57060762183 41 2.56160762183 0.009 0.008 0.001 0.0
2.66096225621 42 2.65196225621 0.009 0.008 0.001 0.0
2.66896225621 43 2.65311074613 0.0158515100733 0.008 0.001 0.00685151007327
2.77354468774 44 2.76454468774 0.009 0.008 0.001 0.0
2.78154468774 45 2.76888568295 0.0126590047909 0.008 0.001 0.00365900479092
2.80318377021 46 2.79418377021 0.009 0.008 0.001 0.0
2.86403468022 47 2.85503468022 0.009 0.008 0.001 0.0
3.11774993349 48 3.10874993349 0.009 0.008 0.001 0.0
3.30275196637 49 3.29375196637 0.009 0.008 0.001 0.0
3.34092513 50 3.33192513 0.009 0.008 0.001 0.0
3.34892513 51 3.33796536059 0.01095976941 0.008 0.001 0.00195976940999
3.52167681663 52 3.51267681663 0.009 0.008 0.001 0.0
3.59752676588 53 3.58852676588 0.009 0.008 0.001 0.0
3.7056292557 54 3.6966292557 0.009 0.008 0.001 0.0
3.74281146204 55 3.73381146204 0.009 0.008 0.001 0.0
3.77441986679 56 3.76541986679 0.009 0.008 0.001 0.0
3.80446813395 57 3.79546813395 0.009 0.008 0.001 0.0
3.90445557318 58 3.89545557318 0.009 0.008 0.001 0.0
3.91597020638 59 3.90697020638 0.009 0.008 0.001 0.0
3.92657494967 60 3.91757494967 0.009 0.008 0.001 0.0
3.9450274491 61 3.9360274491 0.009 0.008 0.001 0.0
4.05674548582 62 4.04774548582 0.009 0.008 0.001 0.0
4.14966108731 63 4.14066108731 0.009 0.008 0.001 0.0
4.19478122873 64 4.18578122873 0.009 0.008 0.001 0.0
4.21606499294 65 4.20706499294 0.009 0.008 0.001 0.0
4.75118691924 66 4.74218691924 0.009 0.008 0.001 0.0
4.79685254034 67 4.78785254034 0.009 0.008 0.001 0.0
4.99418889592 68 4.98518889592 0.009 0.008 0.001 0.0
5.00218889592 69 4.9864336755 0.0157552204175 0.008 0.001 0.00675522041747
5.36997455399 70 5.36097455399 0.009 0.008 0.001 0.0
5.39289335281 71 5.38389335281 0.009 0.008 0.001 0.0
5.44186374846 72 5.43286374846 0.009 0.008 0.001 0.0
5.68805840956 73 5.67905840956 0.009 0.008 0.001 0.0
5.97062484814 74 5.96162484814 0.009 0.008 0.001 0.0
6.06631512574 75 6.05731512574 0.009 0.008 0.001 0.0
6.08503030369 76 6.07603030369 0.009 0.008 0.001 0.0
6.10668424234 77 6.09768424234 0.009 0.008 0.001 0.0
6.17134176156 78 6.16234176156 0.009 0.008 0.001 0.0
6.20029464458 79 6.19129464458 0.009 0.008 0.001 0.0
6.31030861833 80 6.30130861833 0.009 0.008 0.001 0.0
6.42373114762 81 6.41473114762 0.009 0.008 0.001 0.0
6.59873585561 82 6.58973585561 0.009 0.008 0.001 0.0
6.75600574621 83 6.74700574621 0.009 0.008 0.001 0.0
6.80307366069 84 6.79407366069 0.009 0.008 0.001 0.0
6.83903528006 85 6.83003528006 0.009 0.008 0.001 0.0
7.07759613815 86 7.06859613815 0.009 0.008 0.001 0.0
7.1144188541 87 7.1054188541 0.009 0.008 0.001 0.0
7.12636113544 88 7.11736113544 0.009 0.008 0.001 0.0
7.24392940183 89 7.23492940183 0.009 0.008 0.001 0.0
7.29608098449 90 7.28708098449 0.009 0.008 0.001 0.0
7.33475411929 91 7.32575411929 0.009 0.008 0.001 0.0
7.49260207943 92 7.48360207943 0.009 0.008 0.001 0.0
7.54773085242 93 7.53873085242 0.009 0.008 0.001 0.0
7.69747777549 94 7.68847777549 0.009 0.008 0.001 0.0
7.72312461009 95 7.71412461009 0.009 0.008 0.001 0.0
7.74847568391 96 7.73947568391 0.009 0.008 0.001 0.0
7.77245640738 97 7.76345640738 0.009 0.008 0.001 0.0
7.79036732234 98 7.78136732234 0.009 0.008 0.001 0.0
7.85809524537 99 7.84909524537 0.009 0.008 0.001 0.0
7.90219807828 100 7.89319807828 0.009 0.008 0.001 0.0
8.04414253139 101 8.03514253139 0.009 0.008 0.001 0.0
8.05214253139 102 8.04287032735 0.00927220403868 0.008 0.001 0.000272204038682
8.10143036814 103 8.09243036814 0.009 0.008 0.001 0.0
8.12573730501 104 8.11673730501 0.009 0.008 0.001 0.0
8.45772351184 105 8.44872351184 0.009 0.008 0.001 0.0
8.54546552204 106 8.53646552204 0.009 0.008 0.001 0.0
8.85063749278 107 8.84163749278 0.009 0.008 0.001 0.0
8.87097690151 108 8.86197690151 0.009 0.008 0.001 0.0
9.00168224284 109 8.99268224284 0.009 0.008 0.001 0.0
9.06535970972 110 9.05635970972 0.009 0.008 0.001 0.0
9.07397501664 111 9.06497501664 0.009 0.008 0.001 0.0
9.14002204063 112 9.13102204063 0.009 0.008 0.001 0.0
9.25085521913 113 9.24185521913 0.009 0.008 0.001 0.0
9.515775848 114 9.506775848 0.009 0.008 0.001 0.0
9.53462121528 115 9.52562121528 0.009 0.008 0.001 0.0
9.57664071783 116 9.56764071783 0.009 0.008 0.001 0.0
9.62698971935 117 9.61798971935 0.009 0.008 0.001 0.0
9.82910133507 118 9.82010133507 0.009 0.008 0.001 0.0
9.89172575239 119 9.88272575239 0.009 0.008 0.001 0.0
9.90934269291 120 9.90034269291 0.009 0.008 0.001 0.0
