0.009 2 0 0.009 0.008 0.001 0
0.0398722850989 3 0.0308722850989 0.009 0.008 0.001 0.0
0.10091633583 4 0.0919163358302 0.009 0.008 0.001 0.0
0.117710228304 5 0.108710228304 0.009 0.008 0.001 0.0
0.151311019444 6 0.142311019444 0.009 0.008 0.001 0.0
0.331416089698 7 0.322416089698 0.009 0.008 0.001 0.0
0.339416089698 8 0.324349319065 0.0150667706332 0.008 0.001 0.00606677063315
0.354981775997 9 0.345981775997 0.009 0.008 0.001 0.0
0.413227778432 10 0.404227778432 0.009 0.008 0.001 0.0
0.439063322463 11 0.430063322463 0.009 0.008 0.001 0.0
0.447063322463 12 0.437448713771 0.00961460869197 0.008 0.001 0.000614608691975
0.477783697539 13 0.468783697539 0.009 0.008 0.001 0.0
0.512595442532 14 0.503595442532 0.009 0.008 0.001 0.0
0.543997968539 15 0.534997968539 0.009 0.008 0.001 0.0
0.575714071979 16 0.566714071979 0.009 0.008 0.001 0.0
0.593885501883 17 0.584885501883 0.009 0.008 0.001 0.0
0.631798206391 18 0.622798206391 0.009 0.008 0.001 0.0
0.639798206391 19 0.629384051456 0.0104141549353 0.008 0.001 0.00141415493535
0.703406280123 20 0.694406280123 0.009 0.008 0.001 0.0
0.713852519816 21 0.704852519816 0.009 0.008 0.001 0.0
0.868706714117 22 0.859706714117 0.009 0.008 0.001 0.0
0.932030634649 23 0.923030634649 0.009 0.008 0.001 0.0
0.948534373791 24 0.939534373791 0.009 0.008 0.001 0.0
1.01606982841 25 1.00706982841 0.009 0.008 0.001 0.0
1.02406982841 26 1.01293636058 0.0111334678316 0.008 0.001 0.00213346783164
1.04053137031 27 1.03153137031 0.009 0.008 0.001 0.0
1.05513667237 28 1.04613667237 0.009 0.008 0.001 0.0
1.06313667237 29 1.05391912347 0.00921754889774 0.008 0.001 0.000217548897738
1.15186510538 30 1.14286510538 0.009 0.008 0.001 0.0
1.17305498596 31 1.16405498596 0.009 0.008 0.001 0.0
1.18556436719 32 1.17656436719 0.009 0.008 0.001 0.0
1.2121518012 33 1.2031518012 0.009 0.008 0.001 0.0
1.25585788865 34 1.24685788865 0.009 0.008 0.001 0.0
1.39878386214 35 1.38978386214 0.009 0.008 0.001 0.0
1.41937803862 36 1.41037803862 0.009 0.008 0.001 0.0
1.51836363169 37 1.50936363169 0.009 0.008 0.001 0.0
1.53468814361 38 1.52568814361 0.009 0.008 0.001 0.0
1.5469468583 39 1.5379468583 0.009 0.008 0.001 0.0
1.55500063865 40 1.54600063865 0.009 0.008 0.001 0.0
1.59762602431 41 1.58862602431 0.009 0.008 0.001 0.0
1.62719295722 42 1.61819295722 0.009 0.008 0.001 0.0
1.64957255417 43 1.64057255417 0.009 0.008 0.001 0.0
1.65757255417 44 1.64664250319 0.0109300509864 0.008 0.001 0.00193005098642
1.66869290577 45 1.65969290577 0.009 0.008 0.001 0.0
1.69571147405 46 1.68671147405 0.009 0.008 0.001 0.0
1.75024197093 47 1.74124197093 0.009 0.008 0.001 0.0
1.8001362455 48 1.7911362455 0.009 0.008 0.001 0.0
1.8081362455 49 1.79298900362 0.015147241886 0.008 0.001 0.00614724188597
1.87622788907 50 1.86722788907 0.009 0.008 0.001 0.0
1.89325719844 51 1.88425719844 0.009 0.008 0.001 0.0
1.91808233551 52 1.90908233551 0.009 0.008 0.001 0.0
1.95549073556 53 1.94649073556 0.009 0.008 0.001 0.0
1.96349073556 54 1.94701970688 0.0164710286799 0.008 0.001 0.00747102867992
2.01088813445 55 2.00188813445 0.009 0.008 0.001 0.0
2.02478708996 56 2.01578708996 0.009 0.008 0.001 0.0
2.05577671162 57 2.04677671162 0.009 0.008 0.001 0.0
2.06377671162 58 2.04935938715 0.0144173244718 0.008 0.001 0.00541732447179
2.19393547425 59 2.18493547425 0.009 0.008 0.001 0.0
2.21403777425 60 2.20503777425 0.009 0.008 0.001 0.0
2.2478375304 61 2.2388375304 0.009 0.008 0.001 0.0
2.27771013556 62 2.26871013556 0.009 0.008 0.001 0.0
2.29336461116 63 2.28436461116 0.009 0.008 0.001 0.0
2.32339226824 64 2.31439226824 0.009 0.008 0.001 0.0
2.4152142046 65 2.4062142046 0.009 0.008 0.001 0.0
2.44053586363 66 2.43153586363 0.009 0.008 0.001 0.0
2.46765575722 67 2.45865575722 0.009 0.008 0.001 0.0
2.49345759573 68 2.48445759573 0.009 0.008 0.001 0.0
2.5166711869 69 2.5076711869 0.009 0.008 0.001 0.0
2.58239153956 70 2.57339153956 0.009 0.008 0.001 0.0
2.64979134665 71 2.64079134665 0.009 0.008 0.001 0.0
2.65779134665 72 2.6436061369 0.0141852097571 0.008 0.001 0.00518520975709
2.66579134665 73 2.65090489125 0.0148864554008 0.008 0.001 0.00588645540085
2.81211329418 74 2.80311329418 0.009 0.008 0.001 0.0
2.90654421213 75 2.89754421213 0.009 0.008 0.001 0.0
2.91454421213 76 2.90144715166 0.0130970604707 0.008 0.001 0.00409706047067
2.96711299223 77 2.95811299223 0.009 0.008 0.001 0.0
3.00040588914 78 2.99140588914 0.009 0.008 0.001 0.0
3.00840588914 79 2.99301724456 0.0153886445813 0.008 0.001 0.00638864458129
3.06357162666 80 3.05457162666 0.009 0.008 0.001 0.0
3.07728708979 81 3.06828708979 0.009 0.008 0.001 0.0
3.11126166697 82 3.10226166697 0.009 0.008 0.001 0.0
3.12712331224 83 3.11812331224 0.009 0.008 0.001 0.0
3.15337367524 84 3.14437367524 0.009 0.008 0.001 0.0
3.24332954135 85 3.23432954135 0.009 0.008 0.001 0.0
3.25132954135 86 3.2377075836 0.0136219577593 0.008 0.001 0.00462195775929
3.35297814982 87 3.34397814982 0.009 0.008 0.001 0.0
3.36305816806 88 3.35405816806 0.009 0.008 0.001 0.0
3.42232361158 89 3.41332361158 0.009 0.008 0.001 0.0
3.43032361158 90 3.41521269938 0.015110912203 0.008 0.001 0.00611091220304
3.48162134972 91 3.47262134972 0.009 0.008 0.001 0.0
3.5134117826 92 3.5044117826 0.009 0.008 0.001 0.0
3.57042783079 93 3.56142783079 0.009 0.008 0.001 0.0
3.61483627285 94 3.60583627285 0.009 0.008 0.001 0.0
3.70425756025 95 3.69525756025 0.009 0.008 0.001 0.0
3.75299909249 96 3.74399909249 0.009 0.008 0.001 0.0
3.83078803654 97 3.82178803654 0.009 0.008 0.001 0.0
3.86424545547 98 3.85524545547 0.009 0.008 0.001 0.0
3.8879944557 99 3.8789944557 0.009 0.008 0.001 0.0
3.91727178721 100 3.90827178721 0.009 0.008 0.001 0.0
3.92532243784 101 3.91632243784 0.009 0.008 0.001 0.0
3.9496001031 102 3.9406001031 0.009 0.008 0.001 0.0
3.98138712274 103 3.97238712274 0.009 0.008 0.001 0.0
3.99301624155 104 3.98401624155 0.009 0.008 0.001 0.0
4.08286585058 105 4.07386585058 0.009 0.008 0.001 0.0
4.14394325979 106 4.13494325979 0.009 0.008 0.001 0.0
4.18450229089 107 4.17550229089 0.009 0.008 0.001 0.0
4.23572450231 108 4.22672450231 0.009 0.008 0.001 0.0
4.24846946811 109 4.23946946811 0.009 0.008 0.001 0.0
4.25971206944 110 4.25071206944 0.009 0.008 0.001 0.0
4.26771206944 111 4.25785415808 0.00985791135688 0.008 0.001 0.000857911356882
4.29229574912 112 4.28329574912 0.009 0.008 0.001 0.0
4.30029574912 113 4.29012305145 0.0101726976679 0.008 0.001 0.00117269766788
4.31059076679 114 4.30159076679 0.009 0.008 0.001 0.0
4.32569320313 115 4.31669320313 0.009 0.008 0.001 0.0
4.34303209178 116 4.33403209178 0.009 0.008 0.001 0.0
4.35103209178 117 4.34004207443 0.0109900173561 0.008 0.001 0.00199001735608
4.35903209178 118 4.34758444269 0.0114476490932 0.008 0.001 0.00244764909321
4.44469825319 119 4.43569825319 0.009 0.008 0.001 0.0
4.46309277678 120 4.45409277678 0.009 0.008 0.001 0.0
4.47109277678 121 4.45702035595 0.0140724208279 0.008 0.001 0.00507242082787
4.48487115122 122 4.47587115122 0.009 0.008 0.001 0.0
4.49930969429 123 4.49030969429 0.009 0.008 0.001 0.0
4.53546970851 124 4.52646970851 0.009 0.008 0.001 0.0
4.56339584768 125 4.55439584768 0.009 0.008 0.001 0.0
4.68282422542 126 4.67382422542 0.009 0.008 0.001 0.0
4.7703531398 127 4.7613531398 0.009 0.008 0.001 0.0
4.81979753723 128 4.81079753723 0.009 0.008 0.001 0.0
4.82779753723 129 4.81875342032 0.00904411691384 0.008 0.001 4.41169138412e-05
4.88051318869 130 4.87151318869 0.009 0.008 0.001 0.0
4.89853509718 131 4.88953509718 0.009 0.008 0.001 0.0
4.91895728606 132 4.90995728606 0.009 0.008 0.001 0.0
4.94014570991 133 4.93114570991 0.009 0.008 0.001 0.0
5.0006467996 134 4.9916467996 0.009 0.008 0.001 0.0
5.0086467996 135 4.99876134223 0.00988545736829 0.008 0.001 0.000885457368288
5.09985918703 136 5.09085918703 0.009 0.008 0.001 0.0
5.12242831088 137 5.11342831088 0.009 0.008 0.001 0.0
5.14961440766 138 5.14061440766 0.009 0.008 0.001 0.0
5.20849237293 139 5.19949237293 0.009 0.008 0.001 0.0
5.26235638792 140 5.25335638792 0.009 0.008 0.001 0.0
5.31721609446 141 5.30821609446 0.009 0.008 0.001 0.0
5.32521609446 142 5.31448668822 0.0107294062422 0.008 0.001 0.00172940624217
5.41469597637 143 5.40569597637 0.009 0.008 0.001 0.0
5.44901044407 144 5.44001044407 0.009 0.008 0.001 0.0
5.52024050029 145 5.51124050029 0.009 0.008 0.001 0.0
5.52940661654 146 5.52040661654 0.009 0.008 0.001 0.0
5.57882747704 147 5.56982747704 0.009 0.008 0.001 0.0
5.60067587931 148 5.59167587931 0.009 0.008 0.001 0.0
5.60867587931 149 5.59719584207 0.0114800372477 0.008 0.001 0.0024800372477
5.63868198875 150 5.62968198875 0.009 0.008 0.001 0.0
5.66845392966 151 5.65945392966 0.009 0.008 0.001 0.0
5.75278324014 152 5.74378324014 0.009 0.008 0.001 0.0
5.76338063261 153 5.75438063261 0.009 0.008 0.001 0.0
5.78929736553 154 5.78029736553 0.009 0.008 0.001 0.0
5.86857600955 155 5.85957600955 0.009 0.008 0.001 0.0
5.87657600955 156 5.86437124067 0.0122047688761 0.008 0.001 0.00320476887611
5.88457600955 157 5.86446802289 0.0201079866575 0.008 0.001 0.0111079866575
5.90027077185 158 5.89127077185 0.009 0.008 0.001 0.0
6.00329529645 159 5.99429529645 0.009 0.008 0.001 0.0
6.08374969436 160 6.07474969436 0.009 0.008 0.001 0.0
6.11329860959 161 6.10429860959 0.009 0.008 0.001 0.0
6.17399946461 162 6.16499946461 0.009 0.008 0.001 0.0
6.18784547279 163 6.17884547279 0.009 0.008 0.001 0.0
6.21899280882 164 6.20999280882 0.009 0.008 0.001 0.0
6.23276904722 165 6.22376904722 0.009 0.008 0.001 0.0
6.30670463042 166 6.29770463042 0.009 0.008 0.001 0.0
6.32352937213 167 6.31452937213 0.009 0.008 0.001 0.0
6.33892185566 168 6.32992185566 0.009 0.008 0.001 0.0
6.42717654243 169 6.41817654243 0.009 0.008 0.001 0.0
6.49024669919 170 6.48124669919 0.009 0.008 0.001 0.0
6.55222124646 171 6.54322124646 0.009 0.008 0.001 0.0
6.62561256884 172 6.61661256884 0.009 0.008 0.001 0.0
6.83573493432 173 6.82673493432 0.009 0.008 0.001 0.0
6.8536113131 174 6.8446113131 0.009 0.008 0.001 0.0
6.87560294258 175 6.86660294258 0.009 0.008 0.001 0.0
6.8858514719 176 6.8768514719 0.009 0.008 0.001 0.0
6.89835329226 177 6.88935329226 0.009 0.008 0.001 0.0
6.90635329226 178 6.89293612698 0.0134171652832 0.008 0.001 0.00441716528321
6.98387944286 179 6.97487944286 0.009 0.008 0.001 0.0
7.02747927394 180 7.01847927394 0.009 0.008 0.001 0.0
7.05898085976 181 7.04998085976 0.009 0.008 0.001 0.0
7.2059399923 182 7.1969399923 0.009 0.008 0.001 0.0
7.27254536645 183 7.26354536645 0.009 0.008 0.001 0.0
7.34229296937 184 7.33329296937 0.009 0.008 0.001 0.0
7.36809499334 185 7.35909499334 0.009 0.008 0.001 0.0
7.41867445453 186 7.40967445453 0.009 0.008 0.001 0.0
7.43564938788 187 7.42664938788 0.009 0.008 0.001 0.0
7.44364938788 188 7.43083574741 0.0128136404727 0.008 0.001 0.00381364047271
7.51053807172 189 7.50153807172 0.009 0.008 0.001 0.0
7.54959210406 190 7.54059210406 0.009 0.008 0.001 0.0
7.5937632545 191 7.5847632545 0.009 0.008 0.001 0.0
7.60214102741 192 7.59314102741 0.009 0.008 0.001 0.0
7.65770391098 193 7.64870391098 0.009 0.008 0.001 0.0
7.67480717911 194 7.66580717911 0.009 0.008 0.001 0.0
7.72723180924 195 7.71823180924 0.009 0.008 0.001 0.0
7.78509418528 196 7.77609418528 0.009 0.008 0.001 0.0
7.79660807811 197 7.78760807811 0.009 0.008 0.001 0.0
7.81000130899 198 7.80100130899 0.009 0.008 0.001 0.0
7.81800130899 199 7.80149648067 0.0165048283212 0.008 0.001 0.00750482832124
7.88025681542 200 7.87125681542 0.009 0.008 0.001 0.0
7.90394899954 201 7.89494899954 0.009 0.008 0.001 0.0
7.91194899954 202 7.89514692598 0.0168020735605 0.008 0.001 0.00780207356052
8.04014355122 203 8.03114355122 0.009 0.008 0.001 0.0
8.06789009244 204 8.05889009244 0.009 0.008 0.001 0.0
8.07589009244 205 8.06166014056 0.0142299518811 0.008 0.001 0.00522995188114
8.12228082245 206 8.11328082245 0.009 0.008 0.001 0.0
8.14487087687 207 8.13587087687 0.009 0.008 0.001 0.0
8.15420487368 208 8.14520487368 0.009 0.008 0.001 0.0
8.16220487368 209 8.15296341476 0.00924145892141 0.008 0.001 0.000241458921407
8.23417088725 210 8.22517088725 0.009 0.008 0.001 0.0
8.27271434311 211 8.26371434311 0.009 0.008 0.001 0.0
8.31869511054 212 8.30969511054 0.009 0.008 0.001 0.0
8.35576022828 213 8.34676022828 0.009 0.008 0.001 0.0
8.36635819187 214 8.35735819187 0.009 0.008 0.001 0.0
8.37896652183 215 8.36996652183 0.009 0.008 0.001 0.0
8.38696652183 216 8.37308857737 0.0138779444666 0.008 0.001 0.00487794446656
8.39496652183 217 8.37379375325 0.0211727685785 0.008 0.001 0.0121727685785
8.40296652183 218 8.37561323849 0.0273532833431 0.008 0.001 0.0183532833431
8.44670525885 219 8.43770525885 0.009 0.008 0.001 0.0
8.56787138133 220 8.55887138133 0.009 0.008 0.001 0.0
8.60996690809 221 8.60096690809 0.009 0.008 0.001 0.0
8.6680519545 222 8.6590519545 0.009 0.008 0.001 0.0
8.72989364108 223 8.72089364108 0.009 0.008 0.001 0.0
8.77641321279 224 8.76741321279 0.009 0.008 0.001 0.0
8.81413254423 225 8.80513254423 0.009 0.008 0.001 0.0
8.88987122526 226 8.88087122526 0.009 0.008 0.001 0.0
8.91353121014 227 8.90453121014 0.009 0.008 0.001 0.0
8.94266639586 228 8.93366639586 0.009 0.008 0.001 0.0
9.06241903185 229 9.05341903185 0.009 0.008 0.001 0.0
9.09747868397 230 9.08847868397 0.009 0.008 0.001 0.0
9.11099518004 231 9.10199518004 0.009 0.008 0.001 0.0
9.12202852788 232 9.11302852788 0.009 0.008 0.001 0.0
9.14673989827 233 9.13773989827 0.009 0.008 0.001 0.0
9.15473989827 234 9.14354328296 0.0111966153085 0.008 0.001 0.00219661530851
9.16742898507 235 9.15842898507 0.009 0.008 0.001 0.0
9.1880047061 236 9.1790047061 0.009 0.008 0.001 0.0
9.1996901787 237 9.1906901787 0.009 0.008 0.001 0.0
9.24145009557 238 9.23245009557 0.009 0.008 0.001 0.0
9.25357867413 239 9.24457867413 0.009 0.008 0.001 0.0
9.26202470546 240 9.25302470546 0.009 0.008 0.001 0.0
9.32954590677 241 9.32054590677 0.009 0.008 0.001 0.0
9.39591649305 242 9.38691649305 0.009 0.008 0.001 0.0
9.4868310493 243 9.4778310493 0.009 0.008 0.001 0.0
9.61600003629 244 9.60700003629 0.009 0.008 0.001 0.0
9.63384767253 245 9.62484767253 0.009 0.008 0.001 0.0
9.64184767253 246 9.6269006829 0.0149469896276 0.008 0.001 0.00594698962762
9.67428617833 247 9.66528617833 0.009 0.008 0.001 0.0
9.68630999295 248 9.67730999295 0.009 0.008 0.001 0.0
9.69442711082 249 9.68542711082 0.009 0.008 0.001 0.0
9.72463089608 250 9.71563089608 0.009 0.008 0.001 0.0
9.74323802568 251 9.73423802568 0.009 0.008 0.001 0.0
9.76778535139 252 9.75878535139 0.009 0.008 0.001 0.0
9.82117918853 253 9.81217918853 0.009 0.008 0.001 0.0
9.85476797581 254 9.84576797581 0.009 0.008 0.001 0.0
9.86276797581 255 9.84731285396 0.015455121858 0.008 0.001 0.00645512185801
9.87076797581 256 9.84821066293 0.0225573128845 0.008 0.001 0.0135573128845
9.87876797581 257 9.85286880712 0.0258991686922 0.008 0.001 0.0168991686922
9.90469679026 258 9.89569679026 0.009 0.008 0.001 0.0
9.92713751626 259 9.91813751626 0.009 0.008 0.001 0.0
9.96977254656 260 9.96077254656 0.009 0.008 0.001 0.0
10.0178339819 261 10.0088339819 0.009 0.008 0.001 0.0
10.0786079311 262 10.0696079311 0.009 0.008 0.001 0.0
10.0888386215 263 10.0798386215 0.009 0.008 0.001 0.0
10.1011448724 264 10.0921448724 0.009 0.008 0.001 0.0
10.1199094376 265 10.1109094376 0.009 0.008 0.001 0.0
10.1360891563 266 10.1270891563 0.009 0.008 0.001 0.0
10.1804233513 267 10.1714233513 0.009 0.008 0.001 0.0
10.208616105 268 10.199616105 0.009 0.008 0.001 0.0
10.216616105 269 10.2013630679 0.0152530370645 0.008 0.001 0.00625303706449
10.2565191864 270 10.2475191864 0.009 0.008 0.001 0.0
10.2645191864 271 10.2483650423 0.0161541441013 0.008 0.001 0.00715414410133
10.3202062219 272 10.3112062219 0.009 0.008 0.001 0.0
10.3282062219 273 10.3182296279 0.00997659403758 0.008 0.001 0.000976594037583
10.4124647997 274 10.4034647997 0.009 0.008 0.001 0.0
10.4394075653 275 10.4304075653 0.009 0.008 0.001 0.0
10.4544777921 276 10.4454777921 0.009 0.008 0.001 0.0
10.5059194927 277 10.4969194927 0.009 0.008 0.001 0.0
10.5139194927 278 10.5026158186 0.0113036741466 0.008 0.001 0.00230367414663
10.5764892482 279 10.5674892482 0.009 0.008 0.001 0.0
10.723075636 280 10.714075636 0.009 0.008 0.001 0.0
10.7319161399 281 10.7229161399 0.009 0.008 0.001 0.0
10.8042075205 282 10.7952075205 0.009 0.008 0.001 0.0
10.8243134825 283 10.8153134825 0.009 0.008 0.001 0.0
10.838385169 284 10.829385169 0.009 0.008 0.001 0.0
10.8814709514 285 10.8724709514 0.009 0.008 0.001 0.0
10.8925061953 286 10.8835061953 0.009 0.008 0.001 0.0
10.9175020349 287 10.9085020349 0.009 0.008 0.001 0.0
10.9706767422 288 10.9616767422 0.009 0.008 0.001 0.0
10.9939386503 289 10.9849386503 0.009 0.008 0.001 0.0
11.04103987 290 11.03203987 0.009 0.008 0.001 0.0
11.054315292 291 11.045315292 0.009 0.008 0.001 0.0
11.062315292 292 11.0506492991 0.0116659929543 0.008 0.001 0.00266599295433
11.070315292 293 11.054938728 0.0153765640817 0.008 0.001 0.00637656408174
11.1538794654 294 11.1448794654 0.009 0.008 0.001 0.0
11.1618794654 295 11.150457164 0.0114223013564 0.008 0.001 0.00242230135638
11.2048775036 296 11.1958775036 0.009 0.008 0.001 0.0
11.3133414653 297 11.3043414653 0.009 0.008 0.001 0.0
11.4079344677 298 11.3989344677 0.009 0.008 0.001 0.0
11.484667849 299 11.475667849 0.009 0.008 0.001 0.0
11.5952501979 300 11.5862501979 0.009 0.008 0.001 0.0
11.6306198772 301 11.6216198772 0.009 0.008 0.001 0.0
11.6492337539 302 11.6402337539 0.009 0.008 0.001 0.0
11.7083239251 303 11.6993239251 0.009 0.008 0.001 0.0
11.7424523209 304 11.7334523209 0.009 0.008 0.001 0.0
11.7636607964 305 11.7546607964 0.009 0.008 0.001 0.0
11.814621412 306 11.805621412 0.009 0.008 0.001 0.0
11.8495705093 307 11.8405705093 0.009 0.008 0.001 0.0
11.8575705093 308 11.8448405539 0.012729955416 0.008 0.001 0.00372995541605
11.8674244468 309 11.8584244468 0.009 0.008 0.001 0.0
11.8754244468 310 11.8587860548 0.016638391929 0.008 0.001 0.00763839192901
11.8834244468 311 11.8631109526 0.0203134941901 0.008 0.001 0.0113134941901
12.0126943969 312 12.0036943969 0.009 0.008 0.001 0.0
12.0525171207 313 12.0435171207 0.009 0.008 0.001 0.0
12.1417114167 314 12.1327114167 0.009 0.008 0.001 0.0
12.1519967187 315 12.1429967187 0.009 0.008 0.001 0.0
12.1996583371 316 12.1906583371 0.009 0.008 0.001 0.0
12.2533657346 317 12.2443657346 0.009 0.008 0.001 0.0
12.2644045738 318 12.2554045738 0.009 0.008 0.001 0.0
12.2724045738 319 12.2620406735 0.010363900237 0.008 0.001 0.00136390023704
12.3532069447 320 12.3442069447 0.009 0.008 0.001 0.0
12.3713143577 321 12.3623143577 0.009 0.008 0.001 0.0
12.3793143577 322 12.3664666388 0.0128477188315 0.008 0.001 0.00384771883148
12.3995542759 323 12.3905542759 0.009 0.008 0.001 0.0
12.4075542759 324 12.3984167076 0.00913756827293 0.008 0.001 0.000137568272933
12.4237410433 325 12.4147410433 0.009 0.008 0.001 0.0
12.4763097087 326 12.4673097087 0.009 0.008 0.001 0.0
12.540741101 327 12.531741101 0.009 0.008 0.001 0.0
12.558756194 328 12.549756194 0.009 0.008 0.001 0.0
12.6282535996 329 12.6192535996 0.009 0.008 0.001 0.0
12.6763617635 330 12.6673617635 0.009 0.008 0.001 0.0
12.689939602 331 12.680939602 0.009 0.008 0.001 0.0
12.697939602 332 12.6819987099 0.0159408920791 0.008 0.001 0.00694089207906
12.9701942771 333 12.9611942771 0.009 0.008 0.001 0.0
13.0072323659 334 12.9982323659 0.009 0.008 0.001 0.0
13.0374592894 335 13.0284592894 0.009 0.008 0.001 0.0
13.1543552139 336 13.1453552139 0.009 0.008 0.001 0.0
13.3105119568 337 13.3015119568 0.009 0.008 0.001 0.0
13.3659531443 338 13.3569531443 0.009 0.008 0.001 0.0
13.3739531443 339 13.3603542839 0.013598860321 0.008 0.001 0.00459886032101
13.3819531443 340 13.3668261795 0.0151269647385 0.008 0.001 0.00612696473849
13.5509517288 341 13.5419517288 0.009 0.008 0.001 0.0
13.5771154684 342 13.5681154684 0.009 0.008 0.001 0.0
13.597659424 343 13.588659424 0.009 0.008 0.001 0.0
13.605659424 344 13.5946800134 0.0109794106002 0.008 0.001 0.00197941060022
13.613659424 345 13.5977843096 0.0158751143888 0.008 0.001 0.00687511438885
13.6504785712 346 13.6414785712 0.009 0.008 0.001 0.0
13.7244781521 347 13.7154781521 0.009 0.008 0.001 0.0
13.7777894073 348 13.7687894073 0.009 0.008 0.001 0.0
13.810915565 349 13.801915565 0.009 0.008 0.001 0.0
13.818915565 350 13.8078279388 0.011087626147 0.008 0.001 0.00208762614696
13.8452491215 351 13.8362491215 0.009 0.008 0.001 0.0
13.9089664468 352 13.8999664468 0.009 0.008 0.001 0.0
13.9949636809 353 13.9859636809 0.009 0.008 0.001 0.0
14.0233003766 354 14.0143003766 0.009 0.008 0.001 0.0
14.0399257844 355 14.0309257844 0.009 0.008 0.001 0.0
14.0570470563 356 14.0480470563 0.009 0.008 0.001 0.0
14.0650470563 357 14.0549344527 0.010112603587 0.008 0.001 0.00111260358697
14.1046051885 358 14.0956051885 0.009 0.008 0.001 0.0
14.237705063 359 14.228705063 0.009 0.008 0.001 0.0
14.2745335387 360 14.2655335387 0.009 0.008 0.001 0.0
14.4026410723 361 14.3936410723 0.009 0.008 0.001 0.0
14.4660415554 362 14.4570415554 0.009 0.008 0.001 0.0
14.6028130153 363 14.5938130153 0.009 0.008 0.001 0.0
14.6361552721 364 14.6271552721 0.009 0.008 0.001 0.0
14.7108471046 365 14.7018471046 0.009 0.008 0.001 0.0
14.778871933 366 14.769871933 0.009 0.008 0.001 0.0
14.8638139897 367 14.8548139897 0.009 0.008 0.001 0.0
14.9039443088 368 14.8949443088 0.009 0.008 0.001 0.0
14.9532617159 369 14.9442617159 0.009 0.008 0.001 0.0
14.9845748505 370 14.9755748505 0.009 0.008 0.001 0.0
15.0748655874 371 15.0658655874 0.009 0.008 0.001 0.0
15.0934786362 372 15.0844786362 0.009 0.008 0.001 0.0
15.1191155254 373 15.1101155254 0.009 0.008 0.001 0.0
15.1271155254 374 15.1139211815 0.0131943439155 0.008 0.001 0.00419434391552
15.2165653641 375 15.2075653641 0.009 0.008 0.001 0.0
15.2719292966 376 15.2629292966 0.009 0.008 0.001 0.0
15.2919969368 377 15.2829969368 0.009 0.008 0.001 0.0
15.2999969368 378 15.2894513317 0.0105456051502 0.008 0.001 0.0015456051502
15.3835735895 379 15.3745735895 0.009 0.008 0.001 0.0
15.4150312159 380 15.4060312159 0.009 0.008 0.001 0.0
15.4230312159 381 15.4137031985 0.00932801737322 0.008 0.001 0.000328017373217
15.5416011276 382 15.5326011276 0.009 0.008 0.001 0.0
15.6946006767 383 15.6856006767 0.009 0.008 0.001 0.0
15.8426433352 384 15.8336433352 0.009 0.008 0.001 0.0
15.8684877173 385 15.8594877173 0.009 0.008 0.001 0.0
15.8764877173 386 15.8648439272 0.0116437900919 0.008 0.001 0.00264379009188
15.8844877173 387 15.8748487706 0.00963894664735 0.008 0.001 0.000638946647348
15.8924877173 388 15.8759122833 0.0165754340191 0.008 0.001 0.00757543401909
15.9157724134 389 15.9067724134 0.009 0.008 0.001 0.0
15.9621416837 390 15.9531416837 0.009 0.008 0.001 0.0
15.9880306767 391 15.9790306767 0.009 0.008 0.001 0.0
16.0606882157 392 16.0516882157 0.009 0.008 0.001 0.0
16.1375257517 393 16.1285257517 0.009 0.008 0.001 0.0
16.1464980579 394 16.1374980579 0.009 0.008 0.001 0.0
16.1746766505 395 16.1656766505 0.009 0.008 0.001 0.0
16.1959335548 396 16.1869335548 0.009 0.008 0.001 0.0
16.2306741842 397 16.2216741842 0.009 0.008 0.001 0.0
16.2386741842 398 16.2287007315 0.00997345273244 0.008 0.001 0.000973452732438
16.2748383218 399 16.2658383218 0.009 0.008 0.001 0.0
16.2828383218 400 16.2724334921 0.0104048296207 0.008 0.001 0.00140482962072
16.3100664161 401 16.3010664161 0.009 0.008 0.001 0.0
16.3185191347 402 16.3095191347 0.009 0.008 0.001 0.0
16.3461176424 403 16.3371176424 0.009 0.008 0.001 0.0
16.3938981265 404 16.3848981265 0.009 0.008 0.001 0.0
16.4147314544 405 16.4057314544 0.009 0.008 0.001 0.0
16.4227314544 406 16.4059581636 0.0167732907778 0.008 0.001 0.00777329077783
16.4555113207 407 16.4465113207 0.009 0.008 0.001 0.0
16.4669729311 408 16.4579729311 0.009 0.008 0.001 0.0
16.5337882885 409 16.5247882885 0.009 0.008 0.001 0.0
16.5849632858 410 16.5759632858 0.009 0.008 0.001 0.0
16.6086734121 411 16.5996734121 0.009 0.008 0.001 0.0
16.6166734121 412 16.6056744649 0.0109989471709 0.008 0.001 0.00199894717091
16.6246734121 413 16.611439984 0.013233428063 0.008 0.001 0.00423342806304
16.6356982567 414 16.6266982567 0.009 0.008 0.001 0.0
16.6522166387 415 16.6432166387 0.009 0.008 0.001 0.0
16.6603440215 416 16.6513440215 0.009 0.008 0.001 0.0
16.7683318861 417 16.7593318861 0.009 0.008 0.001 0.0
16.8273854035 418 16.8183854035 0.009 0.008 0.001 0.0
16.8626860686 419 16.8536860686 0.009 0.008 0.001 0.0
16.8842512415 420 16.8752512415 0.009 0.008 0.001 0.0
16.9249604934 421 16.9159604934 0.009 0.008 0.001 0.0
16.9412791444 422 16.9322791444 0.009 0.008 0.001 0.0
16.9537146302 423 16.9447146302 0.009 0.008 0.001 0.0
16.9890734012 424 16.9800734012 0.009 0.008 0.001 0.0
16.9970734012 425 16.9812337218 0.01583967946 0.008 0.001 0.00683967945996
17.0079983403 426 16.9989983403 0.009 0.008 0.001 0.0
17.0914079749 427 17.0824079749 0.009 0.008 0.001 0.0
17.1296619551 428 17.1206619551 0.009 0.008 0.001 0.0
17.1916012153 429 17.1826012153 0.009 0.008 0.001 0.0
17.2337435241 430 17.2247435241 0.009 0.008 0.001 0.0
17.2568630478 431 17.2478630478 0.009 0.008 0.001 0.0
17.2866992267 432 17.2776992267 0.009 0.008 0.001 0.0
17.3119490982 433 17.3029490982 0.009 0.008 0.001 0.0
17.3205335533 434 17.3115335533 0.009 0.008 0.001 0.0
17.3285335533 435 17.316027556 0.0125059973194 0.008 0.001 0.00350599731944
17.3365335533 436 17.3191286539 0.0174048993741 0.008 0.001 0.00840489937407
17.3445335533 437 17.3214099349 0.0231236183962 0.008 0.001 0.0141236183962
17.4093939266 438 17.4003939266 0.009 0.008 0.001 0.0
17.4173939266 439 17.4027323438 0.0146615828557 0.008 0.001 0.00566158285569
17.4253939266 440 17.4156146354 0.00977929120095 0.008 0.001 0.000779291200949
17.4521679265 441 17.4431679265 0.009 0.008 0.001 0.0
17.4871717935 442 17.4781717935 0.009 0.008 0.001 0.0
17.5441675411 443 17.5351675411 0.009 0.008 0.001 0.0
17.6966722672 444 17.6876722672 0.009 0.008 0.001 0.0
17.7534083524 445 17.7444083524 0.009 0.008 0.001 0.0
17.7625517949 446 17.7535517949 0.009 0.008 0.001 0.0
17.7725436338 447 17.7635436338 0.009 0.008 0.001 0.0
17.7834175023 448 17.7744175023 0.009 0.008 0.001 0.0
17.8487198352 449 17.8397198352 0.009 0.008 0.001 0.0
17.8727049815 450 17.8637049815 0.009 0.008 0.001 0.0
17.8807049815 451 17.8640497219 0.0166552596202 0.008 0.001 0.0076552596202
17.9013268381 452 17.8923268381 0.009 0.008 0.001 0.0
17.9093268381 453 17.8951054599 0.0142213781813 0.008 0.001 0.00522137818134
17.9768370589 454 17.9678370589 0.009 0.008 0.001 0.0
18.0366091546 455 18.0276091546 0.009 0.008 0.001 0.0
18.0446091546 456 18.0283651397 0.0162440149254 0.008 0.001 0.00724401492539
18.0741721115 457 18.0651721115 0.009 0.008 0.001 0.0
18.0821721115 458 18.0654711732 0.0167009382672 0.008 0.001 0.00770093826718
18.0901721115 459 18.0763863298 0.0137857816927 0.008 0.001 0.0047857816927
18.0981721115 460 18.0800074324 0.0181646790514 0.008 0.001 0.00916467905143
18.1153941464 461 18.1063941464 0.009 0.008 0.001 0.0
18.2170461487 462 18.2080461487 0.009 0.008 0.001 0.0
18.2378749083 463 18.2288749083 0.009 0.008 0.001 0.0
18.2501610878 464 18.2411610878 0.009 0.008 0.001 0.0
18.2907936585 465 18.2817936585 0.009 0.008 0.001 0.0
18.3025389675 466 18.2935389675 0.009 0.008 0.001 0.0
18.4549311661 467 18.4459311661 0.009 0.008 0.001 0.0
18.4653745666 468 18.4563745666 0.009 0.008 0.001 0.0
18.5262084468 469 18.5172084468 0.009 0.008 0.001 0.0
18.5350662759 470 18.5260662759 0.009 0.008 0.001 0.0
18.5646515015 471 18.5556515015 0.009 0.008 0.001 0.0
18.6046519324 472 18.5956519324 0.009 0.008 0.001 0.0
18.635859084 473 18.626859084 0.009 0.008 0.001 0.0
18.648296829 474 18.639296829 0.009 0.008 0.001 0.0
18.6790576234 475 18.6700576234 0.009 0.008 0.001 0.0
18.7154731943 476 18.7064731943 0.009 0.008 0.001 0.0
18.7234731943 477 18.7090706539 0.0144025403661 0.008 0.001 0.00540254036614
18.7351718903 478 18.7261718903 0.009 0.008 0.001 0.0
18.7615017342 479 18.7525017342 0.009 0.008 0.001 0.0
18.7812080142 480 18.7722080142 0.009 0.008 0.001 0.0
18.8016484634 481 18.7926484634 0.009 0.008 0.001 0.0
18.8253701878 482 18.8163701878 0.009 0.008 0.001 0.0
18.8453733236 483 18.8363733236 0.009 0.008 0.001 0.0
18.8533733236 484 18.8430202213 0.0103531023297 0.008 0.001 0.00135310232972
18.8801951605 485 18.8711951605 0.009 0.008 0.001 0.0
18.8881951605 486 18.8728091767 0.0153859838087 0.008 0.001 0.00638598380869
18.8961951605 487 18.8817671578 0.0144280027541 0.008 0.001 0.00542800275415
18.9041951605 488 18.889830458 0.0143647024921 0.008 0.001 0.00536470249214
18.9192102035 489 18.9102102035 0.009 0.008 0.001 0.0
18.9957114713 490 18.9867114713 0.009 0.008 0.001 0.0
19.0037114713 491 18.9884787788 0.0152326925323 0.008 0.001 0.00623269253235
19.0590031233 492 19.0500031233 0.009 0.008 0.001 0.0
19.1556309256 493 19.1466309256 0.009 0.008 0.001 0.0
19.2096536923 494 19.2006536923 0.009 0.008 0.001 0.0
19.2192215586 495 19.2102215586 0.009 0.008 0.001 0.0
19.2272215586 496 19.2175915504 0.00963000821702 0.008 0.001 0.000630008217016
19.2438248068 497 19.2348248068 0.009 0.008 0.001 0.0
19.2554622998 498 19.2464622998 0.009 0.008 0.001 0.0
19.2634622998 499 19.2494606651 0.014001634711 0.008 0.001 0.00500163471105
19.4048936501 500 19.3958936501 0.009 0.008 0.001 0.0
19.4378317194 501 19.4288317194 0.009 0.008 0.001 0.0
19.4642852003 502 19.4552852003 0.009 0.008 0.001 0.0
19.5903558579 503 19.5813558579 0.009 0.008 0.001 0.0
19.7207005942 504 19.7117005942 0.009 0.008 0.001 0.0
19.8056241189 505 19.7966241189 0.009 0.008 0.001 0.0
19.8185026029 506 19.8095026029 0.009 0.008 0.001 0.0
19.8328631023 507 19.8238631023 0.009 0.008 0.001 0.0
19.874628323 508 19.865628323 0.009 0.008 0.001 0.0
19.9041052531 509 19.8951052531 0.009 0.008 0.001 0.0
20.0064579943 510 19.9974579943 0.009 0.008 0.001 0.0
20.034618625 511 20.025618625 0.009 0.008 0.001 0.0
20.1092683138 512 20.1002683138 0.009 0.008 0.001 0.0
20.1501012321 513 20.1411012321 0.009 0.008 0.001 0.0
20.1650277711 514 20.1560277711 0.009 0.008 0.001 0.0
20.1730277711 515 20.1582434699 0.0147843011905 0.008 0.001 0.00578430119046
20.1843041312 516 20.1753041312 0.009 0.008 0.001 0.0
20.1923041312 517 20.1813071366 0.0109969945996 0.008 0.001 0.00199699459961
20.2479827529 518 20.2389827529 0.009 0.008 0.001 0.0
20.2729566091 519 20.2639566091 0.009 0.008 0.001 0.0
20.3091170368 520 20.3001170368 0.009 0.008 0.001 0.0
20.3172086337 521 20.3082086337 0.009 0.008 0.001 0.0
20.3643908604 522 20.3553908604 0.009 0.008 0.001 0.0
20.415525195 523 20.406525195 0.009 0.008 0.001 0.0
20.429323701 524 20.420323701 0.009 0.008 0.001 0.0
20.4889652942 525 20.4799652942 0.009 0.008 0.001 0.0
20.5264810535 526 20.5174810535 0.009 0.008 0.001 0.0
20.5344810535 527 20.521079772 0.0134012814737 0.008 0.001 0.0044012814737
20.5424810535 528 20.5241847547 0.0182962987307 0.008 0.001 0.00929629873074
20.5889058014 529 20.5799058014 0.009 0.008 0.001 0.0
20.5969058014 530 20.5855040886 0.0114017128578 0.008 0.001 0.00240171285782
20.6093910846 531 20.6003910846 0.009 0.008 0.001 0.0
20.6783904308 532 20.6693904308 0.009 0.008 0.001 0.0
20.7060067167 533 20.6970067167 0.009 0.008 0.001 0.0
20.805830134 534 20.796830134 0.009 0.008 0.001 0.0
20.8356537853 535 20.8266537853 0.009 0.008 0.001 0.0
20.8785615706 536 20.8695615706 0.009 0.008 0.001 0.0
20.9664606722 537 20.9574606722 0.009 0.008 0.001 0.0
21.1487143533 538 21.1397143533 0.009 0.008 0.001 0.0
21.322240063 539 21.313240063 0.009 0.008 0.001 0.0
21.3377991236 540 21.3287991236 0.009 0.008 0.001 0.0
21.3457991236 541 21.3355344142 0.0102647094338 0.008 0.001 0.00126470943377
21.3982330884 542 21.3892330884 0.009 0.008 0.001 0.0
21.429017167 543 21.420017167 0.009 0.008 0.001 0.0
21.4575909283 544 21.4485909283 0.009 0.008 0.001 0.0
21.4773215209 545 21.4683215209 0.009 0.008 0.001 0.0
21.4869071627 546 21.4779071627 0.009 0.008 0.001 0.0
21.5555803281 547 21.5465803281 0.009 0.008 0.001 0.0
21.5740078909 548 21.5650078909 0.009 0.008 0.001 0.0
21.6259816993 549 21.6169816993 0.009 0.008 0.001 0.0
21.6671570796 550 21.6581570796 0.009 0.008 0.001 0.0
21.682539084 551 21.673539084 0.009 0.008 0.001 0.0
21.7362561274 552 21.7272561274 0.009 0.008 0.001 0.0
21.9330360869 553 21.9240360869 0.009 0.008 0.001 0.0
21.9447254363 554 21.9357254363 0.009 0.008 0.001 0.0
22.041205802 555 22.032205802 0.009 0.008 0.001 0.0
22.049205802 556 22.0351255151 0.0140802868263 0.008 0.001 0.00508028682628
22.0677219318 557 22.0587219318 0.009 0.008 0.001 0.0
22.0947076582 558 22.0857076582 0.009 0.008 0.001 0.0
22.1784725762 559 22.1694725762 0.009 0.008 0.001 0.0
22.279667697 560 22.270667697 0.009 0.008 0.001 0.0
22.2896721989 561 22.2806721989 0.009 0.008 0.001 0.0
22.3146095489 562 22.3056095489 0.009 0.008 0.001 0.0
22.3502490042 563 22.3412490042 0.009 0.008 0.001 0.0
22.3766911662 564 22.3676911662 0.009 0.008 0.001 0.0
22.3935564742 565 22.3845564742 0.009 0.008 0.001 0.0
22.4277609247 566 22.4187609247 0.009 0.008 0.001 0.0
22.4407072476 567 22.4317072476 0.009 0.008 0.001 0.0
22.4973478943 568 22.4883478943 0.009 0.008 0.001 0.0
22.5053478943 569 22.4885518326 0.0167960616967 0.008 0.001 0.0077960616967
22.6503125577 570 22.6413125577 0.009 0.008 0.001 0.0
22.6707392061 571 22.6617392061 0.009 0.008 0.001 0.0
22.6912828973 572 22.6822828973 0.009 0.008 0.001 0.0
22.745917101 573 22.736917101 0.009 0.008 0.001 0.0
22.7877425109 574 22.7787425109 0.009 0.008 0.001 0.0
22.8385530934 575 22.8295530934 0.009 0.008 0.001 0.0
22.8735398882 576 22.8645398882 0.009 0.008 0.001 0.0
22.8815398882 577 22.8649036218 0.0166362664025 0.008 0.001 0.00763626640254
22.8895398882 578 22.8704996953 0.0190401929443 0.008 0.001 0.0100401929443
22.9049775687 579 22.8959775687 0.009 0.008 0.001 0.0
22.97514784 580 22.96614784 0.009 0.008 0.001 0.0
22.986741169 581 22.977741169 0.009 0.008 0.001 0.0
23.0042715208 582 22.9952715208 0.009 0.008 0.001 0.0
23.0275676433 583 23.0185676433 0.009 0.008 0.001 0.0
23.037532575 584 23.028532575 0.009 0.008 0.001 0.0
23.045532575 585 23.0335132794 0.01201929557 0.008 0.001 0.00301929557004
23.0543621721 586 23.0453621721 0.009 0.008 0.001 0.0
23.1229085252 587 23.1139085252 0.009 0.008 0.001 0.0
23.1309085252 588 23.1207133696 0.0101951556044 0.008 0.001 0.00119515560437
23.1719619974 589 23.1629619974 0.009 0.008 0.001 0.0
23.1799619974 590 23.1690875317 0.0108744656927 0.008 0.001 0.00187446569267
23.2013637872 591 23.1923637872 0.009 0.008 0.001 0.0
23.2251298781 592 23.2161298781 0.009 0.008 0.001 0.0
23.2828611457 593 23.2738611457 0.009 0.008 0.001 0.0
23.3029402127 594 23.2939402127 0.009 0.008 0.001 0.0
23.358042337 595 23.349042337 0.009 0.008 0.001 0.0
23.46717362 596 23.45817362 0.009 0.008 0.001 0.0
23.5381898537 597 23.5291898537 0.009 0.008 0.001 0.0
23.5935533054 598 23.5845533054 0.009 0.008 0.001 0.0
23.6837431925 599 23.6747431925 0.009 0.008 0.001 0.0
23.7087994303 600 23.6997994303 0.009 0.008 0.001 0.0
23.7333976161 601 23.7243976161 0.009 0.008 0.001 0.0
23.7413976161 602 23.7285774492 0.0128201668982 0.008 0.001 0.00382016689819
23.7772797567 603 23.7682797567 0.009 0.008 0.001 0.0
23.7852797567 604 23.7690280384 0.0162517182678 0.008 0.001 0.00725171826776
23.7932797567 605 23.7715715376 0.0217082191277 0.008 0.001 0.0127082191277
23.8012797567 606 23.7833285066 0.0179512501177 0.008 0.001 0.0089512501177
23.8241664484 607 23.8151664484 0.009 0.008 0.001 0.0
23.8578020074 608 23.8488020074 0.009 0.008 0.001 0.0
23.8699708272 609 23.8609708272 0.009 0.008 0.001 0.0
23.894947504 610 23.885947504 0.009 0.008 0.001 0.0
23.9246176342 611 23.9156176342 0.009 0.008 0.001 0.0
23.9361577528 612 23.9271577528 0.009 0.008 0.001 0.0
23.9441577528 613 23.9336373692 0.010520383649 0.008 0.001 0.00152038364905
23.9805757652 614 23.9715757652 0.009 0.008 0.001 0.0
23.9968317547 615 23.9878317547 0.009 0.008 0.001 0.0
24.0745297987 616 24.0655297987 0.009 0.008 0.001 0.0
24.1375963001 617 24.1285963001 0.009 0.008 0.001 0.0
24.1727068693 618 24.1637068693 0.009 0.008 0.001 0.0
24.1814221537 619 24.1724221537 0.009 0.008 0.001 0.0
24.2150007726 620 24.2060007726 0.009 0.008 0.001 0.0
24.2466623146 621 24.2376623146 0.009 0.008 0.001 0.0
24.3129087535 622 24.3039087535 0.009 0.008 0.001 0.0
24.3999099268 623 24.3909099268 0.009 0.008 0.001 0.0
24.4079099268 624 24.395446804 0.0124631227764 0.008 0.001 0.00346312277638
24.429372614 625 24.420372614 0.009 0.008 0.001 0.0
24.4443927021 626 24.4353927021 0.009 0.008 0.001 0.0
24.4816312083 627 24.4726312083 0.009 0.008 0.001 0.0
24.5172122022 628 24.5082122022 0.009 0.008 0.001 0.0
24.5369299189 629 24.5279299189 0.009 0.008 0.001 0.0
24.6553466597 630 24.6463466597 0.009 0.008 0.001 0.0
24.7149713253 631 24.7059713253 0.009 0.008 0.001 0.0
24.8399280138 632 24.8309280138 0.009 0.008 0.001 0.0
24.8995615458 633 24.8905615458 0.009 0.008 0.001 0.0
24.9397094049 634 24.9307094049 0.009 0.008 0.001 0.0
24.9477094049 635 24.9360961402 0.0116132647937 0.008 0.001 0.00261326479368
24.9557094049 636 24.9456772661 0.010032138823 0.008 0.001 0.00103213882296
24.976875474 637 24.967875474 0.009 0.008 0.001 0.0
24.9921481853 638 24.9831481853 0.009 0.008 0.001 0.0
25.0675133377 639 25.0585133377 0.009 0.008 0.001 0.0
25.1103539822 640 25.1013539822 0.009 0.008 0.001 0.0
25.1555689268 641 25.1465689268 0.009 0.008 0.001 0.0
25.1759052583 642 25.1669052583 0.009 0.008 0.001 0.0
25.2632293789 643 25.2542293789 0.009 0.008 0.001 0.0
25.3569821782 644 25.3479821782 0.009 0.008 0.001 0.0
25.3649821782 645 25.3558189813 0.00916319690506 0.008 0.001 0.000163196905064
25.4272957419 646 25.4182957419 0.009 0.008 0.001 0.0
25.4352957419 647 25.4203895601 0.0149061817667 0.008 0.001 0.00590618176673
25.4432957419 648 25.4257970977 0.0174986441455 0.008 0.001 0.00849864414549
25.4613815353 649 25.4523815353 0.009 0.008 0.001 0.0
25.5146734907 650 25.5056734907 0.009 0.008 0.001 0.0
25.6017039263 651 25.5927039263 0.009 0.008 0.001 0.0
25.6204656159 652 25.6114656159 0.009 0.008 0.001 0.0
25.7187831794 653 25.7097831794 0.009 0.008 0.001 0.0
25.7449820748 654 25.7359820748 0.009 0.008 0.001 0.0
25.7529820748 655 25.742953671 0.0100284038381 0.008 0.001 0.00102840383812
25.765741235 656 25.756741235 0.009 0.008 0.001 0.0
25.9115437939 657 25.9025437939 0.009 0.008 0.001 0.0
25.9220338116 658 25.9130338116 0.009 0.008 0.001 0.0
25.9394122799 659 25.9304122799 0.009 0.008 0.001 0.0
26.0186972942 660 26.0096972942 0.009 0.008 0.001 0.0
26.056761095 661 26.047761095 0.009 0.008 0.001 0.0
26.110355251 662 26.101355251 0.009 0.008 0.001 0.0
26.141751895 663 26.132751895 0.009 0.008 0.001 0.0
26.168218895 664 26.159218895 0.009 0.008 0.001 0.0
26.2191479601 665 26.2101479601 0.009 0.008 0.001 0.0
26.2271479601 666 26.2104276873 0.0167202728125 0.008 0.001 0.0077202728125
26.2368699689 667 26.2278699689 0.009 0.008 0.001 0.0
26.2836540573 668 26.2746540573 0.009 0.008 0.001 0.0
26.2965072503 669 26.2875072503 0.009 0.008 0.001 0.0
26.3075785884 670 26.2985785884 0.009 0.008 0.001 0.0
26.346003616 671 26.337003616 0.009 0.008 0.001 0.0
26.3565249041 672 26.3475249041 0.009 0.008 0.001 0.0
26.3645249041 673 26.3500852633 0.0144396407962 0.008 0.001 0.00543964079624
26.3932389278 674 26.3842389278 0.009 0.008 0.001 0.0
26.4158733493 675 26.4068733493 0.009 0.008 0.001 0.0
26.5539765779 676 26.5449765779 0.009 0.008 0.001 0.0
26.6124732863 677 26.6034732863 0.009 0.008 0.001 0.0
26.6204732863 678 26.6091307015 0.0113425847959 0.008 0.001 0.00234258479585
26.6507798335 679 26.6417798335 0.009 0.008 0.001 0.0
26.6647509691 680 26.6557509691 0.009 0.008 0.001 0.0
26.758334241 681 26.749334241 0.009 0.008 0.001 0.0
26.7693575345 682 26.7603575345 0.009 0.008 0.001 0.0
26.9414673656 683 26.9324673656 0.009 0.008 0.001 0.0
26.9694814128 684 26.9604814128 0.009 0.008 0.001 0.0
27.0314358582 685 27.0224358582 0.009 0.008 0.001 0.0
27.0406788133 686 27.0316788133 0.009 0.008 0.001 0.0
27.0502074039 687 27.0412074039 0.009 0.008 0.001 0.0
27.1113163323 688 27.1023163323 0.009 0.008 0.001 0.0
27.1345270499 689 27.1255270499 0.009 0.008 0.001 0.0
27.1810107549 690 27.1720107549 0.009 0.008 0.001 0.0
27.2047624384 691 27.1957624384 0.009 0.008 0.001 0.0
27.3097121079 692 27.3007121079 0.009 0.008 0.001 0.0
27.3754975238 693 27.3664975238 0.009 0.008 0.001 0.0
27.4722626399 694 27.4632626399 0.009 0.008 0.001 0.0
27.492248041 695 27.483248041 0.009 0.008 0.001 0.0
27.500248041 696 27.4850976599 0.0151503810656 0.008 0.001 0.00615038106564
27.5258349875 697 27.5168349875 0.009 0.008 0.001 0.0
27.7583594067 698 27.7493594067 0.009 0.008 0.001 0.0
27.7816874197 699 27.7726874197 0.009 0.008 0.001 0.0
27.8806361714 700 27.8716361714 0.009 0.008 0.001 0.0
27.8886361714 701 27.8777237206 0.0109124507612 0.008 0.001 0.00191245076123
28.0373080731 702 28.0283080731 0.009 0.008 0.001 0.0
28.0507851318 703 28.0417851318 0.009 0.008 0.001 0.0
28.0738945347 704 28.0648945347 0.009 0.008 0.001 0.0
28.1130799545 705 28.1040799545 0.009 0.008 0.001 0.0
28.1354971421 706 28.1264971421 0.009 0.008 0.001 0.0
28.1749463608 707 28.1659463608 0.009 0.008 0.001 0.0
28.1829463608 708 28.171207886 0.0117384747435 0.008 0.001 0.00273847474352
28.2330131047 709 28.2240131047 0.009 0.008 0.001 0.0
28.2410131047 710 28.2282885398 0.012724564862 0.008 0.001 0.00372456486202
28.2490131047 711 28.2371327626 0.0118803420837 0.008 0.001 0.00288034208372
28.25722541 712 28.24822541 0.009 0.008 0.001 0.0
28.2765035714 713 28.2675035714 0.009 0.008 0.001 0.0
28.2845035714 714 28.2714416328 0.0130619386032 0.008 0.001 0.00406193860324
28.3274834829 715 28.3184834829 0.009 0.008 0.001 0.0
28.4570468485 716 28.4480468485 0.009 0.008 0.001 0.0
28.490811432 717 28.481811432 0.009 0.008 0.001 0.0
28.5227520735 718 28.5137520735 0.009 0.008 0.001 0.0
28.6152789674 719 28.6062789674 0.009 0.008 0.001 0.0
28.642697836 720 28.633697836 0.009 0.008 0.001 0.0
28.6606159319 721 28.6516159319 0.009 0.008 0.001 0.0
28.7208118887 722 28.7118118887 0.009 0.008 0.001 0.0
28.7356860637 723 28.7266860637 0.009 0.008 0.001 0.0
28.7566824467 724 28.7476824467 0.009 0.008 0.001 0.0
28.8348331484 725 28.8258331484 0.009 0.008 0.001 0.0
28.8429317933 726 28.8339317933 0.009 0.008 0.001 0.0
28.8509317933 727 28.8344569997 0.0164747936297 0.008 0.001 0.00747479362968
28.8589317933 728 28.838849167 0.020082626325 0.008 0.001 0.011082626325
28.8669317933 729 28.8441182961 0.0228134972708 0.008 0.001 0.0138134972708
28.8836441318 730 28.8746441318 0.009 0.008 0.001 0.0
28.9545329108 731 28.9455329108 0.009 0.008 0.001 0.0
28.9867776685 732 28.9777776685 0.009 0.008 0.001 0.0
29.0599446832 733 29.0509446832 0.009 0.008 0.001 0.0
29.10195783 734 29.09295783 0.009 0.008 0.001 0.0
29.1719273701 735 29.1629273701 0.009 0.008 0.001 0.0
29.1799273701 736 29.1631082293 0.0168191408335 0.008 0.001 0.00781914083353
29.2964224336 737 29.2874224336 0.009 0.008 0.001 0.0
29.4006060108 738 29.3916060108 0.009 0.008 0.001 0.0
29.4086060108 739 29.3917374249 0.0168685858659 0.008 0.001 0.00786858586589
29.4880016171 740 29.4790016171 0.009 0.008 0.001 0.0
29.504229853 741 29.495229853 0.009 0.008 0.001 0.0
29.512229853 742 29.4960826308 0.0161472222181 0.008 0.001 0.00714722221814
29.6158097486 743 29.6068097486 0.009 0.008 0.001 0.0
29.6421013013 744 29.6331013013 0.009 0.008 0.001 0.0
29.6541079116 745 29.6451079116 0.009 0.008 0.001 0.0
29.6621079116 746 29.6530908186 0.00901709298584 0.008 0.001 1.70929858392e-05
29.6892685181 747 29.6802685181 0.009 0.008 0.001 0.0
29.7678965007 748 29.7588965007 0.009 0.008 0.001 0.0
29.7758965007 749 29.7626167039 0.013279796748 0.008 0.001 0.00427979674801
29.8765159476 750 29.8675159476 0.009 0.008 0.001 0.0
29.8845159476 751 29.8681174877 0.016398459922 0.008 0.001 0.00739845992195
29.8925159476 752 29.8735493261 0.0189666214995 0.008 0.001 0.00996662149948
29.934035249 753 29.925035249 0.009 0.008 0.001 0.0
29.942035249 754 29.9274480311 0.0145872179626 0.008 0.001 0.00558721796259
29.9537029626 755 29.9447029626 0.009 0.008 0.001 0.0
29.9809302824 756 29.9719302824 0.009 0.008 0.001 0.0
