0.009 2 0 0.009 0.008 0.001 0
0.017 3 0.0058740690224 0.0111259309776 0.008 0.001 0.0021259309776
0.0469134747896 4 0.0379134747896 0.009 0.008 0.001 0.0
0.0549134747896 5 0.0414550839822 0.0134583908073 0.008 0.001 0.00445839080734
0.105256828934 6 0.0962568289338 0.009 0.008 0.001 0.0
0.113256828934 7 0.0985757880219 0.0146810409119 0.008 0.001 0.00568104091188
0.123046692553 8 0.114046692553 0.009 0.008 0.001 0.0
0.153726218611 9 0.144726218611 0.009 0.008 0.001 0.0
0.189336715031 10 0.180336715031 0.009 0.008 0.001 0.0
0.197336715031 11 0.181710630246 0.0156260847854 0.008 0.001 0.00662608478538
0.205336715031 12 0.192181800928 0.0131549141037 0.008 0.001 0.00415491410367
0.218811652509 13 0.209811652509 0.009 0.008 0.001 0.0
0.226811652509 14 0.213024423202 0.0137872293072 0.008 0.001 0.00478722930722
0.234811652509 15 0.219709863683 0.0151017888269 0.008 0.001 0.00610178882686
0.242811652509 16 0.227886640349 0.0149250121608 0.008 0.001 0.00592501216083
0.250811652509 17 0.230287252625 0.0205243998849 0.008 0.001 0.0115243998849
0.279020368548 18 0.270020368548 0.009 0.008 0.001 0.0
0.312194456395 19 0.303194456395 0.009 0.008 0.001 0.0
0.329577848022 20 0.320577848022 0.009 0.008 0.001 0.0
0.337577848022 21 0.32846098707 0.0091168609518 0.008 0.001 0.0001168609518
0.35004229994 22 0.34104229994 0.009 0.008 0.001 0.0
0.400584067187 23 0.391584067187 0.009 0.008 0.001 0.0
0.410304273692 24 0.401304273692 0.009 0.008 0.001 0.0
0.425038513752 25 0.416038513752 0.009 0.008 0.001 0.0
0.478357255546 26 0.469357255546 0.009 0.008 0.001 0.0
0.493670537678 27 0.484670537678 0.009 0.008 0.001 0.0
0.501670537678 28 0.49240013334 0.00927040433802 0.008 0.001 0.000270404338023
0.536843698885 29 0.527843698885 0.009 0.008 0.001 0.0
0.562542632476 30 0.553542632476 0.009 0.008 0.001 0.0
0.571094587773 31 0.562094587773 0.009 0.008 0.001 0.0
0.579094587773 32 0.567038570785 0.0120560169879 0.008 0.001 0.00305601698793
0.600970650689 33 0.591970650689 0.009 0.008 0.001 0.0
0.613078202037 34 0.604078202037 0.009 0.008 0.001 0.0
0.622762552368 35 0.613762552368 0.009 0.008 0.001 0.0
0.637467937149 36 0.628467937149 0.009 0.008 0.001 0.0
0.648437974606 37 0.639437974606 0.009 0.008 0.001 0.0
0.662211766607 38 0.653211766607 0.009 0.008 0.001 0.0
0.670211766607 39 0.659882258192 0.0103295084157 0.008 0.001 0.00132950841569
0.678211766607 40 0.661846585317 0.0163651812907 0.008 0.001 0.00736518129068
0.698572775132 41 0.689572775132 0.009 0.008 0.001 0.0
0.768919062322 42 0.759919062322 0.009 0.008 0.001 0.0
0.794620626927 43 0.785620626927 0.009 0.008 0.001 0.0
0.802620626927 44 0.788444222008 0.0141764049184 0.008 0.001 0.00517640491835
0.837502777385 45 0.828502777385 0.009 0.008 0.001 0.0
0.857814175141 46 0.848814175141 0.009 0.008 0.001 0.0
0.865814175141 47 0.855308334269 0.0105058408719 0.008 0.001 0.00150584087189
0.910374524036 48 0.901374524036 0.009 0.008 0.001 0.0
0.922212838977 49 0.913212838977 0.009 0.008 0.001 0.0
0.93380465199 50 0.92480465199 0.009 0.008 0.001 0.0
1.00833510801 51 0.99933510801 0.009 0.008 0.001 0.0
1.04551319513 52 1.03651319513 0.009 0.008 0.001 0.0
1.05351319513 53 1.03841840923 0.0150947858978 0.008 0.001 0.00609478589781
1.08467980103 54 1.07567980103 0.009 0.008 0.001 0.0
1.15394558861 55 1.14494558861 0.009 0.008 0.001 0.0
1.16194558861 56 1.14768483309 0.0142607555207 0.008 0.001 0.00526075552067
1.16994558861 57 1.15557991976 0.0143656688493 0.008 0.001 0.00536566884925
1.17794558861 58 1.16496431759 0.0129812710202 0.008 0.001 0.00398127102015
1.21816545208 59 1.20916545208 0.009 0.008 0.001 0.0
1.22616545208 60 1.21178391632 0.0143815357602 0.008 0.001 0.00538153576019
1.27847797249 61 1.26947797249 0.009 0.008 0.001 0.0
1.28647797249 62 1.27032965563 0.0161483168661 0.008 0.001 0.00714831686607
1.29447797249 63 1.27528371042 0.0191942620668 0.008 0.001 0.0101942620668
1.30247797249 64 1.2870940786 0.0153838938918 0.008 0.001 0.00638389389184
1.32458810065 65 1.31558810065 0.009 0.008 0.001 0.0
1.33760008029 66 1.32860008029 0.009 0.008 0.001 0.0
1.34560008029 67 1.33507459736 0.0105254829278 0.008 0.001 0.00152548292775
1.35360008029 68 1.33702961636 0.0165704639296 0.008 0.001 0.00757046392963
1.36160008029 69 1.34614951408 0.015450566202 0.008 0.001 0.00645056620204
1.38446184832 70 1.37546184832 0.009 0.008 0.001 0.0
1.44533992921 71 1.43633992921 0.009 0.008 0.001 0.0
1.4565240251 72 1.4475240251 0.009 0.008 0.001 0.0
1.52088699078 73 1.51188699078 0.009 0.008 0.001 0.0
1.53212416137 74 1.52312416137 0.009 0.008 0.001 0.0
1.54814933638 75 1.53914933638 0.009 0.008 0.001 0.0
1.566488976 76 1.557488976 0.009 0.008 0.001 0.0
1.574488976 77 1.56064148636 0.0138474896384 0.008 0.001 0.00484748963844
1.5871828641 78 1.5781828641 0.009 0.008 0.001 0.0
1.60580607062 79 1.59680607062 0.009 0.008 0.001 0.0
1.61380607062 80 1.59798435247 0.0158217181551 0.008 0.001 0.00682171815511
1.62180607062 81 1.60214773663 0.0196583339931 0.008 0.001 0.0106583339931
1.6442499429 82 1.6352499429 0.009 0.008 0.001 0.0
1.66274915416 83 1.65374915416 0.009 0.008 0.001 0.0
1.68806397289 84 1.67906397289 0.009 0.008 0.001 0.0
1.70077142586 85 1.69177142586 0.009 0.008 0.001 0.0
1.72211589383 86 1.71311589383 0.009 0.008 0.001 0.0
1.73011589383 87 1.71816487962 0.0119510142044 0.008 0.001 0.00295101420444
1.74153600714 88 1.73253600714 0.009 0.008 0.001 0.0
1.74953600714 89 1.7339558863 0.015580120845 0.008 0.001 0.00658012084505
1.75753600714 90 1.7400734884 0.017462518738 0.008 0.001 0.00846251873802
1.77435844635 91 1.76535844635 0.009 0.008 0.001 0.0
1.80352305098 92 1.79452305098 0.009 0.008 0.001 0.0
1.81152305098 93 1.80076718416 0.0107558668152 0.008 0.001 0.00175586681518
1.8204803016 94 1.8114803016 0.009 0.008 0.001 0.0
1.86777151744 95 1.85877151744 0.009 0.008 0.001 0.0
1.92737482684 96 1.91837482684 0.009 0.008 0.001 0.0
1.9483614754 97 1.9393614754 0.009 0.008 0.001 0.0
1.9563614754 98 1.94720740243 0.00915407296998 0.008 0.001 0.000154072969979
1.9643614754 99 1.952998276 0.011363199402 0.008 0.001 0.00236319940196
2.00926017001 100 2.00026017001 0.009 0.008 0.001 0.0
2.04689050595 101 2.03789050595 0.009 0.008 0.001 0.0
2.06080365043 102 2.05180365043 0.009 0.008 0.001 0.0
2.08181207598 103 2.07281207598 0.009 0.008 0.001 0.0
2.08981207598 104 2.07513587343 0.0146762025517 0.008 0.001 0.00567620255173
2.09781207598 105 2.07742195478 0.0203901212036 0.008 0.001 0.0113901212036
2.10581207598 106 2.0824823142 0.0233297617827 0.008 0.001 0.0143297617827
2.11381207598 107 2.08746125127 0.02635082471 0.008 0.001 0.01735082471
2.12181207598 108 2.09733735521 0.0244747207778 0.008 0.001 0.0154747207778
2.13433615721 109 2.12533615721 0.009 0.008 0.001 0.0
2.17314061012 110 2.16414061012 0.009 0.008 0.001 0.0
2.1865534801 111 2.1775534801 0.009 0.008 0.001 0.0
2.1945534801 112 2.17921807872 0.015335401378 0.008 0.001 0.00633540137801
2.23538399865 113 2.22638399865 0.009 0.008 0.001 0.0
2.24338399865 114 2.23035489129 0.0130291073586 0.008 0.001 0.00402910735861
2.25138399865 115 2.23462185068 0.0167621479691 0.008 0.001 0.00776214796915
2.25938399865 116 2.24571166084 0.0136723378042 0.008 0.001 0.00467233780415
2.26738399865 117 2.25312341173 0.0142605869126 0.008 0.001 0.00526058691259
2.27538399865 118 2.25372637408 0.0216576245628 0.008 0.001 0.0126576245628
2.28338399865 119 2.26337434845 0.020009650201 0.008 0.001 0.011009650201
2.29138399865 120 2.27944378397 0.0119402146765 0.008 0.001 0.00294021467654
2.29938399865 121 2.28071540854 0.018668590109 0.008 0.001 0.00966859010903
2.30738399865 122 2.29794641073 0.00943758792188 0.008 0.001 0.000437587921883
2.40757173827 123 2.39857173827 0.009 0.008 0.001 0.0
2.42658436199 124 2.41758436199 0.009 0.008 0.001 0.0
2.43458436199 125 2.41797634461 0.0166080173809 0.008 0.001 0.00760801738087
2.4622697621 126 2.4532697621 0.009 0.008 0.001 0.0
2.47511121072 127 2.46611121072 0.009 0.008 0.001 0.0
2.50138994613 128 2.49238994613 0.009 0.008 0.001 0.0
2.50938994613 129 2.49507748342 0.01431246271 0.008 0.001 0.00531246270998
2.56626481554 130 2.55726481554 0.009 0.008 0.001 0.0
2.57426481554 131 2.55831375975 0.0159510557854 0.008 0.001 0.00695105578539
2.59712537089 132 2.58812537089 0.009 0.008 0.001 0.0
2.60512537089 133 2.5927670616 0.012358309287 0.008 0.001 0.00335830928702
2.61312537089 134 2.60221914678 0.0109062241091 0.008 0.001 0.00190622410912
2.62112537089 135 2.60277081219 0.0183545587046 0.008 0.001 0.00935455870463
2.63989756305 136 2.63089756305 0.009 0.008 0.001 0.0
2.72943405998 137 2.72043405998 0.009 0.008 0.001 0.0
2.74603619158 138 2.73703619158 0.009 0.008 0.001 0.0
2.75978136717 139 2.75078136717 0.009 0.008 0.001 0.0
2.76778136717 140 2.75808326282 0.00969810434936 0.008 0.001 0.000698104349355
2.77578136717 141 2.76133633757 0.0144450295962 0.008 0.001 0.00544502959616
2.78935603903 142 2.78035603903 0.009 0.008 0.001 0.0
2.8054952684 143 2.7964952684 0.009 0.008 0.001 0.0
2.8134952684 144 2.8017133794 0.0117818889925 0.008 0.001 0.00278188899249
2.8214952684 145 2.80568595977 0.0158093086286 0.008 0.001 0.00680930862862
2.87710640653 146 2.86810640653 0.009 0.008 0.001 0.0
2.93634606043 147 2.92734606043 0.009 0.008 0.001 0.0
2.9650749708 148 2.9560749708 0.009 0.008 0.001 0.0
2.97814559431 149 2.96914559431 0.009 0.008 0.001 0.0
3.01075454194 150 3.00175454194 0.009 0.008 0.001 0.0
3.01875454194 151 3.00656017969 0.0121943622557 0.008 0.001 0.00319436225573
3.03510456507 152 3.02610456507 0.009 0.008 0.001 0.0
3.04652620559 153 3.03752620559 0.009 0.008 0.001 0.0
3.06940899102 154 3.06040899102 0.009 0.008 0.001 0.0
3.11220287389 155 3.10320287389 0.009 0.008 0.001 0.0
3.12020287389 156 3.10587143411 0.0143314397714 0.008 0.001 0.00533143977144
3.12820287389 157 3.1109011765 0.0173016973864 0.008 0.001 0.0083016973864
3.17036826604 158 3.16136826604 0.009 0.008 0.001 0.0
3.17836826604 159 3.16857023368 0.00979803235873 0.008 0.001 0.000798032358729
3.18636826604 160 3.16986861524 0.0164996507933 0.008 0.001 0.00749965079328
3.19436826604 161 3.17781658682 0.0165516792212 0.008 0.001 0.00755167922119
3.2146941458 162 3.2056941458 0.009 0.008 0.001 0.0
3.23808062724 163 3.22908062724 0.009 0.008 0.001 0.0
3.24608062724 164 3.23094749386 0.015133133381 0.008 0.001 0.00613313338098
3.25408062724 165 3.24123080328 0.0128498239543 0.008 0.001 0.00384982395426
3.2801384218 166 3.2711384218 0.009 0.008 0.001 0.0
3.31224158668 167 3.30324158668 0.009 0.008 0.001 0.0
3.32024158668 168 3.30387098062 0.0163706060543 0.008 0.001 0.00737060605433
3.34900930836 169 3.34000930836 0.009 0.008 0.001 0.0
3.36963363447 170 3.36063363447 0.009 0.008 0.001 0.0
3.37763363447 171 3.3657415606 0.0118920738685 0.008 0.001 0.00289207386851
3.38563363447 172 3.37049803948 0.0151355949846 0.008 0.001 0.00613559498463
3.39363363447 173 3.37554700619 0.0180866282795 0.008 0.001 0.00908662827954
3.40163363447 174 3.38908503546 0.0125485990095 0.008 0.001 0.00354859900945
3.41139224703 175 3.40239224703 0.009 0.008 0.001 0.0
3.41939224703 176 3.40262051259 0.0167717344466 0.008 0.001 0.00777173444657
3.42739224703 177 3.41188202691 0.0155102201211 0.008 0.001 0.00651022012106
3.48471224694 178 3.47571224694 0.009 0.008 0.001 0.0
3.49271224694 179 3.47667947658 0.0160327703636 0.008 0.001 0.00703277036365
3.50071224694 180 3.48292890971 0.0177833372334 0.008 0.001 0.00878333723344
3.5377403131 181 3.5287403131 0.009 0.008 0.001 0.0
3.56433688997 182 3.55533688997 0.009 0.008 0.001 0.0
3.58920403061 183 3.58020403061 0.009 0.008 0.001 0.0
3.59720403061 184 3.58092332558 0.0162807050302 0.008 0.001 0.00728070503023
3.60520403061 185 3.58764987996 0.0175541506509 0.008 0.001 0.00855415065095
3.63142435959 186 3.62242435959 0.009 0.008 0.001 0.0
3.65399522228 187 3.64499522228 0.009 0.008 0.001 0.0
3.66350136897 188 3.65450136897 0.009 0.008 0.001 0.0
3.6765147991 189 3.6675147991 0.009 0.008 0.001 0.0
3.6845147991 190 3.66936756352 0.0151472355789 0.008 0.001 0.00614723557889
3.71967500756 191 3.71067500756 0.009 0.008 0.001 0.0
3.84464471461 192 3.83564471461 0.009 0.008 0.001 0.0
3.85952871397 193 3.85052871397 0.009 0.008 0.001 0.0
3.90467589051 194 3.89567589051 0.009 0.008 0.001 0.0
3.91526019746 195 3.90626019746 0.009 0.008 0.001 0.0
3.930498855 196 3.921498855 0.009 0.008 0.001 0.0
3.938498855 197 3.92224983233 0.0162490226706 0.008 0.001 0.00724902267065
3.99050476329 198 3.98150476329 0.009 0.008 0.001 0.0
3.99935922979 199 3.99035922979 0.009 0.008 0.001 0.0
4.01016653159 200 4.00116653159 0.009 0.008 0.001 0.0
4.01816653159 201 4.00851048545 0.00965604613154 0.008 0.001 0.000656046131539
4.03982055904 202 4.03082055904 0.009 0.008 0.001 0.0
4.04782055904 203 4.03640169558 0.0114188634614 0.008 0.001 0.00241886346139
4.12983814096 204 4.12083814096 0.009 0.008 0.001 0.0
4.13783814096 205 4.12850330322 0.00933483774736 0.008 0.001 0.000334837747362
4.18277452285 206 4.17377452285 0.009 0.008 0.001 0.0
4.19149466188 207 4.18249466188 0.009 0.008 0.001 0.0
4.19949466188 208 4.18991975916 0.00957490272277 0.008 0.001 0.00057490272277
4.2447909823 209 4.2357909823 0.009 0.008 0.001 0.0
4.28343098453 210 4.27443098453 0.009 0.008 0.001 0.0
4.29143098453 211 4.27838204899 0.0130489355352 0.008 0.001 0.00404893553518
4.29943098453 212 4.28298659996 0.0164443845688 0.008 0.001 0.00744438456884
4.30795247585 213 4.29895247585 0.009 0.008 0.001 0.0
4.34725461784 214 4.33825461784 0.009 0.008 0.001 0.0
4.36587068277 215 4.35687068277 0.009 0.008 0.001 0.0
4.37387068277 216 4.36006302121 0.013807661565 0.008 0.001 0.00480766156503
4.38187068277 217 4.36054541222 0.0213252705483 0.008 0.001 0.0123252705483
4.38987068277 218 4.371824164 0.0180465187679 0.008 0.001 0.00904651876794
4.39787068277 219 4.37213218695 0.025738495822 0.008 0.001 0.016738495822
4.40587068277 220 4.38066379084 0.0252068919317 0.008 0.001 0.0162068919317
4.43376649399 221 4.42476649399 0.009 0.008 0.001 0.0
4.44311166673 222 4.43411166673 0.009 0.008 0.001 0.0
4.45111166673 223 4.44201528899 0.00909637774611 0.008 0.001 9.63777461136e-05
4.47020259358 224 4.46120259358 0.009 0.008 0.001 0.0
4.51904328029 225 4.51004328029 0.009 0.008 0.001 0.0
4.52704328029 226 4.51283378234 0.0142094979515 0.008 0.001 0.00520949795152
4.54277496798 227 4.53377496798 0.009 0.008 0.001 0.0
4.55077496798 228 4.54022210428 0.0105528636967 0.008 0.001 0.00155286369668
4.55877496798 229 4.54206057299 0.0167143949831 0.008 0.001 0.00771439498312
4.56677496798 230 4.54410702961 0.0226679383662 0.008 0.001 0.0136679383662
4.57477496798 231 4.55823329408 0.0165416738955 0.008 0.001 0.0075416738955
4.58277496798 232 4.56661849758 0.0161564703977 0.008 0.001 0.00715647039771
4.59548290296 233 4.58648290296 0.009 0.008 0.001 0.0
4.61666312032 234 4.60766312032 0.009 0.008 0.001 0.0
4.62706973114 235 4.61806973114 0.009 0.008 0.001 0.0
4.63506973114 236 4.62564930566 0.00942042547654 0.008 0.001 0.00042042547654
4.64549999938 237 4.63649999938 0.009 0.008 0.001 0.0
4.68684866512 238 4.67784866512 0.009 0.008 0.001 0.0
4.70035685944 239 4.69135685944 0.009 0.008 0.001 0.0
4.70942366933 240 4.70042366933 0.009 0.008 0.001 0.0
4.72921627181 241 4.72021627181 0.009 0.008 0.001 0.0
4.74984260659 242 4.74084260659 0.009 0.008 0.001 0.0
4.78906855993 243 4.78006855993 0.009 0.008 0.001 0.0
4.79706855993 244 4.78169375985 0.015374800087 0.008 0.001 0.00637480008701
4.82430276065 245 4.81530276065 0.009 0.008 0.001 0.0
4.86321808825 246 4.85421808825 0.009 0.008 0.001 0.0
4.87612470265 247 4.86712470265 0.009 0.008 0.001 0.0
4.92109399026 248 4.91209399026 0.009 0.008 0.001 0.0
4.93100099348 249 4.92200099348 0.009 0.008 0.001 0.0
4.94406925585 250 4.93506925585 0.009 0.008 0.001 0.0
4.97910486773 251 4.97010486773 0.009 0.008 0.001 0.0
5.00719910921 252 4.99819910921 0.009 0.008 0.001 0.0
5.02908025822 253 5.02008025822 0.009 0.008 0.001 0.0
5.03708025822 254 5.02373139506 0.0133488631605 0.008 0.001 0.0043488631605
5.04508025822 255 5.0261822773 0.0188979809278 0.008 0.001 0.00989798092782
5.092452463 256 5.083452463 0.009 0.008 0.001 0.0
5.11730601776 257 5.10830601776 0.009 0.008 0.001 0.0
5.13442020908 258 5.12542020908 0.009 0.008 0.001 0.0
5.15857775648 259 5.14957775648 0.009 0.008 0.001 0.0
5.16657775648 260 5.15272376326 0.0138539932151 0.008 0.001 0.00485399321505
5.17457775648 261 5.15733012437 0.0172476321058 0.008 0.001 0.00824763210584
5.18257775648 262 5.16271826383 0.0198594926493 0.008 0.001 0.0108594926493
5.22635212424 263 5.21735212424 0.009 0.008 0.001 0.0
5.26187555561 264 5.25287555561 0.009 0.008 0.001 0.0
5.26987555561 265 5.25810336636 0.0117721892586 0.008 0.001 0.00277218925859
5.28646797016 266 5.27746797016 0.009 0.008 0.001 0.0
5.30936007768 267 5.30036007768 0.009 0.008 0.001 0.0
5.32289876822 268 5.31389876822 0.009 0.008 0.001 0.0
5.34026317335 269 5.33126317335 0.009 0.008 0.001 0.0
5.37335826512 270 5.36435826512 0.009 0.008 0.001 0.0
5.40070285137 271 5.39170285137 0.009 0.008 0.001 0.0
5.49906157391 272 5.49006157391 0.009 0.008 0.001 0.0
5.53535305715 273 5.52635305715 0.009 0.008 0.001 0.0
5.59955520348 274 5.59055520348 0.009 0.008 0.001 0.0
5.63722048787 275 5.62822048787 0.009 0.008 0.001 0.0
5.64635086202 276 5.63735086202 0.009 0.008 0.001 0.0
5.70979269158 277 5.70079269158 0.009 0.008 0.001 0.0
5.71779269158 278 5.70080290865 0.0169897829292 0.008 0.001 0.00798978292924
5.73796938989 279 5.72896938989 0.009 0.008 0.001 0.0
5.76677952172 280 5.75777952172 0.009 0.008 0.001 0.0
5.80528730265 281 5.79628730265 0.009 0.008 0.001 0.0
5.83730491265 282 5.82830491265 0.009 0.008 0.001 0.0
5.85240641985 283 5.84340641985 0.009 0.008 0.001 0.0
5.86040641985 284 5.84925894316 0.0111474766876 0.008 0.001 0.00214747668762
5.86840641985 285 5.85235246107 0.0160539587795 0.008 0.001 0.00705395877953
5.8776362829 286 5.8686362829 0.009 0.008 0.001 0.0
5.88569946367 287 5.87669946367 0.009 0.008 0.001 0.0
5.89369946367 288 5.88269886375 0.0110005999192 0.008 0.001 0.00200059991917
5.90169946367 289 5.8827639013 0.0189355623698 0.008 0.001 0.00993556236981
5.90969946367 290 5.89378754592 0.0159119177533 0.008 0.001 0.00691191775331
5.96567754331 291 5.95667754331 0.009 0.008 0.001 0.0
5.97878592654 292 5.96978592654 0.009 0.008 0.001 0.0
5.98678592654 293 5.97314245765 0.0136434688925 0.008 0.001 0.00464346889254
5.99478592654 294 5.97374414406 0.0210417824819 0.008 0.001 0.0120417824819
6.00278592654 295 5.97753104572 0.0252548808218 0.008 0.001 0.0162548808218
6.01078592654 296 5.98521633652 0.0255695900237 0.008 0.001 0.0165695900237
6.01878592654 297 5.99546353605 0.0233223904949 0.008 0.001 0.0143223904949
6.02850681358 298 6.01950681358 0.009 0.008 0.001 0.0
6.08178468427 299 6.07278468427 0.009 0.008 0.001 0.0
6.08978468427 300 6.07830448744 0.011480196827 0.008 0.001 0.00248019682696
6.09778468427 301 6.08153578963 0.0162488946367 0.008 0.001 0.00724889463673
6.10578468427 302 6.09519188496 0.0105927993127 0.008 0.001 0.00159279931274
6.11378468427 303 6.09722654512 0.016558139148 0.008 0.001 0.00755813914805
6.12178468427 304 6.10208994584 0.0196947384284 0.008 0.001 0.0106947384284
6.14606889514 305 6.13706889514 0.009 0.008 0.001 0.0
6.16997101073 306 6.16097101073 0.009 0.008 0.001 0.0
6.20777785548 307 6.19877785548 0.009 0.008 0.001 0.0
6.28061110041 308 6.27161110041 0.009 0.008 0.001 0.0
6.28911005256 309 6.28011005256 0.009 0.008 0.001 0.0
6.30640208289 310 6.29740208289 0.009 0.008 0.001 0.0
6.31440208289 311 6.2993682387 0.0150338441955 0.008 0.001 0.00603384419548
6.32240208289 312 6.30131287505 0.0210892078464 0.008 0.001 0.0120892078464
6.34851044365 313 6.33951044365 0.009 0.008 0.001 0.0
6.35651044365 314 6.34131187103 0.0151985726217 0.008 0.001 0.0061985726217
6.36451044365 315 6.34583856414 0.0186718795095 0.008 0.001 0.00967187950954
6.40121622644 316 6.39221622644 0.009 0.008 0.001 0.0
6.41760100401 317 6.40860100401 0.009 0.008 0.001 0.0
6.49236125954 318 6.48336125954 0.009 0.008 0.001 0.0
6.50036125954 319 6.48542332756 0.0149379319788 0.008 0.001 0.00593793197876
6.50836125954 320 6.49472657876 0.0136346807798 0.008 0.001 0.00463468077978
6.51636125954 321 6.49854764294 0.0178136165984 0.008 0.001 0.0088136165984
6.52436125954 322 6.5146862796 0.00967497994026 0.008 0.001 0.000674979940262
6.54678270996 323 6.53778270996 0.009 0.008 0.001 0.0
6.56483472078 324 6.55583472078 0.009 0.008 0.001 0.0
6.62288436465 325 6.61388436465 0.009 0.008 0.001 0.0
6.64966519869 326 6.64066519869 0.009 0.008 0.001 0.0
6.65897337787 327 6.64997337787 0.009 0.008 0.001 0.0
6.67933439917 328 6.67033439917 0.009 0.008 0.001 0.0
6.70152062533 329 6.69252062533 0.009 0.008 0.001 0.0
6.73621368514 330 6.72721368514 0.009 0.008 0.001 0.0
6.75880152909 331 6.74980152909 0.009 0.008 0.001 0.0
6.76921975558 332 6.76021975558 0.009 0.008 0.001 0.0
6.79076889268 333 6.78176889268 0.009 0.008 0.001 0.0
6.79876889268 334 6.78546966141 0.0132992312717 0.008 0.001 0.00429923127171
6.84958920488 335 6.84058920488 0.009 0.008 0.001 0.0
6.90186630933 336 6.89286630933 0.009 0.008 0.001 0.0
6.92833546199 337 6.91933546199 0.009 0.008 0.001 0.0
6.93633546199 338 6.92170783725 0.0146276247376 0.008 0.001 0.00562762473756
6.94463128501 339 6.93563128501 0.009 0.008 0.001 0.0
7.00311043309 340 6.99411043309 0.009 0.008 0.001 0.0
7.03835791644 341 7.02935791644 0.009 0.008 0.001 0.0
7.04898139907 342 7.03998139907 0.009 0.008 0.001 0.0
7.06745827691 343 7.05845827691 0.009 0.008 0.001 0.0
7.12594169907 344 7.11694169907 0.009 0.008 0.001 0.0
7.15197585258 345 7.14297585258 0.009 0.008 0.001 0.0
7.16808810769 346 7.15908810769 0.009 0.008 0.001 0.0
7.17608810769 347 7.16275841415 0.0133296935325 0.008 0.001 0.00432969353248
7.18408810769 348 7.1654940315 0.0185940761903 0.008 0.001 0.00959407619027
7.19208810769 349 7.17877693694 0.0133111707446 0.008 0.001 0.00431117074458
7.20507058348 350 7.19607058348 0.009 0.008 0.001 0.0
7.21620235077 351 7.20720235077 0.009 0.008 0.001 0.0
7.22574188259 352 7.21674188259 0.009 0.008 0.001 0.0
7.23449138483 353 7.22549138483 0.009 0.008 0.001 0.0
7.25234643603 354 7.24334643603 0.009 0.008 0.001 0.0
7.26034643603 355 7.2487053022 0.0116411338325 0.008 0.001 0.00264113383253
7.27599247464 356 7.26699247464 0.009 0.008 0.001 0.0
7.28644338404 357 7.27744338404 0.009 0.008 0.001 0.0
7.31306808873 358 7.30406808873 0.009 0.008 0.001 0.0
7.32106808873 359 7.30529404111 0.0157740476179 0.008 0.001 0.0067740476179
7.32906808873 360 7.31157994957 0.017488139157 0.008 0.001 0.00848813915701
7.33706808873 361 7.32530267332 0.0117654154054 0.008 0.001 0.00276541540542
7.34506808873 362 7.33549986464 0.00956822408786 0.008 0.001 0.000568224087857
7.39737566223 363 7.38837566223 0.009 0.008 0.001 0.0
7.40537566223 364 7.3887953818 0.0165802804309 0.008 0.001 0.00758028043093
7.49823933421 365 7.48923933421 0.009 0.008 0.001 0.0
7.50623933421 366 7.49128674614 0.0149525880757 0.008 0.001 0.00595258807567
7.51423933421 367 7.50156036244 0.0126789717748 0.008 0.001 0.00367897177481
7.52223933421 368 7.50748680956 0.014752524657 0.008 0.001 0.00575252465697
7.53023933421 369 7.51671568136 0.0135236528554 0.008 0.001 0.00452365285539
7.53823933421 370 7.52236641276 0.015872921455 0.008 0.001 0.00687292145504
7.54623933421 371 7.52437604653 0.0218632876798 0.008 0.001 0.0128632876798
7.55721045955 372 7.54821045955 0.009 0.008 0.001 0.0
7.56521045955 373 7.55543723785 0.00977322170864 0.008 0.001 0.000773221708642
7.57321045955 374 7.56214806075 0.0110623988033 0.008 0.001 0.00206239880326
7.58373646611 375 7.57473646611 0.009 0.008 0.001 0.0
7.6027847454 376 7.5937847454 0.009 0.008 0.001 0.0
7.61608614179 377 7.60708614179 0.009 0.008 0.001 0.0
7.64578413199 378 7.63678413199 0.009 0.008 0.001 0.0
7.65461784497 379 7.64561784497 0.009 0.008 0.001 0.0
7.66261784497 380 7.64771137578 0.0149064691822 0.008 0.001 0.00590646918217
7.6914700518 381 7.6824700518 0.009 0.008 0.001 0.0
7.6994700518 382 7.68925266087 0.0102173909252 0.008 0.001 0.00121739092525
7.71256148328 383 7.70356148328 0.009 0.008 0.001 0.0
7.77802837386 384 7.76902837386 0.009 0.008 0.001 0.0
7.80015885651 385 7.79115885651 0.009 0.008 0.001 0.0
7.81432883974 386 7.80532883974 0.009 0.008 0.001 0.0
7.85219633674 387 7.84319633674 0.009 0.008 0.001 0.0
7.86165015153 388 7.85265015153 0.009 0.008 0.001 0.0
7.87957708522 389 7.87057708522 0.009 0.008 0.001 0.0
7.88757708522 390 7.87691520956 0.0106618756599 0.008 0.001 0.0016618756599
7.89764920245 391 7.88864920245 0.009 0.008 0.001 0.0
7.90564920245 392 7.89228818807 0.013361014381 0.008 0.001 0.00436101438098
7.91364920245 393 7.896405788 0.0172434144499 0.008 0.001 0.00824341444989
7.92345274219 394 7.91445274219 0.009 0.008 0.001 0.0
7.93145274219 395 7.91520369652 0.0162490456702 0.008 0.001 0.00724904567017
7.93945274219 396 7.91822390256 0.0212288396267 0.008 0.001 0.0122288396267
7.94745274219 397 7.92062121126 0.0268315309228 0.008 0.001 0.0178315309228
7.95545274219 398 7.92188739528 0.0335653469107 0.008 0.001 0.0245653469107
7.96345274219 399 7.94252727431 0.0209254678735 0.008 0.001 0.0119254678735
7.97145274219 400 7.9544606326 0.0169921095857 0.008 0.001 0.00799210958573
7.97945274219 401 7.95509585777 0.0243568844143 0.008 0.001 0.0153568844143
7.98745274219 402 7.95663217961 0.0308205625795 0.008 0.001 0.0218205625795
7.99545274219 403 7.96415845815 0.0312942840359 0.008 0.001 0.0222942840359
8.00345274219 404 7.97356075851 0.0298919836742 0.008 0.001 0.0208919836742
8.01145274219 405 8.00176726719 0.00968547499261 0.008 0.001 0.00068547499261
8.02491310231 406 8.01591310231 0.009 0.008 0.001 0.0
8.035616945 407 8.026616945 0.009 0.008 0.001 0.0
8.05680209308 408 8.04780209308 0.009 0.008 0.001 0.0
8.06792635354 409 8.05892635354 0.009 0.008 0.001 0.0
8.08166828119 410 8.07266828119 0.009 0.008 0.001 0.0
8.12897849025 411 8.11997849025 0.009 0.008 0.001 0.0
8.14138755801 412 8.13238755801 0.009 0.008 0.001 0.0
8.14938755801 413 8.13342772708 0.0159598309283 0.008 0.001 0.0069598309283
8.15738755801 414 8.13361097218 0.0237765858266 0.008 0.001 0.0147765858266
8.19814141637 415 8.18914141637 0.009 0.008 0.001 0.0
8.20614141637 416 8.19256127153 0.0135801448427 0.008 0.001 0.0045801448427
8.24379443421 417 8.23479443421 0.009 0.008 0.001 0.0
8.25179443421 418 8.23627682883 0.0155176053883 0.008 0.001 0.00651760538826
8.27292507976 419 8.26392507976 0.009 0.008 0.001 0.0
8.28092507976 420 8.26647933493 0.0144457448374 0.008 0.001 0.0054457448374
8.29455476399 421 8.28555476399 0.009 0.008 0.001 0.0
8.30255476399 422 8.29041304937 0.0121417146235 0.008 0.001 0.00314171462348
8.31055476399 423 8.30140205088 0.00915271311061 0.008 0.001 0.000152713110612
8.320393597 424 8.311393597 0.009 0.008 0.001 0.0
8.37902875879 425 8.37002875879 0.009 0.008 0.001 0.0
8.5249176949 426 8.5159176949 0.009 0.008 0.001 0.0
8.5329176949 427 8.51726481306 0.0156528818407 0.008 0.001 0.00665288184072
8.5409176949 428 8.52399395456 0.016923740342 0.008 0.001 0.00792374034197
8.56256268042 429 8.55356268042 0.009 0.008 0.001 0.0
8.59256556044 430 8.58356556044 0.009 0.008 0.001 0.0
8.60056556044 431 8.59096868319 0.0095968772441 0.008 0.001 0.000596877244103
8.62254902326 432 8.61354902326 0.009 0.008 0.001 0.0
8.6332682222 433 8.6242682222 0.009 0.008 0.001 0.0
8.65880382429 434 8.64980382429 0.009 0.008 0.001 0.0
8.66680382429 435 8.65294302306 0.013860801229 0.008 0.001 0.00486080122897
8.67480382429 436 8.65420836693 0.0205954573631 0.008 0.001 0.0115954573631
8.70915284729 437 8.70015284729 0.009 0.008 0.001 0.0
8.71715284729 438 8.70193313178 0.0152197155137 0.008 0.001 0.00621971551367
8.72515284729 439 8.7158224397 0.00933040759469 0.008 0.001 0.000330407594689
8.73315284729 440 8.71948924996 0.0136635973335 0.008 0.001 0.00466359733354
8.74891695945 441 8.73991695945 0.009 0.008 0.001 0.0
8.77695480327 442 8.76795480327 0.009 0.008 0.001 0.0
8.78495480327 443 8.77100373388 0.0139510693867 0.008 0.001 0.00495106938674
8.79531413606 444 8.78631413606 0.009 0.008 0.001 0.0
8.80331413606 445 8.79338343706 0.00993069899234 0.008 0.001 0.000930698992343
8.81635185817 446 8.80735185817 0.009 0.008 0.001 0.0
8.84009990738 447 8.83109990738 0.009 0.008 0.001 0.0
8.90174971881 448 8.89274971881 0.009 0.008 0.001 0.0
8.95175854727 449 8.94275854727 0.009 0.008 0.001 0.0
8.97847592158 450 8.96947592158 0.009 0.008 0.001 0.0
8.98647592158 451 8.97523260381 0.0112433177722 0.008 0.001 0.0022433177722
9.02451839106 452 9.01551839106 0.009 0.008 0.001 0.0
9.03828543115 453 9.02928543115 0.009 0.008 0.001 0.0
9.04628543115 454 9.03691414349 0.00937128766374 0.008 0.001 0.000371287663741
9.07839811639 455 9.06939811639 0.009 0.008 0.001 0.0
9.09292560636 456 9.08392560636 0.009 0.008 0.001 0.0
9.11953156742 457 9.11053156742 0.009 0.008 0.001 0.0
9.12805176213 458 9.11905176213 0.009 0.008 0.001 0.0
9.137017024 459 9.128017024 0.009 0.008 0.001 0.0
9.14678230617 460 9.13778230617 0.009 0.008 0.001 0.0
9.18708570688 461 9.17808570688 0.009 0.008 0.001 0.0
9.19508570688 462 9.18485893204 0.0102267748352 0.008 0.001 0.0012267748352
9.20308570688 463 9.19353146653 0.00955424034447 0.008 0.001 0.000554240344471
9.21108570688 464 9.19983712998 0.0112485768948 0.008 0.001 0.00224857689479
9.25037965703 465 9.24137965703 0.009 0.008 0.001 0.0
9.3332716435 466 9.3242716435 0.009 0.008 0.001 0.0
9.3412716435 467 9.32728913953 0.013982503977 0.008 0.001 0.00498250397696
9.3492716435 468 9.3336326151 0.0156390284051 0.008 0.001 0.00663902840514
9.37964356521 469 9.37064356521 0.009 0.008 0.001 0.0
9.38764356521 470 9.37604096165 0.0116026035556 0.008 0.001 0.00260260355558
9.40375738052 471 9.39475738052 0.009 0.008 0.001 0.0
9.41175738052 472 9.40165336103 0.0101040194903 0.008 0.001 0.00110401949035
9.41975738052 473 9.40399468051 0.015762700014 0.008 0.001 0.00676270001397
9.42775738052 474 9.41321394682 0.0145434337081 0.008 0.001 0.00554343370805
9.44678030413 475 9.43778030413 0.009 0.008 0.001 0.0
9.45478030413 476 9.44035088118 0.0144294229473 0.008 0.001 0.00542942294734
9.46278030413 477 9.44690778058 0.0158725235457 0.008 0.001 0.00687252354573
9.47078030413 478 9.44770982189 0.0230704822391 0.008 0.001 0.0140704822391
9.47878030413 479 9.46504622052 0.0137340836092 0.008 0.001 0.00473408360918
9.50131801934 480 9.49231801934 0.009 0.008 0.001 0.0
9.5171524398 481 9.5081524398 0.009 0.008 0.001 0.0
9.54936003797 482 9.54036003797 0.009 0.008 0.001 0.0
9.56460369154 483 9.55560369154 0.009 0.008 0.001 0.0
9.57496258093 484 9.56596258093 0.009 0.008 0.001 0.0
9.58296258093 485 9.57346333552 0.00949924540815 0.008 0.001 0.000499245408145
9.60286713038 486 9.59386713038 0.009 0.008 0.001 0.0
9.61228314419 487 9.60328314419 0.009 0.008 0.001 0.0
9.62907375684 488 9.62007375684 0.009 0.008 0.001 0.0
9.67180688377 489 9.66280688377 0.009 0.008 0.001 0.0
9.68980331329 490 9.68080331329 0.009 0.008 0.001 0.0
9.76982156732 491 9.76082156732 0.009 0.008 0.001 0.0
9.77996663858 492 9.77096663858 0.009 0.008 0.001 0.0
9.80819209573 493 9.79919209573 0.009 0.008 0.001 0.0
9.81698767761 494 9.80798767761 0.009 0.008 0.001 0.0
9.82498767761 495 9.8114514514 0.0135362262065 0.008 0.001 0.00453622620654
9.83298767761 496 9.81451751753 0.0184701600779 0.008 0.001 0.00947016007793
9.84098767761 497 9.82577607276 0.0152116048513 0.008 0.001 0.00621160485135
9.86210236459 498 9.85310236459 0.009 0.008 0.001 0.0
9.87010236459 499 9.85916230054 0.0109400640497 0.008 0.001 0.00194006404965
9.95871385236 500 9.94971385236 0.009 0.008 0.001 0.0
