0.009 2 0 0.009 0.008 0.001 0
0.017 3 0.00287139238666 0.0141286076133 0.008 0.001 0.00512860761334
0.025 4 0.00447646346941 0.0205235365306 0.008 0.001 0.0115235365306
0.033 5 0.00761605581253 0.0253839441875 0.008 0.001 0.0163839441875
0.041 6 0.00975095439546 0.0312490456045 0.008 0.001 0.0222490456045
0.049 7 0.0116578062393 0.0373421937607 0.008 0.001 0.0283421937607
0.057 8 0.0286469074607 0.0283530925393 0.008 0.001 0.0193530925393
0.0685693063563 9 0.0595693063563 0.009 0.008 0.001 0.0
0.0765693063563 10 0.0631765766063 0.0133927297499 0.008 0.001 0.00439272974993
0.0845693063563 11 0.0659417282732 0.0186275780831 0.008 0.001 0.00962757808305
0.0925693063563 12 0.0805492366713 0.012020069685 0.008 0.001 0.00302006968502
0.103618716943 13 0.0946187169428 0.009 0.008 0.001 0.0
0.111618716943 14 0.1010693026 0.010549414343 0.008 0.001 0.00154941434301
0.119618716943 15 0.102145608895 0.0174731080477 0.008 0.001 0.00847310804772
0.127618716943 16 0.104115430905 0.0235032860379 0.008 0.001 0.0145032860379
0.135618716943 17 0.10580874917 0.0298099677724 0.008 0.001 0.0208099677724
0.143618716943 18 0.114293966873 0.0293247500698 0.008 0.001 0.0203247500698
0.151618716943 19 0.117609762145 0.0340089547982 0.008 0.001 0.0250089547982
0.159618716943 20 0.118371988683 0.0412467282596 0.008 0.001 0.0322467282596
0.167618716943 21 0.11848818371 0.049130533233 0.008 0.001 0.040130533233
0.175618716943 22 0.129899324957 0.0457193919862 0.008 0.001 0.0367193919862
0.183618716943 23 0.13405959136 0.0495591255824 0.008 0.001 0.0405591255824
0.191618716943 24 0.162587356964 0.0290313599788 0.008 0.001 0.0200313599788
0.199618716943 25 0.165117029904 0.0345016870386 0.008 0.001 0.0255016870386
0.207618716943 26 0.171395146541 0.0362235704019 0.008 0.001 0.0272235704019
0.215618716943 27 0.172459632889 0.0431590840534 0.008 0.001 0.0341590840534
0.223618716943 28 0.196360936262 0.0272577806808 0.008 0.001 0.0182577806808
0.256250472055 29 0.247250472055 0.009 0.008 0.001 0.0
0.269202387281 30 0.260202387281 0.009 0.008 0.001 0.0
0.284590558403 31 0.275590558403 0.009 0.008 0.001 0.0
0.292590558403 32 0.282133034311 0.0104575240918 0.008 0.001 0.00145752409178
0.300590558403 33 0.283287070076 0.0173034883268 0.008 0.001 0.00830348832678
0.308590558403 34 0.289932834463 0.0186577239393 0.008 0.001 0.00965772393929
0.316590558403 35 0.293533526752 0.0230570316512 0.008 0.001 0.0140570316512
0.324590558403 36 0.296949450225 0.0276411081778 0.008 0.001 0.0186411081778
0.332590558403 37 0.308911724395 0.023678834008 0.008 0.001 0.014678834008
0.340590558403 38 0.311535873736 0.0290546846667 0.008 0.001 0.0200546846667
0.348590558403 39 0.31190929269 0.0366812657131 0.008 0.001 0.0276812657131
0.356590558403 40 0.330833754571 0.0257568038315 0.008 0.001 0.0167568038315
0.364590558403 41 0.334151249674 0.0304393087292 0.008 0.001 0.0214393087292
0.372590558403 42 0.337272037946 0.0353185204572 0.008 0.001 0.0263185204572
0.380590558403 43 0.344806335214 0.0357842231884 0.008 0.001 0.0267842231884
0.388590558403 44 0.36450833267 0.0240822257324 0.008 0.001 0.0150822257324
0.396590558403 45 0.368737175993 0.02785338241 0.008 0.001 0.01885338241
0.404590558403 46 0.387409837808 0.0171807205952 0.008 0.001 0.00818072059519
0.430707461499 47 0.421707461499 0.009 0.008 0.001 0.0
0.438707461499 48 0.427185338413 0.011522123086 0.008 0.001 0.00252212308596
0.446707461499 49 0.430207903208 0.0164995582912 0.008 0.001 0.0074995582912
0.454707461499 50 0.435866676697 0.0188407848024 0.008 0.001 0.00984078480243
0.47120237718 51 0.46220237718 0.009 0.008 0.001 0.0
0.49476038519 52 0.48576038519 0.009 0.008 0.001 0.0
0.50276038519 53 0.486700132362 0.0160602528283 0.008 0.001 0.00706025282825
0.51076038519 54 0.488846622113 0.0219137630773 0.008 0.001 0.0129137630773
0.51876038519 55 0.49584999985 0.0229103853409 0.008 0.001 0.0139103853409
0.52676038519 56 0.500252577069 0.0265078081216 0.008 0.001 0.0175078081216
0.53476038519 57 0.520616385825 0.0141439993656 0.008 0.001 0.00514399936565
0.54276038519 58 0.526271860177 0.016488525013 0.008 0.001 0.00748852501299
0.55076038519 59 0.529615696995 0.0211446881957 0.008 0.001 0.0121446881957
0.55876038519 60 0.539478167412 0.0192822177782 0.008 0.001 0.0102822177782
0.574612844909 61 0.565612844909 0.009 0.008 0.001 0.0
0.583689743535 62 0.574689743535 0.009 0.008 0.001 0.0
0.59497078142 63 0.58597078142 0.009 0.008 0.001 0.0
0.616429404904 64 0.607429404904 0.009 0.008 0.001 0.0
0.624429404904 65 0.610731348583 0.0136980563206 0.008 0.001 0.00469805632065
0.632429404904 66 0.61817884039 0.0142505645142 0.008 0.001 0.00525056451418
0.640429404904 67 0.629068971911 0.011360432993 0.008 0.001 0.00236043299302
0.648429404904 68 0.637270813392 0.0111585915117 0.008 0.001 0.00215859151168
0.656512104386 69 0.647512104386 0.009 0.008 0.001 0.0
0.685925994422 70 0.676925994422 0.009 0.008 0.001 0.0
0.693925994422 71 0.676935348152 0.0169906462693 0.008 0.001 0.0079906462693
0.701925994422 72 0.688175920401 0.0137500740203 0.008 0.001 0.00475007402034
0.709925994422 73 0.69918620084 0.0107397935815 0.008 0.001 0.00173979358151
0.717925994422 74 0.703325323964 0.0146006704575 0.008 0.001 0.00560067045754
0.726416358224 75 0.717416358224 0.009 0.008 0.001 0.0
0.734416358224 76 0.719747252195 0.0146691060289 0.008 0.001 0.00566910602894
0.746372848474 77 0.737372848474 0.009 0.008 0.001 0.0
0.766829254445 78 0.757829254445 0.009 0.008 0.001 0.0
0.774829254445 79 0.761977561072 0.0128516933721 0.008 0.001 0.00385169337214
0.785204377867 80 0.776204377867 0.009 0.008 0.001 0.0
0.79626955231 81 0.78726955231 0.009 0.008 0.001 0.0
0.80426955231 82 0.793141132647 0.0111284196631 0.008 0.001 0.00212841966312
0.81226955231 83 0.793338703246 0.0189308490646 0.008 0.001 0.00993084906463
0.82026955231 84 0.8048329955 0.0154365568104 0.008 0.001 0.0064365568104
0.82826955231 85 0.811924185542 0.016345366768 0.008 0.001 0.00734536676804
0.83626955231 86 0.819526658845 0.016742893465 0.008 0.001 0.00774289346499
0.84426955231 87 0.821722997427 0.0225465548835 0.008 0.001 0.0135465548835
0.856720567067 88 0.847720567067 0.009 0.008 0.001 0.0
0.865067935008 89 0.856067935008 0.009 0.008 0.001 0.0
0.873067935008 90 0.86370459738 0.00936333762788 0.008 0.001 0.000363337627875
0.883160132777 91 0.874160132777 0.009 0.008 0.001 0.0
0.960266034995 92 0.951266034995 0.009 0.008 0.001 0.0
0.968266034995 93 0.951298145493 0.0169678895026 0.008 0.001 0.00796788950259
0.976266034995 94 0.957492103023 0.0187739319721 0.008 0.001 0.00977393197207
0.991857076165 95 0.982857076165 0.009 0.008 0.001 0.0
1.00766508526 96 0.998665085261 0.009 0.008 0.001 0.0
1.01566508526 97 1.00221177851 0.0134533067494 0.008 0.001 0.00445330674938
1.02433740795 98 1.01533740795 0.009 0.008 0.001 0.0
1.04195425423 99 1.03295425423 0.009 0.008 0.001 0.0
1.04995425423 100 1.03698197135 0.012972282879 0.008 0.001 0.003972282879
1.05795425423 101 1.04481624747 0.0131380067592 0.008 0.001 0.00413800675922
1.06595425423 102 1.0453862323 0.0205680219296 0.008 0.001 0.0115680219296
1.08211613475 103 1.07311613475 0.009 0.008 0.001 0.0
1.09455250444 104 1.08555250444 0.009 0.008 0.001 0.0
1.13051761222 105 1.12151761222 0.009 0.008 0.001 0.0
1.13851761222 106 1.12366350502 0.0148541071969 0.008 0.001 0.00585410719691
1.14651761222 107 1.12561011167 0.0209075005485 0.008 0.001 0.0119075005485
1.15451761222 108 1.12605347406 0.0284641381597 0.008 0.001 0.0194641381597
1.16410451992 109 1.15510451992 0.009 0.008 0.001 0.0
1.17210451992 110 1.15515921022 0.0169453096985 0.008 0.001 0.00794530969845
1.18010451992 111 1.16268633456 0.0174181853548 0.008 0.001 0.00841818535481
1.18810451992 112 1.16953083792 0.0185736819923 0.008 0.001 0.00957368199229
1.20470605679 113 1.19570605679 0.009 0.008 0.001 0.0
1.21270605679 114 1.19700469042 0.0157013663696 0.008 0.001 0.00670136636961
1.22117292476 115 1.21217292476 0.009 0.008 0.001 0.0
1.2453249591 116 1.2363249591 0.009 0.008 0.001 0.0
1.26969529858 117 1.26069529858 0.009 0.008 0.001 0.0
1.28821783397 118 1.27921783397 0.009 0.008 0.001 0.0
1.29621783397 119 1.27996366773 0.0162541662371 0.008 0.001 0.0072541662371
1.30421783397 120 1.28246142803 0.0217564059418 0.008 0.001 0.0127564059418
1.31221783397 121 1.29515744348 0.0170603904854 0.008 0.001 0.00806039048544
1.32021783397 122 1.29598604007 0.0242317939027 0.008 0.001 0.0152317939027
1.32821783397 123 1.30653215328 0.0216856806852 0.008 0.001 0.0126856806852
1.33621783397 124 1.32345941702 0.0127584169508 0.008 0.001 0.00375841695076
1.34421783397 125 1.3316345945 0.0125832394711 0.008 0.001 0.00358323947113
1.35221783397 126 1.34046459115 0.0117532428206 0.008 0.001 0.00275324282063
1.36021783397 127 1.34859654513 0.011621288842 0.008 0.001 0.00262128884202
1.36821783397 128 1.35318568316 0.0150321508123 0.008 0.001 0.00603215081234
1.38307558326 129 1.37407558326 0.009 0.008 0.001 0.0
1.42380811837 130 1.41480811837 0.009 0.008 0.001 0.0
1.44617484009 131 1.43717484009 0.009 0.008 0.001 0.0
1.47863078634 132 1.46963078634 0.009 0.008 0.001 0.0
1.48663078634 133 1.47017843472 0.0164523516166 0.008 0.001 0.0074523516166
1.52163826955 134 1.51263826955 0.009 0.008 0.001 0.0
1.52963826955 135 1.52063403885 0.00900423070104 0.008 0.001 4.23070104372e-06
1.55933537421 136 1.55033537421 0.009 0.008 0.001 0.0
1.56733537421 137 1.55417596996 0.0131594042476 0.008 0.001 0.00415940424762
1.57533537421 138 1.5586519802 0.0166833940052 0.008 0.001 0.00768339400515
1.58333537421 139 1.56423778115 0.0190975930567 0.008 0.001 0.0100975930567
1.59133537421 140 1.5771903147 0.0141450595026 0.008 0.001 0.00514505950257
1.59933537421 141 1.57719040609 0.0221449681151 0.008 0.001 0.0131449681151
1.60733537421 142 1.57796640554 0.0293689686687 0.008 0.001 0.0203689686687
1.61533537421 143 1.58049798175 0.0348373924513 0.008 0.001 0.0258373924513
1.62333537421 144 1.58605206879 0.0372833054118 0.008 0.001 0.0282833054118
1.63133537421 145 1.59884973649 0.0324856377185 0.008 0.001 0.0234856377185
1.63933537421 146 1.59958208541 0.0397532887932 0.008 0.001 0.0307532887932
1.64733537421 147 1.60028171491 0.0470536592926 0.008 0.001 0.0380536592926
1.65533537421 148 1.62796040936 0.0273749648493 0.008 0.001 0.0183749648493
1.66333537421 149 1.648951927 0.0143834472027 0.008 0.001 0.00538344720273
1.67133537421 150 1.65254167415 0.0187937000577 0.008 0.001 0.00979370005772
1.69994440196 151 1.69094440196 0.009 0.008 0.001 0.0
1.70794440196 152 1.69318707675 0.0147573252049 0.008 0.001 0.00575732520492
1.71594440196 153 1.69663174108 0.019312660881 0.008 0.001 0.010312660881
1.72394440196 154 1.69781948399 0.0261249179647 0.008 0.001 0.0171249179647
1.73194440196 155 1.71202848008 0.0199159218747 0.008 0.001 0.0109159218747
1.74758785203 156 1.73858785203 0.009 0.008 0.001 0.0
1.75558785203 157 1.74619368349 0.00939416853692 0.008 0.001 0.000394168536923
1.76405074294 158 1.75505074294 0.009 0.008 0.001 0.0
1.77556346959 159 1.76656346959 0.009 0.008 0.001 0.0
1.7964166466 160 1.7874166466 0.009 0.008 0.001 0.0
1.8286633311 161 1.8196633311 0.009 0.008 0.001 0.0
1.8366633311 162 1.8238012454 0.0128620856997 0.008 0.001 0.0038620856997
1.85827113383 163 1.84927113383 0.009 0.008 0.001 0.0
1.92257970732 164 1.91357970732 0.009 0.008 0.001 0.0
1.93648962543 165 1.92748962543 0.009 0.008 0.001 0.0
1.94448962543 166 1.93286193702 0.0116276884147 0.008 0.001 0.00262768841467
1.955783933 167 1.946783933 0.009 0.008 0.001 0.0
1.963783933 168 1.94847557635 0.0153083566522 0.008 0.001 0.00630835665216
1.971783933 169 1.96147278053 0.0103111524705 0.008 0.001 0.00131115247054
1.979783933 170 1.96678531173 0.0129986212701 0.008 0.001 0.00399862127012
2.02046195132 171 2.01146195132 0.009 0.008 0.001 0.0
2.02846195132 172 2.0140205518 0.0144413995253 0.008 0.001 0.00544139952527
2.03646195132 173 2.01408179637 0.022380154953 0.008 0.001 0.013380154953
2.05039095353 174 2.04139095353 0.009 0.008 0.001 0.0
2.05839095353 175 2.04597235001 0.0124186035175 0.008 0.001 0.00341860351749
2.06639095353 176 2.05658029295 0.009810660581 0.008 0.001 0.000810660580999
2.07677809722 177 2.06777809722 0.009 0.008 0.001 0.0
2.09311590495 178 2.08411590495 0.009 0.008 0.001 0.0
2.10111590495 179 2.08509558165 0.0160203233015 0.008 0.001 0.0070203233015
2.11727408025 180 2.10827408025 0.009 0.008 0.001 0.0
2.12527408025 181 2.11537346471 0.00990061554264 0.008 0.001 0.000900615542636
2.13379104315 182 2.12479104315 0.009 0.008 0.001 0.0
2.15050521453 183 2.14150521453 0.009 0.008 0.001 0.0
2.16350329818 184 2.15450329818 0.009 0.008 0.001 0.0
2.18665209446 185 2.17765209446 0.009 0.008 0.001 0.0
2.19465209446 186 2.18217709108 0.0124750033817 0.008 0.001 0.0034750033817
2.20509240649 187 2.19609240649 0.009 0.008 0.001 0.0
2.21309240649 188 2.19712521112 0.0159671953633 0.008 0.001 0.00696719536332
2.22109240649 189 2.20873954948 0.0123528570105 0.008 0.001 0.00335285701046
2.22909240649 190 2.2098993241 0.0191930823845 0.008 0.001 0.0101930823845
2.23709240649 191 2.21424772511 0.0228446813765 0.008 0.001 0.0138446813765
2.24509240649 192 2.21846160644 0.0266308000452 0.008 0.001 0.0176308000452
2.25309240649 193 2.22350863676 0.0295837697324 0.008 0.001 0.0205837697324
2.26109240649 194 2.24221838059 0.0188740258994 0.008 0.001 0.00987402589945
2.26909240649 195 2.25896696088 0.0101254456095 0.008 0.001 0.00112544560946
2.28906481866 196 2.28006481866 0.009 0.008 0.001 0.0
2.29706481866 197 2.284886365 0.0121784536619 0.008 0.001 0.00317845366195
2.35288478849 198 2.34388478849 0.009 0.008 0.001 0.0
2.39703052319 199 2.38803052319 0.009 0.008 0.001 0.0
2.41149080101 200 2.40249080101 0.009 0.008 0.001 0.0
2.42118287316 201 2.41218287316 0.009 0.008 0.001 0.0
2.42918287316 202 2.41453639759 0.0146464755663 0.008 0.001 0.00564647556628
2.43718287316 203 2.41997729057 0.017205582586 0.008 0.001 0.00820558258597
2.44518287316 204 2.43164060728 0.0135422658745 0.008 0.001 0.00454226587454
2.45318287316 205 2.43418484375 0.0189980294068 0.008 0.001 0.00999802940682
2.46118287316 206 2.43471695386 0.0264659192969 0.008 0.001 0.0174659192969
2.47788449771 207 2.46888449771 0.009 0.008 0.001 0.0
2.48588449771 208 2.47299241113 0.0128920865891 0.008 0.001 0.0038920865891
2.50026825301 209 2.49126825301 0.009 0.008 0.001 0.0
2.5090250683 210 2.5000250683 0.009 0.008 0.001 0.0
2.51828498755 211 2.50928498755 0.009 0.008 0.001 0.0
2.52654879563 212 2.51754879563 0.009 0.008 0.001 0.0
2.53713827874 213 2.52813827874 0.009 0.008 0.001 0.0
2.54513827874 214 2.52979033054 0.0153479481969 0.008 0.001 0.00634794819691
2.55313827874 215 2.53827660018 0.0148616785638 0.008 0.001 0.00586167856376
2.56113827874 216 2.55063402403 0.0105042547066 0.008 0.001 0.00150425470658
2.57433374517 217 2.56533374517 0.009 0.008 0.001 0.0
2.58233374517 218 2.56825510947 0.0140786356999 0.008 0.001 0.00507863569993
2.59033374517 219 2.57519496308 0.0151387820894 0.008 0.001 0.00613878208939
2.59833374517 220 2.58018869732 0.0181450478493 0.008 0.001 0.00914504784926
2.60633374517 221 2.5841275483 0.0222061968681 0.008 0.001 0.0132061968681
2.61433374517 222 2.58454623673 0.0297875084353 0.008 0.001 0.0207875084353
2.62233374517 223 2.5912486457 0.0310850994641 0.008 0.001 0.0220850994641
2.63033374517 224 2.59434760457 0.0359861405956 0.008 0.001 0.0269861405956
2.63833374517 225 2.61244943366 0.0258843115032 0.008 0.001 0.0168843115032
2.64633374517 226 2.61413097111 0.0322027740579 0.008 0.001 0.0232027740579
2.65433374517 227 2.64518614573 0.00914759943241 0.008 0.001 0.000147599432414
2.66668059262 228 2.65768059262 0.009 0.008 0.001 0.0
2.67697449657 229 2.66797449657 0.009 0.008 0.001 0.0
2.68497449657 230 2.66800090724 0.0169735893211 0.008 0.001 0.00797358932112
2.69297449657 231 2.67174758412 0.0212269124405 0.008 0.001 0.0122269124405
2.70097449657 232 2.6907084748 0.0102660217648 0.008 0.001 0.00126602176485
2.7290621088 233 2.7200621088 0.009 0.008 0.001 0.0
2.7370621088 234 2.72771262549 0.0093494833087 0.008 0.001 0.000349483308695
2.75229454137 235 2.74329454137 0.009 0.008 0.001 0.0
2.76029454137 236 2.74988556468 0.0104089766873 0.008 0.001 0.00140897668725
2.76829454137 237 2.75222202133 0.0160725200439 0.008 0.001 0.00707252004389
2.77629454137 238 2.75751682155 0.0187777198229 0.008 0.001 0.00977771982291
2.78429454137 239 2.76942995692 0.0148645844548 0.008 0.001 0.00586458445479
2.80019113213 240 2.79119113213 0.009 0.008 0.001 0.0
2.82126133779 241 2.81226133779 0.009 0.008 0.001 0.0
2.86674034601 242 2.85774034601 0.009 0.008 0.001 0.0
2.87474034601 243 2.86186206358 0.0128782824276 0.008 0.001 0.00387828242761
2.88274034601 244 2.86203346611 0.0207068799003 0.008 0.001 0.0117068799003
2.89074034601 245 2.86216670139 0.0285736446202 0.008 0.001 0.0195736446202
2.90441070423 246 2.89541070423 0.009 0.008 0.001 0.0
2.91703200404 247 2.90803200404 0.009 0.008 0.001 0.0
2.9321670544 248 2.9231670544 0.009 0.008 0.001 0.0
2.9401670544 249 2.92783779282 0.01232926158 0.008 0.001 0.00332926157997
2.9481670544 250 2.93148200041 0.0166850539958 0.008 0.001 0.00768505399578
2.9561670544 251 2.93345196102 0.0227150933815 0.008 0.001 0.0137150933815
2.9641670544 252 2.936447214 0.0277198403983 0.008 0.001 0.0187198403983
2.9721670544 253 2.94042080087 0.0317462535345 0.008 0.001 0.0227462535345
2.9801670544 254 2.94632504623 0.033842008169 0.008 0.001 0.024842008169
2.9881670544 255 2.94647375279 0.0416933016135 0.008 0.001 0.0326933016135
2.9961670544 256 2.96277732866 0.0333897257376 0.008 0.001 0.0243897257376
3.0041670544 257 2.96363922211 0.0405278322961 0.008 0.001 0.0315278322961
3.0121670544 258 2.97803329344 0.0341337609618 0.008 0.001 0.0251337609618
3.0201670544 259 2.9817746754 0.0383923790007 0.008 0.001 0.0293923790007
3.0281670544 260 2.99386991323 0.0342971411669 0.008 0.001 0.0252971411669
3.0361670544 261 3.02398543695 0.0121816174559 0.008 0.001 0.00318161745589
3.0441670544 262 3.02603421954 0.0181328348655 0.008 0.001 0.00913283486552
3.0521670544 263 3.03399055226 0.0181765021395 0.008 0.001 0.00917650213947
3.0601670544 264 3.03442965371 0.0257374006942 0.008 0.001 0.0167374006942
3.0681670544 265 3.03894164871 0.0292254056961 0.008 0.001 0.0202254056961
3.0761670544 266 3.04307856181 0.0330884925962 0.008 0.001 0.0240884925962
3.0841670544 267 3.04511958276 0.0390474716436 0.008 0.001 0.0300474716436
3.0921670544 268 3.05718313752 0.0349839168776 0.008 0.001 0.0259839168776
3.1074876647 269 3.0984876647 0.009 0.008 0.001 0.0
3.1154876647 270 3.10261353708 0.0128741276254 0.008 0.001 0.00387412762545
3.12907014901 271 3.12007014901 0.009 0.008 0.001 0.0
3.14244281722 272 3.13344281722 0.009 0.008 0.001 0.0
3.20238915923 273 3.19338915923 0.009 0.008 0.001 0.0
3.21038915923 274 3.19855714189 0.0118320173476 0.008 0.001 0.00283201734761
3.2266192595 275 3.2176192595 0.009 0.008 0.001 0.0
3.24636995971 276 3.23736995971 0.009 0.008 0.001 0.0
3.25986897944 277 3.25086897944 0.009 0.008 0.001 0.0
3.27342236674 278 3.26442236674 0.009 0.008 0.001 0.0
3.28723187437 279 3.27823187437 0.009 0.008 0.001 0.0
3.29523187437 280 3.27883592032 0.0163959540547 0.008 0.001 0.00739595405465
3.31645711112 281 3.30745711112 0.009 0.008 0.001 0.0
3.33076454431 282 3.32176454431 0.009 0.008 0.001 0.0
3.33876454431 283 3.32375850962 0.0150060346906 0.008 0.001 0.00600603469065
3.34676454431 284 3.3246689824 0.0220955619109 0.008 0.001 0.0130955619109
3.35476454431 285 3.32659092257 0.0281736217477 0.008 0.001 0.0191736217477
3.36276454431 286 3.33515326371 0.0276112806025 0.008 0.001 0.0186112806025
3.37746057387 287 3.36846057387 0.009 0.008 0.001 0.0
3.40905929311 288 3.40005929311 0.009 0.008 0.001 0.0
3.43221816562 289 3.42321816562 0.009 0.008 0.001 0.0
3.4633055224 290 3.4543055224 0.009 0.008 0.001 0.0
3.4713055224 291 3.45774214973 0.0135633726636 0.008 0.001 0.00456337266363
3.48287087754 292 3.47387087754 0.009 0.008 0.001 0.0
3.49733454147 293 3.48833454147 0.009 0.008 0.001 0.0
3.50533454147 294 3.49148155496 0.0138529865142 0.008 0.001 0.00485298651419
3.51333454147 295 3.49510410543 0.0182304360408 0.008 0.001 0.00923043604077
3.52133454147 296 3.50087761013 0.0204569313439 0.008 0.001 0.0114569313439
3.52933454147 297 3.5045954721 0.0247390693753 0.008 0.001 0.0157390693753
3.53733454147 298 3.51452049822 0.0228140432584 0.008 0.001 0.0138140432584
3.54533454147 299 3.5175678458 0.0277666956697 0.008 0.001 0.0187666956697
3.55333454147 300 3.51978079576 0.0335537457111 0.008 0.001 0.0245537457111
3.56133454147 301 3.52799957451 0.0333349669626 0.008 0.001 0.0243349669626
3.56933454147 302 3.53316273947 0.0361718020071 0.008 0.001 0.0271718020071
3.57733454147 303 3.53424319029 0.0430913511804 0.008 0.001 0.0340913511804
3.58533454147 304 3.53898592806 0.0463486134171 0.008 0.001 0.0373486134171
3.59333454147 305 3.54897709437 0.0443574471009 0.008 0.001 0.0353574471009
3.60133454147 306 3.55708153763 0.0442530038419 0.008 0.001 0.0352530038419
3.60933454147 307 3.5688189433 0.0405155981688 0.008 0.001 0.0315155981688
3.61733454147 308 3.57657290933 0.0407616321479 0.008 0.001 0.0317616321479
3.63005577458 309 3.62105577458 0.009 0.008 0.001 0.0
3.63805577458 310 3.62864103789 0.00941473668954 0.008 0.001 0.000414736689536
3.64605577458 311 3.63224363738 0.0138121372032 0.008 0.001 0.00481213720323
3.65405577458 312 3.63856315852 0.0154926160616 0.008 0.001 0.00649261606165
3.66205577458 313 3.63886183687 0.0231939377092 0.008 0.001 0.0141939377092
3.67005577458 314 3.65520570821 0.01485006637 0.008 0.001 0.00585006637001
3.68868274031 315 3.67968274031 0.009 0.008 0.001 0.0
3.70449167633 316 3.69549167633 0.009 0.008 0.001 0.0
3.71249167633 317 3.69560572003 0.0168859562961 0.008 0.001 0.00788595629611
3.72049167633 318 3.70787378007 0.0126178962549 0.008 0.001 0.00361789625487
3.72849167633 319 3.71109065672 0.017401019606 0.008 0.001 0.00840101960603
3.73649167633 320 3.71972779203 0.0167638843013 0.008 0.001 0.00776388430135
3.74449167633 321 3.72410801068 0.0203836656464 0.008 0.001 0.0113836656464
3.75744435943 322 3.74844435943 0.009 0.008 0.001 0.0
3.76544435943 323 3.75516706178 0.0102772976478 0.008 0.001 0.00127729764785
3.77452520998 324 3.76552520998 0.009 0.008 0.001 0.0
3.78252520998 325 3.76802558394 0.0144996260386 0.008 0.001 0.00549962603863
3.79052520998 326 3.76996645043 0.0205587595483 0.008 0.001 0.0115587595483
3.79852520998 327 3.77486299796 0.0236622120199 0.008 0.001 0.0146622120199
3.80652520998 328 3.79614089122 0.0103843187597 0.008 0.001 0.00138431875973
3.825218066 329 3.816218066 0.009 0.008 0.001 0.0
3.833218066 330 3.81636570424 0.016852361755 0.008 0.001 0.007852361755
3.841218066 331 3.82634845071 0.0148696152917 0.008 0.001 0.00586961529166
3.849218066 332 3.82765260248 0.0215654635209 0.008 0.001 0.0125654635209
3.857218066 333 3.82808288383 0.0291351821698 0.008 0.001 0.0201351821698
3.865218066 334 3.83687766611 0.028340399892 0.008 0.001 0.019340399892
3.873218066 335 3.84214338631 0.0310746796837 0.008 0.001 0.0220746796837
3.881218066 336 3.84240613648 0.0388119295165 0.008 0.001 0.0298119295165
3.889218066 337 3.84242507904 0.0467929869542 0.008 0.001 0.0377929869542
3.897218066 338 3.84248326549 0.0547348005088 0.008 0.001 0.0457348005088
3.905218066 339 3.84511377589 0.0601042901072 0.008 0.001 0.0511042901072
3.913218066 340 3.84554629876 0.0676717672402 0.008 0.001 0.0586717672402
3.921218066 341 3.85260579471 0.0686122712832 0.008 0.001 0.0596122712832
3.929218066 342 3.88807858079 0.0411394852071 0.008 0.001 0.0321394852071
3.937218066 343 3.92808892949 0.0091291365082 0.008 0.001 0.000129136508201
3.95218474631 344 3.94318474631 0.009 0.008 0.001 0.0
3.97841357132 345 3.96941357132 0.009 0.008 0.001 0.0
3.98641357132 346 3.96975130374 0.0166622675786 0.008 0.001 0.00766226757863
4.01350044006 347 4.00450044006 0.009 0.008 0.001 0.0
4.02150044006 348 4.01167416711 0.00982627295596 0.008 0.001 0.000826272955958
4.02950044006 349 4.01543121984 0.0140692202254 0.008 0.001 0.00506922022543
4.03750044006 350 4.01885488478 0.0186455552852 0.008 0.001 0.00964555528523
4.06368565522 351 4.05468565522 0.009 0.008 0.001 0.0
4.07168565522 352 4.05940063539 0.0122850198377 0.008 0.001 0.00328501983774
4.07968565522 353 4.06894754319 0.0107381120329 0.008 0.001 0.00173811203285
4.08827511757 354 4.07927511757 0.009 0.008 0.001 0.0
4.09793536131 355 4.08893536131 0.009 0.008 0.001 0.0
4.10593536131 356 4.09201718825 0.0139181730629 0.008 0.001 0.00491817306286
4.11792241244 357 4.10892241244 0.009 0.008 0.001 0.0
4.12592241244 358 4.11194645272 0.0139759597174 0.008 0.001 0.00497595971737
4.13392241244 359 4.11532543764 0.0185969747932 0.008 0.001 0.00959697479321
4.14192241244 360 4.12604300609 0.0158794063467 0.008 0.001 0.00687940634665
4.14992241244 361 4.12740353665 0.022518875782 0.008 0.001 0.013518875782
4.15792241244 362 4.14696708714 0.0109553252963 0.008 0.001 0.00195532529627
4.16592241244 363 4.1532256629 0.0126967495337 0.008 0.001 0.00369674953366
4.17392241244 364 4.15788850837 0.0160339040649 0.008 0.001 0.00703390406491
4.18192241244 365 4.16651815093 0.0154042615089 0.008 0.001 0.00640426150891
4.18992241244 366 4.17498089783 0.014941514608 0.008 0.001 0.00594151460805
4.19792241244 367 4.18289723604 0.0150251763932 0.008 0.001 0.00602517639318
4.20592241244 368 4.1877561927 0.0181662197326 0.008 0.001 0.00916621973261
4.21392241244 369 4.18976544685 0.0241569655858 0.008 0.001 0.0151569655858
4.22192241244 370 4.19192058278 0.0300018296537 0.008 0.001 0.0210018296537
4.22992241244 371 4.19261407343 0.0373083390113 0.008 0.001 0.0283083390113
4.23792241244 372 4.20734857364 0.0305738387988 0.008 0.001 0.0215738387988
4.24592241244 373 4.22131256989 0.0246098425508 0.008 0.001 0.0156098425508
4.25890924289 374 4.24990924289 0.009 0.008 0.001 0.0
4.28884302918 375 4.27984302918 0.009 0.008 0.001 0.0
4.29684302918 376 4.28591524836 0.0109277808286 0.008 0.001 0.00192778082863
4.30484302918 377 4.2886647632 0.0161782659891 0.008 0.001 0.00717826598911
4.31284302918 378 4.29303243805 0.0198105911386 0.008 0.001 0.0108105911386
4.32332289257 379 4.31432289257 0.009 0.008 0.001 0.0
4.3538038792 380 4.3448038792 0.009 0.008 0.001 0.0
4.37697764148 381 4.36797764148 0.009 0.008 0.001 0.0
4.38497764148 382 4.37374862869 0.0112290127942 0.008 0.001 0.00222901279421
4.42453071915 383 4.41553071915 0.009 0.008 0.001 0.0
4.43253071915 384 4.42315321307 0.00937750607294 0.008 0.001 0.000377506072939
4.47045718201 385 4.46145718201 0.009 0.008 0.001 0.0
4.47879569032 386 4.46979569032 0.009 0.008 0.001 0.0
4.48679569032 387 4.47599771128 0.0107979790362 0.008 0.001 0.00179797903619
4.49479569032 388 4.4846035907 0.010192099617 0.008 0.001 0.00119209961704
4.5083213698 389 4.4993213698 0.009 0.008 0.001 0.0
4.53459340283 390 4.52559340283 0.009 0.008 0.001 0.0
4.54259340283 391 4.52709984715 0.0154935556772 0.008 0.001 0.00649355567724
4.55059340283 392 4.53787105818 0.0127223446444 0.008 0.001 0.00372234464442
4.55859340283 393 4.54619505032 0.0123983525053 0.008 0.001 0.00339835250535
4.56659340283 394 4.5547972079 0.0117961949225 0.008 0.001 0.0027961949225
4.57459340283 395 4.56239969358 0.0121937092457 0.008 0.001 0.0031937092457
4.58259340283 396 4.57036537966 0.0122280231713 0.008 0.001 0.0032280231713
4.59059466094 397 4.58159466094 0.009 0.008 0.001 0.0
4.59859466094 398 4.58395164334 0.0146430176065 0.008 0.001 0.00564301760645
4.61032788558 399 4.60132788558 0.009 0.008 0.001 0.0
4.63035167004 400 4.62135167004 0.009 0.008 0.001 0.0
4.63967830911 401 4.63067830911 0.009 0.008 0.001 0.0
4.64859307504 402 4.63959307504 0.009 0.008 0.001 0.0
4.66108727293 403 4.65208727293 0.009 0.008 0.001 0.0
4.66908727293 404 4.65948574175 0.00960153118332 0.008 0.001 0.000601531183318
4.67708727293 405 4.66088425054 0.0162030223904 0.008 0.001 0.00720302239035
4.68705685098 406 4.67805685098 0.009 0.008 0.001 0.0
4.69505685098 407 4.68035216353 0.0147046874499 0.008 0.001 0.00570468744988
4.70843813868 408 4.69943813868 0.009 0.008 0.001 0.0
4.73229814391 409 4.72329814391 0.009 0.008 0.001 0.0
4.74029814391 410 4.72830086779 0.0119972761193 0.008 0.001 0.00299727611933
4.74829814391 411 4.72880317458 0.0194949693231 0.008 0.001 0.0104949693231
4.76056131021 412 4.75156131021 0.009 0.008 0.001 0.0
4.7702752875 413 4.7612752875 0.009 0.008 0.001 0.0
4.78039256406 414 4.77139256406 0.009 0.008 0.001 0.0
4.80954244395 415 4.80054244395 0.009 0.008 0.001 0.0
4.81754244395 416 4.80351114302 0.0140313009329 0.008 0.001 0.00503130093295
4.82554244395 417 4.81042905216 0.0151133917941 0.008 0.001 0.00611339179414
4.83354244395 418 4.81913364503 0.014408798921 0.008 0.001 0.00540879892104
4.85775051898 419 4.84875051898 0.009 0.008 0.001 0.0
4.86766557549 420 4.85866557549 0.009 0.008 0.001 0.0
4.87566557549 421 4.86205591768 0.0136096578114 0.008 0.001 0.00460965781139
4.88366557549 422 4.87157623776 0.012089337724 0.008 0.001 0.00308933772405
4.89166557549 423 4.88188607043 0.00977950506011 0.008 0.001 0.000779505060114
4.91035128375 424 4.90135128375 0.009 0.008 0.001 0.0
4.91835128375 425 4.90289935393 0.0154519298148 0.008 0.001 0.00645192981483
4.94649567971 426 4.93749567971 0.009 0.008 0.001 0.0
4.95449567971 427 4.94422278039 0.0102728993147 0.008 0.001 0.00127289931469
4.96249567971 428 4.94585845358 0.0166372261297 0.008 0.001 0.00763722612969
4.97049567971 429 4.95119768076 0.019297998949 0.008 0.001 0.010297998949
4.97849567971 430 4.96840494053 0.0100907391758 0.008 0.001 0.00109073917575
4.98801381225 431 4.97901381225 0.009 0.008 0.001 0.0
4.99601381225 432 4.98501433708 0.0109994751685 0.008 0.001 0.00199947516852
5.00401381225 433 4.98751151436 0.0165022978893 0.008 0.001 0.0075022978893
5.01201381225 434 4.99936987477 0.0126439374812 0.008 0.001 0.00364393748122
5.02001381225 435 5.00805846389 0.0119553483617 0.008 0.001 0.00295534836174
5.02801381225 436 5.01531989762 0.0126939146278 0.008 0.001 0.00369391462779
5.03721966745 437 5.02821966745 0.009 0.008 0.001 0.0
5.04521966745 438 5.03566184059 0.00955782685537 0.008 0.001 0.00055782685537
5.05321966745 439 5.03756287041 0.0156567970332 0.008 0.001 0.0066567970332
5.06121966745 440 5.03931605118 0.021903616264 0.008 0.001 0.012903616264
5.06921966745 441 5.04704407462 0.0221755928244 0.008 0.001 0.0131755928244
5.07721966745 442 5.05573262687 0.0214870405716 0.008 0.001 0.0124870405716
5.08521966745 443 5.05576627194 0.0294533955052 0.008 0.001 0.0204533955052
5.09321966745 444 5.05911463668 0.0341050307615 0.008 0.001 0.0251050307615
5.10121966745 445 5.08498523964 0.016234427804 0.008 0.001 0.00723442780399
5.10921966745 446 5.08528850705 0.0239311603998 0.008 0.001 0.0149311603998
5.11721966745 447 5.09034397909 0.0268756883562 0.008 0.001 0.0178756883562
5.12521966745 448 5.10275455145 0.0224651159926 0.008 0.001 0.0134651159926
5.13321966745 449 5.1103523455 0.0228673219428 0.008 0.001 0.0138673219428
5.14121966745 450 5.1302372988 0.0109823686416 0.008 0.001 0.00198236864163
5.17633212119 451 5.16733212119 0.009 0.008 0.001 0.0
5.19145117819 452 5.18245117819 0.009 0.008 0.001 0.0
5.19945117819 453 5.18453287843 0.0149182997631 0.008 0.001 0.0059182997631
5.20745117819 454 5.1981113874 0.00933979078974 0.008 0.001 0.000339790789743
5.21545117819 455 5.19855957798 0.0168916002145 0.008 0.001 0.00789160021449
5.22345117819 456 5.20230905128 0.0211421269148 0.008 0.001 0.0121421269148
5.23743906641 457 5.22843906641 0.009 0.008 0.001 0.0
5.26298881869 458 5.25398881869 0.009 0.008 0.001 0.0
5.27098881869 459 5.25883597948 0.0121528392131 0.008 0.001 0.00315283921312
5.27898881869 460 5.26004568383 0.0189431348633 0.008 0.001 0.0099431348633
5.28698881869 461 5.27414925695 0.0128395617411 0.008 0.001 0.00383956174107
5.29498881869 462 5.27532579388 0.0196630248148 0.008 0.001 0.0106630248148
5.30298881869 463 5.28746849833 0.0155203203656 0.008 0.001 0.00652032036557
5.31098881869 464 5.30140830327 0.00958051541795 0.008 0.001 0.000580515417948
5.31898881869 465 5.30513313483 0.0138556838649 0.008 0.001 0.00485568386488
5.33559172116 466 5.32659172116 0.009 0.008 0.001 0.0
5.3560419551 467 5.3470419551 0.009 0.008 0.001 0.0
5.37247605978 468 5.36347605978 0.009 0.008 0.001 0.0
5.38108371842 469 5.37208371842 0.009 0.008 0.001 0.0
5.39938944093 470 5.39038944093 0.009 0.008 0.001 0.0
5.42519182647 471 5.41619182647 0.009 0.008 0.001 0.0
5.44130651783 472 5.43230651783 0.009 0.008 0.001 0.0
5.45262408643 473 5.44362408643 0.009 0.008 0.001 0.0
5.48304770397 474 5.47404770397 0.009 0.008 0.001 0.0
5.49104770397 475 5.47759957428 0.0134481296868 0.008 0.001 0.00444812968685
5.50429615128 476 5.49529615128 0.009 0.008 0.001 0.0
5.51229615128 477 5.49899273078 0.0133034205084 0.008 0.001 0.00430342050837
5.52029615128 478 5.5051588632 0.0151372880888 0.008 0.001 0.0061372880888
5.52829615128 479 5.50628395374 0.0220121975417 0.008 0.001 0.0130121975417
5.53629615128 480 5.5093660846 0.0269300666872 0.008 0.001 0.0179300666872
5.54429615128 481 5.52086906661 0.0234270846725 0.008 0.001 0.0144270846725
5.55229615128 482 5.52615236179 0.0261437894974 0.008 0.001 0.0171437894974
5.56029615128 483 5.52880173702 0.0314944142664 0.008 0.001 0.0224944142664
5.56829615128 484 5.5435747039 0.0247214473845 0.008 0.001 0.0157214473845
5.57629615128 485 5.54643542686 0.0298607244249 0.008 0.001 0.0208607244249
5.58429615128 486 5.54644354668 0.0378526046014 0.008 0.001 0.0288526046014
5.59229615128 487 5.55559879644 0.0366973548412 0.008 0.001 0.0276973548412
5.60029615128 488 5.55903825854 0.0412578927442 0.008 0.001 0.0322578927442
5.60829615128 489 5.56644892335 0.0418472279349 0.008 0.001 0.0328472279349
5.61629615128 490 5.60271227479 0.0135838764933 0.008 0.001 0.00458387649326
5.62429615128 491 5.60962337077 0.0146727805182 0.008 0.001 0.00567278051821
5.64970848711 492 5.64070848711 0.009 0.008 0.001 0.0
5.65967451645 493 5.65067451645 0.009 0.008 0.001 0.0
5.67184468353 494 5.66284468353 0.009 0.008 0.001 0.0
5.68428556373 495 5.67528556373 0.009 0.008 0.001 0.0
5.70074856387 496 5.69174856387 0.009 0.008 0.001 0.0
5.70874856387 497 5.69203891943 0.0167096444397 0.008 0.001 0.00770964443973
5.71674856387 498 5.6964527984 0.0202957654685 0.008 0.001 0.0112957654685
5.7553995927 499 5.7463995927 0.009 0.008 0.001 0.0
5.77060798178 500 5.76160798178 0.009 0.008 0.001 0.0
5.800472997 501 5.791472997 0.009 0.008 0.001 0.0
5.808472997 502 5.79160603267 0.016866964328 0.008 0.001 0.00786696432803
5.816472997 503 5.79388767983 0.0225853171675 0.008 0.001 0.0135853171675
5.824472997 504 5.80411432028 0.020358676726 0.008 0.001 0.011358676726
5.84216416677 505 5.83316416677 0.009 0.008 0.001 0.0
5.86187980732 506 5.85287980732 0.009 0.008 0.001 0.0
5.86987980732 507 5.85685772472 0.0130220826009 0.008 0.001 0.00402208260091
5.87787980732 508 5.85954545 0.0183343573251 0.008 0.001 0.00933435732512
5.88587980732 509 5.86007954309 0.0258002642337 0.008 0.001 0.0168002642337
5.89387980732 510 5.86230782903 0.0315719782895 0.008 0.001 0.0225719782895
5.90187980732 511 5.86563997876 0.0362398285639 0.008 0.001 0.0272398285639
5.90987980732 512 5.87958916094 0.0302906463895 0.008 0.001 0.0212906463895
5.91787980732 513 5.88015288881 0.0377269185175 0.008 0.001 0.0287269185175
5.92587980732 514 5.88449003913 0.0413897681914 0.008 0.001 0.0323897681914
5.93387980732 515 5.8884385421 0.0454412652203 0.008 0.001 0.0364412652203
5.94187980732 516 5.90096692849 0.0409128788375 0.008 0.001 0.0319128788375
5.94987980732 517 5.90188482049 0.0479949868347 0.008 0.001 0.0389949868347
5.95787980732 518 5.92493518035 0.0329446269702 0.008 0.001 0.0239446269702
5.96587980732 519 5.93318940811 0.0326903992129 0.008 0.001 0.0236903992129
5.97387980732 520 5.93967941682 0.0342003905061 0.008 0.001 0.0252003905061
5.98187980732 521 5.95027044631 0.0316093610141 0.008 0.001 0.0226093610141
5.98987980732 522 5.95375334888 0.0361264584454 0.008 0.001 0.0271264584454
5.99787980732 523 5.9595938517 0.0382859556211 0.008 0.001 0.0292859556211
6.00587980732 524 5.97179805506 0.0340817522673 0.008 0.001 0.0250817522673
6.01387980732 525 5.97274612442 0.0411336829049 0.008 0.001 0.0321336829049
6.02187980732 526 5.98088674246 0.0409930648655 0.008 0.001 0.0319930648655
6.02987980732 527 5.99919197521 0.0306878321118 0.008 0.001 0.0216878321118
6.03787980732 528 5.99948291403 0.0383968932913 0.008 0.001 0.0293968932913
6.04587980732 529 6.01104763526 0.0348321720653 0.008 0.001 0.0258321720653
6.05387980732 530 6.0219054193 0.0319743880248 0.008 0.001 0.0229743880248
6.06187980732 531 6.03642808133 0.0254517259974 0.008 0.001 0.0164517259974
6.06987980732 532 6.06066469366 0.00921511366063 0.008 0.001 0.00021511366063
6.11050227787 533 6.10150227787 0.009 0.008 0.001 0.0
6.11850227787 534 6.10423853703 0.0142637408415 0.008 0.001 0.00526374084155
6.12650227787 535 6.10771454545 0.0187877324199 0.008 0.001 0.00978773241988
6.13450227787 536 6.1191751564 0.0153271214702 0.008 0.001 0.00632712147024
6.14250227787 537 6.12920492628 0.0132973515885 0.008 0.001 0.00429735158851
6.16068658276 538 6.15168658276 0.009 0.008 0.001 0.0
6.16868658276 539 6.15335216812 0.0153344146457 0.008 0.001 0.00633441464567
6.17875520215 540 6.16975520215 0.009 0.008 0.001 0.0
6.19254457058 541 6.18354457058 0.009 0.008 0.001 0.0
6.20054457058 542 6.18619778939 0.0143467811816 0.008 0.001 0.00534678118156
6.20854457058 543 6.1915430169 0.0170015536753 0.008 0.001 0.00800155367534
6.21654457058 544 6.19741799284 0.0191265777366 0.008 0.001 0.0101265777366
6.22454457058 545 6.19919278522 0.0253517853596 0.008 0.001 0.0163517853596
6.23254457058 546 6.21664432885 0.0159002417266 0.008 0.001 0.0069002417266
6.24054457058 547 6.22868273689 0.0118618336821 0.008 0.001 0.00286183368212
6.24854457058 548 6.23779544335 0.0107491272281 0.008 0.001 0.00174912722806
6.2586975798 549 6.2496975798 0.009 0.008 0.001 0.0
6.2666975798 550 6.25654945617 0.0101481236373 0.008 0.001 0.00114812363731
6.2746975798 551 6.26230984865 0.0123877311544 0.008 0.001 0.00338773115443
6.2826975798 552 6.26465373419 0.0180438456184 0.008 0.001 0.00904384561838
6.2906975798 553 6.27063442926 0.0200631505451 0.008 0.001 0.0110631505451
6.2986975798 554 6.27356953737 0.0251280424386 0.008 0.001 0.0161280424386
6.3066975798 555 6.27517700299 0.0315205768109 0.008 0.001 0.0225205768109
6.35493988625 556 6.34593988625 0.009 0.008 0.001 0.0
6.36293988625 557 6.35350905316 0.0094308330894 0.008 0.001 0.000430833089395
6.37093988625 558 6.36011334387 0.0108265423771 0.008 0.001 0.00182654237711
6.39133241686 559 6.38233241686 0.009 0.008 0.001 0.0
6.40560924737 560 6.39660924737 0.009 0.008 0.001 0.0
6.41360924737 561 6.40065432123 0.012954926133 0.008 0.001 0.003954926133
6.42160924737 562 6.40230750391 0.0193017434595 0.008 0.001 0.0103017434595
6.42960924737 563 6.40545107869 0.0241581686768 0.008 0.001 0.0151581686768
6.43760924737 564 6.41745660792 0.0201526394501 0.008 0.001 0.0111526394501
6.44560924737 565 6.42766094832 0.0179482990431 0.008 0.001 0.00894829904314
6.45696244119 566 6.44796244119 0.009 0.008 0.001 0.0
6.46496244119 567 6.45288386757 0.0120785736202 0.008 0.001 0.00307857362021
6.47296244119 568 6.45378740234 0.0191750388522 0.008 0.001 0.0101750388522
6.48096244119 569 6.4629622805 0.0180001606861 0.008 0.001 0.00900016068614
6.48896244119 570 6.46992746199 0.0190349791928 0.008 0.001 0.0100349791928
6.49696244119 571 6.47567048063 0.0212919605579 0.008 0.001 0.0122919605579
6.50496244119 572 6.48878628031 0.0161761608788 0.008 0.001 0.00717616087877
6.51296244119 573 6.50191263554 0.01104980565 0.008 0.001 0.00204980564998
6.52096244119 574 6.51066060462 0.01030183657 0.008 0.001 0.00130183657002
6.53072565718 575 6.52172565718 0.009 0.008 0.001 0.0
6.53872565718 576 6.52296108402 0.0157645731575 0.008 0.001 0.00676457315748
6.54672565718 577 6.53069600218 0.0160296549976 0.008 0.001 0.00702965499762
6.56714730515 578 6.55814730515 0.009 0.008 0.001 0.0
6.57514730515 579 6.56204475621 0.0131025489402 0.008 0.001 0.00410254894021
6.58314730515 580 6.57076300858 0.0123842965667 0.008 0.001 0.00338429656666
6.59168714187 581 6.58268714187 0.009 0.008 0.001 0.0
6.59968714187 582 6.58617130908 0.0135158327833 0.008 0.001 0.00451583278329
6.60768714187 583 6.58629674796 0.0213903939064 0.008 0.001 0.0123903939064
6.61568714187 584 6.59942132612 0.0162658157493 0.008 0.001 0.00726581574929
6.62549833283 585 6.61649833283 0.009 0.008 0.001 0.0
6.63349833283 586 6.61927846215 0.014219870674 0.008 0.001 0.00521987067405
6.64149833283 587 6.62811496714 0.013383365692 0.008 0.001 0.00438336569196
6.64949833283 588 6.6311240759 0.0183742569304 0.008 0.001 0.00937425693045
6.70230728148 589 6.69330728148 0.009 0.008 0.001 0.0
6.71030728148 590 6.6974973191 0.0128099623756 0.008 0.001 0.00380996237555
6.73591134805 591 6.72691134805 0.009 0.008 0.001 0.0
6.74391134805 592 6.7294092827 0.0145020653439 0.008 0.001 0.00550206534391
6.75191134805 593 6.7348126217 0.017098726349 0.008 0.001 0.00809872634902
6.75991134805 594 6.73655424367 0.0233571043813 0.008 0.001 0.0143571043813
6.76791134805 595 6.74353348245 0.0243778655981 0.008 0.001 0.0153778655981
6.77591134805 596 6.74802324809 0.0278880999546 0.008 0.001 0.0188880999546
6.78391134805 597 6.75259350449 0.0313178435577 0.008 0.001 0.0223178435577
6.79191134805 598 6.76047189374 0.0314394543108 0.008 0.001 0.0224394543108
6.79991134805 599 6.77216526335 0.0277460846946 0.008 0.001 0.0187460846946
6.80791134805 600 6.77251610353 0.0353952445198 0.008 0.001 0.0263952445198
6.81591134805 601 6.77323441198 0.0426769360694 0.008 0.001 0.0336769360694
6.82391134805 602 6.78754062221 0.0363707258376 0.008 0.001 0.0273707258376
6.83191134805 603 6.81550525154 0.0164060965071 0.008 0.001 0.00740609650708
6.83991134805 604 6.82295256569 0.0169587823614 0.008 0.001 0.00795878236142
6.84791134805 605 6.82848084051 0.0194305075368 0.008 0.001 0.0104305075368
6.85591134805 606 6.84510493073 0.0108064173189 0.008 0.001 0.00180641731891
6.87615356147 607 6.86715356147 0.009 0.008 0.001 0.0
6.9240256407 608 6.9150256407 0.009 0.008 0.001 0.0
6.9320256407 609 6.91920301999 0.0128226207139 0.008 0.001 0.00382262071392
6.94944065799 610 6.94044065799 0.009 0.008 0.001 0.0
6.9635400597 611 6.9545400597 0.009 0.008 0.001 0.0
6.99203062697 612 6.98303062697 0.009 0.008 0.001 0.0
7.00003062697 613 6.99064109911 0.00938952786646 0.008 0.001 0.000389527866457
7.0273577936 614 7.0183577936 0.009 0.008 0.001 0.0
7.06583647588 615 7.05683647588 0.009 0.008 0.001 0.0
7.07383647588 616 7.06472063549 0.00911584038215 0.008 0.001 0.000115840382152
7.08183647588 617 7.06586658881 0.015969887067 0.008 0.001 0.00696988706697
7.08983647588 618 7.06826731475 0.0215691611236 0.008 0.001 0.0125691611236
7.09783647588 619 7.06951083536 0.0283256405139 0.008 0.001 0.0193256405139
7.10583647588 620 7.07064306933 0.0351934065455 0.008 0.001 0.0261934065455
7.11383647588 621 7.07741885022 0.0364176256511 0.008 0.001 0.0274176256511
7.12183647588 622 7.08306422121 0.0387722546695 0.008 0.001 0.0297722546695
7.12983647588 623 7.10080136065 0.0290351152218 0.008 0.001 0.0200351152218
7.13783647588 624 7.10103322827 0.0368032476051 0.008 0.001 0.0278032476051
7.14583647588 625 7.10276087791 0.0430755979668 0.008 0.001 0.0340755979668
7.15383647588 626 7.11839912327 0.0354373526105 0.008 0.001 0.0264373526105
7.16183647588 627 7.12855906307 0.0332774128089 0.008 0.001 0.0242774128089
7.16983647588 628 7.13293972779 0.0368967480809 0.008 0.001 0.0278967480809
7.17783647588 629 7.13555875688 0.0422777189935 0.008 0.001 0.0332777189935
7.18583647588 630 7.14490691645 0.0409295594216 0.008 0.001 0.0319295594216
7.19383647588 631 7.1758298581 0.0180066177732 0.008 0.001 0.00900661777316
7.20183647588 632 7.18554815132 0.0162883245515 0.008 0.001 0.00728832455153
7.20983647588 633 7.19848382345 0.0113526524293 0.008 0.001 0.0023526524293
7.21783647588 634 7.20069376492 0.0171427109604 0.008 0.001 0.00814271096038
7.22583647588 635 7.20449876239 0.0213377134847 0.008 0.001 0.0123377134847
7.23383647588 636 7.20884559476 0.0249908811171 0.008 0.001 0.0159908811171
7.24183647588 637 7.22384466715 0.0179918087304 0.008 0.001 0.0089918087304
7.24983647588 638 7.22734107709 0.0224953987866 0.008 0.001 0.0134953987866
7.26916056373 639 7.26016056373 0.009 0.008 0.001 0.0
7.27716056373 640 7.26249086705 0.0146696966785 0.008 0.001 0.00566969667848
7.28516056373 641 7.27381885312 0.011341710608 0.008 0.001 0.00234171060797
7.29316056373 642 7.27889241302 0.0142681507135 0.008 0.001 0.00526815071352
7.30116056373 643 7.28945067669 0.0117098870434 0.008 0.001 0.00270988704341
7.31208596299 644 7.30308596299 0.009 0.008 0.001 0.0
7.32008596299 645 7.30419158332 0.0158943796762 0.008 0.001 0.00689437967623
7.32808596299 646 7.31740470887 0.0106812541171 0.008 0.001 0.00168125411712
7.33857661048 647 7.32957661048 0.009 0.008 0.001 0.0
7.34657661048 648 7.33197313624 0.0146034742401 0.008 0.001 0.00560347424015
7.35457661048 649 7.33755218096 0.0170244295157 0.008 0.001 0.00802442951568
7.39077079085 650 7.38177079085 0.009 0.008 0.001 0.0
7.42417883445 651 7.41517883445 0.009 0.008 0.001 0.0
7.44502509439 652 7.43602509439 0.009 0.008 0.001 0.0
7.46187185666 653 7.45287185666 0.009 0.008 0.001 0.0
7.46987185666 654 7.45622462522 0.0136472314392 0.008 0.001 0.00464723143918
7.482833518 655 7.473833518 0.009 0.008 0.001 0.0
7.490833518 656 7.48097493249 0.00985858550854 0.008 0.001 0.000858585508539
7.498833518 657 7.48285326687 0.015980251129 0.008 0.001 0.00698025112899
7.506833518 658 7.48447074087 0.022362777126 0.008 0.001 0.013362777126
7.514833518 659 7.49284094913 0.0219925688676 0.008 0.001 0.0129925688676
7.52821773687 660 7.51921773687 0.009 0.008 0.001 0.0
7.53902094087 661 7.53002094087 0.009 0.008 0.001 0.0
7.58807764748 662 7.57907764748 0.009 0.008 0.001 0.0
7.59607764748 663 7.5818752299 0.0142024175812 0.008 0.001 0.00520241758121
7.60407764748 664 7.58566375032 0.018413897164 0.008 0.001 0.00941389716396
7.61537080319 665 7.60637080319 0.009 0.008 0.001 0.0
7.64231071779 666 7.63331071779 0.009 0.008 0.001 0.0
7.65031071779 667 7.63886546564 0.0114452521458 0.008 0.001 0.00244525214584
7.65831071779 668 7.64180520753 0.0165055102531 0.008 0.001 0.00750551025311
7.66631071779 669 7.64950607654 0.0168046412499 0.008 0.001 0.00780464124993
7.67431071779 670 7.65947512141 0.0148355963722 0.008 0.001 0.00583559637215
7.68231071779 671 7.66096353566 0.0213471821251 0.008 0.001 0.0123471821251
7.69031071779 672 7.67020137744 0.0201093403428 0.008 0.001 0.0111093403428
7.69831071779 673 7.68567090158 0.0126398162096 0.008 0.001 0.00363981620963
7.70631071779 674 7.69602954252 0.0102811752649 0.008 0.001 0.00128117526486
7.71503942609 675 7.70603942609 0.009 0.008 0.001 0.0
7.72303942609 676 7.71400669376 0.0090327323313 0.008 0.001 3.2732331297e-05
7.76011796251 677 7.75111796251 0.009 0.008 0.001 0.0
7.7740506959 678 7.7650506959 0.009 0.008 0.001 0.0
7.7820506959 679 7.76875020812 0.0133004877835 0.008 0.001 0.00430048778351
7.7900506959 680 7.77725190802 0.012798787875 0.008 0.001 0.00379878787499
7.82903357149 681 7.82003357149 0.009 0.008 0.001 0.0
7.83703357149 682 7.82413668557 0.0128968859287 0.008 0.001 0.00389688592867
7.84503357149 683 7.82649114954 0.0185424219571 0.008 0.001 0.00954242195715
7.85303357149 684 7.8270960752 0.0259374962997 0.008 0.001 0.0169374962997
7.86103357149 685 7.84351628639 0.0175172851051 0.008 0.001 0.00851728510509
7.86903357149 686 7.84795172304 0.0210818484537 0.008 0.001 0.0120818484537
7.87703357149 687 7.8598739259 0.0171596455934 0.008 0.001 0.00815964559337
7.88503357149 688 7.86074192415 0.024291647345 0.008 0.001 0.015291647345
7.91022576883 689 7.90122576883 0.009 0.008 0.001 0.0
7.91822576883 690 7.9080630468 0.010162722026 0.008 0.001 0.00116272202605
7.9547569321 691 7.9457569321 0.009 0.008 0.001 0.0
7.9627569321 692 7.94990463321 0.0128522988931 0.008 0.001 0.00385229889307
8.00423083146 693 7.99523083146 0.009 0.008 0.001 0.0
8.01223083146 694 8.00070689317 0.0115239382857 0.008 0.001 0.00252393828567
8.02023083146 695 8.00401943781 0.0162113936448 0.008 0.001 0.0072113936448
8.07534026382 696 8.06634026382 0.009 0.008 0.001 0.0
8.08334026382 697 8.06738934629 0.0159509175312 0.008 0.001 0.00695091753118
8.13508007666 698 8.12608007666 0.009 0.008 0.001 0.0
8.15274052923 699 8.14374052923 0.009 0.008 0.001 0.0
8.17503696838 700 8.16603696838 0.009 0.008 0.001 0.0
8.18824731332 701 8.17924731332 0.009 0.008 0.001 0.0
8.19624731332 702 8.18599551986 0.0102517934625 0.008 0.001 0.00125179346248
8.20424731332 703 8.18862390432 0.0156234090018 0.008 0.001 0.00662340900181
8.21224731332 704 8.19439273192 0.0178545814069 0.008 0.001 0.00885458140693
8.22899106595 705 8.21999106595 0.009 0.008 0.001 0.0
8.31824747975 706 8.30924747975 0.009 0.008 0.001 0.0
8.32624747975 707 8.31666474737 0.00958273238307 0.008 0.001 0.000582732383066
8.3473646811 708 8.3383646811 0.009 0.008 0.001 0.0
8.3553646811 709 8.33872464154 0.0166400395587 0.008 0.001 0.00764003955874
8.3633646811 710 8.34686322544 0.0165014556669 0.008 0.001 0.00750145566689
8.38003147147 711 8.37103147147 0.009 0.008 0.001 0.0
8.40118104687 712 8.39218104687 0.009 0.008 0.001 0.0
8.40918104687 713 8.39771125049 0.0114697963786 0.008 0.001 0.00246979637862
8.41957918648 714 8.41057918648 0.009 0.008 0.001 0.0
8.42757918648 715 8.41144193717 0.0161372493075 0.008 0.001 0.00713724930752
8.43557918648 716 8.41330223133 0.0222769551474 0.008 0.001 0.0132769551474
8.44357918648 717 8.41963622458 0.0239429618983 0.008 0.001 0.0149429618983
8.45157918648 718 8.42463877862 0.02694040786 0.008 0.001 0.01794040786
8.45957918648 719 8.43698473492 0.0225944515554 0.008 0.001 0.0135944515554
8.46757918648 720 8.45606100553 0.011518180944 0.008 0.001 0.00251818094397
8.47557918648 721 8.46056725124 0.0150119352403 0.008 0.001 0.00601193524027
8.4934150056 722 8.4844150056 0.009 0.008 0.001 0.0
8.5086018087 723 8.4996018087 0.009 0.008 0.001 0.0
8.55082908464 724 8.54182908464 0.009 0.008 0.001 0.0
8.55882908464 725 8.54265055686 0.0161785277794 0.008 0.001 0.00717852777944
8.56682908464 726 8.55718430693 0.00964477771573 0.008 0.001 0.000644777715729
8.57482908464 727 8.55773466839 0.0170944162524 0.008 0.001 0.00809441625237
8.58282908464 728 8.56881416727 0.0140149173777 0.008 0.001 0.0050149173777
8.6086924984 729 8.5996924984 0.009 0.008 0.001 0.0
8.6166924984 730 8.60172976638 0.0149627320217 0.008 0.001 0.00596273202173
8.6246924984 731 8.60572250651 0.0189699918968 0.008 0.001 0.00996999189676
8.6326924984 732 8.61106082232 0.0216316760808 0.008 0.001 0.0126316760808
8.6406924984 733 8.61472914896 0.0259633494429 0.008 0.001 0.0169633494429
8.6486924984 734 8.61988681443 0.02880568397 0.008 0.001 0.01980568397
8.6566924984 735 8.63410703952 0.0225854588852 0.008 0.001 0.0135854588852
8.6646924984 736 8.63594905833 0.0287434400694 0.008 0.001 0.0197434400694
8.6726924984 737 8.64282909712 0.0298634012844 0.008 0.001 0.0208634012844
8.6806924984 738 8.64675846705 0.0339340313524 0.008 0.001 0.0249340313524
8.6886924984 739 8.64868068141 0.0400118169942 0.008 0.001 0.0310118169942
8.6966924984 740 8.66837661899 0.0283158794171 0.008 0.001 0.0193158794171
8.7046924984 741 8.69162727398 0.0130652244289 0.008 0.001 0.00406522442893
8.7126924984 742 8.70313582437 0.00955667403334 0.008 0.001 0.000556674033339
8.7206924984 743 8.70477612011 0.0159163782985 0.008 0.001 0.00691637829849
8.7286924984 744 8.70500047396 0.0236920244479 0.008 0.001 0.0146920244479
8.7366924984 745 8.70502119595 0.0316713024535 0.008 0.001 0.0226713024535
8.7600568962 746 8.7510568962 0.009 0.008 0.001 0.0
8.76906925165 747 8.76006925165 0.009 0.008 0.001 0.0
8.77706925165 748 8.76802179349 0.00904745815675 0.008 0.001 4.74581567538e-05
8.79019096933 749 8.78119096933 0.009 0.008 0.001 0.0
8.79819096933 750 8.78358605879 0.0146049105309 0.008 0.001 0.00560491053091
8.80619096933 751 8.78394827519 0.0222426941353 0.008 0.001 0.0132426941353
8.82234605768 752 8.81334605768 0.009 0.008 0.001 0.0
8.83034605768 753 8.81907607737 0.0112699803111 0.008 0.001 0.00226998031108
8.84825267926 754 8.83925267926 0.009 0.008 0.001 0.0
8.85625267926 755 8.84101454048 0.0152381387816 0.008 0.001 0.00623813878157
8.87404160795 756 8.86504160795 0.009 0.008 0.001 0.0
8.88204160795 757 8.86850167538 0.0135399325748 0.008 0.001 0.00453993257483
8.9114462464 758 8.9024462464 0.009 0.008 0.001 0.0
8.92554938955 759 8.91654938955 0.009 0.008 0.001 0.0
8.93354938955 760 8.9227314456 0.0108179439524 0.008 0.001 0.0018179439524
8.94154938955 761 8.92580962564 0.015739763911 0.008 0.001 0.00673976391105
8.95902239594 762 8.95002239594 0.009 0.008 0.001 0.0
8.96702239594 763 8.95316607843 0.013856317506 0.008 0.001 0.004856317506
8.97502239594 764 8.95461925367 0.0204031422652 0.008 0.001 0.0114031422652
9.00375710311 765 8.99475710311 0.009 0.008 0.001 0.0
9.01175710311 766 8.99792472995 0.0138323731608 0.008 0.001 0.00483237316081
9.05572976141 767 9.04672976141 0.009 0.008 0.001 0.0
9.06372976141 768 9.04731986035 0.0164099010675 0.008 0.001 0.00740990106745
9.07172976141 769 9.05124885018 0.0204809112331 0.008 0.001 0.0114809112331
9.07972976141 770 9.05498355164 0.0247462097686 0.008 0.001 0.0157462097686
9.0884365015 771 9.0794365015 0.009 0.008 0.001 0.0
9.0964365015 772 9.08323482455 0.0132016769445 0.008 0.001 0.00420167694452
9.1044365015 773 9.08525824259 0.019178258912 0.008 0.001 0.010178258912
9.1124365015 774 9.10201494937 0.0104215521291 0.008 0.001 0.00142155212914
9.12339765527 775 9.11439765527 0.009 0.008 0.001 0.0
9.15097109672 776 9.14197109672 0.009 0.008 0.001 0.0
9.16185846455 777 9.15285846455 0.009 0.008 0.001 0.0
9.16985846455 778 9.15996427954 0.00989418501138 0.008 0.001 0.000894185011383
9.17785846455 779 9.16359710652 0.0142613580335 0.008 0.001 0.00526135803351
9.18585846455 780 9.17258063542 0.0132778291383 0.008 0.001 0.00427782913826
9.19385846455 781 9.17258304619 0.0212754183639 0.008 0.001 0.0122754183639
9.20185846455 782 9.18036968478 0.0214887797702 0.008 0.001 0.0124887797702
9.20985846455 783 9.19434581656 0.0155126479971 0.008 0.001 0.00651264799711
9.21785846455 784 9.20808988367 0.0097685808821 0.008 0.001 0.000768580882095
9.22934267839 785 9.22034267839 0.009 0.008 0.001 0.0
9.237683676 786 9.228683676 0.009 0.008 0.001 0.0
9.245683676 787 9.23029526604 0.0153884099535 0.008 0.001 0.00638840995354
9.27701326201 788 9.26801326201 0.009 0.008 0.001 0.0
9.28501326201 789 9.27555036463 0.00946289737981 0.008 0.001 0.000462897379807
9.29301326201 790 9.28266889995 0.0103443620676 0.008 0.001 0.00134436206759
9.33315280913 791 9.32415280913 0.009 0.008 0.001 0.0
9.34115280913 792 9.3291995297 0.0119532794327 0.008 0.001 0.00295327943267
9.35354024301 793 9.34454024301 0.009 0.008 0.001 0.0
9.36689834615 794 9.35789834615 0.009 0.008 0.001 0.0
9.39210990911 795 9.38310990911 0.009 0.008 0.001 0.0
9.40010990911 796 9.38409733309 0.0160125760161 0.008 0.001 0.00701257601605
9.40810990911 797 9.38635814869 0.021751760418 0.008 0.001 0.012751760418
9.41610990911 798 9.39597954759 0.02013036152 0.008 0.001 0.01113036152
9.42410990911 799 9.40881533604 0.0152945730728 0.008 0.001 0.00629457307279
9.43210990911 800 9.41274339568 0.0193665134301 0.008 0.001 0.0103665134301
9.44010990911 801 9.41685766656 0.0232522425495 0.008 0.001 0.0142522425495
9.45596651546 802 9.44696651546 0.009 0.008 0.001 0.0
9.46396651546 803 9.45368399014 0.0102825253197 0.008 0.001 0.00128252531973
9.47196651546 804 9.45948461357 0.012481901891 0.008 0.001 0.00348190189098
9.50019819505 805 9.49119819505 0.009 0.008 0.001 0.0
9.54085266488 806 9.53185266488 0.009 0.008 0.001 0.0
9.54980584968 807 9.54080584968 0.009 0.008 0.001 0.0
9.55780584968 808 9.54665101164 0.0111548380358 0.008 0.001 0.0021548380358
9.56580584968 809 9.5475100677 0.0182957819825 0.008 0.001 0.00929578198253
9.57380584968 810 9.54797888309 0.0258269665873 0.008 0.001 0.0168269665873
9.58180584968 811 9.55139056872 0.0304152809607 0.008 0.001 0.0214152809607
9.58980584968 812 9.56532126032 0.0244845893637 0.008 0.001 0.0154845893637
9.60062762421 813 9.59162762421 0.009 0.008 0.001 0.0
9.61203776473 814 9.60303776473 0.009 0.008 0.001 0.0
9.62420189299 815 9.61520189299 0.009 0.008 0.001 0.0
9.63264466613 816 9.62364466613 0.009 0.008 0.001 0.0
9.64393337009 817 9.63493337009 0.009 0.008 0.001 0.0
9.65193337009 818 9.63666573373 0.0152676363529 0.008 0.001 0.00626763635287
9.65993337009 819 9.6374713019 0.0224620681871 0.008 0.001 0.0134620681871
9.66793337009 820 9.64967702195 0.0182563481332 0.008 0.001 0.00925634813317
9.67593337009 821 9.65127188102 0.0246614890685 0.008 0.001 0.0156614890685
9.70074191172 822 9.69174191172 0.009 0.008 0.001 0.0
9.72095309867 823 9.71195309867 0.009 0.008 0.001 0.0
9.72895309867 824 9.7126985268 0.0162545718658 0.008 0.001 0.00725457186585
9.73695309867 825 9.71650780954 0.0204452891301 0.008 0.001 0.0114452891301
9.74495309867 826 9.72029394325 0.0246591554159 0.008 0.001 0.0156591554159
9.75295309867 827 9.72390131444 0.029051784229 0.008 0.001 0.020051784229
9.76095309867 828 9.72922182962 0.0317312690507 0.008 0.001 0.0227312690507
9.76895309867 829 9.75101320023 0.0179398984358 0.008 0.001 0.00893989843582
9.77695309867 830 9.75966935186 0.017283746803 0.008 0.001 0.00828374680303
9.78758516966 831 9.77858516966 0.009 0.008 0.001 0.0
9.82785893946 832 9.81885893946 0.009 0.008 0.001 0.0
9.84549237686 833 9.83649237686 0.009 0.008 0.001 0.0
9.85349237686 834 9.84224922482 0.0112431520398 0.008 0.001 0.00224315203982
9.86149237686 835 9.84609827897 0.0153940978946 0.008 0.001 0.00639409789464
9.86949237686 836 9.8579586656 0.0115337112603 0.008 0.001 0.0025337112603
9.88374800468 837 9.87474800468 0.009 0.008 0.001 0.0
9.90105464945 838 9.89205464945 0.009 0.008 0.001 0.0
9.92204726737 839 9.91304726737 0.009 0.008 0.001 0.0
9.94123339511 840 9.93223339511 0.009 0.008 0.001 0.0
9.95365626906 841 9.94465626906 0.009 0.008 0.001 0.0
10.001249371 842 9.99224937095 0.009 0.008 0.001 0.0
10.009249371 843 9.99297437677 0.0162749941886 0.008 0.001 0.0072749941886
