0.009 2 0 0.009 0.008 0.001 0
0.017 3 0.00627436603222 0.0107256339678 0.008 0.001 0.00172563396778
0.025 4 0.00944492887706 0.0155550711229 0.008 0.001 0.00655507112294
0.033 5 0.00962278826031 0.0233772117397 0.008 0.001 0.0143772117397
0.041 6 0.0160430972744 0.0249569027256 0.008 0.001 0.0159569027256
0.049 7 0.0348774729949 0.0141225270051 0.008 0.001 0.00512252700513
0.057 8 0.04651687559 0.01048312441 0.008 0.001 0.00148312440997
0.065 9 0.0472638729181 0.0177361270819 0.008 0.001 0.00873612708194
0.073 10 0.0520197425959 0.0209802574041 0.008 0.001 0.0119802574041
0.081 11 0.0541735957353 0.0268264042647 0.008 0.001 0.0178264042647
0.089 12 0.0694626986705 0.0195373013295 0.008 0.001 0.0105373013295
0.097 13 0.0696339650685 0.0273660349315 0.008 0.001 0.0183660349315
0.105 14 0.0791587124231 0.0258412875769 0.008 0.001 0.0168412875769
0.113 15 0.0878185549568 0.0251814450432 0.008 0.001 0.0161814450432
0.121 16 0.093655182004 0.027344817996 0.008 0.001 0.018344817996
0.129 17 0.097795607255 0.031204392745 0.008 0.001 0.022204392745
0.137 18 0.101560498857 0.0354395011434 0.008 0.001 0.0264395011434
0.145 19 0.132625227242 0.0123747727584 0.008 0.001 0.00337477275844
0.153 20 0.136609575854 0.0163904241457 0.008 0.001 0.00739042414565
0.161 21 0.144387401274 0.0166125987255 0.008 0.001 0.00761259872554
0.183003237491 22 0.174003237491 0.009 0.008 0.001 0.0
0.218856251965 23 0.209856251965 0.009 0.008 0.001 0.0
0.228634994749 24 0.219634994749 0.009 0.008 0.001 0.0
0.236634994749 25 0.221331859873 0.0153031348765 0.008 0.001 0.00630313487648
0.259051256308 26 0.250051256308 0.009 0.008 0.001 0.0
0.267051256308 27 0.250349534298 0.0167017220094 0.008 0.001 0.00770172200939
0.275051256308 28 0.255232648583 0.0198186077242 0.008 0.001 0.0108186077242
0.283051256308 29 0.258453279823 0.0245979764851 0.008 0.001 0.0155979764851
0.291051256308 30 0.263779564 0.0272716923074 0.008 0.001 0.0182716923074
0.299051256308 31 0.267158495961 0.031892760347 0.008 0.001 0.022892760347
0.307051256308 32 0.272267618921 0.0347836373865 0.008 0.001 0.0257836373865
0.315051256308 33 0.287455396079 0.0275958602284 0.008 0.001 0.0185958602284
0.323051256308 34 0.291345034387 0.0317062219204 0.008 0.001 0.0227062219204
0.331051256308 35 0.292080104975 0.0389711513324 0.008 0.001 0.0299711513324
0.339051256308 36 0.293133726705 0.0459175296031 0.008 0.001 0.0369175296031
0.347051256308 37 0.303090319737 0.0439609365706 0.008 0.001 0.0349609365706
0.355051256308 38 0.308546271242 0.0465049850653 0.008 0.001 0.0375049850653
0.363051256308 39 0.310746134516 0.0523051217917 0.008 0.001 0.0433051217917
0.371051256308 40 0.314864589243 0.0561866670644 0.008 0.001 0.0471866670644
0.379051256308 41 0.31859732022 0.0604539360876 0.008 0.001 0.0514539360876
0.387051256308 42 0.334636708462 0.0524145478459 0.008 0.001 0.0434145478459
0.395051256308 43 0.378307224926 0.0167440313817 0.008 0.001 0.00774403138169
0.409736067157 44 0.400736067157 0.009 0.008 0.001 0.0
0.417736067157 45 0.404412884692 0.0133231824651 0.008 0.001 0.00432318246509
0.425736067157 46 0.404929032009 0.0208070351488 0.008 0.001 0.0118070351488
0.433736067157 47 0.415661083142 0.0180749840158 0.008 0.001 0.00907498401583
0.441736067157 48 0.418460136245 0.023275930912 0.008 0.001 0.014275930912
0.449736067157 49 0.422337907191 0.027398159966 0.008 0.001 0.018398159966
0.457736067157 50 0.422968236492 0.0347678306657 0.008 0.001 0.0257678306657
0.465736067157 51 0.423572547651 0.042163519506 0.008 0.001 0.033163519506
0.473736067157 52 0.423957269499 0.0497787976589 0.008 0.001 0.0407787976589
0.481736067157 53 0.433991203516 0.0477448636411 0.008 0.001 0.0387448636411
0.489736067157 54 0.437006988015 0.0527290791421 0.008 0.001 0.0437290791421
0.497736067157 55 0.450693344752 0.047042722405 0.008 0.001 0.038042722405
0.505736067157 56 0.451092590166 0.0546434769915 0.008 0.001 0.0456434769915
0.513736067157 57 0.454918671141 0.0588173960166 0.008 0.001 0.0498173960166
0.521736067157 58 0.455887537302 0.0658485298559 0.008 0.001 0.0568485298559
0.529736067157 59 0.463069185088 0.0666668820696 0.008 0.001 0.0576668820696
0.537736067157 60 0.477413016643 0.0603230505142 0.008 0.001 0.0513230505142
0.545736067157 61 0.48289447688 0.0628415902774 0.008 0.001 0.0538415902774
0.553736067157 62 0.488602796429 0.0651332707283 0.008 0.001 0.0561332707283
0.561736067157 63 0.507817564418 0.0539185027396 0.008 0.001 0.0449185027396
0.569736067157 64 0.508615820156 0.0611202470012 0.008 0.001 0.0521202470012
0.577736067157 65 0.511355838347 0.0663802288108 0.008 0.001 0.0573802288108
0.585736067157 66 0.513279121598 0.0724569455599 0.008 0.001 0.0634569455599
0.593736067157 67 0.515207616818 0.0785284503392 0.008 0.001 0.0695284503392
0.601736067157 68 0.518703932703 0.0830321344548 0.008 0.001 0.0740321344548
0.609736067157 69 0.543957671036 0.0657783961211 0.008 0.001 0.0567783961211
0.617736067157 70 0.572285446514 0.0454506206432 0.008 0.001 0.0364506206432
0.625736067157 71 0.59416141824 0.0315746489174 0.008 0.001 0.0225746489174
0.633736067157 72 0.599327818792 0.0344082483651 0.008 0.001 0.0254082483651
0.641736067157 73 0.610785524749 0.0309505424089 0.008 0.001 0.0219505424089
0.649736067157 74 0.617349947466 0.032386119691 0.008 0.001 0.023386119691
0.657736067157 75 0.622455400466 0.0352806666913 0.008 0.001 0.0262806666913
0.665736067157 76 0.626306297258 0.0394297698994 0.008 0.001 0.0304297698994
0.673736067157 77 0.631162445539 0.0425736216188 0.008 0.001 0.0335736216188
0.681736067157 78 0.636682797074 0.0450532700838 0.008 0.001 0.0360532700838
0.689736067157 79 0.642208565984 0.0475275011732 0.008 0.001 0.0385275011732
0.697736067157 80 0.669552725603 0.0281833415547 0.008 0.001 0.0191833415547
0.705736067157 81 0.66956562474 0.0361704424173 0.008 0.001 0.0271704424173
0.713736067157 82 0.669875237042 0.0438608301158 0.008 0.001 0.0348608301158
0.721736067157 83 0.673048986692 0.0486870804653 0.008 0.001 0.0396870804653
0.729736067157 84 0.678520042742 0.0512160244152 0.008 0.001 0.0422160244152
0.737736067157 85 0.704474033827 0.0332620333302 0.008 0.001 0.0242620333302
0.745736067157 86 0.719000195547 0.0267358716109 0.008 0.001 0.0177358716109
0.762148653043 87 0.753148653043 0.009 0.008 0.001 0.0
0.777658642766 88 0.768658642766 0.009 0.008 0.001 0.0
0.787669303746 89 0.778669303746 0.009 0.008 0.001 0.0
0.795669303746 90 0.781461164419 0.0142081393271 0.008 0.001 0.00520813932709
0.803669303746 91 0.784027732025 0.0196415717213 0.008 0.001 0.0106415717213
0.811669303746 92 0.79749797045 0.0141713332961 0.008 0.001 0.00517133329606
0.819669303746 93 0.801007611496 0.0186616922501 0.008 0.001 0.00966169225013
0.827669303746 94 0.813517052471 0.0141522512754 0.008 0.001 0.00515225127537
0.835669303746 95 0.819755166949 0.0159141367968 0.008 0.001 0.00691413679678
0.843669303746 96 0.822107254083 0.0215620496633 0.008 0.001 0.0125620496633
0.851669303746 97 0.823175440309 0.0284938634368 0.008 0.001 0.0194938634368
0.859669303746 98 0.830247916898 0.0294213868478 0.008 0.001 0.0204213868478
0.867669303746 99 0.830662615249 0.0370066884973 0.008 0.001 0.0280066884973
0.875669303746 100 0.831245036499 0.044424267247 0.008 0.001 0.035424267247
0.883669303746 101 0.863134944609 0.0205343591368 0.008 0.001 0.0115343591368
0.891669303746 102 0.868285168449 0.0233841352973 0.008 0.001 0.0143841352973
0.899669303746 103 0.869473582759 0.0301957209869 0.008 0.001 0.0211957209869
0.907669303746 104 0.873293859212 0.0343754445338 0.008 0.001 0.0253754445338
0.915669303746 105 0.873477124565 0.0421921791815 0.008 0.001 0.0331921791815
0.923669303746 106 0.889013039612 0.0346562641344 0.008 0.001 0.0256562641344
0.931669303746 107 0.897728629351 0.0339406743947 0.008 0.001 0.0249406743947
0.939669303746 108 0.900480603298 0.0391887004482 0.008 0.001 0.0301887004482
0.947669303746 109 0.905429002433 0.0422403013132 0.008 0.001 0.0332403013132
0.955669303746 110 0.906457614741 0.0492116890052 0.008 0.001 0.0402116890052
0.963669303746 111 0.922875035267 0.0407942684792 0.008 0.001 0.0317942684792
0.971669303746 112 0.961521880486 0.0101474232603 0.008 0.001 0.00114742326027
0.986210700319 113 0.977210700319 0.009 0.008 0.001 0.0
0.994210700319 114 0.9799807176 0.014229982719 0.008 0.001 0.00522998271902
1.00221070032 115 0.989945740982 0.0122649593367 0.008 0.001 0.00326495933667
1.01021070032 116 0.995410322226 0.0148003780925 0.008 0.001 0.00580037809248
1.01821070032 117 0.995960592957 0.022250107362 0.008 0.001 0.013250107362
1.02621070032 118 1.00204777416 0.0241629261545 0.008 0.001 0.0151629261545
1.03421070032 119 1.01082070434 0.0233899959807 0.008 0.001 0.0143899959807
1.04221070032 120 1.01475686429 0.0274538360266 0.008 0.001 0.0184538360266
1.05021070032 121 1.02050097554 0.0297097247837 0.008 0.001 0.0207097247837
1.05821070032 122 1.0233538586 0.0348568417194 0.008 0.001 0.0258568417194
1.06621070032 123 1.03855513688 0.0276555634346 0.008 0.001 0.0186555634346
1.07421070032 124 1.0447149217 0.0294957786195 0.008 0.001 0.0204957786195
1.08221070032 125 1.06418633116 0.0180243691546 0.008 0.001 0.0090243691546
1.09021070032 126 1.06712002997 0.0230906703502 0.008 0.001 0.0140906703502
1.09821070032 127 1.07690190857 0.0213087917521 0.008 0.001 0.0123087917521
1.10621070032 128 1.08195350603 0.0242571942851 0.008 0.001 0.0152571942851
1.12458702925 129 1.11558702925 0.009 0.008 0.001 0.0
1.13258702925 130 1.1207443756 0.0118426536457 0.008 0.001 0.00284265364567
1.14058702925 131 1.1241403827 0.0164466465549 0.008 0.001 0.00744664655485
1.16884931993 132 1.15984931993 0.009 0.008 0.001 0.0
1.18371870675 133 1.17471870675 0.009 0.008 0.001 0.0
1.19171870675 134 1.17715996807 0.0145587386755 0.008 0.001 0.00555873867547
1.19971870675 135 1.18156911267 0.0181495940779 0.008 0.001 0.00914959407788
1.20771870675 136 1.18254166325 0.0251770435022 0.008 0.001 0.0161770435022
1.21571870675 137 1.18291951906 0.0327991876934 0.008 0.001 0.0237991876934
1.22371870675 138 1.18484658538 0.0388721213717 0.008 0.001 0.0298721213717
1.23171870675 139 1.18793891316 0.0437797935911 0.008 0.001 0.0347797935911
1.23971870675 140 1.1935938881 0.0461248186455 0.008 0.001 0.0371248186455
1.24771870675 141 1.19490484563 0.0528138611213 0.008 0.001 0.0438138611213
1.25571870675 142 1.19687431338 0.0588443933707 0.008 0.001 0.0498443933707
1.26371870675 143 1.21723148577 0.0464872209829 0.008 0.001 0.0374872209829
1.27171870675 144 1.21889923353 0.0528194732212 0.008 0.001 0.0438194732212
1.27971870675 145 1.22331931887 0.0563993878845 0.008 0.001 0.0473993878845
1.28771870675 146 1.22783011541 0.059888591336 0.008 0.001 0.050888591336
1.29571870675 147 1.23861989062 0.057098816127 0.008 0.001 0.048098816127
1.30371870675 148 1.24138075748 0.0623379492724 0.008 0.001 0.0533379492724
1.31171870675 149 1.25003266182 0.06168604493 0.008 0.001 0.05268604493
1.31971870675 150 1.2572128581 0.0625058486496 0.008 0.001 0.0535058486496
1.32771870675 151 1.27877132542 0.0489473813345 0.008 0.001 0.0399473813345
1.33571870675 152 1.29501200705 0.0407066996991 0.008 0.001 0.0317066996991
1.34371870675 153 1.31190194654 0.0318167602132 0.008 0.001 0.0228167602132
1.35171870675 154 1.33289648699 0.0188222197603 0.008 0.001 0.00982221976035
1.35971870675 155 1.34371675453 0.0160019522238 0.008 0.001 0.00700195222381
1.36771870675 156 1.34686356489 0.0208551418636 0.008 0.001 0.0118551418636
1.37571870675 157 1.35145816366 0.0242605430883 0.008 0.001 0.0152605430883
1.38371870675 158 1.36216715552 0.0215515512318 0.008 0.001 0.0125515512318
1.39171870675 159 1.363830009 0.0278886977508 0.008 0.001 0.0188886977508
1.39971870675 160 1.37745279802 0.0222659087283 0.008 0.001 0.0132659087283
1.40771870675 161 1.38607031099 0.0216483957631 0.008 0.001 0.0126483957631
1.43623261983 162 1.42723261983 0.009 0.008 0.001 0.0
1.44423261983 163 1.43034583028 0.0138867895527 0.008 0.001 0.00488678955271
1.46742254693 164 1.45842254693 0.009 0.008 0.001 0.0
1.47542254693 165 1.4658574826 0.00956506432141 0.008 0.001 0.000565064321409
1.48342254693 166 1.46708440988 0.0163381370433 0.008 0.001 0.00733813704329
1.49142254693 167 1.47044315448 0.0209793924416 0.008 0.001 0.0119793924416
1.49942254693 168 1.47452066843 0.0249018784956 0.008 0.001 0.0159018784956
1.50742254693 169 1.47745208197 0.0299704649565 0.008 0.001 0.0209704649565
1.51542254693 170 1.4841265614 0.0312959855254 0.008 0.001 0.0222959855254
1.52342254693 171 1.48517677193 0.0382457749963 0.008 0.001 0.0292457749963
1.53142254693 172 1.48680937455 0.0446131723779 0.008 0.001 0.0356131723779
1.53942254693 173 1.48781865428 0.0516038926443 0.008 0.001 0.0426038926443
1.54742254693 174 1.49666220567 0.050760341253 0.008 0.001 0.041760341253
1.55542254693 175 1.50899718115 0.0464253657735 0.008 0.001 0.0374253657735
1.56342254693 176 1.54745630544 0.0159662414854 0.008 0.001 0.00696624148544
1.57142254693 177 1.54926297539 0.0221595715316 0.008 0.001 0.0131595715316
1.57942254693 178 1.56227593039 0.017146616536 0.008 0.001 0.008146616536
1.58809508809 179 1.57909508809 0.009 0.008 0.001 0.0
1.59609508809 180 1.5839011865 0.0121939015921 0.008 0.001 0.0031939015921
1.60409508809 181 1.58600225826 0.0180928298346 0.008 0.001 0.00909282983456
1.61893477808 182 1.60993477808 0.009 0.008 0.001 0.0
1.65463772431 183 1.64563772431 0.009 0.008 0.001 0.0
1.66406294988 184 1.65506294988 0.009 0.008 0.001 0.0
1.67206294988 185 1.65903544154 0.0130275083401 0.008 0.001 0.00402750834005
1.68006294988 186 1.66945110359 0.0106118462872 0.008 0.001 0.0016118462872
1.7012673931 187 1.6922673931 0.009 0.008 0.001 0.0
1.7092673931 188 1.69960708099 0.00966031210906 0.008 0.001 0.000660312109058
1.7172673931 189 1.70230862084 0.0149587722618 0.008 0.001 0.00595877226176
1.7252673931 190 1.71309808553 0.0121693075712 0.008 0.001 0.00316930757119
1.7332673931 191 1.72184191033 0.0114254827698 0.008 0.001 0.00242548276983
1.7412673931 192 1.72675300244 0.0145143906621 0.008 0.001 0.0055143906621
1.7492673931 193 1.73127061031 0.0179967827892 0.008 0.001 0.00899678278917
1.7572673931 194 1.73140211968 0.0258652734193 0.008 0.001 0.0168652734193
1.7652673931 195 1.74416053967 0.02110685343 0.008 0.001 0.01210685343
1.7732673931 196 1.74655784359 0.0267095495087 0.008 0.001 0.0177095495087
1.7812673931 197 1.75269397547 0.0285734176338 0.008 0.001 0.0195734176338
1.7892673931 198 1.7616750913 0.0275923017962 0.008 0.001 0.0185923017962
1.7972673931 199 1.76416524778 0.0331021453201 0.008 0.001 0.0241021453201
1.8052673931 200 1.76859546266 0.0366719304406 0.008 0.001 0.0276719304406
1.8132673931 201 1.78109796251 0.0321694305914 0.008 0.001 0.0231694305914
1.8212673931 202 1.78579708667 0.0354703064332 0.008 0.001 0.0264703064332
1.8292673931 203 1.79237084469 0.0368965484084 0.008 0.001 0.0278965484084
1.8372673931 204 1.79372187437 0.0435455187284 0.008 0.001 0.0345455187284
1.8452673931 205 1.79911598794 0.0461514051584 0.008 0.001 0.0371514051584
1.8532673931 206 1.80465551136 0.048611881737 0.008 0.001 0.039611881737
1.8612673931 207 1.80589832173 0.0553690713717 0.008 0.001 0.0463690713717
1.8692673931 208 1.8103496884 0.058917704702 0.008 0.001 0.049917704702
1.8772673931 209 1.82075330727 0.0565140858315 0.008 0.001 0.0475140858315
1.8852673931 210 1.8255469372 0.0597204558953 0.008 0.001 0.0507204558953
1.8932673931 211 1.82872906261 0.0645383304886 0.008 0.001 0.0555383304886
1.9012673931 212 1.830457508 0.070809885099 0.008 0.001 0.061809885099
1.9092673931 213 1.83382585492 0.0754415381758 0.008 0.001 0.0664415381758
1.9172673931 214 1.84139377222 0.0758736208841 0.008 0.001 0.0668736208841
1.9252673931 215 1.84880239842 0.0764649946819 0.008 0.001 0.0674649946819
1.9332673931 216 1.8562013986 0.0770659945049 0.008 0.001 0.0680659945049
1.9412673931 217 1.88559095873 0.0556764343704 0.008 0.001 0.0466764343704
1.9492673931 218 1.88603387204 0.0632335210585 0.008 0.001 0.0542335210585
1.9572673931 219 1.90349285565 0.0537745374536 0.008 0.001 0.0447745374536
1.9652673931 220 1.90674793586 0.0585194572393 0.008 0.001 0.0495194572393
1.9732673931 221 1.91739876265 0.0558686304542 0.008 0.001 0.0468686304542
1.9812673931 222 1.92434226993 0.0569251231665 0.008 0.001 0.0479251231665
1.9892673931 223 1.92943502552 0.0598323675796 0.008 0.001 0.0508323675796
1.9972673931 224 1.95073072118 0.0465366719184 0.008 0.001 0.0375366719184
2.0052673931 225 1.95477234713 0.050495045968 0.008 0.001 0.041495045968
2.0132673931 226 1.95794823281 0.0553191602922 0.008 0.001 0.0463191602922
2.0212673931 227 1.98519016761 0.0360772254862 0.008 0.001 0.0270772254862
2.0292673931 228 1.98605766268 0.043209730423 0.008 0.001 0.034209730423
2.0372673931 229 1.98902451613 0.0482428769692 0.008 0.001 0.0392428769692
2.0452673931 230 2.00979560425 0.0354717888547 0.008 0.001 0.0264717888547
2.0532673931 231 2.03593380106 0.0173335920391 0.008 0.001 0.00833359203907
2.0612673931 232 2.03639135989 0.024876033207 0.008 0.001 0.015876033207
2.0692673931 233 2.0408425709 0.0284248221975 0.008 0.001 0.0194248221975
2.0772673931 234 2.04332064973 0.0339467433657 0.008 0.001 0.0249467433657
2.0852673931 235 2.05179047659 0.0334769165115 0.008 0.001 0.0244769165115
2.0932673931 236 2.05764302145 0.0356243716465 0.008 0.001 0.0266243716465
2.1012673931 237 2.06073058877 0.040536804327 0.008 0.001 0.031536804327
2.1092673931 238 2.07707940847 0.0321879846287 0.008 0.001 0.0231879846287
2.1172673931 239 2.09395538226 0.0233120108402 0.008 0.001 0.0143120108402
2.1252673931 240 2.10150895202 0.0237584410763 0.008 0.001 0.0147584410763
2.1332673931 241 2.12142406842 0.0118433246774 0.008 0.001 0.00284332467739
2.1412673931 242 2.12182762515 0.0194397679503 0.008 0.001 0.0104397679503
2.1492673931 243 2.12450688609 0.0247605070068 0.008 0.001 0.0157605070068
2.1572673931 244 2.14405851684 0.0132088762589 0.008 0.001 0.00420887625892
2.1652673931 245 2.15315332137 0.0121140717349 0.008 0.001 0.00311407173492
2.1732673931 246 2.15748876424 0.0157786288588 0.008 0.001 0.00677862885875
2.1812673931 247 2.16079512359 0.0204722695108 0.008 0.001 0.0114722695108
2.1892673931 248 2.1630843313 0.0261830617983 0.008 0.001 0.0171830617983
2.1972673931 249 2.16524315941 0.0320242336925 0.008 0.001 0.0230242336925
2.2052673931 250 2.17820060976 0.0270667833355 0.008 0.001 0.0180667833355
2.2132673931 251 2.18835313408 0.0249142590156 0.008 0.001 0.0159142590156
2.2212673931 252 2.19238907245 0.0288783206542 0.008 0.001 0.0198783206542
2.2292673931 253 2.19658333686 0.0326840562408 0.008 0.001 0.0236840562408
2.2372673931 254 2.20066582601 0.0366015670936 0.008 0.001 0.0276015670936
2.2452673931 255 2.20890597685 0.0363614162459 0.008 0.001 0.0273614162459
2.2532673931 256 2.22149609338 0.0317712997171 0.008 0.001 0.0227712997171
2.2612673931 257 2.22587687276 0.0353905203397 0.008 0.001 0.0263905203397
2.2692673931 258 2.22591546015 0.0433519329472 0.008 0.001 0.0343519329472
2.2772673931 259 2.23950895283 0.0377584402698 0.008 0.001 0.0287584402698
2.2852673931 260 2.27253265081 0.0127347422914 0.008 0.001 0.00373474229141
2.29772189466 261 2.28872189466 0.009 0.008 0.001 0.0
2.30572189466 262 2.29012078828 0.0156011063769 0.008 0.001 0.00660110637695
2.31502472103 263 2.30602472103 0.009 0.008 0.001 0.0
2.32302472103 264 2.31297318749 0.0100515335376 0.008 0.001 0.00105153353757
2.33102472103 265 2.3153738394 0.0156508816222 0.008 0.001 0.00665088162222
2.33902472103 266 2.31822448999 0.0208002310358 0.008 0.001 0.0118002310358
2.34702472103 267 2.32625673068 0.0207679903479 0.008 0.001 0.0117679903479
2.35502472103 268 2.32812838294 0.0268963380895 0.008 0.001 0.0178963380895
2.36302472103 269 2.3338898415 0.0291348795294 0.008 0.001 0.0201348795294
2.37102472103 270 2.33458272328 0.0364419977444 0.008 0.001 0.0274419977444
2.37902472103 271 2.3406878841 0.0383368369222 0.008 0.001 0.0293368369222
2.38702472103 272 2.34483306976 0.0421916512617 0.008 0.001 0.0331916512617
2.39502472103 273 2.35280475464 0.0422199663855 0.008 0.001 0.0332199663855
2.40302472103 274 2.36064843467 0.0423762863523 0.008 0.001 0.0333762863523
2.41102472103 275 2.36353806774 0.0474866532887 0.008 0.001 0.0384866532887
2.41902472103 276 2.38373226491 0.0352924561184 0.008 0.001 0.0262924561184
2.42702472103 277 2.39728264598 0.0297420750504 0.008 0.001 0.0207420750504
2.43502472103 278 2.39974147631 0.0352832447174 0.008 0.001 0.0262832447174
2.44302472103 279 2.40752904275 0.0354956782744 0.008 0.001 0.0264956782744
2.45102472103 280 2.41910573766 0.0319189833658 0.008 0.001 0.0229189833658
2.45902472103 281 2.43448098436 0.0245437366628 0.008 0.001 0.0155437366628
2.46702472103 282 2.43507796356 0.031946757463 0.008 0.001 0.022946757463
2.47502472103 283 2.4399991444 0.0350255766241 0.008 0.001 0.0260255766241
2.48302472103 284 2.44029934734 0.0427253736913 0.008 0.001 0.0337253736913
2.49102472103 285 2.44391928275 0.0471054382728 0.008 0.001 0.0381054382728
2.49902472103 286 2.45010944106 0.0489152799693 0.008 0.001 0.0399152799693
2.50702472103 287 2.45135042291 0.0556742981181 0.008 0.001 0.0466742981181
2.51502472103 288 2.45586071239 0.0591640086383 0.008 0.001 0.0501640086383
2.52302472103 289 2.46722451771 0.0558002033128 0.008 0.001 0.0468002033128
2.53102472103 290 2.47088025381 0.0601444672123 0.008 0.001 0.0511444672123
2.53902472103 291 2.4838420796 0.0551826414251 0.008 0.001 0.0461826414251
2.54702472103 292 2.49704680494 0.0499779160866 0.008 0.001 0.0409779160866
2.55502472103 293 2.5103709553 0.0446537657258 0.008 0.001 0.0356537657258
2.56302472103 294 2.54584559095 0.0171791300813 0.008 0.001 0.00817913008129
2.57102472103 295 2.54892677624 0.0220979447827 0.008 0.001 0.0130979447827
2.59523179675 296 2.58623179675 0.009 0.008 0.001 0.0
2.60723250639 297 2.59823250639 0.009 0.008 0.001 0.0
2.61523250639 298 2.6004416415 0.0147908648894 0.008 0.001 0.0057908648894
2.62323250639 299 2.61070867908 0.0125238273095 0.008 0.001 0.00352382730947
2.63404195455 300 2.62504195455 0.009 0.008 0.001 0.0
2.64204195455 301 2.63150374672 0.0105382078277 0.008 0.001 0.00153820782774
2.65004195455 302 2.63427752117 0.0157644333785 0.008 0.001 0.00676443337846
2.65804195455 303 2.6391365863 0.0189053682511 0.008 0.001 0.00990536825109
2.66604195455 304 2.64350475162 0.0225372029307 0.008 0.001 0.0135372029307
2.67404195455 305 2.65399875224 0.0200432023079 0.008 0.001 0.0110432023079
2.68204195455 306 2.66257505082 0.019466903729 0.008 0.001 0.010466903729
2.69004195455 307 2.67236935809 0.0176725964618 0.008 0.001 0.00867259646181
2.69804195455 308 2.67882413956 0.0192178149936 0.008 0.001 0.0102178149936
2.70604195455 309 2.68414447914 0.0218974754114 0.008 0.001 0.0128974754114
2.71404195455 310 2.7000537863 0.0139881682542 0.008 0.001 0.00498816825416
2.72204195455 311 2.70753042667 0.0145115278839 0.008 0.001 0.00551152788388
2.73004195455 312 2.70869842177 0.0213435327784 0.008 0.001 0.0123435327784
2.73804195455 313 2.7116093145 0.0264326400539 0.008 0.001 0.0174326400539
2.74604195455 314 2.73515949082 0.0108824637308 0.008 0.001 0.0018824637308
2.75404195455 315 2.73960935353 0.0144326010246 0.008 0.001 0.00543260102459
2.76204195455 316 2.74274284065 0.0192991139021 0.008 0.001 0.0102991139021
2.77004195455 317 2.74625405037 0.0237879041779 0.008 0.001 0.0147879041779
2.77804195455 318 2.75306008888 0.0249818656693 0.008 0.001 0.0159818656693
2.78604195455 319 2.7543222871 0.031719667455 0.008 0.001 0.022719667455
2.79404195455 320 2.76873695573 0.0253049988204 0.008 0.001 0.0163049988204
2.80204195455 321 2.78005830979 0.0219836447607 0.008 0.001 0.0129836447607
2.81004195455 322 2.78022472295 0.0298172316037 0.008 0.001 0.0208172316037
2.81804195455 323 2.79347914405 0.0245628105058 0.008 0.001 0.0155628105058
2.82604195455 324 2.81266728042 0.01337467413 0.008 0.001 0.00437467413003
2.83404195455 325 2.81351008419 0.0205318703633 0.008 0.001 0.0115318703633
2.84204195455 326 2.82204036697 0.0200015875835 0.008 0.001 0.0110015875835
2.85004195455 327 2.83584353632 0.0141984182317 0.008 0.001 0.00519841823172
2.85804195455 328 2.84047841925 0.0175635352991 0.008 0.001 0.00856353529914
2.89227022139 329 2.88327022139 0.009 0.008 0.001 0.0
2.90027022139 330 2.88375718286 0.0165130385247 0.008 0.001 0.00751303852474
2.90827022139 331 2.89266535892 0.0156048624736 0.008 0.001 0.00660486247358
2.91627022139 332 2.90192877444 0.0143414469489 0.008 0.001 0.00534144694886
2.92427022139 333 2.90227359166 0.0219966297279 0.008 0.001 0.0129966297279
2.93227022139 334 2.90803348074 0.0242367406513 0.008 0.001 0.0152367406513
2.94027022139 335 2.91386919129 0.0264010300974 0.008 0.001 0.0174010300974
2.94827022139 336 2.92703072081 0.021239500576 0.008 0.001 0.012239500576
2.95627022139 337 2.92724243649 0.0290277849011 0.008 0.001 0.0200277849011
2.96427022139 338 2.92853796752 0.0357322538692 0.008 0.001 0.0267322538692
2.97227022139 339 2.93087755919 0.0413926622016 0.008 0.001 0.0323926622016
2.98027022139 340 2.94456228478 0.0357079366064 0.008 0.001 0.0267079366064
2.98827022139 341 2.95972230253 0.028547918855 0.008 0.001 0.019547918855
2.99627022139 342 2.9671141633 0.0291560580921 0.008 0.001 0.0201560580921
3.00427022139 343 2.98056578411 0.0237044372767 0.008 0.001 0.0147044372767
3.02280240541 344 3.01380240541 0.009 0.008 0.001 0.0
3.0309929579 345 3.0219929579 0.009 0.008 0.001 0.0
3.0389929579 346 3.02641010626 0.012582851639 0.008 0.001 0.00358285163902
3.0469929579 347 3.02643974845 0.0205532094511 0.008 0.001 0.0115532094511
3.0549929579 348 3.0278648705 0.0271280874059 0.008 0.001 0.0181280874059
3.0629929579 349 3.04597178513 0.0170211727757 0.008 0.001 0.00802117277571
3.0709929579 350 3.05225823085 0.0187347270505 0.008 0.001 0.00973472705049
3.0789929579 351 3.05850258171 0.0204903761897 0.008 0.001 0.0114903761897
3.0869929579 352 3.0653852249 0.0216077330019 0.008 0.001 0.0126077330019
3.0949929579 353 3.06539846306 0.0295944948394 0.008 0.001 0.0205944948394
3.1029929579 354 3.06837394072 0.0346190171817 0.008 0.001 0.0256190171817
3.1109929579 355 3.07738766902 0.0336052888854 0.008 0.001 0.0246052888854
3.1189929579 356 3.10679594266 0.012197015242 0.008 0.001 0.00319701524205
3.1269929579 357 3.11423837899 0.0127545789155 0.008 0.001 0.00375457891547
3.14686858304 358 3.13786858304 0.009 0.008 0.001 0.0
3.15486858304 359 3.14075805825 0.0141105247937 0.008 0.001 0.00511052479365
3.16286858304 360 3.14165826908 0.0212103139582 0.008 0.001 0.0122103139582
3.17086858304 361 3.14582104027 0.0250475427679 0.008 0.001 0.0160475427679
3.17886858304 362 3.15309128821 0.0257772948347 0.008 0.001 0.0167772948347
3.18686858304 363 3.16177501558 0.0250935674603 0.008 0.001 0.0160935674603
3.19486858304 364 3.17184158123 0.0230270018084 0.008 0.001 0.0140270018084
3.21641184995 365 3.20741184995 0.009 0.008 0.001 0.0
3.22531250464 366 3.21631250464 0.009 0.008 0.001 0.0
3.25593471932 367 3.24693471932 0.009 0.008 0.001 0.0
3.26393471932 368 3.25207087704 0.0118638422859 0.008 0.001 0.00286384228589
3.27193471932 369 3.25229200064 0.0196427186814 0.008 0.001 0.0106427186814
3.27993471932 370 3.26210150367 0.0178332156533 0.008 0.001 0.00883321565327
3.28793471932 371 3.27839315602 0.00954156330298 0.008 0.001 0.000541563302984
3.29593471932 372 3.27943000241 0.0165047169106 0.008 0.001 0.00750471691059
3.30393471932 373 3.28644769839 0.0174870209277 0.008 0.001 0.00848702092773
3.31193471932 374 3.29914671899 0.0127880003347 0.008 0.001 0.00378800033467
3.31993471932 375 3.30115212226 0.0187825970575 0.008 0.001 0.00978259705753
3.32793471932 376 3.30131314834 0.0266215709845 0.008 0.001 0.0176215709845
3.33593471932 377 3.31106966993 0.0248650493955 0.008 0.001 0.0158650493955
3.34393471932 378 3.31299554304 0.0309391762771 0.008 0.001 0.0219391762771
3.35193471932 379 3.31531658941 0.0366181299104 0.008 0.001 0.0276181299104
3.35993471932 380 3.3236631408 0.0362715785165 0.008 0.001 0.0272715785165
3.36793471932 381 3.32736256981 0.040572149514 0.008 0.001 0.031572149514
3.37593471932 382 3.33354300879 0.0423917105304 0.008 0.001 0.0333917105304
3.38393471932 383 3.34602084189 0.0379138774323 0.008 0.001 0.0289138774323
3.39193471932 384 3.36086090857 0.0310738107518 0.008 0.001 0.0220738107518
3.39993471932 385 3.37317044034 0.0267642789837 0.008 0.001 0.0177642789837
3.40793471932 386 3.378729369 0.0292053503184 0.008 0.001 0.0202053503184
3.41593471932 387 3.37893629691 0.0369984224127 0.008 0.001 0.0279984224127
3.42393471932 388 3.38332583672 0.0406088825985 0.008 0.001 0.0316088825985
3.43193471932 389 3.39272583742 0.0392088818997 0.008 0.001 0.0302088818997
3.43993471932 390 3.39344773889 0.0464869804329 0.008 0.001 0.0374869804329
3.44793471932 391 3.39540429239 0.0525304269352 0.008 0.001 0.0435304269352
3.45593471932 392 3.39899441077 0.056940308555 0.008 0.001 0.047940308555
3.46393471932 393 3.39957432053 0.0643603987875 0.008 0.001 0.0553603987875
3.47193471932 394 3.41288077067 0.0590539486522 0.008 0.001 0.0500539486522
3.47993471932 395 3.42444074679 0.0554939725346 0.008 0.001 0.0464939725346
3.48793471932 396 3.42497722206 0.0629574972639 0.008 0.001 0.0539574972639
3.49593471932 397 3.44448796328 0.0514467560373 0.008 0.001 0.0424467560373
3.50393471932 398 3.45751649022 0.0464182291042 0.008 0.001 0.0374182291042
3.51193471932 399 3.49527660037 0.0166581189541 0.008 0.001 0.00765811895413
3.51993471932 400 3.49771428642 0.0222204329018 0.008 0.001 0.0132204329018
3.52793471932 401 3.50352622147 0.0244084978475 0.008 0.001 0.0154084978475
3.53593471932 402 3.50908615296 0.0268485663588 0.008 0.001 0.0178485663588
3.54393471932 403 3.51736782924 0.0265668900842 0.008 0.001 0.0175668900842
3.55193471932 404 3.52126424434 0.030670474977 0.008 0.001 0.021670474977
3.55993471932 405 3.53231292508 0.0276217942403 0.008 0.001 0.0186217942403
3.56793471932 406 3.53276933865 0.0351653806695 0.008 0.001 0.0261653806695
3.57593471932 407 3.53605758552 0.0398771337962 0.008 0.001 0.0308771337962
3.58393471932 408 3.53678038938 0.0471543299448 0.008 0.001 0.0381543299448
3.59193471932 409 3.56617178594 0.025762933381 0.008 0.001 0.016762933381
3.59993471932 410 3.58264532392 0.0172893954056 0.008 0.001 0.00828939540559
3.60793471932 411 3.59124002052 0.0166946988038 0.008 0.001 0.00769469880382
3.61593471932 412 3.60445501728 0.0114797020423 0.008 0.001 0.0024797020423
3.625074613 413 3.616074613 0.009 0.008 0.001 0.0
3.63465714983 414 3.62565714983 0.009 0.008 0.001 0.0
3.64679305756 415 3.63779305756 0.009 0.008 0.001 0.0
3.65479305756 416 3.63996323167 0.0148298258944 0.008 0.001 0.00582982589438
3.66279305756 417 3.65115198976 0.0116410677957 0.008 0.001 0.0026410677957
3.67079305756 418 3.65605762625 0.0147354313072 0.008 0.001 0.00573543130716
3.67879305756 419 3.66285571397 0.0159373435891 0.008 0.001 0.00693734358907
3.68679305756 420 3.67312254925 0.0136705083066 0.008 0.001 0.00467050830656
3.69479305756 421 3.67621244353 0.0185806140288 0.008 0.001 0.00958061402876
3.70279305756 422 3.67839305569 0.0244000018704 0.008 0.001 0.0154000018704
3.71079305756 423 3.6795494361 0.0312436214552 0.008 0.001 0.0222436214552
3.71879305756 424 3.68196845395 0.036824603612 0.008 0.001 0.027824603612
3.72679305756 425 3.68913748887 0.0376555686912 0.008 0.001 0.0286555686912
3.73479305756 426 3.69258435402 0.0422087035389 0.008 0.001 0.0332087035389
3.74279305756 427 3.69566174217 0.0471313153926 0.008 0.001 0.0381313153926
3.75079305756 428 3.72054125531 0.0302518022541 0.008 0.001 0.0212518022541
3.75879305756 429 3.72559011245 0.033202945114 0.008 0.001 0.024202945114
3.76679305756 430 3.74017909009 0.0266139674718 0.008 0.001 0.0176139674718
3.77479305756 431 3.74799282085 0.0268002367128 0.008 0.001 0.0178002367128
3.78279305756 432 3.76108137105 0.0217116865062 0.008 0.001 0.0127116865062
3.79463423159 433 3.78563423159 0.009 0.008 0.001 0.0
3.80709084791 434 3.79809084791 0.009 0.008 0.001 0.0
3.8334530723 435 3.8244530723 0.009 0.008 0.001 0.0
3.8414530723 436 3.82524860974 0.0162044625661 0.008 0.001 0.00720446256615
3.8494530723 437 3.83033775168 0.0191153206212 0.008 0.001 0.0101153206212
3.8574530723 438 3.84718249513 0.0102705771775 0.008 0.001 0.00127057717753
3.8654530723 439 3.85058834355 0.014864728751 0.008 0.001 0.00586472875104
3.87548554429 440 3.86648554429 0.009 0.008 0.001 0.0
3.88364263617 441 3.87464263617 0.009 0.008 0.001 0.0
3.89164263617 442 3.8812716177 0.0103710184771 0.008 0.001 0.00137101847706
3.89964263617 443 3.88155619911 0.0180864370593 0.008 0.001 0.00908643705931
3.90764263617 444 3.88253041062 0.0251122255563 0.008 0.001 0.0161122255563
3.91564263617 445 3.8859169756 0.0297256605758 0.008 0.001 0.0207256605758
3.92364263617 446 3.90192708202 0.0217155541553 0.008 0.001 0.0127155541553
3.93164263617 447 3.90406575573 0.0275768804454 0.008 0.001 0.0185768804454
3.93964263617 448 3.91496817359 0.0246744625871 0.008 0.001 0.0156744625871
3.94764263617 449 3.91703806261 0.0306045735597 0.008 0.001 0.0216045735597
3.95564263617 450 3.93525838537 0.0203842508033 0.008 0.001 0.0113842508033
3.96364263617 451 3.93911815972 0.0245244764536 0.008 0.001 0.0155244764536
3.97164263617 452 3.94771041528 0.0239322208946 0.008 0.001 0.0149322208946
3.97964263617 453 3.95074022842 0.0289024077542 0.008 0.001 0.0199024077542
3.98764263617 454 3.95289696954 0.0347456666353 0.008 0.001 0.0257456666353
3.99564263617 455 3.95913168926 0.0365109469121 0.008 0.001 0.0275109469121
4.00364263617 456 3.9642493949 0.0393932412711 0.008 0.001 0.0303932412711
4.01164263617 457 3.96771027746 0.0439323587107 0.008 0.001 0.0349323587107
4.01964263617 458 3.98375201541 0.0358906207677 0.008 0.001 0.0268906207677
4.02764263617 459 3.98993683318 0.0377058029961 0.008 0.001 0.0287058029961
4.03564263617 460 3.99246320993 0.0431794262483 0.008 0.001 0.0341794262483
4.04364263617 461 4.00290024577 0.0407423904066 0.008 0.001 0.0317423904066
4.05164263617 462 4.01009396612 0.0415486700554 0.008 0.001 0.0325486700554
4.05964263617 463 4.01822080517 0.0414218310077 0.008 0.001 0.0324218310077
4.06764263617 464 4.01999687355 0.0476457626193 0.008 0.001 0.0386457626193
4.07564263617 465 4.0204794068 0.0551632293689 0.008 0.001 0.0461632293689
4.08364263617 466 4.0510460263 0.0325966098768 0.008 0.001 0.0235966098768
4.09164263617 467 4.05515753774 0.0364850984347 0.008 0.001 0.0274850984347
4.09964263617 468 4.05780103335 0.0418416028226 0.008 0.001 0.0328416028226
4.10764263617 469 4.06103204521 0.0466105909626 0.008 0.001 0.0376105909626
4.11564263617 470 4.08014333304 0.0354993031313 0.008 0.001 0.0264993031313
4.12364263617 471 4.08501040604 0.0386322301317 0.008 0.001 0.0296322301317
4.13164263617 472 4.0884858455 0.0431567906735 0.008 0.001 0.0341567906735
4.13964263617 473 4.0942454071 0.0453972290706 0.008 0.001 0.0363972290706
4.14764263617 474 4.09451014469 0.0531324914834 0.008 0.001 0.0441324914834
4.15564263617 475 4.10217908858 0.0534635475905 0.008 0.001 0.0444635475905
4.16364263617 476 4.11321457976 0.0504280564141 0.008 0.001 0.0414280564141
4.17164263617 477 4.12542494911 0.0462176870607 0.008 0.001 0.0372176870607
4.17964263617 478 4.13027697372 0.0493656624517 0.008 0.001 0.0403656624517
4.18764263617 479 4.13153542492 0.0561072112577 0.008 0.001 0.0471072112577
4.19564263617 480 4.13221648258 0.0634261535951 0.008 0.001 0.0544261535951
4.20364263617 481 4.14381605428 0.0598265818912 0.008 0.001 0.0508265818912
4.21164263617 482 4.15857837896 0.0530642572088 0.008 0.001 0.0440642572088
4.21964263617 483 4.15905660089 0.0605860352817 0.008 0.001 0.0515860352817
4.22764263617 484 4.16052127019 0.0671213659848 0.008 0.001 0.0581213659848
4.23564263617 485 4.16514926725 0.0704933689191 0.008 0.001 0.0614933689191
4.24364263617 486 4.17382262867 0.0698200075009 0.008 0.001 0.0608200075009
4.25164263617 487 4.18214930865 0.0694933275258 0.008 0.001 0.0604933275258
4.25964263617 488 4.19612871974 0.0635139164336 0.008 0.001 0.0545139164336
4.26764263617 489 4.20706305998 0.0605795761912 0.008 0.001 0.0515795761912
4.27564263617 490 4.22465072053 0.0509919156463 0.008 0.001 0.0419919156463
4.28364263617 491 4.24154582684 0.0420968093305 0.008 0.001 0.0330968093305
4.29164263617 492 4.25096341999 0.0406792161834 0.008 0.001 0.0316792161834
4.29964263617 493 4.25823802706 0.0414046091124 0.008 0.001 0.0324046091124
4.30764263617 494 4.26053556242 0.0471070737504 0.008 0.001 0.0381070737504
4.31564263617 495 4.27655911341 0.0390835227658 0.008 0.001 0.0300835227658
4.32364263617 496 4.27994578345 0.0436968527253 0.008 0.001 0.0346968527253
4.33164263617 497 4.28478328751 0.0468593486664 0.008 0.001 0.0378593486664
4.33964263617 498 4.28731092625 0.0523317099254 0.008 0.001 0.0433317099254
4.34764263617 499 4.2995735815 0.048069054676 0.008 0.001 0.039069054676
4.35564263617 500 4.31083221851 0.0448104176626 0.008 0.001 0.0358104176626
4.36364263617 501 4.32868418207 0.0349584541085 0.008 0.001 0.0259584541085
4.37164263617 502 4.33049491833 0.041147717847 0.008 0.001 0.032147717847
4.37964263617 503 4.34268268783 0.0369599483472 0.008 0.001 0.0279599483472
4.38764263617 504 4.34571098947 0.0419316467072 0.008 0.001 0.0329316467072
4.39564263617 505 4.35206829981 0.043574336366 0.008 0.001 0.034574336366
4.40364263617 506 4.35425399907 0.0493886371067 0.008 0.001 0.0403886371067
4.41164263617 507 4.37288291318 0.0387597229962 0.008 0.001 0.0297597229962
4.41964263617 508 4.37911122588 0.0405314102957 0.008 0.001 0.0315314102957
4.42764263617 509 4.38758033744 0.0400622987386 0.008 0.001 0.0310622987386
4.43564263617 510 4.38931436702 0.0463282691544 0.008 0.001 0.0373282691544
4.44364263617 511 4.39225876203 0.0513838741485 0.008 0.001 0.0423838741485
4.45164263617 512 4.39359906211 0.0580435740677 0.008 0.001 0.0490435740677
4.45964263617 513 4.4314318886 0.0282107475728 0.008 0.001 0.0192107475728
4.46764263617 514 4.44322463565 0.0244180005197 0.008 0.001 0.0154180005197
4.47564263617 515 4.46117660756 0.014466028617 0.008 0.001 0.005466028617
4.48364263617 516 4.46434594281 0.019296693366 0.008 0.001 0.010296693366
4.49164263617 517 4.46655220782 0.0250904283576 0.008 0.001 0.0160904283576
4.49964263617 518 4.47103514417 0.0286074920055 0.008 0.001 0.0196074920055
4.50764263617 519 4.47267210961 0.0349705265592 0.008 0.001 0.0259705265592
4.51564263617 520 4.4769686376 0.0386739985728 0.008 0.001 0.0296739985728
4.52364263617 521 4.48122748738 0.0424151487944 0.008 0.001 0.0334151487944
4.53164263617 522 4.48364112954 0.0480015066326 0.008 0.001 0.0390015066326
4.53964263617 523 4.49014079466 0.0495018415109 0.008 0.001 0.0405018415109
4.54764263617 524 4.4917590527 0.0558835834706 0.008 0.001 0.0468835834706
4.55564263617 525 4.51482875642 0.0408138797586 0.008 0.001 0.0318138797586
4.56364263617 526 4.51605358138 0.0475890547904 0.008 0.001 0.0385890547904
4.57164263617 527 4.51943507876 0.052207557417 0.008 0.001 0.043207557417
4.57964263617 528 4.5206255746 0.0590170615689 0.008 0.001 0.0500170615689
4.58764263617 529 4.53126279522 0.056379840952 0.008 0.001 0.047379840952
4.59564263617 530 4.54473868797 0.0509039482055 0.008 0.001 0.0419039482055
4.60364263617 531 4.5452626883 0.0583799478742 0.008 0.001 0.0493799478742
4.61164263617 532 4.55395807547 0.0576845607015 0.008 0.001 0.0486845607015
4.61964263617 533 4.55467858756 0.0649640486126 0.008 0.001 0.0559640486126
4.62764263617 534 4.57359680805 0.0540458281243 0.008 0.001 0.0450458281243
4.63564263617 535 4.58636096372 0.0492816724521 0.008 0.001 0.0402816724521
4.64364263617 536 4.59936333568 0.044279300497 0.008 0.001 0.035279300497
4.65164263617 537 4.60240517007 0.0492374661084 0.008 0.001 0.0402374661084
4.65964263617 538 4.62920274132 0.0304398948537 0.008 0.001 0.0214398948537
4.66764263617 539 4.62935540211 0.0382872340673 0.008 0.001 0.0292872340673
4.67564263617 540 4.65699126605 0.018651370122 0.008 0.001 0.00965137012197
4.68364263617 541 4.65844356183 0.0251990743405 0.008 0.001 0.0161990743405
4.69164263617 542 4.65903447186 0.0326081643128 0.008 0.001 0.0236081643128
4.69964263617 543 4.67063027218 0.0290123639953 0.008 0.001 0.0200123639953
4.70764263617 544 4.67122355955 0.0364190766279 0.008 0.001 0.0274190766279
4.71564263617 545 4.67409561468 0.0415470214961 0.008 0.001 0.0325470214961
4.72364263617 546 4.67721329833 0.0464293378439 0.008 0.001 0.0374293378439
4.73164263617 547 4.68330867119 0.0483339649795 0.008 0.001 0.0393339649795
4.73964263617 548 4.68932134512 0.0503212910518 0.008 0.001 0.0413212910518
4.74764263617 549 4.71012493993 0.0375176962472 0.008 0.001 0.0285176962472
4.75564263617 550 4.74326434285 0.0123782933247 0.008 0.001 0.00337829332466
4.76376706865 551 4.75476706865 0.009 0.008 0.001 0.0
4.77296037031 552 4.76396037031 0.009 0.008 0.001 0.0
4.78522368691 553 4.77622368691 0.009 0.008 0.001 0.0
4.81343090667 554 4.80443090667 0.009 0.008 0.001 0.0
4.8499548248 555 4.8409548248 0.009 0.008 0.001 0.0
4.86397626961 556 4.85497626961 0.009 0.008 0.001 0.0
4.87581063206 557 4.86681063206 0.009 0.008 0.001 0.0
4.88381063206 558 4.86944042797 0.0143702040907 0.008 0.001 0.00537020409069
4.89268156321 559 4.88368156321 0.009 0.008 0.001 0.0
4.90068156321 560 4.89058980903 0.010091754172 0.008 0.001 0.001091754172
4.92125179821 561 4.91225179821 0.009 0.008 0.001 0.0
4.92925179821 562 4.91852183678 0.0107299614295 0.008 0.001 0.00172996142949
4.93725179821 563 4.92206860721 0.0151831909998 0.008 0.001 0.00618319099976
4.94525179821 564 4.92979831445 0.0154534837615 0.008 0.001 0.00645348376148
4.95325179821 565 4.93929832295 0.0139534752575 0.008 0.001 0.00495347525753
4.96125179821 566 4.94969091681 0.0115608813974 0.008 0.001 0.00256088139741
4.96925179821 567 4.95462908314 0.01462271507 0.008 0.001 0.00562271507005
4.97725179821 568 4.95963400212 0.0176177960964 0.008 0.001 0.00861779609636
4.98525179821 569 4.96285297894 0.022398819273 0.008 0.001 0.013398819273
4.99325179821 570 4.96602458616 0.0272272120564 0.008 0.001 0.0182272120564
5.00125179821 571 4.96907495401 0.0321768442005 0.008 0.001 0.0231768442005
5.00925179821 572 4.97654803403 0.0327037641779 0.008 0.001 0.0237037641779
5.01725179821 573 4.99536658167 0.0218852165417 0.008 0.001 0.0128852165417
5.02525179821 574 4.99776359368 0.0274882045302 0.008 0.001 0.0184882045302
5.03325179821 575 5.00037008089 0.0328817173188 0.008 0.001 0.0238817173188
5.04125179821 576 5.01329437843 0.0279574197806 0.008 0.001 0.0189574197806
5.04925179821 577 5.01810737559 0.0311444226242 0.008 0.001 0.0221444226242
5.06207269788 578 5.05307269788 0.009 0.008 0.001 0.0
5.07007269788 579 5.05579830336 0.0142743945276 0.008 0.001 0.00527439452763
5.07807269788 580 5.05590525316 0.0221674447198 0.008 0.001 0.0131674447198
5.08607269788 581 5.06134454317 0.0247281547153 0.008 0.001 0.0157281547153
5.09407269788 582 5.06675985222 0.0273128456627 0.008 0.001 0.0183128456627
5.10207269788 583 5.07015623605 0.0319164618339 0.008 0.001 0.0229164618339
5.11007269788 584 5.07182778575 0.0382449121325 0.008 0.001 0.0292449121325
5.11807269788 585 5.07887619352 0.0391965043665 0.008 0.001 0.0301965043665
5.12607269788 586 5.10081661491 0.0252560829787 0.008 0.001 0.0162560829787
5.13407269788 587 5.11884787211 0.0152248257691 0.008 0.001 0.00622482576912
5.14207269788 588 5.12121173783 0.0208609600537 0.008 0.001 0.0118609600537
5.15007269788 589 5.1245479442 0.0255247536803 0.008 0.001 0.0165247536803
5.15807269788 590 5.13742855107 0.0206441468143 0.008 0.001 0.0116441468143
5.16614059786 591 5.15714059786 0.009 0.008 0.001 0.0
5.17414059786 592 5.15888308824 0.01525750962 0.008 0.001 0.00625750961996
5.18214059786 593 5.16991873295 0.0122218649105 0.008 0.001 0.00322186491052
5.19014059786 594 5.1729627287 0.0171778691642 0.008 0.001 0.00817786916425
5.19814059786 595 5.18371384271 0.0144267551516 0.008 0.001 0.00542675515158
5.20614059786 596 5.1851378473 0.0210027505573 0.008 0.001 0.0120027505573
5.21414059786 597 5.18707833088 0.0270622669842 0.008 0.001 0.0180622669842
5.22214059786 598 5.19155669387 0.030583903993 0.008 0.001 0.021583903993
5.23014059786 599 5.19441100728 0.0357295905779 0.008 0.001 0.0267295905779
5.23814059786 600 5.19676099411 0.0413796037518 0.008 0.001 0.0323796037518
5.24614059786 601 5.21325420354 0.0328863943203 0.008 0.001 0.0238863943203
5.25414059786 602 5.22291112882 0.0312294690375 0.008 0.001 0.0222294690375
5.26214059786 603 5.22331742874 0.038823169117 0.008 0.001 0.029823169117
5.27014059786 604 5.23750997311 0.0326306247453 0.008 0.001 0.0236306247453
5.27814059786 605 5.24184458522 0.0362960126435 0.008 0.001 0.0272960126435
5.28614059786 606 5.24390284705 0.0422377508092 0.008 0.001 0.0332377508092
5.29414059786 607 5.24552288384 0.0486177140196 0.008 0.001 0.0396177140196
5.30214059786 608 5.24928109076 0.0528595070994 0.008 0.001 0.0438595070994
5.31014059786 609 5.26579270961 0.044347888245 0.008 0.001 0.035347888245
5.31814059786 610 5.26611281052 0.0520277873405 0.008 0.001 0.0430277873405
5.32614059786 611 5.28438221131 0.0417583865471 0.008 0.001 0.0327583865471
5.33414059786 612 5.30695295291 0.027187644954 0.008 0.001 0.018187644954
5.34214059786 613 5.30801368139 0.0341269164699 0.008 0.001 0.0251269164699
5.35014059786 614 5.31489343624 0.0352471616185 0.008 0.001 0.0262471616185
5.35814059786 615 5.31923170497 0.038908892886 0.008 0.001 0.029908892886
5.36614059786 616 5.32126548526 0.0448751125999 0.008 0.001 0.0358751125999
5.37414059786 617 5.32516215988 0.0489784379834 0.008 0.001 0.0399784379834
5.38214059786 618 5.32554126056 0.056599337301 0.008 0.001 0.047599337301
5.39014059786 619 5.32621388585 0.0639267120049 0.008 0.001 0.0549267120049
5.39814059786 620 5.3366329713 0.0615076265594 0.008 0.001 0.0525076265594
5.40614059786 621 5.34273721433 0.0634033835293 0.008 0.001 0.0544033835293
5.41414059786 622 5.34599750894 0.0681430889169 0.008 0.001 0.0591430889169
5.42214059786 623 5.34997889393 0.0721617039254 0.008 0.001 0.0631617039254
5.43014059786 624 5.35800001111 0.0721405867518 0.008 0.001 0.0631405867518
5.43814059786 625 5.36424937698 0.0738912208783 0.008 0.001 0.0648912208783
5.44614059786 626 5.38001138027 0.066129217585 0.008 0.001 0.057129217585
5.45414059786 627 5.38518180832 0.0689587895359 0.008 0.001 0.0599587895359
5.46214059786 628 5.4121965656 0.0499440322618 0.008 0.001 0.0409440322618
5.47014059786 629 5.41270301181 0.057437586049 0.008 0.001 0.048437586049
5.47814059786 630 5.41511094475 0.0630296531048 0.008 0.001 0.0540296531048
5.48614059786 631 5.42070853758 0.0654320602802 0.008 0.001 0.0564320602802
5.49414059786 632 5.4249959821 0.0691446157628 0.008 0.001 0.0601446157628
5.50214059786 633 5.42684724277 0.0752933550862 0.008 0.001 0.0662933550862
5.51014059786 634 5.42923173909 0.080908858766 0.008 0.001 0.071908858766
5.51814059786 635 5.45064105603 0.0674995418287 0.008 0.001 0.0584995418287
5.52614059786 636 5.46987519577 0.0562654020939 0.008 0.001 0.0472654020939
5.53414059786 637 5.47203087272 0.0621097251403 0.008 0.001 0.0531097251403
5.54214059786 638 5.47559507397 0.0665455238928 0.008 0.001 0.0575455238928
5.55014059786 639 5.49850739193 0.0516332059346 0.008 0.001 0.0426332059346
5.55814059786 640 5.50354317535 0.0545974225086 0.008 0.001 0.0455974225086
5.56614059786 641 5.51366437803 0.0524762198305 0.008 0.001 0.0434762198305
5.57414059786 642 5.52250175349 0.0516388443676 0.008 0.001 0.0426388443676
5.58214059786 643 5.52329036282 0.05885023504 0.008 0.001 0.04985023504
5.59014059786 644 5.54370005171 0.0464405461507 0.008 0.001 0.0374405461507
5.59814059786 645 5.54455738807 0.0535832097924 0.008 0.001 0.0445832097924
5.60614059786 646 5.54667801841 0.0594625794498 0.008 0.001 0.0504625794498
5.61414059786 647 5.55431187101 0.0598287268543 0.008 0.001 0.0508287268543
5.62214059786 648 5.5545004189 0.0676401789583 0.008 0.001 0.0586401789583
5.63014059786 649 5.55839261134 0.071747986523 0.008 0.001 0.062747986523
5.63814059786 650 5.56539794418 0.0727426536811 0.008 0.001 0.0637426536811
5.64614059786 651 5.56616828618 0.0799723116823 0.008 0.001 0.0709723116823
5.65414059786 652 5.57065086089 0.0834897369699 0.008 0.001 0.0744897369699
5.66214059786 653 5.5764788155 0.0856617823629 0.008 0.001 0.0766617823629
5.67014059786 654 5.58403516104 0.0861054368163 0.008 0.001 0.0771054368163
5.67814059786 655 5.6079222282 0.0702183696599 0.008 0.001 0.0612183696599
5.68614059786 656 5.62081875014 0.0653218477199 0.008 0.001 0.0563218477199
5.69414059786 657 5.6528618509 0.0412787469567 0.008 0.001 0.0322787469567
5.70214059786 658 5.66182877691 0.0403118209495 0.008 0.001 0.0313118209495
5.71014059786 659 5.67476057471 0.0353800231541 0.008 0.001 0.0263800231541
5.71814059786 660 5.67492077482 0.0432198230353 0.008 0.001 0.0342198230353
5.72614059786 661 5.67765569041 0.0484849074502 0.008 0.001 0.0394849074502
5.73414059786 662 5.67810115472 0.0560394431442 0.008 0.001 0.0470394431442
5.74214059786 663 5.68488266587 0.0572579319938 0.008 0.001 0.0482579319938
5.75014059786 664 5.68704148128 0.0630991165843 0.008 0.001 0.0540991165843
5.75814059786 665 5.68764322987 0.0704973679889 0.008 0.001 0.0614973679889
5.76614059786 666 5.69048272368 0.0756578741792 0.008 0.001 0.0666578741792
5.77414059786 667 5.70075008035 0.0733905175146 0.008 0.001 0.0643905175146
5.78214059786 668 5.70154893214 0.0805916657224 0.008 0.001 0.0715916657224
5.79014059786 669 5.70410640607 0.0860341917888 0.008 0.001 0.0770341917888
5.79814059786 670 5.7527935592 0.0453470386573 0.008 0.001 0.0363470386573
5.80614059786 671 5.75762136538 0.0485192324749 0.008 0.001 0.0395192324749
5.81414059786 672 5.75900557587 0.0551350219899 0.008 0.001 0.0461350219899
5.82214059786 673 5.77387911573 0.0482614821313 0.008 0.001 0.0392614821313
5.83014059786 674 5.77389883899 0.0562417588655 0.008 0.001 0.0472417588655
5.83814059786 675 5.77685281665 0.0612877812091 0.008 0.001 0.0522877812091
5.84614059786 676 5.77868650848 0.0674540893831 0.008 0.001 0.0584540893831
5.85414059786 677 5.78178503184 0.0723555660201 0.008 0.001 0.0633555660201
5.86214059786 678 5.79218153663 0.0699590612338 0.008 0.001 0.0609590612338
5.87014059786 679 5.79368691852 0.0764536793351 0.008 0.001 0.0674536793351
5.87814059786 680 5.81872161075 0.0594189871059 0.008 0.001 0.0504189871059
5.88614059786 681 5.834402701 0.0517378968586 0.008 0.001 0.0427378968586
5.89414059786 682 5.83591630409 0.0582242937698 0.008 0.001 0.0492242937698
5.90214059786 683 5.83757481892 0.064565778937 0.008 0.001 0.055565778937
5.91014059786 684 5.84275409312 0.0673865047443 0.008 0.001 0.0583865047443
5.91814059786 685 5.85040818752 0.0677324103363 0.008 0.001 0.0587324103363
5.92614059786 686 5.85153012458 0.0746104732764 0.008 0.001 0.0656104732764
5.93414059786 687 5.8831668064 0.0509737914563 0.008 0.001 0.0419737914563
5.94214059786 688 5.88746602556 0.0546745723025 0.008 0.001 0.0456745723025
5.95014059786 689 5.89411591573 0.0560246821296 0.008 0.001 0.0470246821296
5.95814059786 690 5.89714156896 0.0609990289023 0.008 0.001 0.0519990289023
5.96614059786 691 5.90286908324 0.063271514617 0.008 0.001 0.054271514617
5.97414059786 692 5.91074258424 0.0633980136192 0.008 0.001 0.0543980136192
5.98214059786 693 5.91445415929 0.0676864385744 0.008 0.001 0.0586864385744
5.99014059786 694 5.91570491003 0.0744356878336 0.008 0.001 0.0654356878336
5.99814059786 695 5.92543340672 0.0727071911444 0.008 0.001 0.0637071911444
6.00614059786 696 5.9303456165 0.0757949813582 0.008 0.001 0.0667949813582
6.01414059786 697 5.93460060282 0.0795399950402 0.008 0.001 0.0705399950402
6.02214059786 698 5.94822765761 0.0739129402535 0.008 0.001 0.0649129402535
6.03014059786 699 5.95066502063 0.0794755772306 0.008 0.001 0.0704755772306
6.03814059786 700 5.97512833288 0.0630122649759 0.008 0.001 0.0540122649759
6.04614059786 701 5.9798388152 0.0663017826634 0.008 0.001 0.0573017826634
6.05414059786 702 5.98282769306 0.0713129048021 0.008 0.001 0.0623129048021
6.06214059786 703 5.98752154978 0.0746190480769 0.008 0.001 0.0656190480769
6.07014059786 704 5.98864860767 0.0814919901867 0.008 0.001 0.0724919901867
6.07814059786 705 6.01252204357 0.0656185542925 0.008 0.001 0.0566185542925
6.08614059786 706 6.01375692315 0.0723836747065 0.008 0.001 0.0633836747065
6.09414059786 707 6.02036301867 0.0737775791926 0.008 0.001 0.0647775791926
6.10214059786 708 6.02299844829 0.0791421495672 0.008 0.001 0.0701421495672
6.11014059786 709 6.03414626153 0.0759943363314 0.008 0.001 0.0669943363314
6.11814059786 710 6.03540462659 0.0827359712698 0.008 0.001 0.0737359712698
6.12614059786 711 6.05168707541 0.0744535224462 0.008 0.001 0.0654535224462
6.13414059786 712 6.06410894847 0.0700316493893 0.008 0.001 0.0610316493893
6.14214059786 713 6.07714481599 0.0649957818662 0.008 0.001 0.0559957818661
6.15014059786 714 6.09070012371 0.0594404741518 0.008 0.001 0.0504404741518
6.15814059786 715 6.0964774344 0.061663163456 0.008 0.001 0.052663163456
6.16614059786 716 6.09727079736 0.068869800499 0.008 0.001 0.059869800499
6.17414059786 717 6.1040265932 0.070114004656 0.008 0.001 0.061114004656
6.18214059786 718 6.11213982318 0.0700007746748 0.008 0.001 0.0610007746748
6.19014059786 719 6.12503466414 0.0651059337219 0.008 0.001 0.0561059337219
6.19814059786 720 6.13782622803 0.0603143698262 0.008 0.001 0.0513143698262
6.20614059786 721 6.1460679141 0.0600726837616 0.008 0.001 0.0510726837616
6.21414059786 722 6.15394058729 0.0602000105708 0.008 0.001 0.0512000105708
6.22214059786 723 6.17087532054 0.0512652773175 0.008 0.001 0.0422652773175
6.23014059786 724 6.17232167614 0.0578189217246 0.008 0.001 0.0488189217246
6.23814059786 725 6.17691780596 0.0612227918959 0.008 0.001 0.0522227918959
6.24614059786 726 6.17701802378 0.069122574084 0.008 0.001 0.060122574084
6.25414059786 727 6.19110189081 0.0630387070527 0.008 0.001 0.0540387070527
6.26214059786 728 6.1960366066 0.0661039912598 0.008 0.001 0.0571039912598
6.27014059786 729 6.19888948951 0.0712511083459 0.008 0.001 0.0622511083459
6.27814059786 730 6.20050772956 0.0776328683005 0.008 0.001 0.0686328683005
6.28614059786 731 6.20452710336 0.0816134945009 0.008 0.001 0.0726134945009
6.29414059786 732 6.21393852388 0.0802020739751 0.008 0.001 0.0712020739751
6.30214059786 733 6.22577674461 0.0763638532464 0.008 0.001 0.0673638532464
6.31014059786 734 6.22604848217 0.0840921156893 0.008 0.001 0.0750921156893
6.31814059786 735 6.23494353195 0.0831970659078 0.008 0.001 0.0741970659078
6.32614059786 736 6.23505093799 0.0910896598729 0.008 0.001 0.0820896598729
6.33414059786 737 6.24524704249 0.0888935553704 0.008 0.001 0.0798935553704
6.34214059786 738 6.25246126535 0.0896793325127 0.008 0.001 0.0806793325127
6.35014059786 739 6.26564730299 0.0844932948732 0.008 0.001 0.0754932948732
6.35814059786 740 6.26721190376 0.0909286941002 0.008 0.001 0.0819286941002
6.36614059786 741 6.2726620341 0.0934785637558 0.008 0.001 0.0844785637558
6.37414059786 742 6.27371674541 0.100423852446 0.008 0.001 0.0914238524459
6.38214059786 743 6.28126520678 0.100875391078 0.008 0.001 0.0918753910781
6.39014059786 744 6.28478926287 0.105351334992 0.008 0.001 0.0963513349915
6.39814059786 745 6.29956986665 0.0985707312088 0.008 0.001 0.0895707312088
6.40614059786 746 6.30438230951 0.101758288353 0.008 0.001 0.0927582883535
6.41414059786 747 6.31699834518 0.0971422526804 0.008 0.001 0.0881422526804
6.42214059786 748 6.3174580377 0.104682560156 0.008 0.001 0.0956825601561
6.43014059786 749 6.32256283625 0.107577761614 0.008 0.001 0.0985777616143
6.43814059786 750 6.3277291126 0.110411485262 0.008 0.001 0.101411485262
6.44614059786 751 6.33962768074 0.106512917117 0.008 0.001 0.0975129171168
6.45414059786 752 6.35573133007 0.0984092677869 0.008 0.001 0.0894092677869
6.46214059786 753 6.37166071071 0.0904798871527 0.008 0.001 0.0814798871527
6.47014059786 754 6.38021126755 0.0899293303104 0.008 0.001 0.0809293303104
6.47814059786 755 6.38036643386 0.0977741639948 0.008 0.001 0.0887741639948
6.48614059786 756 6.38200618449 0.104134413371 0.008 0.001 0.0951344133713
6.49414059786 757 6.38448595659 0.109654641272 0.008 0.001 0.100654641272
6.50214059786 758 6.41254766737 0.0895929304888 0.008 0.001 0.0805929304888
6.51014059786 759 6.41469085624 0.0954497416213 0.008 0.001 0.0864497416213
6.51814059786 760 6.418623645 0.0995169528582 0.008 0.001 0.0905169528582
6.52614059786 761 6.42788602872 0.0982545691359 0.008 0.001 0.0892545691359
6.53414059786 762 6.46424921849 0.069891379372 0.008 0.001 0.060891379372
6.54214059786 763 6.49404242628 0.0480981715834 0.008 0.001 0.0390981715834
6.55014059786 764 6.50970481191 0.0404357859485 0.008 0.001 0.0314357859485
6.55814059786 765 6.51330504226 0.0448355556018 0.008 0.001 0.0358355556018
6.56614059786 766 6.52518315046 0.0409574474004 0.008 0.001 0.0319574474004
6.57414059786 767 6.55842860876 0.0157119890995 0.008 0.001 0.00671198909947
6.58214059786 768 6.56627968228 0.015860915583 0.008 0.001 0.00686091558304
6.59014059786 769 6.57346047609 0.0166801217665 0.008 0.001 0.00768012176649
6.59814059786 770 6.57623248906 0.0219081088038 0.008 0.001 0.0129081088038
6.60614059786 771 6.58398857254 0.022152025316 0.008 0.001 0.013152025316
6.61506844051 772 6.60606844051 0.009 0.008 0.001 0.0
6.62306844051 773 6.61081163643 0.0122568040793 0.008 0.001 0.00325680407935
6.6419853436 774 6.6329853436 0.009 0.008 0.001 0.0
6.65516549802 775 6.64616549802 0.009 0.008 0.001 0.0
6.67663308391 776 6.66763308391 0.009 0.008 0.001 0.0
6.68463308391 777 6.67035448257 0.0142786013331 0.008 0.001 0.00527860133314
6.69263308391 778 6.68080875805 0.0118243258599 0.008 0.001 0.00282432585988
6.70063308391 779 6.68974276501 0.0108903188936 0.008 0.001 0.00189031889361
6.70863308391 780 6.6900978671 0.0185352168072 0.008 0.001 0.0095352168072
6.71663308391 781 6.70047405829 0.0161590256209 0.008 0.001 0.0071590256209
6.72463308391 782 6.71297765317 0.0116554307365 0.008 0.001 0.00265543073647
6.73307564479 783 6.72407564479 0.009 0.008 0.001 0.0
6.74107564479 784 6.72808817096 0.0129874738247 0.008 0.001 0.00398747382475
6.74907564479 785 6.7318475179 0.0172281268928 0.008 0.001 0.0082281268928
6.75707564479 786 6.73939115748 0.0176844873094 0.008 0.001 0.00868448730943
6.76507564479 787 6.74052666458 0.0245489802132 0.008 0.001 0.0155489802132
6.77307564479 788 6.75122059538 0.0218550494097 0.008 0.001 0.0128550494097
6.78107564479 789 6.76973612173 0.0113395230593 0.008 0.001 0.00233952305932
6.78907564479 790 6.77304683795 0.0160288068438 0.008 0.001 0.00702880684381
6.79707564479 791 6.77945836407 0.0176172807219 0.008 0.001 0.00861728072192
6.80507564479 792 6.78161259441 0.0234630503831 0.008 0.001 0.0144630503831
6.81307564479 793 6.79015033797 0.0229253068201 0.008 0.001 0.0139253068201
6.82107564479 794 6.79202612401 0.0290495207769 0.008 0.001 0.0200495207769
6.82907564479 795 6.80080603527 0.0282696095155 0.008 0.001 0.0192696095155
6.83707564479 796 6.80153924339 0.0355364013958 0.008 0.001 0.0265364013958
6.84507564479 797 6.80169699715 0.0433786476397 0.008 0.001 0.0343786476397
6.85307564479 798 6.81185019225 0.04122545254 0.008 0.001 0.03222545254
6.86107564479 799 6.8191989715 0.0418766732846 0.008 0.001 0.0328766732846
6.86907564479 800 6.82303802 0.0460376247915 0.008 0.001 0.0370376247915
6.87707564479 801 6.84756109157 0.0295145532183 0.008 0.001 0.0205145532183
6.88507564479 802 6.84964445509 0.0354311897002 0.008 0.001 0.0264311897002
6.89307564479 803 6.87097073094 0.0221049138515 0.008 0.001 0.0131049138515
6.90107564479 804 6.87834623555 0.0227294092343 0.008 0.001 0.0137294092343
6.90907564479 805 6.88233575014 0.0267398946528 0.008 0.001 0.0177398946528
6.91707564479 806 6.88271537856 0.0343602662319 0.008 0.001 0.0253602662319
6.92507564479 807 6.88410932281 0.0409663219815 0.008 0.001 0.0319663219815
6.93307564479 808 6.88639903954 0.0466766052535 0.008 0.001 0.0376766052535
6.94107564479 809 6.88916898627 0.0519066585156 0.008 0.001 0.0429066585156
6.94907564479 810 6.89170366796 0.0573719768254 0.008 0.001 0.0483719768254
6.95707564479 811 6.90392902935 0.0531466154414 0.008 0.001 0.0441466154414
6.96507564479 812 6.9072246296 0.0578510151843 0.008 0.001 0.0488510151843
6.97307564479 813 6.91537910283 0.0576965419594 0.008 0.001 0.0486965419594
6.98107564479 814 6.92045071657 0.0606249282161 0.008 0.001 0.0516249282161
6.98907564479 815 6.92909573923 0.059979905556 0.008 0.001 0.050979905556
6.99707564479 816 6.93195624207 0.065119402724 0.008 0.001 0.056119402724
7.00507564479 817 6.94599683685 0.059078807939 0.008 0.001 0.050078807939
7.01307564479 818 6.96493838676 0.0481372580291 0.008 0.001 0.0391372580291
7.02107564479 819 6.9666740307 0.054401614087 0.008 0.001 0.045401614087
7.02907564479 820 6.97600231771 0.0530733270781 0.008 0.001 0.0440733270781
7.03707564479 821 6.99168542175 0.0453902230358 0.008 0.001 0.0363902230358
7.04507564479 822 7.00363480638 0.0414408384059 0.008 0.001 0.0324408384059
7.05307564479 823 7.00472471521 0.048350929579 0.008 0.001 0.039350929579
7.06107564479 824 7.01175585137 0.0493197934168 0.008 0.001 0.0403197934168
7.06907564479 825 7.01248793836 0.0565877064301 0.008 0.001 0.0475877064301
7.07707564479 826 7.01464450822 0.0624311365722 0.008 0.001 0.0534311365722
7.08507564479 827 7.01547552369 0.0696001211014 0.008 0.001 0.0606001211014
7.09307564479 828 7.01777679424 0.075298850554 0.008 0.001 0.066298850554
7.10107564479 829 7.02898288315 0.0720927616435 0.008 0.001 0.0630927616435
7.10907564479 830 7.04042264779 0.0686529969994 0.008 0.001 0.0596529969994
7.11707564479 831 7.06845908131 0.048616563475 0.008 0.001 0.039616563475
7.12507564479 832 7.08075534894 0.0443202958528 0.008 0.001 0.0353202958528
7.13307564479 833 7.08209653838 0.0509791064046 0.008 0.001 0.0419791064046
7.14107564479 834 7.08415186776 0.0569237770326 0.008 0.001 0.0479237770326
7.14907564479 835 7.09093426652 0.0581413782692 0.008 0.001 0.0491413782692
7.15707564479 836 7.09571954809 0.0613560967006 0.008 0.001 0.0523560967006
7.16507564479 837 7.09958022627 0.065495418518 0.008 0.001 0.056495418518
7.17307564479 838 7.10948226847 0.0635933763183 0.008 0.001 0.0545933763183
7.18107564479 839 7.12858816295 0.0524874818408 0.008 0.001 0.0434874818408
7.18907564479 840 7.1325605957 0.0565150490896 0.008 0.001 0.0475150490896
7.19707564479 841 7.13696038466 0.0601152601296 0.008 0.001 0.0511152601296
7.20507564479 842 7.14387655908 0.0611990857064 0.008 0.001 0.0521990857064
7.21307564479 843 7.16791286333 0.0451627814634 0.008 0.001 0.0361627814634
7.22107564479 844 7.17239519922 0.048680445566 0.008 0.001 0.039680445566
7.22907564479 845 7.17927360852 0.0498020362737 0.008 0.001 0.0408020362737
7.23707564479 846 7.1820309545 0.0550446902903 0.008 0.001 0.0460446902903
7.24507564479 847 7.18602346022 0.059052184567 0.008 0.001 0.050052184567
7.25307564479 848 7.19947990673 0.0535957380594 0.008 0.001 0.0445957380594
7.26107564479 849 7.21619828959 0.0448773552038 0.008 0.001 0.0358773552038
7.26907564479 850 7.24191381439 0.0271618303952 0.008 0.001 0.0181618303952
7.27707564479 851 7.2433571501 0.0337184946916 0.008 0.001 0.0247184946916
7.28507564479 852 7.25954498759 0.0255306572024 0.008 0.001 0.0165306572024
7.29307564479 853 7.26207594079 0.0309997039965 0.008 0.001 0.0219997039965
7.30107564479 854 7.26663266201 0.0344429827823 0.008 0.001 0.0254429827823
7.30907564479 855 7.27372068071 0.0353549640788 0.008 0.001 0.0263549640788
7.31707564479 856 7.28875631974 0.0283193250494 0.008 0.001 0.0193193250494
7.32507564479 857 7.2993635524 0.0257120923888 0.008 0.001 0.0167120923888
7.33307564479 858 7.30329470332 0.0297809414711 0.008 0.001 0.0207809414711
7.34107564479 859 7.30764502921 0.033430615582 0.008 0.001 0.024430615582
7.34907564479 860 7.32245435968 0.0266212851099 0.008 0.001 0.0176212851099
7.35707564479 861 7.33236603037 0.0247096144237 0.008 0.001 0.0157096144237
7.36507564479 862 7.34131541268 0.0237602321117 0.008 0.001 0.0147602321117
7.37307564479 863 7.36099453124 0.0120811135531 0.008 0.001 0.00308111355312
7.38107564479 864 7.36357076684 0.0175048779533 0.008 0.001 0.00850487795334
7.38907564479 865 7.3642296292 0.0248460155886 0.008 0.001 0.0158460155886
7.39707564479 866 7.37972073554 0.0173549092534 0.008 0.001 0.00835490925341
7.40507564479 867 7.39563965921 0.0094359855816 0.008 0.001 0.000435985581597
7.41307564479 868 7.39983057118 0.0132450736114 0.008 0.001 0.00424507361138
7.42107564479 869 7.4013491056 0.0197265391894 0.008 0.001 0.0107265391894
7.42907564479 870 7.40694818023 0.0221274645575 0.008 0.001 0.0131274645575
7.43707564479 871 7.41500331434 0.0220723304524 0.008 0.001 0.0130723304524
7.44507564479 872 7.4193449906 0.025730654187 0.008 0.001 0.016730654187
7.45307564479 873 7.43079169873 0.0222839460542 0.008 0.001 0.0132839460542
7.46107564479 874 7.43287036373 0.0282052810587 0.008 0.001 0.0192052810587
7.46907564479 875 7.44061391081 0.0284617339776 0.008 0.001 0.0194617339776
7.47707564479 876 7.44557436743 0.0315012773545 0.008 0.001 0.0225012773545
7.48507564479 877 7.44775347635 0.037322168436 0.008 0.001 0.028322168436
7.49307564479 878 7.45200768956 0.0410679552264 0.008 0.001 0.0320679552264
7.50107564479 879 7.46386163342 0.037214011365 0.008 0.001 0.028214011365
7.50907564479 880 7.48685540823 0.022220236556 0.008 0.001 0.013220236556
7.51707564479 881 7.49308824405 0.0239874007365 0.008 0.001 0.0149874007365
7.52507564479 882 7.4970140202 0.0280616245917 0.008 0.001 0.0190616245917
7.53307564479 883 7.50184402469 0.031231620095 0.008 0.001 0.022231620095
7.54107564479 884 7.5079054355 0.0331702092857 0.008 0.001 0.0241702092857
7.54907564479 885 7.51160342792 0.0374722168727 0.008 0.001 0.0284722168727
7.55707564479 886 7.5150797394 0.0419959053875 0.008 0.001 0.0329959053875
7.56507564479 887 7.52569854613 0.0393770986577 0.008 0.001 0.0303770986577
7.57307564479 888 7.52810464885 0.0449709959436 0.008 0.001 0.0359709959436
7.58107564479 889 7.5385331843 0.0425424604932 0.008 0.001 0.0335424604932
7.58907564479 890 7.55363960264 0.0354360421458 0.008 0.001 0.0264360421458
7.59707564479 891 7.55555769858 0.0415179462089 0.008 0.001 0.0325179462089
7.60507564479 892 7.55935401427 0.0457216305189 0.008 0.001 0.0367216305189
7.61307564479 893 7.5604560758 0.0526195689905 0.008 0.001 0.0436195689905
7.62107564479 894 7.56668701784 0.0543886269501 0.008 0.001 0.0453886269501
7.62907564479 895 7.56945029045 0.0596253543384 0.008 0.001 0.0506253543384
7.63707564479 896 7.57413347169 0.0629421730945 0.008 0.001 0.0539421730945
7.64507564479 897 7.58093341286 0.0641422319329 0.008 0.001 0.0551422319329
7.65307564479 898 7.5877090088 0.0653666359887 0.008 0.001 0.0563666359887
7.66107564479 899 7.59352227007 0.0675533747223 0.008 0.001 0.0585533747223
7.66907564479 900 7.59621676959 0.0728588751966 0.008 0.001 0.0638588751966
7.67707564479 901 7.59646155074 0.0806140940478 0.008 0.001 0.0716140940478
7.68507564479 902 7.59723844064 0.0878372041528 0.008 0.001 0.0788372041528
7.69307564479 903 7.60512991102 0.0879457337648 0.008 0.001 0.0789457337648
7.70107564479 904 7.60641406678 0.0946615780094 0.008 0.001 0.0856615780094
7.70907564479 905 7.61079016105 0.098285483739 0.008 0.001 0.089285483739
7.71707564479 906 7.61093134178 0.10614430301 0.008 0.001 0.0971443030095
7.72507564479 907 7.61497736755 0.110098277239 0.008 0.001 0.101098277239
7.73307564479 908 7.61948399519 0.113591649597 0.008 0.001 0.104591649597
7.74107564479 909 7.64461115574 0.0964644890495 0.008 0.001 0.0874644890495
7.74907564479 910 7.65423605146 0.0948395933243 0.008 0.001 0.0858395933243
7.75707564479 911 7.66134406247 0.0957315823188 0.008 0.001 0.0867315823188
7.76507564479 912 7.68160085582 0.0834747889668 0.008 0.001 0.0744747889668
7.77307564479 913 7.6929862426 0.0800894021914 0.008 0.001 0.0710894021914
7.78107564479 914 7.70664026161 0.0744353831809 0.008 0.001 0.0654353831809
7.78907564479 915 7.71939480445 0.069680840335 0.008 0.001 0.060680840335
7.79707564479 916 7.72582319957 0.07125244522 0.008 0.001 0.06225244522
7.80507564479 917 7.74470401144 0.0603716333448 0.008 0.001 0.0513716333448
7.81307564479 918 7.76151904174 0.051556603045 0.008 0.001 0.042556603045
7.82107564479 919 7.76473871668 0.0563369281051 0.008 0.001 0.0473369281051
7.82907564479 920 7.76802447582 0.0610511689699 0.008 0.001 0.0520511689699
7.83707564479 921 7.78133993458 0.0557357102061 0.008 0.001 0.0467357102061
7.84507564479 922 7.80031975341 0.0447558913742 0.008 0.001 0.0357558913742
7.85307564479 923 7.81886153873 0.0342141060613 0.008 0.001 0.0252141060613
7.86107564479 924 7.81896122579 0.0421144190027 0.008 0.001 0.0331144190027
7.86907564479 925 7.83365873624 0.0354169085479 0.008 0.001 0.0264169085479
7.87707564479 926 7.84261963539 0.0344560093964 0.008 0.001 0.0254560093964
7.88507564479 927 7.85036361268 0.034712032106 0.008 0.001 0.025712032106
7.89307564479 928 7.85180754902 0.0412680957672 0.008 0.001 0.0322680957672
7.90107564479 929 7.85455995378 0.0465156910076 0.008 0.001 0.0375156910076
7.90907564479 930 7.85772822152 0.0513474232723 0.008 0.001 0.0423474232723
7.91707564479 931 7.85856757133 0.0585080734627 0.008 0.001 0.0495080734627
7.92507564479 932 7.87555387147 0.0495217733167 0.008 0.001 0.0405217733167
7.93307564479 933 7.88072272679 0.0523529179973 0.008 0.001 0.0433529179973
7.94107564479 934 7.88966496341 0.0514106813785 0.008 0.001 0.0424106813785
7.94907564479 935 7.89436669064 0.0547089541532 0.008 0.001 0.0457089541532
7.95707564479 936 7.89587338349 0.0612022612983 0.008 0.001 0.0522022612983
7.96507564479 937 7.89722451489 0.0678511299005 0.008 0.001 0.0588511299005
7.97307564479 938 7.8981144778 0.0749611669902 0.008 0.001 0.0659611669902
7.98107564479 939 7.89951933139 0.0815563133976 0.008 0.001 0.0725563133976
7.98907564479 940 7.91265223549 0.0764234093003 0.008 0.001 0.0674234093003
7.99707564479 941 7.91386319177 0.0832124530161 0.008 0.001 0.0742124530161
8.00507564479 942 7.93364673754 0.0714289072503 0.008 0.001 0.0624289072503
8.01307564479 943 7.94714365471 0.0659319900821 0.008 0.001 0.0569319900821
8.02107564479 944 7.95720329106 0.0638723537302 0.008 0.001 0.0548723537302
8.02907564479 945 7.9718250698 0.0572505749904 0.008 0.001 0.0482505749904
8.03707564479 946 8.00047768463 0.0365979601608 0.008 0.001 0.0275979601608
8.04507564479 947 8.00514571817 0.0399299266223 0.008 0.001 0.0309299266223
8.05307564479 948 8.00689081707 0.0461848277189 0.008 0.001 0.0371848277189
8.06107564479 949 8.02677664034 0.0342990044539 0.008 0.001 0.0252990044539
8.06907564479 950 8.02914990588 0.0399257389136 0.008 0.001 0.0309257389136
8.07707564479 951 8.02982784195 0.0472478028417 0.008 0.001 0.0382478028417
8.08507564479 952 8.03478666666 0.0502889781264 0.008 0.001 0.0412889781264
8.09307564479 953 8.03890729394 0.0541683508461 0.008 0.001 0.0451683508461
8.10107564479 954 8.0392510726 0.0618245721855 0.008 0.001 0.0528245721855
8.10907564479 955 8.03956241629 0.0695132285017 0.008 0.001 0.0605132285017
8.11707564479 956 8.04561615444 0.0714594903485 0.008 0.001 0.0624594903485
8.12507564479 957 8.04758564554 0.0774899992507 0.008 0.001 0.0684899992507
8.13307564479 958 8.0488844943 0.0841911504895 0.008 0.001 0.0751911504895
8.14107564479 959 8.07438167944 0.0666939653518 0.008 0.001 0.0576939653518
8.14907564479 960 8.08835217738 0.0607234674073 0.008 0.001 0.0517234674073
8.15707564479 961 8.09361814476 0.0634575000247 0.008 0.001 0.0544575000247
8.16507564479 962 8.09372193847 0.0713537063224 0.008 0.001 0.0623537063224
8.17307564479 963 8.12306717679 0.0500084680008 0.008 0.001 0.0410084680008
8.18107564479 964 8.12830870593 0.0527669388631 0.008 0.001 0.0437669388631
8.18907564479 965 8.13134414776 0.0577314970273 0.008 0.001 0.0487314970273
8.19707564479 966 8.13394278828 0.0631328565047 0.008 0.001 0.0541328565047
8.20507564479 967 8.14026372147 0.0648119233237 0.008 0.001 0.0558119233237
8.21307564479 968 8.17023340364 0.0428422411509 0.008 0.001 0.0338422411509
8.22107564479 969 8.17313880289 0.0479368418948 0.008 0.001 0.0389368418948
8.22907564479 970 8.17487001573 0.0542056290588 0.008 0.001 0.0452056290588
8.23707564479 971 8.1761299453 0.060945699494 0.008 0.001 0.051945699494
8.24507564479 972 8.18694031331 0.0581353314841 0.008 0.001 0.0491353314841
8.25307564479 973 8.22021429772 0.0328613470654 0.008 0.001 0.0238613470654
8.26107564479 974 8.22043100685 0.0406446379391 0.008 0.001 0.0316446379391
8.26907564479 975 8.22223162943 0.0468440153587 0.008 0.001 0.0378440153587
8.27707564479 976 8.22271862977 0.0543570150239 0.008 0.001 0.0453570150239
8.28507564479 977 8.22772727583 0.0573483689635 0.008 0.001 0.0483483689635
8.29307564479 978 8.22842030861 0.0646553361752 0.008 0.001 0.0556553361752
8.30107564479 979 8.23117524016 0.0699004046298 0.008 0.001 0.0609004046298
8.30907564479 980 8.23140254152 0.0776731032705 0.008 0.001 0.0686731032705
8.31707564479 981 8.23616814567 0.0809074991215 0.008 0.001 0.0719074991215
8.32507564479 982 8.24532756673 0.0797480780549 0.008 0.001 0.0707480780549
8.33307564479 983 8.24716132908 0.0859143157042 0.008 0.001 0.0769143157042
8.34107564479 984 8.25878762867 0.0822880161148 0.008 0.001 0.0732880161148
8.34907564479 985 8.2619581082 0.0871175365889 0.008 0.001 0.0781175365889
8.35707564479 986 8.26258562914 0.0944900156505 0.008 0.001 0.0854900156505
8.36507564479 987 8.27887367317 0.0862019716189 0.008 0.001 0.0772019716189
8.37307564479 988 8.27922105824 0.0938545865449 0.008 0.001 0.0848545865449
8.38107564479 989 8.28789079453 0.0931848502631 0.008 0.001 0.0841848502631
8.38907564479 990 8.29031113066 0.0987645141268 0.008 0.001 0.0897645141268
8.39707564479 991 8.3009218708 0.0961537739893 0.008 0.001 0.0871537739893
8.40507564479 992 8.31034366821 0.0947319765815 0.008 0.001 0.0857319765815
8.41307564479 993 8.31556752635 0.0975081184359 0.008 0.001 0.0885081184359
8.42107564479 994 8.31955040013 0.101525244655 0.008 0.001 0.0925252446545
8.42907564479 995 8.32857470249 0.100500942297 0.008 0.001 0.0915009422971
8.43707564479 996 8.33506717976 0.102008465027 0.008 0.001 0.093008465027
8.44507564479 997 8.33540184952 0.109673795272 0.008 0.001 0.100673795272
8.45307564479 998 8.35383977819 0.0992358666021 0.008 0.001 0.0902358666021
8.46107564479 999 8.41952781519 0.0415478296029 0.008 0.001 0.0325478296029
8.46907564479 1000 8.43220654724 0.036869097545 0.008 0.001 0.027869097545
8.47707564479 1001 8.43971730107 0.0373583437163 0.008 0.001 0.0283583437163
8.48507564479 1002 8.45861121231 0.0264644324797 0.008 0.001 0.0174644324797
8.49307564479 1003 8.47417942509 0.0188962196998 0.008 0.001 0.00989621969977
8.50107564479 1004 8.47886677315 0.0222088716351 0.008 0.001 0.0132088716351
8.50907564479 1005 8.47895384679 0.0301217979974 0.008 0.001 0.0211217979974
8.51707564479 1006 8.48257445104 0.034501193746 0.008 0.001 0.025501193746
8.52507564479 1007 8.49254838919 0.0325272556031 0.008 0.001 0.0235272556031
8.53307564479 1008 8.5004261098 0.0326495349875 0.008 0.001 0.0236495349875
8.54107564479 1009 8.52263282294 0.0184428218443 0.008 0.001 0.00944282184426
8.54910505193 1010 8.54010505193 0.009 0.008 0.001 0.0
8.55710505193 1011 8.5467740444 0.0103310075314 0.008 0.001 0.00133100753141
8.56891158529 1012 8.55991158529 0.009 0.008 0.001 0.0
8.586809791 1013 8.577809791 0.009 0.008 0.001 0.0
8.594809791 1014 8.58194679113 0.0128629998664 0.008 0.001 0.00386299986636
8.60634897277 1015 8.59734897277 0.009 0.008 0.001 0.0
8.61434897277 1016 8.60243123367 0.0119177390966 0.008 0.001 0.00291773909659
8.62234897277 1017 8.60816465401 0.014184318753 0.008 0.001 0.00518431875299
8.63034897277 1018 8.61547081853 0.0148781542373 0.008 0.001 0.00587815423732
8.63834897277 1019 8.62366658423 0.014682388536 0.008 0.001 0.00568238853597
8.64634897277 1020 8.62799068705 0.0183582857187 0.008 0.001 0.00935828571871
8.65434897277 1021 8.63255588755 0.0217930852188 0.008 0.001 0.0127930852188
8.66234897277 1022 8.64263006717 0.0197189055949 0.008 0.001 0.0107189055949
8.67034897277 1023 8.64797431809 0.0223746546746 0.008 0.001 0.0133746546746
8.67834897277 1024 8.64860436927 0.0297446034991 0.008 0.001 0.0207446034991
8.68634897277 1025 8.67571791371 0.0106310590544 0.008 0.001 0.00163105905436
8.70147504418 1026 8.69247504418 0.009 0.008 0.001 0.0
8.70947504418 1027 8.69367683149 0.0157982126877 0.008 0.001 0.00679821268773
8.71758873014 1028 8.70858873014 0.009 0.008 0.001 0.0
8.73719864881 1029 8.72819864881 0.009 0.008 0.001 0.0
8.74519864881 1030 8.73585609613 0.00934255268002 0.008 0.001 0.000342552680024
8.75319864881 1031 8.74185761133 0.0113410374812 0.008 0.001 0.00234103748122
8.76661166528 1032 8.75761166528 0.009 0.008 0.001 0.0
8.78365810354 1033 8.77465810354 0.009 0.008 0.001 0.0
8.79165810354 1034 8.77742722641 0.014230877129 0.008 0.001 0.00523087712904
8.79965810354 1035 8.78136300655 0.0182950969884 0.008 0.001 0.0092950969884
8.81142460657 1036 8.80242460657 0.009 0.008 0.001 0.0
8.81942460657 1037 8.81029220372 0.0091324028454 0.008 0.001 0.000132402845404
8.82742460657 1038 8.81167106831 0.0157535382563 0.008 0.001 0.00675353825635
8.83542460657 1039 8.81917228971 0.0162523168593 0.008 0.001 0.00725231685927
8.84342460657 1040 8.81926110575 0.0241635008148 0.008 0.001 0.0151635008148
8.85142460657 1041 8.82803122577 0.0233933807975 0.008 0.001 0.0143933807975
8.85942460657 1042 8.82940489512 0.0300197114454 0.008 0.001 0.0210197114454
8.86742460657 1043 8.83787480468 0.029549801887 0.008 0.001 0.020549801887
8.87542460657 1044 8.83870319935 0.0367214072199 0.008 0.001 0.0277214072199
8.88342460657 1045 8.8397925245 0.043632082071 0.008 0.001 0.034632082071
8.89142460657 1046 8.86777006857 0.0236545379979 0.008 0.001 0.0146545379979
8.89942460657 1047 8.86835208138 0.0310725251865 0.008 0.001 0.0220725251865
8.90742460657 1048 8.87271556281 0.0347090437583 0.008 0.001 0.0257090437583
8.91542460657 1049 8.88418842851 0.0312361780595 0.008 0.001 0.0222361780595
8.92342460657 1050 8.89298241557 0.0304421909979 0.008 0.001 0.0214421909979
8.93142460657 1051 8.89459742332 0.0368271832467 0.008 0.001 0.0278271832467
8.93942460657 1052 8.89610093856 0.0433236680017 0.008 0.001 0.0343236680017
8.94742460657 1053 8.8980822582 0.0493423483664 0.008 0.001 0.0403423483664
8.95542460657 1054 8.90590616297 0.0495184435986 0.008 0.001 0.0405184435986
8.96342460657 1055 8.91235283646 0.051071770105 0.008 0.001 0.042071770105
8.97142460657 1056 8.94111676555 0.030307841015 0.008 0.001 0.021307841015
8.97942460657 1057 8.94799349236 0.0314311142028 0.008 0.001 0.0224311142028
8.98742460657 1058 8.94933843332 0.0380861732503 0.008 0.001 0.0290861732503
8.99542460657 1059 8.95369022539 0.0417343811804 0.008 0.001 0.0327343811804
9.00342460657 1060 8.95603485241 0.0473897541536 0.008 0.001 0.0383897541536
9.01142460657 1061 8.97587384873 0.0355507578331 0.008 0.001 0.0265507578331
9.01942460657 1062 9.00556558387 0.0138590226943 0.008 0.001 0.00485902269426
9.02920688823 1063 9.02020688823 0.009 0.008 0.001 0.0
9.03720688823 1064 9.02667818829 0.0105286999429 0.008 0.001 0.00152869994286
9.04520688823 1065 9.03415582573 0.0110510624962 0.008 0.001 0.00205106249619
9.05320688823 1066 9.04403526858 0.00917161965219 0.008 0.001 0.000171619652193
9.0672007476 1067 9.0582007476 0.009 0.008 0.001 0.0
9.0752007476 1068 9.06112131099 0.0140794366097 0.008 0.001 0.00507943660972
9.0832007476 1069 9.06473278466 0.0184679629437 0.008 0.001 0.00946796294373
9.0912007476 1070 9.06483458137 0.0263661662348 0.008 0.001 0.0173661662348
9.0992007476 1071 9.06696592604 0.0322348215595 0.008 0.001 0.0232348215595
9.1072007476 1072 9.08651398668 0.0206867609232 0.008 0.001 0.0116867609232
9.1219632651 1073 9.1129632651 0.009 0.008 0.001 0.0
9.1299632651 1074 9.11371154256 0.0162517225354 0.008 0.001 0.00725172253542
9.1379632651 1075 9.11927604885 0.018687216252 0.008 0.001 0.00968721625196
9.1459632651 1076 9.120544537 0.0254187281009 0.008 0.001 0.0164187281009
9.1539632651 1077 9.12314722217 0.0308160429247 0.008 0.001 0.0218160429247
9.1619632651 1078 9.12474433082 0.0372189342773 0.008 0.001 0.0282189342773
9.1699632651 1079 9.1316390556 0.0383242094941 0.008 0.001 0.0293242094941
9.1779632651 1080 9.15656781578 0.0213954493197 0.008 0.001 0.0123954493197
9.1859632651 1081 9.16654937125 0.0194138938493 0.008 0.001 0.0104138938493
9.1939632651 1082 9.16707464485 0.0268886202515 0.008 0.001 0.0178886202515
9.2019632651 1083 9.1763261624 0.0256371026996 0.008 0.001 0.0166371026996
9.2099632651 1084 9.17715854141 0.0328047236883 0.008 0.001 0.0238047236883
9.2179632651 1085 9.1974032954 0.0205599696995 0.008 0.001 0.0115599696995
9.2259632651 1086 9.2003435469 0.0256197182021 0.008 0.001 0.0166197182021
9.2339632651 1087 9.2143152746 0.0196479904954 0.008 0.001 0.0106479904954
9.2419632651 1088 9.21750643641 0.0244568286904 0.008 0.001 0.0154568286904
9.2499632651 1089 9.21842822901 0.0315350360857 0.008 0.001 0.0225350360857
9.2579632651 1090 9.21888893253 0.0390743325679 0.008 0.001 0.0300743325679
9.2659632651 1091 9.22047292442 0.0454903406822 0.008 0.001 0.0364903406822
9.2739632651 1092 9.23341821864 0.0405450464584 0.008 0.001 0.0315450464584
9.2819632651 1093 9.23438374209 0.0475795230051 0.008 0.001 0.0385795230051
9.2899632651 1094 9.24314906989 0.0468141952103 0.008 0.001 0.0378141952103
9.2979632651 1095 9.24647721725 0.0514860478433 0.008 0.001 0.0424860478433
9.3059632651 1096 9.24790659222 0.0580566728818 0.008 0.001 0.0490566728818
9.3139632651 1097 9.27218158683 0.0417816782704 0.008 0.001 0.0327816782704
9.3219632651 1098 9.27421151341 0.0477517516866 0.008 0.001 0.0387517516866
9.3299632651 1099 9.27458145167 0.0553818134262 0.008 0.001 0.0463818134262
9.3379632651 1100 9.2820802008 0.0558830643006 0.008 0.001 0.0468830643006
9.3459632651 1101 9.28277602592 0.0631872391796 0.008 0.001 0.0541872391796
9.3539632651 1102 9.29170165565 0.06226160945 0.008 0.001 0.05326160945
9.3619632651 1103 9.29513573238 0.0668275327145 0.008 0.001 0.0578275327145
9.3699632651 1104 9.31353588889 0.0564273762045 0.008 0.001 0.0474273762045
9.3779632651 1105 9.3172276902 0.0607355748949 0.008 0.001 0.0517355748949
9.3859632651 1106 9.34288489989 0.0430783652036 0.008 0.001 0.0340783652036
9.3939632651 1107 9.36373721577 0.0302260493293 0.008 0.001 0.0212260493293
9.40266662541 1108 9.39366662541 0.009 0.008 0.001 0.0
9.41066662541 1109 9.39718990391 0.0134767215017 0.008 0.001 0.00447672150173
9.43238303812 1110 9.42338303812 0.009 0.008 0.001 0.0
9.44430058081 1111 9.43530058081 0.009 0.008 0.001 0.0
9.45482190321 1112 9.44582190321 0.009 0.008 0.001 0.0
9.46282190321 1113 9.44911836144 0.0137035417745 0.008 0.001 0.00470354177449
9.47082190321 1114 9.4600086702 0.0108132330109 0.008 0.001 0.00181323301087
9.47882190321 1115 9.46171853952 0.0171033636907 0.008 0.001 0.00810336369066
9.48682190321 1116 9.46228905317 0.0245328500449 0.008 0.001 0.0155328500449
9.49482190321 1117 9.47775229624 0.0170696069666 0.008 0.001 0.00806960696665
9.50282190321 1118 9.48739861423 0.0154232889808 0.008 0.001 0.00642328898075
9.51082190321 1119 9.49106807735 0.019753825862 0.008 0.001 0.010753825862
9.51882190321 1120 9.49154034801 0.027281555203 0.008 0.001 0.018281555203
9.52682190321 1121 9.49404438288 0.0327775203338 0.008 0.001 0.0237775203338
9.53482190321 1122 9.50375390153 0.0310680016799 0.008 0.001 0.0220680016799
9.54282190321 1123 9.52279402398 0.0200278792356 0.008 0.001 0.0110278792356
9.55082190321 1124 9.52348584435 0.0273360588634 0.008 0.001 0.0183360588634
9.55882190321 1125 9.52673063913 0.0320912640828 0.008 0.001 0.0230912640828
9.56682190321 1126 9.53185576156 0.0349661416533 0.008 0.001 0.0259661416533
9.57482190321 1127 9.53419245048 0.0406294527322 0.008 0.001 0.0316294527322
9.58282190321 1128 9.53547210584 0.047349797375 0.008 0.001 0.038349797375
9.59082190321 1129 9.54997107589 0.0408508273166 0.008 0.001 0.0318508273166
9.59882190321 1130 9.55627825876 0.0425436444536 0.008 0.001 0.0335436444536
9.60682190321 1131 9.57107687561 0.0357450275959 0.008 0.001 0.0267450275959
9.61482190321 1132 9.57379856855 0.0410233346657 0.008 0.001 0.0320233346657
9.62282190321 1133 9.57773709835 0.0450848048562 0.008 0.001 0.0360848048562
9.63082190321 1134 9.58283038615 0.0479915170586 0.008 0.001 0.0389915170586
9.63882190321 1135 9.58663405589 0.0521878473169 0.008 0.001 0.0431878473169
9.64682190321 1136 9.58914279639 0.0576791068197 0.008 0.001 0.0486791068197
9.65482190321 1137 9.59239563872 0.0624262644866 0.008 0.001 0.0534262644866
9.66282190321 1138 9.59756663843 0.0652552647848 0.008 0.001 0.0562552647848
9.67082190321 1139 9.60026584392 0.0705560592956 0.008 0.001 0.0615560592956
9.67882190321 1140 9.6020168228 0.0768050804156 0.008 0.001 0.0678050804156
9.68682190321 1141 9.62844866504 0.0583732381668 0.008 0.001 0.0493732381668
9.69482190321 1142 9.63120358233 0.063618320883 0.008 0.001 0.054618320883
9.70282190321 1143 9.6413229114 0.0614989918134 0.008 0.001 0.0524989918134
9.71082190321 1144 9.64865575309 0.062166150121 0.008 0.001 0.053166150121
9.71882190321 1145 9.64933096225 0.0694909409621 0.008 0.001 0.0604909409621
9.72682190321 1146 9.65063869219 0.0761832110215 0.008 0.001 0.0671832110215
9.73482190321 1147 9.6515765294 0.0832453738123 0.008 0.001 0.0742453738123
9.74282190321 1148 9.65343004639 0.0893918568252 0.008 0.001 0.0803918568252
9.75082190321 1149 9.66696602528 0.0838558779351 0.008 0.001 0.0748558779351
9.75882190321 1150 9.66925229093 0.0895696122828 0.008 0.001 0.0805696122828
9.76682190321 1151 9.69300242482 0.073819478386 0.008 0.001 0.064819478386
9.77482190321 1152 9.69736428706 0.0774576161507 0.008 0.001 0.0684576161507
9.78282190321 1153 9.70258531082 0.0802365923867 0.008 0.001 0.0712365923867
9.79082190321 1154 9.71080726524 0.0800146379723 0.008 0.001 0.0710146379723
9.79882190321 1155 9.71544377472 0.0833781284898 0.008 0.001 0.0743781284898
9.80682190321 1156 9.72322455549 0.0835973477225 0.008 0.001 0.0745973477225
9.81482190321 1157 9.72419737414 0.0906245290717 0.008 0.001 0.0816245290717
9.82282190321 1158 9.72989819867 0.0929237045414 0.008 0.001 0.0839237045414
9.83082190321 1159 9.73054055028 0.100281352934 0.008 0.001 0.0912813529345
9.83882190321 1160 9.73083739209 0.10798451112 0.008 0.001 0.09898451112
9.84682190321 1161 9.73601099639 0.110810906816 0.008 0.001 0.101810906816
9.85482190321 1162 9.73853812338 0.116283779829 0.008 0.001 0.107283779829
9.86282190321 1163 9.7406713694 0.122150533813 0.008 0.001 0.113150533813
9.87082190321 1164 9.74676082467 0.12406107854 0.008 0.001 0.11506107854
9.87882190321 1165 9.74930834137 0.129513561841 0.008 0.001 0.120513561841
9.88682190321 1166 9.7514221626 0.135399740612 0.008 0.001 0.126399740612
9.89482190321 1167 9.75499440779 0.139827495418 0.008 0.001 0.130827495418
9.90282190321 1168 9.78618216461 0.116639738605 0.008 0.001 0.107639738605
9.91082190321 1169 9.78710890482 0.123712998396 0.008 0.001 0.114712998396
9.91882190321 1170 9.79161531657 0.127206586645 0.008 0.001 0.118206586645
9.92682190321 1171 9.80650729795 0.120314605256 0.008 0.001 0.111314605256
9.93482190321 1172 9.81229707844 0.122524824769 0.008 0.001 0.113524824769
9.94282190321 1173 9.82734866651 0.115473236705 0.008 0.001 0.106473236705
9.95082190321 1174 9.83224299215 0.118578911059 0.008 0.001 0.109578911059
9.95882190321 1175 9.8355930885 0.123228814714 0.008 0.001 0.114228814714
9.96682190321 1176 9.85160928317 0.115212620045 0.008 0.001 0.106212620045
9.97482190321 1177 9.8552578821 0.119564021112 0.008 0.001 0.110564021112
9.98282190321 1178 9.86804924605 0.114772657159 0.008 0.001 0.105772657159
9.99082190321 1179 9.87748150154 0.113340401675 0.008 0.001 0.104340401675
9.99882190321 1180 9.88123098444 0.117590918769 0.008 0.001 0.108590918769
10.0068219032 1181 9.88695885744 0.119863045768 0.008 0.001 0.110863045768
10.0148219032 1182 9.89370223928 0.121119663926 0.008 0.001 0.112119663926
10.0228219032 1183 9.90314400397 0.119677899242 0.008 0.001 0.110677899242
10.0308219032 1184 9.90379738292 0.127024520287 0.008 0.001 0.118024520287
10.0388219032 1185 9.93737962007 0.101442283144 0.008 0.001 0.0924422831444
10.0468219032 1186 9.95050495944 0.0963169437719 0.008 0.001 0.0873169437719
10.0548219032 1187 9.9558152955 0.0990066077116 0.008 0.001 0.0900066077116
10.0628219032 1188 9.96955672946 0.0932651737552 0.008 0.001 0.0842651737552
10.0708219032 1189 9.98678726494 0.0840346382693 0.008 0.001 0.0750346382693
10.0788219032 1190 9.99671531453 0.0821065886832 0.008 0.001 0.0731065886832
