0.009 2 0 0.009 0.008 0.001 0
0.017 3 0.00259679880618 0.0144032011938 0.008 0.001 0.00540320119382
0.025 4 0.00626205505887 0.0187379449411 0.008 0.001 0.00973794494113
0.0582730282208 5 0.0492730282208 0.009 0.008 0.001 0.0
0.0662730282208 6 0.0533627008811 0.0129103273397 0.008 0.001 0.00391032733967
0.0849590897372 7 0.0759590897372 0.009 0.008 0.001 0.0
0.0929590897372 8 0.0803998255589 0.0125592641784 0.008 0.001 0.00355926417835
0.117754339899 9 0.108754339899 0.009 0.008 0.001 0.0
0.127162877364 10 0.118162877364 0.009 0.008 0.001 0.0
0.135162877364 11 0.119390855811 0.0157720215534 0.008 0.001 0.0067720215534
0.157316663796 12 0.148316663796 0.009 0.008 0.001 0.0
0.165316663796 13 0.149883569143 0.0154330946525 0.008 0.001 0.00643309465251
0.173316663796 14 0.157076052509 0.0162406112866 0.008 0.001 0.00724061128662
0.181316663796 15 0.16687184611 0.0144448176864 0.008 0.001 0.00544481768636
0.204320274278 16 0.195320274278 0.009 0.008 0.001 0.0
0.212320274278 17 0.195958338318 0.0163619359598 0.008 0.001 0.00736193595984
0.220320274278 18 0.199551208693 0.0207690655844 0.008 0.001 0.0117690655844
0.228320274278 19 0.20008144836 0.0282388259181 0.008 0.001 0.0192388259181
0.236320274278 20 0.204978480567 0.0313417937104 0.008 0.001 0.0223417937104
0.244320274278 21 0.212593788693 0.0317264855848 0.008 0.001 0.0227264855848
0.252320274278 22 0.217934460855 0.0343858134229 0.008 0.001 0.0253858134229
0.260320274278 23 0.231510268012 0.0288100062657 0.008 0.001 0.0198100062657
0.268320274278 24 0.234525477173 0.0337947971053 0.008 0.001 0.0247947971053
0.276320274278 25 0.242008236289 0.0343120379884 0.008 0.001 0.0253120379884
0.284320274278 26 0.266497277296 0.0178229969817 0.008 0.001 0.00882299698166
0.292320274278 27 0.275573906922 0.0167463673559 0.008 0.001 0.00774636735594
0.300320274278 28 0.276773409616 0.0235468646623 0.008 0.001 0.0145468646623
0.308320274278 29 0.281013412911 0.0273068613667 0.008 0.001 0.0183068613667
0.316320274278 30 0.284900812508 0.0314194617699 0.008 0.001 0.0224194617699
0.324320274278 31 0.294155022588 0.03016525169 0.008 0.001 0.02116525169
0.332320274278 32 0.295715512439 0.0366047618384 0.008 0.001 0.0276047618384
0.340320274278 33 0.298829928537 0.0414903457412 0.008 0.001 0.0324903457412
0.348320274278 34 0.311439120209 0.0368811540683 0.008 0.001 0.0278811540683
0.356320274278 35 0.320888196287 0.035432077991 0.008 0.001 0.026432077991
0.364320274278 36 0.323517794366 0.0408024799122 0.008 0.001 0.0318024799122
0.372320274278 37 0.330106076687 0.0422141975908 0.008 0.001 0.0332141975908
0.380320274278 38 0.336463947021 0.0438563272565 0.008 0.001 0.0348563272565
0.388320274278 39 0.34290664673 0.0454136275477 0.008 0.001 0.0364136275477
0.396320274278 40 0.351908091985 0.0444121822932 0.008 0.001 0.0354121822932
0.404320274278 41 0.353670894399 0.0506493798787 0.008 0.001 0.0416493798787
0.412320274278 42 0.360074351155 0.0522459231232 0.008 0.001 0.0432459231232
0.420320274278 43 0.363182279419 0.0571379948592 0.008 0.001 0.0481379948592
0.428320274278 44 0.367516996456 0.0608032778214 0.008 0.001 0.0518032778214
0.436320274278 45 0.378535188676 0.0577850856017 0.008 0.001 0.0487850856017
0.444320274278 46 0.387629587694 0.0566906865839 0.008 0.001 0.0476906865839
0.452320274278 47 0.387933795204 0.0643864790736 0.008 0.001 0.0553864790736
0.460320274278 48 0.404785688523 0.0555345857546 0.008 0.001 0.0465345857546
0.468320274278 49 0.405911503397 0.0624087708804 0.008 0.001 0.0534087708804
0.476320274278 50 0.407410867906 0.0689094063715 0.008 0.001 0.0599094063715
0.484320274278 51 0.410512384238 0.0738078900399 0.008 0.001 0.0648078900399
0.492320274278 52 0.424613910925 0.0677063633523 0.008 0.001 0.0587063633523
0.500320274278 53 0.446888991743 0.0534312825344 0.008 0.001 0.0444312825344
0.508320274278 54 0.461508195381 0.0468120788973 0.008 0.001 0.0378120788973
0.516320274278 55 0.489145738433 0.0271745358453 0.008 0.001 0.0181745358453
0.524320274278 56 0.490883285211 0.0334369890664 0.008 0.001 0.0244369890664
0.532320274278 57 0.499004582423 0.0333156918545 0.008 0.001 0.0243156918545
0.540320274278 58 0.519334148157 0.0209861261206 0.008 0.001 0.0119861261206
0.548320274278 59 0.527114369058 0.02120590522 0.008 0.001 0.01220590522
0.556320274278 60 0.529284597584 0.0270356766935 0.008 0.001 0.0180356766935
0.564320274278 61 0.532904007628 0.0314162666495 0.008 0.001 0.0224162666495
0.572320274278 62 0.549642721752 0.022677552526 0.008 0.001 0.013677552526
0.580320274278 63 0.569189814703 0.0111304595748 0.008 0.001 0.0021304595748
0.593257822567 64 0.584257822567 0.009 0.008 0.001 0.0
0.60281198823 65 0.59381198823 0.009 0.008 0.001 0.0
0.619850512824 66 0.610850512824 0.009 0.008 0.001 0.0
0.629318051252 67 0.620318051252 0.009 0.008 0.001 0.0
0.637318051252 68 0.626546023169 0.0107720280831 0.008 0.001 0.00177202808315
0.650688727419 69 0.641688727419 0.009 0.008 0.001 0.0
0.658688727419 70 0.64826964947 0.0104190779483 0.008 0.001 0.00141907794827
0.666688727419 71 0.652810759754 0.0138779676645 0.008 0.001 0.00487796766453
0.674688727419 72 0.654318289609 0.0203704378098 0.008 0.001 0.0113704378098
0.682688727419 73 0.660035487697 0.0226532397212 0.008 0.001 0.0136532397212
0.690688727419 74 0.680820662422 0.00986806499703 0.008 0.001 0.000868064997027
0.698688727419 75 0.68691559832 0.0117731290988 0.008 0.001 0.00277312909883
0.706688727419 76 0.695544360343 0.0111443670751 0.008 0.001 0.0021443670751
0.714688727419 77 0.698301001734 0.0163877256842 0.008 0.001 0.0073877256842
0.722688727419 78 0.699468495212 0.0232202322061 0.008 0.001 0.0142202322061
0.730688727419 79 0.707558888192 0.0231298392264 0.008 0.001 0.0141298392264
0.738688727419 80 0.714069251871 0.0246194755471 0.008 0.001 0.0156194755471
0.752627156782 81 0.743627156782 0.009 0.008 0.001 0.0
0.760627156782 82 0.745852251242 0.0147749055404 0.008 0.001 0.0057749055404
0.768627156782 83 0.747193188032 0.0214339687499 0.008 0.001 0.0124339687499
0.776627156782 84 0.756557048905 0.0200701078774 0.008 0.001 0.0110701078774
0.784627156782 85 0.761544462986 0.0230826937956 0.008 0.001 0.0140826937956
0.792627156782 86 0.769891668871 0.0227354879109 0.008 0.001 0.0137354879109
0.800627156782 87 0.77155408997 0.0290730668116 0.008 0.001 0.0200730668116
0.808627156782 88 0.772752689643 0.0358744671389 0.008 0.001 0.0268744671389
0.816627156782 89 0.793216815538 0.023410341244 0.008 0.001 0.014410341244
0.824627156782 90 0.80019209816 0.0244350586216 0.008 0.001 0.0154350586216
0.832627156782 91 0.805245542719 0.027381614063 0.008 0.001 0.018381614063
0.840627156782 92 0.805259996722 0.03536716006 0.008 0.001 0.02636716006
0.848627156782 93 0.809127017887 0.039500138895 0.008 0.001 0.030500138895
0.856627156782 94 0.826031377988 0.0305957787935 0.008 0.001 0.0215957787935
0.864627156782 95 0.83548043582 0.0291467209617 0.008 0.001 0.0201467209617
0.872627156782 96 0.847416718507 0.0252104382748 0.008 0.001 0.0162104382748
0.880627156782 97 0.84861432919 0.0320128275918 0.008 0.001 0.0230128275918
0.888627156782 98 0.851263980092 0.03736317669 0.008 0.001 0.02836317669
0.896627156782 99 0.865872307903 0.0307548488789 0.008 0.001 0.0217548488789
0.904627156782 100 0.867851542247 0.0367756145349 0.008 0.001 0.0277756145349
0.912627156782 101 0.873837026087 0.0387901306952 0.008 0.001 0.0297901306952
0.920627156782 102 0.875844923441 0.0447822333412 0.008 0.001 0.0357822333412
0.928627156782 103 0.877050523284 0.0515766334983 0.008 0.001 0.0425766334983
0.936627156782 104 0.887285070989 0.049342085793 0.008 0.001 0.040342085793
0.944627156782 105 0.896708197426 0.0479189593559 0.008 0.001 0.0389189593559
0.952627156782 106 0.909092315714 0.0435348410684 0.008 0.001 0.0345348410684
0.960627156782 107 0.917812957057 0.0428141997245 0.008 0.001 0.0338141997245
0.968627156782 108 0.93366530885 0.0349618479324 0.008 0.001 0.0259618479324
0.976627156782 109 0.940506035026 0.0361211217563 0.008 0.001 0.0271211217563
0.984627156782 110 0.971524661336 0.0131024954454 0.008 0.001 0.00410249544541
0.992627156782 111 0.971910388493 0.0207167682886 0.008 0.001 0.0117167682886
1.00062715678 112 0.975016698201 0.0256104585808 0.008 0.001 0.0166104585808
1.00862715678 113 0.997901810871 0.0107253459108 0.008 0.001 0.00172534591081
1.01662715678 114 1.00117931004 0.0154478467433 0.008 0.001 0.0064478467433
1.02462715678 115 1.00412001889 0.0205071378873 0.008 0.001 0.0115071378873
1.03262715678 116 1.02178253667 0.0108446201122 0.008 0.001 0.00184462011217
1.04062715678 117 1.02571462068 0.014912536099 0.008 0.001 0.00591253609899
1.04862715678 118 1.02815387991 0.0204732768685 0.008 0.001 0.0114732768685
1.07642829376 119 1.06742829376 0.009 0.008 0.001 0.0
1.08442829376 120 1.0692356871 0.0151926066577 0.008 0.001 0.00619260665774
1.09242829376 121 1.06961603253 0.0228122612272 0.008 0.001 0.0138122612272
1.10042829376 122 1.07442468569 0.0260036080689 0.008 0.001 0.0170036080689
1.10842829376 123 1.0780049009 0.0304233928525 0.008 0.001 0.0214233928525
1.11642829376 124 1.07814646031 0.0382818334509 0.008 0.001 0.0292818334509
1.12442829376 125 1.08570419819 0.0387240955656 0.008 0.001 0.0297240955656
1.13242829376 126 1.09720822274 0.0352200710211 0.008 0.001 0.0262200710211
1.14042829376 127 1.09773249382 0.0426957999355 0.008 0.001 0.0336957999355
1.14842829376 128 1.10297408926 0.0454542044988 0.008 0.001 0.0364542044988
1.15642829376 129 1.10912526575 0.0473030280036 0.008 0.001 0.0383030280036
1.16442829376 130 1.12172668332 0.042701610439 0.008 0.001 0.033701610439
1.17242829376 131 1.13447934806 0.0379489456948 0.008 0.001 0.0289489456948
1.18042829376 132 1.13495491254 0.0454733812204 0.008 0.001 0.0364733812204
1.18842829376 133 1.13541942311 0.0530088706497 0.008 0.001 0.0440088706497
1.19642829376 134 1.13560053277 0.0608277609828 0.008 0.001 0.0518277609828
1.20442829376 135 1.14504066927 0.0593876244861 0.008 0.001 0.0503876244861
1.21242829376 136 1.14938635059 0.0630419431667 0.008 0.001 0.0540419431667
1.22042829376 137 1.15152950411 0.06889878965 0.008 0.001 0.05989878965
1.22842829376 138 1.16614701273 0.0622812810309 0.008 0.001 0.0532812810309
1.23642829376 139 1.17873114545 0.0576971483024 0.008 0.001 0.0486971483024
1.24442829376 140 1.17874905714 0.0656792366211 0.008 0.001 0.0566792366211
1.25242829376 141 1.20512492436 0.0473033694014 0.008 0.001 0.0383033694014
1.26042829376 142 1.21494357867 0.0454847150866 0.008 0.001 0.0364847150866
1.26842829376 143 1.21538993684 0.0530383569164 0.008 0.001 0.0440383569164
1.27642829376 144 1.22462144588 0.0518068478812 0.008 0.001 0.0428068478812
1.28442829376 145 1.23488495939 0.0495433343648 0.008 0.001 0.0405433343648
1.29242829376 146 1.2354268424 0.0570014513517 0.008 0.001 0.0480014513517
1.30042829376 147 1.25589292127 0.0445353724888 0.008 0.001 0.0355353724888
1.30842829376 148 1.26201057476 0.0464177189994 0.008 0.001 0.0374177189994
1.31642829376 149 1.26235960676 0.0540686870009 0.008 0.001 0.0450686870009
1.32442829376 150 1.26256282313 0.061865470631 0.008 0.001 0.052865470631
1.33242829376 151 1.29737971494 0.035048578814 0.008 0.001 0.026048578814
1.34042829376 152 1.31102163559 0.0294066581641 0.008 0.001 0.0204066581641
1.34842829376 153 1.32443173912 0.0239965546341 0.008 0.001 0.0149965546341
1.35642829376 154 1.32994133952 0.0264869542359 0.008 0.001 0.0174869542359
1.36442829376 155 1.33873030359 0.0256979901688 0.008 0.001 0.0166979901688
1.37242829376 156 1.34811619173 0.0243121020257 0.008 0.001 0.0153121020257
1.38042829376 157 1.35923240553 0.0211958882286 0.008 0.001 0.0121958882286
1.38842829376 158 1.36778135603 0.0206469377254 0.008 0.001 0.0116469377254
1.39642829376 159 1.386007502 0.0104207917601 0.008 0.001 0.00142079176006
1.40442829376 160 1.3904286133 0.0139996804615 0.008 0.001 0.00499968046155
1.42021554223 161 1.41121554223 0.009 0.008 0.001 0.0
1.42821554223 162 1.41151887861 0.0166966636203 0.008 0.001 0.00769666362029
1.43621554223 163 1.41402829445 0.0221872477738 0.008 0.001 0.0131872477738
1.44421554223 164 1.42021413528 0.0240014069421 0.008 0.001 0.0150014069421
1.45388731687 165 1.44488731687 0.009 0.008 0.001 0.0
1.46188731687 166 1.44719787689 0.0146894399791 0.008 0.001 0.00568943997914
1.49938744634 167 1.49038744634 0.009 0.008 0.001 0.0
1.513105879 168 1.504105879 0.009 0.008 0.001 0.0
1.521105879 169 1.50593469866 0.0151711803454 0.008 0.001 0.00617118034536
1.529105879 170 1.50767386166 0.0214320173433 0.008 0.001 0.0124320173433
1.537105879 171 1.50781407248 0.029291806518 0.008 0.001 0.020291806518
1.545105879 172 1.50902166696 0.0360842120381 0.008 0.001 0.0270842120381
1.553105879 173 1.52536002122 0.0277458577866 0.008 0.001 0.0187458577866
1.561105879 174 1.52540527427 0.0357006047307 0.008 0.001 0.0267006047307
1.569105879 175 1.52755423715 0.0415516418502 0.008 0.001 0.0325516418502
1.577105879 176 1.52910825963 0.0479976193722 0.008 0.001 0.0389976193722
1.585105879 177 1.53323427778 0.0518716012238 0.008 0.001 0.0428716012238
1.593105879 178 1.53735532419 0.0557505548083 0.008 0.001 0.0467505548083
1.601105879 179 1.54113487213 0.059971006876 0.008 0.001 0.050971006876
1.609105879 180 1.55518258847 0.0539232905292 0.008 0.001 0.0449232905292
1.617105879 181 1.57167316764 0.0454327113644 0.008 0.001 0.0364327113644
1.625105879 182 1.57402675763 0.0510791213714 0.008 0.001 0.0420791213714
1.633105879 183 1.59315602542 0.0399498535835 0.008 0.001 0.0309498535835
1.64219783891 184 1.63319783891 0.009 0.008 0.001 0.0
1.6748147951 185 1.6658147951 0.009 0.008 0.001 0.0
1.6933579258 186 1.6843579258 0.009 0.008 0.001 0.0
1.7013579258 187 1.68872558865 0.0126323371439 0.008 0.001 0.00363233714395
1.7093579258 188 1.69083016596 0.0185277598387 0.008 0.001 0.00952775983871
1.71934215162 189 1.71034215162 0.009 0.008 0.001 0.0
1.72734215162 190 1.71177153791 0.0155706137053 0.008 0.001 0.0065706137053
1.76125574988 191 1.75225574988 0.009 0.008 0.001 0.0
1.76925574988 192 1.75526528395 0.0139904659224 0.008 0.001 0.00499046592238
1.77725574988 193 1.76294945206 0.0143062978139 0.008 0.001 0.00530629781388
1.78525574988 194 1.76560923055 0.019646519324 0.008 0.001 0.010646519324
1.79325574988 195 1.76582087144 0.0274348784344 0.008 0.001 0.0184348784344
1.80881616256 196 1.79981616256 0.009 0.008 0.001 0.0
1.81681616256 197 1.806866892 0.00994927055515 0.008 0.001 0.000949270555146
1.83298685363 198 1.82398685363 0.009 0.008 0.001 0.0
1.84098685363 199 1.82429327538 0.0166935782537 0.008 0.001 0.00769357825371
1.84898685363 200 1.82953600235 0.0194508512837 0.008 0.001 0.0104508512837
1.85698685363 201 1.84387987263 0.0131069810085 0.008 0.001 0.00410698100847
1.86498685363 202 1.84793323456 0.0170536190793 0.008 0.001 0.00805361907932
1.87298685363 203 1.84807041346 0.0249164401734 0.008 0.001 0.0159164401734
1.88098685363 204 1.85287381473 0.028113038903 0.008 0.001 0.019113038903
1.88898685363 205 1.85983748575 0.0291493678837 0.008 0.001 0.0201493678837
1.89698685363 206 1.87886218778 0.0181246658502 0.008 0.001 0.00912466585023
1.91727814679 207 1.90827814679 0.009 0.008 0.001 0.0
1.93244452353 208 1.92344452353 0.009 0.008 0.001 0.0
1.9574627412 209 1.9484627412 0.009 0.008 0.001 0.0
1.9654627412 210 1.95378056423 0.0116821769765 0.008 0.001 0.00268217697651
1.98035786663 211 1.97135786663 0.009 0.008 0.001 0.0
1.99407071636 212 1.98507071636 0.009 0.008 0.001 0.0
2.00207071636 213 1.98867246254 0.0133982538209 0.008 0.001 0.00439825382086
2.01007071636 214 1.99171770348 0.0183530128781 0.008 0.001 0.00935301287814
2.01847462161 215 2.00947462161 0.009 0.008 0.001 0.0
2.02647462161 216 2.01171358691 0.014761034703 0.008 0.001 0.00576103470299
2.03447462161 217 2.01371746443 0.0207571571831 0.008 0.001 0.0117571571831
2.04247462161 218 2.01605325383 0.026421367785 0.008 0.001 0.017421367785
2.05047462161 219 2.02287020057 0.0276044210367 0.008 0.001 0.0186044210367
2.05847462161 220 2.02693444978 0.0315401718294 0.008 0.001 0.0225401718294
2.06647462161 221 2.03171999934 0.0347546222745 0.008 0.001 0.0257546222745
2.07447462161 222 2.03219082818 0.0422837934258 0.008 0.001 0.0332837934258
2.08247462161 223 2.03900336111 0.0434712605012 0.008 0.001 0.0344712605012
2.09047462161 224 2.0541835344 0.0362910872148 0.008 0.001 0.0272910872148
2.09847462161 225 2.05705800147 0.0414166201448 0.008 0.001 0.0324166201448
2.10647462161 226 2.06304057262 0.0434340489919 0.008 0.001 0.0344340489919
2.11447462161 227 2.08297186885 0.0315027527575 0.008 0.001 0.0225027527575
2.12247462161 228 2.08524275644 0.0372318651711 0.008 0.001 0.0282318651711
2.13047462161 229 2.08860409968 0.0418705219272 0.008 0.001 0.0328705219272
2.17500053906 230 2.16600053906 0.009 0.008 0.001 0.0
2.18300053906 231 2.16764110053 0.0153594385294 0.008 0.001 0.00635943852944
2.19100053906 232 2.17109194384 0.0199085952186 0.008 0.001 0.0109085952186
2.19900053906 233 2.17680090889 0.0221996301686 0.008 0.001 0.0131996301686
2.20700053906 234 2.17726494116 0.0297355979012 0.008 0.001 0.0207355979012
2.21500053906 235 2.1785452726 0.0364552664662 0.008 0.001 0.0274552664662
2.22300053906 236 2.18467262014 0.0383279189189 0.008 0.001 0.0293279189189
2.23100053906 237 2.22069802873 0.0103025103343 0.008 0.001 0.00130251033429
2.23900053906 238 2.22786700551 0.0111335335503 0.008 0.001 0.00213353355029
2.26042844119 239 2.25142844119 0.009 0.008 0.001 0.0
2.27992135336 240 2.27092135336 0.009 0.008 0.001 0.0
2.30970219211 241 2.30070219211 0.009 0.008 0.001 0.0
2.31770219211 242 2.30360458248 0.0140976096309 0.008 0.001 0.00509760963089
2.34661984834 243 2.33761984834 0.009 0.008 0.001 0.0
2.37230064397 244 2.36330064397 0.009 0.008 0.001 0.0
2.38030064397 245 2.36779594682 0.0125046971454 0.008 0.001 0.00350469714539
2.3906866275 246 2.3816866275 0.009 0.008 0.001 0.0
2.40259077884 247 2.39359077884 0.009 0.008 0.001 0.0
2.41059077884 248 2.39939520794 0.0111955708987 0.008 0.001 0.00219557089873
2.42286506648 249 2.41386506648 0.009 0.008 0.001 0.0
2.43086506648 250 2.41671568768 0.014149378803 0.008 0.001 0.00514937880299
2.43886506648 251 2.41705817747 0.0218068890111 0.008 0.001 0.0128068890111
2.44686506648 252 2.42611141294 0.0207536535414 0.008 0.001 0.0117536535414
2.45486506648 253 2.442168659 0.0126964074867 0.008 0.001 0.0036964074867
2.46880715015 254 2.45980715015 0.009 0.008 0.001 0.0
2.47680715015 255 2.46547575973 0.011331390421 0.008 0.001 0.00233139042098
2.48480715015 256 2.46615228783 0.0186548623211 0.008 0.001 0.00965486232105
2.49560968474 257 2.48660968474 0.009 0.008 0.001 0.0
2.51485369631 258 2.50585369631 0.009 0.008 0.001 0.0
2.52285369631 259 2.51100849747 0.0118451988392 0.008 0.001 0.00284519883924
2.54194619932 260 2.53294619932 0.009 0.008 0.001 0.0
2.54994619932 261 2.53908938575 0.0108568135677 0.008 0.001 0.0018568135677
2.55794619932 262 2.54777785966 0.0101683396613 0.008 0.001 0.00116833966133
2.56594619932 263 2.55181345509 0.0141327442308 0.008 0.001 0.00513274423078
2.57394619932 264 2.55266847793 0.0212777213852 0.008 0.001 0.0122777213852
2.60681639655 265 2.59781639655 0.009 0.008 0.001 0.0
2.61481639655 266 2.60076840754 0.01404798901 0.008 0.001 0.00504798900996
2.62281639655 267 2.6020280182 0.0207883783444 0.008 0.001 0.0117883783444
2.63081639655 268 2.6198582824 0.0109581141503 0.008 0.001 0.00195811415029
2.63881639655 269 2.62674542858 0.0120709679663 0.008 0.001 0.00307096796631
2.65807758407 270 2.64907758407 0.009 0.008 0.001 0.0
2.66607758407 271 2.65089893247 0.0151786516028 0.008 0.001 0.00617865160279
2.67407758407 272 2.66317749898 0.0109000850904 0.008 0.001 0.00190008509041
2.69596534401 273 2.68696534401 0.009 0.008 0.001 0.0
2.70396534401 274 2.68993163659 0.0140337074255 0.008 0.001 0.00503370742546
2.71196534401 275 2.6924254198 0.0195399242097 0.008 0.001 0.0105399242097
2.71996534401 276 2.69784745509 0.0221178889205 0.008 0.001 0.0131178889205
2.72796534401 277 2.69960595018 0.0283593938294 0.008 0.001 0.0193593938294
2.73596534401 278 2.71914435825 0.0168209857626 0.008 0.001 0.00782098576262
2.74396534401 279 2.73204104313 0.0119243008836 0.008 0.001 0.00292430088359
2.75196534401 280 2.73713746781 0.0148278761969 0.008 0.001 0.00582787619694
2.75996534401 281 2.74500623658 0.0149591074272 0.008 0.001 0.0059591074272
2.77982754899 282 2.77082754899 0.009 0.008 0.001 0.0
2.78782754899 283 2.7749697309 0.0128578180868 0.008 0.001 0.00385781808675
2.79582754899 284 2.77875056819 0.0170769807942 0.008 0.001 0.00807698079424
2.80382754899 285 2.79342316385 0.0104043851328 0.008 0.001 0.0014043851328
2.81182754899 286 2.80000539342 0.0118221555661 0.008 0.001 0.00282215556615
2.82352657535 287 2.81452657535 0.009 0.008 0.001 0.0
2.83152657535 288 2.82041633838 0.0111102369735 0.008 0.001 0.00211023697352
2.84965065565 289 2.84065065565 0.009 0.008 0.001 0.0
2.86190284869 290 2.85290284869 0.009 0.008 0.001 0.0
2.88647972333 291 2.87747972333 0.009 0.008 0.001 0.0
2.89710913968 292 2.88810913968 0.009 0.008 0.001 0.0
2.90510913968 293 2.89542937263 0.00967976705738 0.008 0.001 0.000679767057381
2.91310913968 294 2.89945348371 0.0136556559784 0.008 0.001 0.00465565597839
2.92110913968 295 2.90330169134 0.0178074483469 0.008 0.001 0.00880744834691
2.92910913968 296 2.91599769458 0.0131114451053 0.008 0.001 0.00411144510528
2.93885551722 297 2.92985551722 0.009 0.008 0.001 0.0
2.96556929225 298 2.95656929225 0.009 0.008 0.001 0.0
2.97356929225 299 2.96379875963 0.00977053262517 0.008 0.001 0.000770532625166
2.99560264455 300 2.98660264455 0.009 0.008 0.001 0.0
3.00360264455 301 2.99203028151 0.0115723630379 0.008 0.001 0.00257236303792
3.01768042224 302 3.00868042224 0.009 0.008 0.001 0.0
3.02568042224 303 3.0140859485 0.0115944737445 0.008 0.001 0.00259447374447
3.04560170455 304 3.03660170455 0.009 0.008 0.001 0.0
3.05462417647 305 3.04562417647 0.009 0.008 0.001 0.0
3.07194138791 306 3.06294138791 0.009 0.008 0.001 0.0
3.07994138791 307 3.06577849094 0.0141628969684 0.008 0.001 0.0051628969684
3.08794138791 308 3.07026208734 0.0176793005649 0.008 0.001 0.00867930056491
3.09594138791 309 3.08238893032 0.0135524575852 0.008 0.001 0.00455245758517
3.10394138791 310 3.08522567767 0.0187157102351 0.008 0.001 0.00971571023506
3.11194138791 311 3.08997945464 0.0219619332645 0.008 0.001 0.0129619332645
3.11994138791 312 3.09752286384 0.0224185240608 0.008 0.001 0.0134185240608
3.12794138791 313 3.10146893126 0.0264724566465 0.008 0.001 0.0174724566465
3.13594138791 314 3.10386796006 0.0320734278451 0.008 0.001 0.0230734278451
3.14394138791 315 3.13066695344 0.0132744344635 0.008 0.001 0.00427443446352
3.15371959186 316 3.14471959186 0.009 0.008 0.001 0.0
3.16171959186 317 3.15182120889 0.00989838297431 0.008 0.001 0.000898382974309
3.19384118817 318 3.18484118817 0.009 0.008 0.001 0.0
3.20184118817 319 3.18720610779 0.0146350803809 0.008 0.001 0.0056350803809
3.21852234536 320 3.20952234536 0.009 0.008 0.001 0.0
3.22652234536 321 3.21281936438 0.0137029809798 0.008 0.001 0.0047029809798
3.24110573606 322 3.23210573606 0.009 0.008 0.001 0.0
3.24910573606 323 3.23957747228 0.00952826377286 0.008 0.001 0.000528263772856
3.25710573606 324 3.24199636036 0.0151093756997 0.008 0.001 0.00610937569974
3.26510573606 325 3.2480211388 0.0170845972594 0.008 0.001 0.00808459725937
3.27310573606 326 3.2603986861 0.0127070499536 0.008 0.001 0.00370704995361
3.28110573606 327 3.2656173605 0.0154883755578 0.008 0.001 0.00648837555777
3.28910573606 328 3.27243877238 0.0166669636726 0.008 0.001 0.00766696367262
3.29710573606 329 3.27385296147 0.023252774586 0.008 0.001 0.014252774586
3.30510573606 330 3.28162300423 0.0234827318303 0.008 0.001 0.0144827318303
3.31310573606 331 3.28205446176 0.031051274299 0.008 0.001 0.022051274299
3.32110573606 332 3.30181655543 0.0192891806259 0.008 0.001 0.0102891806259
3.32910573606 333 3.30222674022 0.0268789958393 0.008 0.001 0.0178789958393
3.33710573606 334 3.32095092856 0.0161548074961 0.008 0.001 0.00715480749615
3.34510573606 335 3.32361886061 0.0214868754491 0.008 0.001 0.0124868754491
3.35310573606 336 3.32544701658 0.027658719475 0.008 0.001 0.018658719475
3.36110573606 337 3.3337958942 0.0273098418583 0.008 0.001 0.0183098418583
3.36910573606 338 3.33824119775 0.0308645383045 0.008 0.001 0.0218645383045
3.37710573606 339 3.34003281734 0.0370729187136 0.008 0.001 0.0280729187136
3.38510573606 340 3.34671570253 0.0383900335315 0.008 0.001 0.0293900335315
3.39310573606 341 3.3489097123 0.0441960237616 0.008 0.001 0.0351960237616
3.40110573606 342 3.37375206746 0.027353668593 0.008 0.001 0.018353668593
3.40910573606 343 3.39302835105 0.0160773850039 0.008 0.001 0.00707738500393
3.42564882617 344 3.41664882617 0.009 0.008 0.001 0.0
3.43528005452 345 3.42628005452 0.009 0.008 0.001 0.0
3.4435716754 346 3.4345716754 0.009 0.008 0.001 0.0
3.46111737802 347 3.45211737802 0.009 0.008 0.001 0.0
3.46911737802 348 3.45860576887 0.0105116091447 0.008 0.001 0.00151160914468
3.47711737802 349 3.4611954652 0.015921912819 0.008 0.001 0.00692191281903
3.48511737802 350 3.46802705133 0.0170903266846 0.008 0.001 0.00809032668461
3.49311737802 351 3.47025873904 0.022858638982 0.008 0.001 0.013858638982
3.50111737802 352 3.48106818661 0.0200491914134 0.008 0.001 0.0110491914134
3.50911737802 353 3.48135881783 0.0277585601899 0.008 0.001 0.0187585601899
3.51711737802 354 3.50271284135 0.0144045366675 0.008 0.001 0.00540453666749
3.52511737802 355 3.51106767018 0.0140497078374 0.008 0.001 0.00504970783735
3.53311737802 356 3.52081548756 0.0123018904602 0.008 0.001 0.00330189046024
3.54111737802 357 3.52111513735 0.0200022406736 0.008 0.001 0.0110022406736
3.54911737802 358 3.52226768081 0.0268496972121 0.008 0.001 0.0178496972121
3.55711737802 359 3.5323526659 0.0247647121206 0.008 0.001 0.0157647121206
3.56511737802 360 3.53459765391 0.0305197241137 0.008 0.001 0.0215197241137
3.57311737802 361 3.54279481025 0.0303225677737 0.008 0.001 0.0213225677737
3.58111737802 362 3.5577499586 0.0233674194241 0.008 0.001 0.0143674194241
3.58911737802 363 3.55927544453 0.0298419334897 0.008 0.001 0.0208419334897
3.59711737802 364 3.56568163734 0.0314357406813 0.008 0.001 0.0224357406813
3.60511737802 365 3.56888133805 0.0362360399652 0.008 0.001 0.0272360399652
3.61311737802 366 3.56937693489 0.0437404431261 0.008 0.001 0.0347404431261
3.62111737802 367 3.57695084465 0.0441665333738 0.008 0.001 0.0351665333738
3.62911737802 368 3.57971564784 0.0494017301815 0.008 0.001 0.0404017301815
3.63711737802 369 3.58179891544 0.0553184625782 0.008 0.001 0.0463184625782
3.64511737802 370 3.58762624383 0.057491134193 0.008 0.001 0.048491134193
3.65311737802 371 3.59782431878 0.0552930592352 0.008 0.001 0.0462930592352
3.66111737802 372 3.6218782844 0.0392390936167 0.008 0.001 0.0302390936167
3.66911737802 373 3.6255926419 0.0435247361148 0.008 0.001 0.0345247361148
3.67711737802 374 3.65737150243 0.0197458755895 0.008 0.001 0.0107458755895
3.70549799967 375 3.69649799967 0.009 0.008 0.001 0.0
3.71349799967 376 3.70327293658 0.0102250630823 0.008 0.001 0.00122506308229
3.72361017716 377 3.71461017716 0.009 0.008 0.001 0.0
3.73161017716 378 3.71477658621 0.0168335909466 0.008 0.001 0.00783359094658
3.73961017716 379 3.72631301144 0.013297165722 0.008 0.001 0.00429716572196
3.74761017716 380 3.72901900645 0.0185911707035 0.008 0.001 0.00959117070352
3.77605326513 381 3.76705326513 0.009 0.008 0.001 0.0
3.78405326513 382 3.77163206285 0.012421202275 0.008 0.001 0.00342120227503
3.79205326513 383 3.7734702189 0.0185830462232 0.008 0.001 0.00958304622318
3.80005326513 384 3.77420647088 0.0258467942512 0.008 0.001 0.0168467942512
3.80805326513 385 3.77901916108 0.0290341040437 0.008 0.001 0.0200341040437
3.81605326513 386 3.7891585583 0.0268947068305 0.008 0.001 0.0178947068305
3.82405326513 387 3.79622976149 0.0278235036318 0.008 0.001 0.0188235036318
3.83205326513 388 3.80568582317 0.026367441952 0.008 0.001 0.017367441952
3.84005326513 389 3.81610751573 0.0239457494013 0.008 0.001 0.0149457494013
3.8502413707 390 3.8412413707 0.009 0.008 0.001 0.0
3.859356752 391 3.850356752 0.009 0.008 0.001 0.0
3.867356752 392 3.85035924125 0.0169975107492 0.008 0.001 0.00799751074922
3.875356752 393 3.85071268113 0.024644070868 0.008 0.001 0.015644070868
3.883356752 394 3.85129825817 0.032058493829 0.008 0.001 0.023058493829
3.891356752 395 3.87469050688 0.0166662451168 0.008 0.001 0.00766624511682
3.899356752 396 3.87612612167 0.0232306303306 0.008 0.001 0.0142306303306
3.907356752 397 3.87707418902 0.0302825629813 0.008 0.001 0.0212825629813
3.915356752 398 3.88926564395 0.0260911080485 0.008 0.001 0.0170911080485
3.923356752 399 3.89545087137 0.027905880625 0.008 0.001 0.018905880625
3.931356752 400 3.90170938662 0.0296473653742 0.008 0.001 0.0206473653742
3.939356752 401 3.90293465137 0.0364221006333 0.008 0.001 0.0274221006333
3.947356752 402 3.9042188424 0.0431379095958 0.008 0.001 0.0341379095958
3.955356752 403 3.90965670659 0.0457000454097 0.008 0.001 0.0367000454097
3.963356752 404 3.92100608951 0.042350662489 0.008 0.001 0.033350662489
3.971356752 405 3.93572221389 0.0356345381121 0.008 0.001 0.0266345381121
3.979356752 406 3.93573470041 0.0436220515865 0.008 0.001 0.0346220515865
3.987356752 407 3.9471361605 0.0402205914961 0.008 0.001 0.0312205914961
3.995356752 408 3.95304151856 0.0423152334355 0.008 0.001 0.0333152334355
4.003356752 409 3.96903536876 0.0343213832387 0.008 0.001 0.0253213832387
4.011356752 410 3.97700430026 0.0343524517416 0.008 0.001 0.0253524517416
4.019356752 411 3.97898219242 0.0403745595757 0.008 0.001 0.0313745595757
4.027356752 412 3.9905748847 0.0367818672967 0.008 0.001 0.0277818672967
4.035356752 413 4.02290636805 0.012450383952 0.008 0.001 0.00345038395198
4.043356752 414 4.02670911508 0.0166476369156 0.008 0.001 0.0076476369156
4.051356752 415 4.02962318647 0.021733565532 0.008 0.001 0.012733565532
4.059356752 416 4.04165789791 0.0176988540886 0.008 0.001 0.00869885408861
4.067356752 417 4.04282619743 0.0245305545725 0.008 0.001 0.0155305545725
4.09716750608 418 4.08816750608 0.009 0.008 0.001 0.0
4.1086215699 419 4.0996215699 0.009 0.008 0.001 0.0
4.1166215699 420 4.10592855518 0.0106930147195 0.008 0.001 0.00169301471951
4.12491612732 421 4.11591612732 0.009 0.008 0.001 0.0
4.13291612732 422 4.12069583182 0.0122202955007 0.008 0.001 0.00322029550066
4.14121288762 423 4.13221288762 0.009 0.008 0.001 0.0
4.14921288762 424 4.13915053617 0.0100623514508 0.008 0.001 0.00106235145078
4.16698514552 425 4.15798514552 0.009 0.008 0.001 0.0
4.19133237686 426 4.18233237686 0.009 0.008 0.001 0.0
4.19933237686 427 4.18585303202 0.0134793448451 0.008 0.001 0.00447934484511
4.20733237686 428 4.18604198284 0.0212903940225 0.008 0.001 0.0122903940225
4.21533237686 429 4.19886287167 0.0164695051961 0.008 0.001 0.00746950519611
4.22333237686 430 4.2050560485 0.0182763283618 0.008 0.001 0.00927632836183
4.23133237686 431 4.21165411028 0.0196782665811 0.008 0.001 0.0106782665811
4.23933237686 432 4.21817042832 0.0211619485483 0.008 0.001 0.0121619485483
4.25467182768 433 4.24567182768 0.009 0.008 0.001 0.0
4.27271010254 434 4.26371010254 0.009 0.008 0.001 0.0
4.28071010254 435 4.26563221318 0.0150778893628 0.008 0.001 0.0060778893628
4.28871010254 436 4.2720459418 0.0166641607428 0.008 0.001 0.00766416074281
4.29671010254 437 4.27221028382 0.0244998187178 0.008 0.001 0.0154998187178
4.30471010254 438 4.27323709454 0.0314730080046 0.008 0.001 0.0224730080046
4.31271010254 439 4.28141817155 0.0312919309893 0.008 0.001 0.0222919309893
4.32071010254 440 4.30534427052 0.0153658320157 0.008 0.001 0.00636583201572
4.32871010254 441 4.30781572963 0.020894372908 0.008 0.001 0.011894372908
4.33671010254 442 4.3219099878 0.0148001147367 0.008 0.001 0.00580011473674
4.34471010254 443 4.32922664918 0.0154834533564 0.008 0.001 0.0064834533564
4.35356459759 444 4.34456459759 0.009 0.008 0.001 0.0
4.36156459759 445 4.34579183589 0.0157727616964 0.008 0.001 0.00677276169643
4.36956459759 446 4.34682374971 0.0227408478773 0.008 0.001 0.0137408478773
4.37756459759 447 4.34839008175 0.0291745158343 0.008 0.001 0.0201745158343
4.38556459759 448 4.35091180641 0.0346527911735 0.008 0.001 0.0256527911735
4.39356459759 449 4.35093832801 0.0426262695763 0.008 0.001 0.0336262695763
4.40156459759 450 4.35581717407 0.0457474235159 0.008 0.001 0.0367474235159
4.40956459759 451 4.3657113772 0.0438532203859 0.008 0.001 0.0348532203859
4.41756459759 452 4.37065152605 0.0469130715418 0.008 0.001 0.0379130715418
4.42556459759 453 4.38027455826 0.0452900393268 0.008 0.001 0.0362900393268
4.43356459759 454 4.39076718735 0.0427974102395 0.008 0.001 0.0337974102395
4.44156459759 455 4.39592576623 0.0456388313552 0.008 0.001 0.0366388313552
4.44956459759 456 4.39882468714 0.0507399104489 0.008 0.001 0.0417399104489
4.45756459759 457 4.4182456218 0.0393189757888 0.008 0.001 0.0303189757888
4.46556459759 458 4.43829427524 0.0272703223466 0.008 0.001 0.0182703223466
4.4754583554 459 4.4664583554 0.009 0.008 0.001 0.0
4.4834583554 460 4.469078353 0.0143800023958 0.008 0.001 0.00538000239583
4.49826802718 461 4.48926802718 0.009 0.008 0.001 0.0
4.50626802718 462 4.48982666944 0.0164413577466 0.008 0.001 0.00744135774656
4.51426802718 463 4.50346508212 0.0108029450671 0.008 0.001 0.00180294506711
4.54198543043 464 4.53298543043 0.009 0.008 0.001 0.0
4.54998543043 465 4.53889985582 0.0110855746097 0.008 0.001 0.00208557460966
4.55981246794 466 4.55081246794 0.009 0.008 0.001 0.0
4.56781246794 467 4.55096846478 0.0168440031668 0.008 0.001 0.0078440031668
4.5758263646 468 4.5668263646 0.009 0.008 0.001 0.0
4.5838263646 469 4.56974363135 0.0140827332449 0.008 0.001 0.00508273324486
4.5918263646 470 4.57430757927 0.0175187853274 0.008 0.001 0.00851878532742
4.5998263646 471 4.57634650159 0.0234798630076 0.008 0.001 0.0144798630076
4.6078263646 472 4.5787120384 0.0291143261995 0.008 0.001 0.0201143261995
4.6158263646 473 4.58506379674 0.0307625678595 0.008 0.001 0.0217625678595
4.6238263646 474 4.58815189395 0.0356744706484 0.008 0.001 0.0266744706484
4.6318263646 475 4.59080318187 0.0410231827314 0.008 0.001 0.0320231827314
4.6398263646 476 4.59976760761 0.0400587569884 0.008 0.001 0.0310587569884
4.6478263646 477 4.60354803747 0.0442783271291 0.008 0.001 0.0352783271291
4.6558263646 478 4.604096094 0.0517302706018 0.008 0.001 0.0427302706018
4.6638263646 479 4.61406565219 0.0497607124104 0.008 0.001 0.0407607124104
4.6718263646 480 4.61996008532 0.0518662792759 0.008 0.001 0.0428662792759
4.6798263646 481 4.6320198618 0.0478065027955 0.008 0.001 0.0388065027955
4.6878263646 482 4.64418159105 0.0436447735513 0.008 0.001 0.0346447735513
4.6958263646 483 4.65771999233 0.0381063722684 0.008 0.001 0.0291063722684
4.7038263646 484 4.66737089545 0.0364554691484 0.008 0.001 0.0274554691484
4.7118263646 485 4.67360109756 0.0382252670329 0.008 0.001 0.0292252670329
4.7198263646 486 4.69927619581 0.0205501687827 0.008 0.001 0.0115501687827
4.7278263646 487 4.70179015803 0.0260362065705 0.008 0.001 0.0170362065705
4.7358263646 488 4.70221001211 0.0336163524919 0.008 0.001 0.0246163524919
4.7438263646 489 4.70773707166 0.036089292942 0.008 0.001 0.027089292942
4.7518263646 490 4.71280687247 0.0390194921236 0.008 0.001 0.0300194921236
4.7598263646 491 4.7288952361 0.030931128501 0.008 0.001 0.021931128501
4.7678263646 492 4.72916616195 0.0386602026427 0.008 0.001 0.0296602026427
4.7758263646 493 4.73397109258 0.0418552720179 0.008 0.001 0.0328552720179
4.7838263646 494 4.74409198522 0.0397343793798 0.008 0.001 0.0307343793798
4.7918263646 495 4.75696299363 0.0348633709631 0.008 0.001 0.0258633709631
4.7998263646 496 4.76958985673 0.0302365078676 0.008 0.001 0.0212365078676
4.8078263646 497 4.76973114588 0.0380952187201 0.008 0.001 0.0290952187201
4.8158263646 498 4.77859079251 0.0372355720847 0.008 0.001 0.0282355720847
4.8238263646 499 4.78237391291 0.0414524516859 0.008 0.001 0.0324524516859
4.8318263646 500 4.80068261554 0.0311437490531 0.008 0.001 0.0221437490531
4.85302503353 501 4.84402503353 0.009 0.008 0.001 0.0
4.86102503353 502 4.84606406436 0.0149609691741 0.008 0.001 0.00596096917413
4.86902503353 503 4.8481413365 0.0208836970287 0.008 0.001 0.0118836970287
4.87702503353 504 4.8599363473 0.0170886862342 0.008 0.001 0.00808868623421
4.88502503353 505 4.8599417242 0.0250833093366 0.008 0.001 0.0160833093366
4.89928365734 506 4.89028365734 0.009 0.008 0.001 0.0
4.90728365734 507 4.89745210127 0.0098315560719 0.008 0.001 0.000831556071904
4.91528365734 508 4.89843538415 0.0168482731933 0.008 0.001 0.00784827319328
4.92869073136 509 4.91969073136 0.009 0.008 0.001 0.0
4.93669073136 510 4.92129604211 0.0153946892502 0.008 0.001 0.00639468925023
4.94469073136 511 4.92353803109 0.0211527002715 0.008 0.001 0.0121527002715
4.95269073136 512 4.92371274865 0.0289779827141 0.008 0.001 0.0199779827141
4.96069073136 513 4.94487851589 0.015812215473 0.008 0.001 0.00681221547297
4.97187370054 514 4.96287370054 0.009 0.008 0.001 0.0
4.97987370054 515 4.96293792394 0.0169357765978 0.008 0.001 0.00793577659782
4.98787370054 516 4.97223026747 0.0156434330654 0.008 0.001 0.00664343306537
4.99587370054 517 4.97625810308 0.0196155974622 0.008 0.001 0.0106155974622
5.00387370054 518 4.9832771656 0.0205965349365 0.008 0.001 0.0115965349365
5.01187370054 519 4.9846492299 0.0272244706375 0.008 0.001 0.0182244706375
5.01987370054 520 4.98471497563 0.0351587249118 0.008 0.001 0.0261587249118
5.02787370054 521 4.98559632673 0.0422773738118 0.008 0.001 0.0332773738118
5.03587370054 522 4.98902414593 0.0468495546081 0.008 0.001 0.0378495546081
5.04387370054 523 5.01003651918 0.0338371813566 0.008 0.001 0.0248371813566
5.05187370054 524 5.02573181439 0.02614188615 0.008 0.001 0.01714188615
5.05987370054 525 5.035187714 0.0246859865329 0.008 0.001 0.0156859865329
5.06787370054 526 5.05413391714 0.0137397833941 0.008 0.001 0.00473978339408
5.07587370054 527 5.06053976911 0.0153339314311 0.008 0.001 0.0063339314311
5.08387370054 528 5.06604016784 0.0178335326967 0.008 0.001 0.0088335326967
5.09187370054 529 5.07838334786 0.013490352678 0.008 0.001 0.00449035267805
5.09987370054 530 5.07868256753 0.0211911330104 0.008 0.001 0.0121911330104
5.10787370054 531 5.08230132528 0.0255723752605 0.008 0.001 0.0165723752605
5.11587370054 532 5.09155205205 0.024321648491 0.008 0.001 0.015321648491
5.12628380228 533 5.11728380228 0.009 0.008 0.001 0.0
5.13428380228 534 5.11775412254 0.0165296797377 0.008 0.001 0.00752967973772
5.14228380228 535 5.1179109764 0.024372825876 0.008 0.001 0.015372825876
5.15028380228 536 5.1279464586 0.0223373436767 0.008 0.001 0.0133373436767
5.15828380228 537 5.135291952 0.0229918502813 0.008 0.001 0.0139918502813
5.16628380228 538 5.13705837244 0.0292254298392 0.008 0.001 0.0202254298392
5.17428380228 539 5.15308071996 0.0212030823227 0.008 0.001 0.0122030823227
5.18228380228 540 5.17111025952 0.011173542755 0.008 0.001 0.002173542755
5.20861520237 541 5.19961520237 0.009 0.008 0.001 0.0
5.23399926949 542 5.22499926949 0.009 0.008 0.001 0.0
5.24199926949 543 5.23003550309 0.0119637663987 0.008 0.001 0.00296376639873
5.24999926949 544 5.23799768359 0.0120015858998 0.008 0.001 0.00300158589984
5.25799926949 545 5.24263391991 0.0153653495753 0.008 0.001 0.00636534957528
5.26599926949 546 5.25207266942 0.0139266000716 0.008 0.001 0.00492660007157
5.27399926949 547 5.25629588804 0.0177033814439 0.008 0.001 0.00870338144385
5.28199926949 548 5.25663014503 0.0253691244576 0.008 0.001 0.0163691244576
5.28999926949 549 5.26148712163 0.0285121478569 0.008 0.001 0.0195121478569
5.29799926949 550 5.26683314602 0.0311661234713 0.008 0.001 0.0221661234713
5.30599926949 551 5.28858812007 0.0174111494129 0.008 0.001 0.00841114941288
5.31399926949 552 5.2926178763 0.0213813931856 0.008 0.001 0.0123813931856
5.32199926949 553 5.29909512381 0.0229041456737 0.008 0.001 0.0139041456737
5.32999926949 554 5.3086014145 0.0213978549872 0.008 0.001 0.0123978549872
5.33799926949 555 5.32692058169 0.0110786877987 0.008 0.001 0.0020786877987
5.34599926949 556 5.33619954315 0.00979972634044 0.008 0.001 0.000799726340436
5.35399926949 557 5.33745924105 0.0165400284396 0.008 0.001 0.0075400284396
5.36199926949 558 5.34895911908 0.013040150408 0.008 0.001 0.004040150408
5.36999926949 559 5.35147450758 0.0185247619102 0.008 0.001 0.00952476191016
5.37799926949 560 5.35573130958 0.0222679599073 0.008 0.001 0.0132679599073
5.38599926949 561 5.35574705409 0.0302522153976 0.008 0.001 0.0212522153976
5.39399926949 562 5.35699726604 0.0370020034468 0.008 0.001 0.0280020034468
5.40199926949 563 5.37188046576 0.0301188037273 0.008 0.001 0.0211188037273
5.40999926949 564 5.38192587296 0.0280733965252 0.008 0.001 0.0190733965252
5.41799926949 565 5.38415337347 0.0338458960198 0.008 0.001 0.0248458960198
5.42599926949 566 5.40226699473 0.0237322747567 0.008 0.001 0.0147322747567
5.43399926949 567 5.40767439568 0.0263248738094 0.008 0.001 0.0173248738094
5.44199926949 568 5.42578295308 0.0162163164051 0.008 0.001 0.00721631640507
5.44999926949 569 5.42791808186 0.0220811876324 0.008 0.001 0.0130811876324
5.45799926949 570 5.44371587835 0.0142833911335 0.008 0.001 0.00528339113348
5.46599926949 571 5.44877116286 0.0172281066257 0.008 0.001 0.0082281066257
5.48103271095 572 5.47203271095 0.009 0.008 0.001 0.0
5.48903271095 573 5.47372981922 0.0153028917339 0.008 0.001 0.00630289173385
5.49703271095 574 5.48454263848 0.0124900724712 0.008 0.001 0.00349007247125
5.50503271095 575 5.49093858922 0.0140941217342 0.008 0.001 0.00509412173419
5.51303271095 576 5.497586365 0.0154463459502 0.008 0.001 0.0064463459502
5.52839675963 577 5.51939675963 0.009 0.008 0.001 0.0
5.53639675963 578 5.52400219462 0.0123945650095 0.008 0.001 0.00339456500955
5.54439675963 579 5.53447389646 0.00992286317132 0.008 0.001 0.00092286317132
5.56139741247 580 5.55239741247 0.009 0.008 0.001 0.0
5.56939741247 581 5.55821712352 0.0111802889504 0.008 0.001 0.00218028895043
5.57845829344 582 5.56945829344 0.009 0.008 0.001 0.0
5.59323430348 583 5.58423430348 0.009 0.008 0.001 0.0
5.60336247459 584 5.59436247459 0.009 0.008 0.001 0.0
5.61225699152 585 5.60325699152 0.009 0.008 0.001 0.0
5.62074087626 586 5.61174087626 0.009 0.008 0.001 0.0
5.62874087626 587 5.61475310041 0.0139877758448 0.008 0.001 0.0049877758448
5.63674087626 588 5.61696616464 0.0197747116146 0.008 0.001 0.0107747116146
5.65059765357 589 5.64159765357 0.009 0.008 0.001 0.0
5.66600396072 590 5.65700396072 0.009 0.008 0.001 0.0
5.67831501161 591 5.66931501161 0.009 0.008 0.001 0.0
5.68631501161 592 5.66990725992 0.0164077516897 0.008 0.001 0.00740775168967
5.7035576515 593 5.6945576515 0.009 0.008 0.001 0.0
5.7115576515 594 5.69869676078 0.0128608907212 0.008 0.001 0.00386089072124
5.7195576515 595 5.69917950938 0.0203781421198 0.008 0.001 0.0113781421198
5.7275576515 596 5.70022827108 0.0273293804196 0.008 0.001 0.0183293804196
5.7355576515 597 5.71707712 0.0184805315009 0.008 0.001 0.00948053150092
5.7435576515 598 5.71790597871 0.0256516727926 0.008 0.001 0.0166516727926
5.7515576515 599 5.72247949025 0.0290781612519 0.008 0.001 0.0200781612519
5.7595576515 600 5.72704630652 0.0325113449768 0.008 0.001 0.0235113449768
5.7675576515 601 5.74840593916 0.019151712337 0.008 0.001 0.010151712337
5.7755576515 602 5.75435380887 0.0212038426248 0.008 0.001 0.0122038426248
5.7835576515 603 5.75574901132 0.0278086401765 0.008 0.001 0.0188086401765
5.7915576515 604 5.7560915744 0.0354660771028 0.008 0.001 0.0264660771028
5.7995576515 605 5.78785419699 0.0117034545082 0.008 0.001 0.00270345450823
5.8075576515 606 5.79490472442 0.0126529270812 0.008 0.001 0.00365292708121
5.82187991662 607 5.81287991662 0.009 0.008 0.001 0.0
5.82987991662 608 5.81301920656 0.0168607100568 0.008 0.001 0.00786071005681
5.83787991662 609 5.81750593485 0.0203739817694 0.008 0.001 0.0113739817694
5.84587991662 610 5.81976302194 0.0261168946783 0.008 0.001 0.0171168946783
5.85387991662 611 5.83636116835 0.0175187482668 0.008 0.001 0.00851874826675
5.86187991662 612 5.84399416187 0.0178857547468 0.008 0.001 0.00888575474678
5.86987991662 613 5.8460784442 0.0238014724193 0.008 0.001 0.0148014724193
5.87787991662 614 5.85355461078 0.0243253058332 0.008 0.001 0.0153253058332
5.88587991662 615 5.85732142102 0.0285584955926 0.008 0.001 0.0195584955926
5.89387991662 616 5.86119587248 0.0326840441393 0.008 0.001 0.0236840441393
5.90187991662 617 5.86392247319 0.0379574434297 0.008 0.001 0.0289574434297
5.90987991662 618 5.8666740582 0.0432058584152 0.008 0.001 0.0342058584152
5.91787991662 619 5.86733942454 0.0505404920729 0.008 0.001 0.0415404920729
5.92587991662 620 5.87804302298 0.0478368936388 0.008 0.001 0.0388368936388
5.93387991662 621 5.88260195364 0.0512779629708 0.008 0.001 0.0422779629708
5.94187991662 622 5.91263863948 0.0292412771359 0.008 0.001 0.0202412771359
5.94987991662 623 5.9148622883 0.0350176283108 0.008 0.001 0.0260176283108
5.95787991662 624 5.92046033276 0.0374195838518 0.008 0.001 0.0284195838518
5.96587991662 625 5.92391581453 0.0419641020889 0.008 0.001 0.0329641020889
5.97387991662 626 5.95463423571 0.0192456809025 0.008 0.001 0.0102456809025
5.98187991662 627 5.95551627468 0.026363641935 0.008 0.001 0.017363641935
5.98987991662 628 5.95651042409 0.0333694925299 0.008 0.001 0.0243694925299
6.00580863171 629 5.99680863171 0.009 0.008 0.001 0.0
6.01380863171 630 6.00470233672 0.00910629499059 0.008 0.001 0.000106294990593
6.02180863171 631 6.01027166771 0.0115369640018 0.008 0.001 0.00253696400175
6.02980863171 632 6.01546069916 0.0143479325493 0.008 0.001 0.0053479325493
6.03780863171 633 6.01777131645 0.0200373152542 0.008 0.001 0.0110373152542
6.05536892024 634 6.04636892024 0.009 0.008 0.001 0.0
6.07688146713 635 6.06788146713 0.009 0.008 0.001 0.0
6.10587794969 636 6.09687794969 0.009 0.008 0.001 0.0
6.11387794969 637 6.10225533709 0.0116226126064 0.008 0.001 0.00262261260642
6.12187794969 638 6.10243318138 0.0194447683166 0.008 0.001 0.0104447683166
6.12987794969 639 6.10497879491 0.0248991547872 0.008 0.001 0.0158991547872
6.13787794969 640 6.10985388218 0.0280240675113 0.008 0.001 0.0190240675113
6.14587794969 641 6.12164160887 0.024236340823 0.008 0.001 0.015236340823
6.15387794969 642 6.12669133679 0.0271866129044 0.008 0.001 0.0181866129044
6.16187794969 643 6.1270147866 0.0348631630896 0.008 0.001 0.0258631630896
6.16987794969 644 6.12931719798 0.0405607517105 0.008 0.001 0.0315607517105
6.17787794969 645 6.15649691774 0.0213810319548 0.008 0.001 0.0123810319548
6.18672538085 646 6.17772538085 0.009 0.008 0.001 0.0
6.21270347176 647 6.20370347176 0.009 0.008 0.001 0.0
6.22175042609 648 6.21275042609 0.009 0.008 0.001 0.0
6.22975042609 649 6.21915944833 0.0105909777588 0.008 0.001 0.00159097775882
6.23775042609 650 6.22781854273 0.00993188335776 0.008 0.001 0.000931883357759
6.25746518727 651 6.24846518727 0.009 0.008 0.001 0.0
6.26546518727 652 6.24967697296 0.0157882143096 0.008 0.001 0.00678821430958
6.27346518727 653 6.26101368782 0.012451499446 0.008 0.001 0.00345149944595
6.28146518727 654 6.26489788117 0.0165673060942 0.008 0.001 0.00756730609417
6.28946518727 655 6.27639296478 0.0130722224911 0.008 0.001 0.00407222249111
6.29746518727 656 6.2775275262 0.0199376610641 0.008 0.001 0.0109376610641
6.30546518727 657 6.28640410584 0.0190610814268 0.008 0.001 0.0100610814268
6.31346518727 658 6.3008894447 0.0125757425689 0.008 0.001 0.00357574256893
6.32146518727 659 6.30842081017 0.0130443770948 0.008 0.001 0.00404437709482
6.33430314716 660 6.32530314716 0.009 0.008 0.001 0.0
6.34230314716 661 6.33226804016 0.0100351069979 0.008 0.001 0.00103510699785
6.35080371612 662 6.34180371612 0.009 0.008 0.001 0.0
6.36555244315 663 6.35655244315 0.009 0.008 0.001 0.0
6.37355244315 664 6.35969063133 0.0138618118225 0.008 0.001 0.00486181182245
6.38577030386 665 6.37677030386 0.009 0.008 0.001 0.0
6.39377030386 666 6.38096599511 0.0128043087455 0.008 0.001 0.00380430874548
6.40382985177 667 6.39482985177 0.009 0.008 0.001 0.0
6.41182985177 668 6.40095581013 0.0108740416405 0.008 0.001 0.00187404164047
6.41982985177 669 6.40516715174 0.0146627000327 0.008 0.001 0.00566270003268
6.42782985177 670 6.40563247523 0.0221973765436 0.008 0.001 0.0131973765436
6.43582985177 671 6.40946275603 0.026367095741 0.008 0.001 0.017367095741
6.44382985177 672 6.42070738843 0.0231224633427 0.008 0.001 0.0141224633427
6.45182985177 673 6.42504246516 0.0267873866149 0.008 0.001 0.0177873866149
6.45982985177 674 6.42872667877 0.0311031729983 0.008 0.001 0.0221031729983
6.46782985177 675 6.43701159619 0.0308182555846 0.008 0.001 0.0218182555846
6.47582985177 676 6.44922176646 0.0266080853127 0.008 0.001 0.0176080853127
6.48382985177 677 6.45188102964 0.0319488221306 0.008 0.001 0.0229488221306
6.49182985177 678 6.45935619589 0.0324736558818 0.008 0.001 0.0234736558818
6.49982985177 679 6.45999193926 0.0398379125146 0.008 0.001 0.0308379125146
6.50782985177 680 6.47477854927 0.0330513024989 0.008 0.001 0.0240513024989
6.51582985177 681 6.47710839601 0.038721455757 0.008 0.001 0.029721455757
6.52382985177 682 6.48610987307 0.0377199786994 0.008 0.001 0.0287199786994
6.53182985177 683 6.49649246089 0.0353373908803 0.008 0.001 0.0263373908803
6.53982985177 684 6.52340030117 0.0164295505994 0.008 0.001 0.00742955059939
6.54782985177 685 6.52840922984 0.0194206219334 0.008 0.001 0.0104206219334
6.55582985177 686 6.5393717936 0.0164580581736 0.008 0.001 0.0074580581736
6.56382985177 687 6.53979275881 0.0240370929568 0.008 0.001 0.0150370929568
6.58536006581 688 6.57636006581 0.009 0.008 0.001 0.0
6.59336006581 689 6.57646206541 0.0168980004044 0.008 0.001 0.00789800040438
6.63779883281 690 6.62879883281 0.009 0.008 0.001 0.0
6.65008830429 691 6.64108830429 0.009 0.008 0.001 0.0
6.65956268227 692 6.65056268227 0.009 0.008 0.001 0.0
6.66756268227 693 6.65101534911 0.0165473331615 0.008 0.001 0.00754733316154
6.67556268227 694 6.65974765707 0.015815025201 0.008 0.001 0.00681502520098
6.68356268227 695 6.66769901692 0.0158636653503 0.008 0.001 0.0068636653503
6.69598822201 696 6.68698822201 0.009 0.008 0.001 0.0
6.70398822201 697 6.69213269014 0.0118555318744 0.008 0.001 0.00285553187444
6.71198822201 698 6.69440889279 0.0175793292179 0.008 0.001 0.00857932921794
6.73103065951 699 6.72203065951 0.009 0.008 0.001 0.0
6.74219082916 700 6.73319082916 0.009 0.008 0.001 0.0
6.75276250994 701 6.74376250994 0.009 0.008 0.001 0.0
6.76076250994 702 6.74801656134 0.0127459485976 0.008 0.001 0.00374594859764
6.77905348541 703 6.77005348541 0.009 0.008 0.001 0.0
6.78705348541 704 6.77545657391 0.0115969115015 0.008 0.001 0.00259691150153
6.79723945237 705 6.78823945237 0.009 0.008 0.001 0.0
6.8209306063 706 6.8119306063 0.009 0.008 0.001 0.0
6.83593532732 707 6.82693532732 0.009 0.008 0.001 0.0
6.85777094272 708 6.84877094272 0.009 0.008 0.001 0.0
6.86577094272 709 6.85349740338 0.0122735393427 0.008 0.001 0.00327353934266
6.87519342463 710 6.86619342463 0.009 0.008 0.001 0.0
6.88319342463 711 6.86638125335 0.0168121712819 0.008 0.001 0.00781217128194
6.89119342463 712 6.86787225736 0.0233211672705 0.008 0.001 0.0143211672705
6.89919342463 713 6.87022556015 0.0289678644782 0.008 0.001 0.0199678644782
6.90719342463 714 6.88082113004 0.0263722945967 0.008 0.001 0.0173722945967
6.91519342463 715 6.88626816035 0.0289252642778 0.008 0.001 0.0199252642778
6.92319342463 716 6.88752549937 0.0356679252651 0.008 0.001 0.0266679252651
6.93119342463 717 6.88775006514 0.0434433594955 0.008 0.001 0.0344433594955
6.93919342463 718 6.88863229279 0.0505611318415 0.008 0.001 0.0415611318415
6.94719342463 719 6.89227260151 0.0549208231189 0.008 0.001 0.0459208231189
6.95519342463 720 6.90837436283 0.0468190617987 0.008 0.001 0.0378190617987
6.96319342463 721 6.91037234463 0.0528210800015 0.008 0.001 0.0438210800015
6.97119342463 722 6.91271280741 0.05848061722 0.008 0.001 0.04948061722
6.97919342463 723 6.94333843897 0.0358549856584 0.008 0.001 0.0268549856584
6.98719342463 724 6.94357257231 0.0436208523192 0.008 0.001 0.0346208523192
6.99519342463 725 6.95097889744 0.0442145271875 0.008 0.001 0.0352145271875
7.00319342463 726 6.9595427031 0.0436507215344 0.008 0.001 0.0346507215344
7.01119342463 727 6.9635504884 0.0476429362344 0.008 0.001 0.0386429362344
7.01919342463 728 6.96387954352 0.0553138811139 0.008 0.001 0.0463138811138
7.02719342463 729 6.97098405698 0.0562093676532 0.008 0.001 0.0472093676532
7.03519342463 730 6.97270529379 0.0624881308437 0.008 0.001 0.0534881308437
7.04319342463 731 6.99525929349 0.0479341311382 0.008 0.001 0.0389341311382
7.05119342463 732 7.02027608281 0.0309173418197 0.008 0.001 0.0219173418197
7.05919342463 733 7.02212212603 0.0370712986055 0.008 0.001 0.0280712986055
7.06719342463 734 7.02289820023 0.0442952243982 0.008 0.001 0.0352952243982
7.07519342463 735 7.02415264216 0.0510407824746 0.008 0.001 0.0420407824746
7.08319342463 736 7.02496156584 0.0582318587889 0.008 0.001 0.0492318587889
7.09119342463 737 7.02666066358 0.064532761048 0.008 0.001 0.055532761048
7.09919342463 738 7.02991649421 0.0692769304239 0.008 0.001 0.0602769304239
7.10719342463 739 7.03611707109 0.0710763535407 0.008 0.001 0.0620763535407
7.11519342463 740 7.03755557245 0.0776378521843 0.008 0.001 0.0686378521843
7.12319342463 741 7.04534661353 0.0778468110995 0.008 0.001 0.0688468110995
7.13119342463 742 7.04917047463 0.0820229500032 0.008 0.001 0.0730229500032
7.13919342463 743 7.04972534663 0.0894680780009 0.008 0.001 0.0804680780009
7.14719342463 744 7.06386873935 0.0833246852798 0.008 0.001 0.0743246852798
7.15519342463 745 7.06810869322 0.0870847314133 0.008 0.001 0.0780847314133
7.16319342463 746 7.07223821529 0.0909552093456 0.008 0.001 0.0819552093456
7.17119342463 747 7.0765897691 0.0946036555318 0.008 0.001 0.0856036555318
7.17919342463 748 7.07879251699 0.100400907642 0.008 0.001 0.0914009076425
7.18719342463 749 7.07906208599 0.108131338637 0.008 0.001 0.0991313386373
7.19519342463 750 7.08131958943 0.1138738352 0.008 0.001 0.1048738352
7.20319342463 751 7.08324363019 0.119949794437 0.008 0.001 0.110949794437
7.21119342463 752 7.08531955509 0.125873869541 0.008 0.001 0.116873869541
7.21919342463 753 7.10036869896 0.118824725667 0.008 0.001 0.109824725667
7.22719342463 754 7.12605539765 0.101138026979 0.008 0.001 0.0921380269793
7.23519342463 755 7.14190387961 0.0932895450193 0.008 0.001 0.0842895450193
7.24319342463 756 7.14680094216 0.0963924824682 0.008 0.001 0.0873924824682
7.25119342463 757 7.15214490311 0.0990485215256 0.008 0.001 0.0900485215256
7.25919342463 758 7.15427577976 0.104917644868 0.008 0.001 0.0959176448683
7.26719342463 759 7.15765797466 0.10953544997 0.008 0.001 0.10053544997
7.27519342463 760 7.15924674608 0.115946678547 0.008 0.001 0.106946678547
7.28319342463 761 7.16722959722 0.115963827409 0.008 0.001 0.106963827409
7.29119342463 762 7.17600118587 0.115192238764 0.008 0.001 0.106192238764
7.29919342463 763 7.1875487403 0.111644684334 0.008 0.001 0.102644684334
7.30719342463 764 7.19550309968 0.111690324949 0.008 0.001 0.102690324949
7.31519342463 765 7.21775098076 0.0974424438756 0.008 0.001 0.0884424438756
7.32319342463 766 7.23462068506 0.0885727395671 0.008 0.001 0.0795727395671
7.33119342463 767 7.24456622952 0.0866271951143 0.008 0.001 0.0776271951143
7.33919342463 768 7.24459589534 0.0945975292938 0.008 0.001 0.0855975292938
7.34719342463 769 7.25862891259 0.088564512042 0.008 0.001 0.079564512042
7.35519342463 770 7.26332511867 0.0918683059631 0.008 0.001 0.0828683059631
7.36319342463 771 7.26574508871 0.0974483359218 0.008 0.001 0.0884483359218
7.37119342463 772 7.27069865257 0.100494772066 0.008 0.001 0.0914947720665
7.37919342463 773 7.28850513945 0.0906882851835 0.008 0.001 0.0816882851835
7.38719342463 774 7.30220482008 0.0849886045547 0.008 0.001 0.0759886045547
7.39519342463 775 7.3047723531 0.0904210715302 0.008 0.001 0.0814210715302
7.40319342463 776 7.31693670617 0.0862567184585 0.008 0.001 0.0772567184585
7.41119342463 777 7.32613385472 0.0850595699103 0.008 0.001 0.0760595699103
7.41919342463 778 7.33050318417 0.0886902404591 0.008 0.001 0.0796902404591
7.42719342463 779 7.33530834955 0.0918850750784 0.008 0.001 0.0828850750784
7.43519342463 780 7.34872991792 0.0864635067098 0.008 0.001 0.0774635067098
7.44319342463 781 7.35115815547 0.0920352691622 0.008 0.001 0.0830352691622
7.45119342463 782 7.37244018811 0.0787532365184 0.008 0.001 0.0697532365184
7.45919342463 783 7.37256612839 0.0866272962383 0.008 0.001 0.0776272962383
7.46719342463 784 7.38043303172 0.0867603929163 0.008 0.001 0.0777603929163
7.47519342463 785 7.38445392301 0.0907395016169 0.008 0.001 0.0817395016169
7.48319342463 786 7.39159603033 0.0915973943016 0.008 0.001 0.0825973943016
7.49119342463 787 7.3983359837 0.0928574409313 0.008 0.001 0.0838574409313
7.49919342463 788 7.4356948567 0.0634985679318 0.008 0.001 0.0544985679318
7.50719342463 789 7.43664570511 0.0705477195192 0.008 0.001 0.0615477195192
7.51519342463 790 7.43680420813 0.0783892164978 0.008 0.001 0.0693892164978
7.52319342463 791 7.47771369226 0.0454797323675 0.008 0.001 0.0364797323675
7.53119342463 792 7.48584708732 0.04534633731 0.008 0.001 0.03634633731
7.53919342463 793 7.49225706793 0.0469363566989 0.008 0.001 0.0379363566989
7.54719342463 794 7.49483537306 0.0523580515729 0.008 0.001 0.0433580515729
7.55519342463 795 7.5176314215 0.0375620031343 0.008 0.001 0.0285620031343
7.56319342463 796 7.52186053716 0.0413328874735 0.008 0.001 0.0323328874735
7.57119342463 797 7.55618317693 0.0150102476997 0.008 0.001 0.00601024769966
7.57919342463 798 7.56181374907 0.0173796755664 0.008 0.001 0.00837967556636
7.58719342463 799 7.5638701281 0.0233232965351 0.008 0.001 0.0143232965351
7.59519342463 800 7.57735333959 0.0178400850425 0.008 0.001 0.00884008504253
7.6067428665 801 7.5977428665 0.009 0.008 0.001 0.0
7.6245863101 802 7.6155863101 0.009 0.008 0.001 0.0
7.6325863101 803 7.61684785801 0.0157384520873 0.008 0.001 0.00673845208728
7.6405863101 804 7.61965447699 0.0209318331082 0.008 0.001 0.0119318331082
7.6485863101 805 7.62841157013 0.0201747399739 0.008 0.001 0.0111747399738
7.6565863101 806 7.62874200542 0.0278443046836 0.008 0.001 0.0188443046836
7.6645863101 807 7.64583708063 0.0187492294744 0.008 0.001 0.00974922947437
7.67531743596 808 7.66631743596 0.009 0.008 0.001 0.0
7.68331743596 809 7.66753901733 0.015778418625 0.008 0.001 0.00677841862503
7.69131743596 810 7.6684359865 0.0228814494588 0.008 0.001 0.0138814494588
7.69931743596 811 7.68364322254 0.0156742134237 0.008 0.001 0.00667421342365
7.70731743596 812 7.68502076956 0.0222966664015 0.008 0.001 0.0132966664015
7.71531743596 813 7.69048389248 0.0248335434756 0.008 0.001 0.0158335434756
7.72331743596 814 7.70148893547 0.0218285004882 0.008 0.001 0.0128285004882
7.73131743596 815 7.70544831117 0.0258691247861 0.008 0.001 0.0168691247861
7.73931743596 816 7.70642266311 0.0328947728491 0.008 0.001 0.0238947728491
7.74731743596 817 7.71096693294 0.036350503023 0.008 0.001 0.027350503023
7.75531743596 818 7.71408233411 0.0412351018499 0.008 0.001 0.0322351018499
7.76331743596 819 7.71801956972 0.045297866239 0.008 0.001 0.036297866239
7.77131743596 820 7.71930810804 0.0520093279205 0.008 0.001 0.0430093279205
7.77931743596 821 7.7232567075 0.0560607284606 0.008 0.001 0.0470607284606
7.78731743596 822 7.73985730525 0.0474601307137 0.008 0.001 0.0384601307137
7.79531743596 823 7.74882554154 0.0464918944228 0.008 0.001 0.0374918944228
7.80331743596 824 7.75447466352 0.0488427724441 0.008 0.001 0.0398427724441
7.81131743596 825 7.7650635464 0.0462538895595 0.008 0.001 0.0372538895595
7.81931743596 826 7.77458848293 0.0447289530317 0.008 0.001 0.0357289530317
7.82731743596 827 7.80029472291 0.0270227130502 0.008 0.001 0.0180227130502
7.83531743596 828 7.81916073259 0.0161567033675 0.008 0.001 0.00715670336754
7.84331743596 829 7.83328298006 0.0100344559011 0.008 0.001 0.00103445590114
7.8517787 830 7.8427787 0.009 0.008 0.001 0.0
7.86766536664 831 7.85866536664 0.009 0.008 0.001 0.0
7.87987721783 832 7.87087721783 0.009 0.008 0.001 0.0
7.88787721783 833 7.87257572521 0.0153014926229 0.008 0.001 0.00630149262294
7.90368645465 834 7.89468645465 0.009 0.008 0.001 0.0
7.95517951912 835 7.94617951912 0.009 0.008 0.001 0.0
7.96317951912 836 7.95039978153 0.0127797375973 0.008 0.001 0.00377973759731
7.97136078573 837 7.96236078573 0.009 0.008 0.001 0.0
7.99355584688 838 7.98455584688 0.009 0.008 0.001 0.0
8.00534646354 839 7.99634646354 0.009 0.008 0.001 0.0
8.01334646354 840 7.99993884467 0.013407618866 0.008 0.001 0.00440761886597
8.02134646354 841 8.00359441965 0.0177520438875 0.008 0.001 0.00875204388751
8.02934646354 842 8.00610564081 0.0232408227318 0.008 0.001 0.0142408227318
8.03734646354 843 8.00743039371 0.0299160698332 0.008 0.001 0.0209160698332
8.04534646354 844 8.01156831942 0.0337781441182 0.008 0.001 0.0247781441182
8.05334646354 845 8.01536628733 0.0379801762079 0.008 0.001 0.0289801762079
8.0706392695 846 8.0616392695 0.009 0.008 0.001 0.0
8.0786392695 847 8.06255004316 0.0160892263337 0.008 0.001 0.00708922633375
8.0866392695 848 8.06466853742 0.0219707320797 0.008 0.001 0.0129707320797
8.0946392695 849 8.06498581531 0.029653454187 0.008 0.001 0.020653454187
8.1026392695 850 8.08917360641 0.0134656630896 0.008 0.001 0.00446566308956
8.11575212842 851 8.10675212842 0.009 0.008 0.001 0.0
8.12375212842 852 8.11080919785 0.0129429305712 0.008 0.001 0.00394293057116
8.13175212842 853 8.11315260456 0.0185995238606 0.008 0.001 0.00959952386062
8.13975212842 854 8.11647490651 0.0232772219099 0.008 0.001 0.0142772219099
8.14775212842 855 8.11786871253 0.0298834158846 0.008 0.001 0.0208834158846
8.15575212842 856 8.12526772195 0.0304844064676 0.008 0.001 0.0214844064676
8.16375212842 857 8.13590402832 0.0278481000984 0.008 0.001 0.0188481000984
8.17175212842 858 8.14432193124 0.0274301971765 0.008 0.001 0.0184301971765
8.17975212842 859 8.16128932552 0.0184628028989 0.008 0.001 0.00946280289887
8.18775212842 860 8.17288560184 0.0148665265782 0.008 0.001 0.0058665265782
8.19575212842 861 8.18033788254 0.0154142458742 0.008 0.001 0.00641424587419
8.20375212842 862 8.19312345009 0.0106286783269 0.008 0.001 0.0016286783269
8.21175212842 863 8.1991360892 0.0126160392155 0.008 0.001 0.00361603921549
8.21975212842 864 8.20039968047 0.0193524479479 0.008 0.001 0.0103524479479
8.22942540336 865 8.22042540336 0.009 0.008 0.001 0.0
8.23742540336 866 8.22102167562 0.016403727739 0.008 0.001 0.00740372773904
8.24542540336 867 8.23173168714 0.0136937162155 0.008 0.001 0.00469371621551
8.25342540336 868 8.23896562233 0.0144597810251 0.008 0.001 0.00545978102508
8.26142540336 869 8.24116065775 0.0202647456071 0.008 0.001 0.0112647456071
8.26942540336 870 8.25903006289 0.0103953404656 0.008 0.001 0.00139534046563
8.28433975902 871 8.27533975902 0.009 0.008 0.001 0.0
8.32758701979 872 8.31858701979 0.009 0.008 0.001 0.0
8.33558701979 873 8.32179084992 0.0137961698671 0.008 0.001 0.00479616986707
8.34358701979 874 8.32212831681 0.0214587029733 0.008 0.001 0.0124587029733
8.35158701979 875 8.34053544775 0.0110515720406 0.008 0.001 0.00205157204061
8.36095577706 876 8.35195577706 0.009 0.008 0.001 0.0
8.36895577706 877 8.35703325334 0.0119225237211 0.008 0.001 0.00292252372115
8.37876547431 878 8.36976547431 0.009 0.008 0.001 0.0
8.39964735087 879 8.39064735087 0.009 0.008 0.001 0.0
8.40764735087 880 8.39549023838 0.0121571124908 0.008 0.001 0.00315711249076
8.41564735087 881 8.39615199091 0.0194953599573 0.008 0.001 0.0104953599573
8.42364735087 882 8.3997144135 0.0239329373633 0.008 0.001 0.0149329373633
8.43164735087 883 8.40262163858 0.0290257122855 0.008 0.001 0.0200257122855
8.43964735087 884 8.40972041571 0.0299269351622 0.008 0.001 0.0209269351622
8.44764735087 885 8.4144572623 0.0331900885647 0.008 0.001 0.0241900885647
8.45564735087 886 8.43005152446 0.0255958264029 0.008 0.001 0.0165958264029
8.46364735087 887 8.4350723687 0.028574982172 0.008 0.001 0.019574982172
8.47164735087 888 8.43550763481 0.0361397160612 0.008 0.001 0.0271397160612
8.47964735087 889 8.4371281153 0.0425192355697 0.008 0.001 0.0335192355697
8.48764735087 890 8.44760060685 0.0400467440139 0.008 0.001 0.0310467440139
8.49564735087 891 8.4568418397 0.0388055111698 0.008 0.001 0.0298055111698
8.50364735087 892 8.46334963669 0.0402977141816 0.008 0.001 0.0312977141816
8.51164735087 893 8.48623874294 0.0254086079324 0.008 0.001 0.0164086079324
8.51964735087 894 8.49024937019 0.0293979806765 0.008 0.001 0.0203979806765
8.52764735087 895 8.49831021557 0.0293371353006 0.008 0.001 0.0203371353006
8.53564735087 896 8.51767884499 0.0179685058729 0.008 0.001 0.00896850587295
8.54364735087 897 8.51963674906 0.0240106018104 0.008 0.001 0.0150106018104
8.55164735087 898 8.53824935161 0.0133979992604 0.008 0.001 0.00439799926035
8.55964735087 899 8.54457043229 0.0150769185754 0.008 0.001 0.00607691857539
8.56764735087 900 8.55012295208 0.0175243987863 0.008 0.001 0.00852439878627
8.57564735087 901 8.55729128759 0.018356063278 0.008 0.001 0.00935606327798
8.59087413369 902 8.58187413369 0.009 0.008 0.001 0.0
8.59887413369 903 8.58786034779 0.0110137858972 0.008 0.001 0.0020137858972
8.60687413369 904 8.58987361561 0.0170005180814 0.008 0.001 0.00800051808138
8.61487413369 905 8.60153234052 0.0133417931743 0.008 0.001 0.00434179317426
8.62287413369 906 8.60263857343 0.0202355602563 0.008 0.001 0.0112355602563
8.63087413369 907 8.60514207885 0.0257320548393 0.008 0.001 0.0167320548393
8.63887413369 908 8.60837381368 0.0305003200138 0.008 0.001 0.0215003200138
8.64687413369 909 8.61020314549 0.0366709882022 0.008 0.001 0.0276709882022
8.65487413369 910 8.61461086479 0.0402632689028 0.008 0.001 0.0312632689028
8.66287413369 911 8.61684744459 0.0460266890988 0.008 0.001 0.0370266890988
8.67087413369 912 8.6214790477 0.0493950859896 0.008 0.001 0.0403950859896
8.67887413369 913 8.62897882957 0.0498953041244 0.008 0.001 0.0408953041244
8.68687413369 914 8.63846463674 0.0484094969464 0.008 0.001 0.0394094969464
8.69487413369 915 8.63910850692 0.0557656267661 0.008 0.001 0.0467656267661
8.70287413369 916 8.64179910732 0.0610750263692 0.008 0.001 0.0520750263692
8.71087413369 917 8.64466976293 0.0662043707596 0.008 0.001 0.0572043707596
8.71887413369 918 8.64807535543 0.0707987782632 0.008 0.001 0.0617987782632
8.72687413369 919 8.67239297615 0.0544811575358 0.008 0.001 0.0454811575358
8.73487413369 920 8.67449711102 0.0603770226708 0.008 0.001 0.0513770226708
8.74287413369 921 8.67502143623 0.0678526974632 0.008 0.001 0.0588526974632
8.75087413369 922 8.70363689927 0.0472372344156 0.008 0.001 0.0382372344156
8.75887413369 923 8.70782856621 0.0510455674767 0.008 0.001 0.0420455674767
8.76687413369 924 8.71652112104 0.0503530126491 0.008 0.001 0.0413530126491
8.77487413369 925 8.73247009466 0.0424040390251 0.008 0.001 0.0334040390251
8.78287413369 926 8.73511102286 0.047763110826 0.008 0.001 0.038763110826
8.79087413369 927 8.75652198128 0.0343521524088 0.008 0.001 0.0253521524088
8.79887413369 928 8.75738356164 0.0414905720513 0.008 0.001 0.0324905720513
8.80687413369 929 8.76941482736 0.0374593063329 0.008 0.001 0.0284593063329
8.81487413369 930 8.80310459478 0.0117695389083 0.008 0.001 0.0027695389083
8.82287413369 931 8.80938508294 0.0134890507473 0.008 0.001 0.00448905074732
8.83087413369 932 8.81581389459 0.0150602390963 0.008 0.001 0.00606023909631
8.83887413369 933 8.81693256674 0.0219415669514 0.008 0.001 0.0129415669514
8.84687413369 934 8.81898748762 0.0278866460724 0.008 0.001 0.0188866460724
8.85487413369 935 8.83466165061 0.0202124830759 0.008 0.001 0.0112124830759
8.86287413369 936 8.836196569 0.0266775646928 0.008 0.001 0.0176775646928
8.87087413369 937 8.84292893216 0.0279452015301 0.008 0.001 0.0189452015301
8.87887413369 938 8.84542919932 0.0334449343675 0.008 0.001 0.0244449343675
8.88687413369 939 8.85035772479 0.0365164088995 0.008 0.001 0.0275164088995
8.89487413369 940 8.85053144939 0.0443426842963 0.008 0.001 0.0353426842963
8.90287413369 941 8.87094903636 0.031925097331 0.008 0.001 0.022925097331
8.91087413369 942 8.87152955381 0.0393445798781 0.008 0.001 0.0303445798781
8.91887413369 943 8.88231424798 0.0365598857121 0.008 0.001 0.0275598857121
8.92687413369 944 8.88296206137 0.0439120723196 0.008 0.001 0.0349120723196
8.93487413369 945 8.88717783635 0.0476962973394 0.008 0.001 0.0386962973394
8.94287413369 946 8.90060086316 0.0422732705343 0.008 0.001 0.0332732705343
8.95087413369 947 8.90251305214 0.0483610815511 0.008 0.001 0.0393610815511
8.95887413369 948 8.91436257631 0.0445115573806 0.008 0.001 0.0355115573806
8.96687413369 949 8.91571209791 0.0511620357756 0.008 0.001 0.0421620357756
8.97487413369 950 8.94716634071 0.0277077929802 0.008 0.001 0.0187077929802
8.98287413369 951 8.968033645 0.0148404886909 0.008 0.001 0.00584048869088
9.01942823173 952 9.01042823173 0.009 0.008 0.001 0.0
9.02742823173 953 9.01409587165 0.0133323600837 0.008 0.001 0.00433236008367
9.03542823173 954 9.018463676 0.0169645557341 0.008 0.001 0.00796455573414
9.0525944301 955 9.0435944301 0.009 0.008 0.001 0.0
9.06267737148 956 9.05367737148 0.009 0.008 0.001 0.0
9.08070000077 957 9.07170000077 0.009 0.008 0.001 0.0
9.08870000077 958 9.07550931606 0.0131906847102 0.008 0.001 0.00419068471018
9.09670000077 959 9.08532197454 0.0113780262262 0.008 0.001 0.00237802622622
9.10495569115 960 9.09595569115 0.009 0.008 0.001 0.0
9.11572161083 961 9.10672161083 0.009 0.008 0.001 0.0
9.12372161083 962 9.10678150922 0.0169401016092 0.008 0.001 0.00794010160917
9.13172161083 963 9.10759452955 0.0241270812804 0.008 0.001 0.0151270812804
9.13972161083 964 9.13039252144 0.00932908939559 0.008 0.001 0.000329089395594
9.15318427281 965 9.14418427281 0.009 0.008 0.001 0.0
9.16118427281 966 9.14458645894 0.0165978138731 0.008 0.001 0.00759781387313
9.18777001099 967 9.17877001099 0.009 0.008 0.001 0.0
9.19577001099 968 9.18171045862 0.0140595523774 0.008 0.001 0.00505955237743
9.20377001099 969 9.18198151954 0.0217884914499 0.008 0.001 0.0127884914499
9.21177001099 970 9.18257800103 0.0291920099608 0.008 0.001 0.0201920099608
9.21977001099 971 9.19246206381 0.0273079471851 0.008 0.001 0.0183079471851
9.22777001099 972 9.1973884945 0.0303815164964 0.008 0.001 0.0213815164964
9.23577001099 973 9.19853887905 0.0372311319466 0.008 0.001 0.0282311319466
9.24377001099 974 9.20226575216 0.0415042588382 0.008 0.001 0.0325042588382
9.25177001099 975 9.23299452831 0.0187754826846 0.008 0.001 0.00977548268458
9.25977001099 976 9.24649041997 0.0132795910271 0.008 0.001 0.00427959102711
9.26777001099 977 9.25110436974 0.0166656412586 0.008 0.001 0.00766564125864
9.27577001099 978 9.25737091634 0.0183990946523 0.008 0.001 0.00939909465234
9.28847221664 979 9.27947221664 0.009 0.008 0.001 0.0
9.31370612066 980 9.30470612066 0.009 0.008 0.001 0.0
9.32946433304 981 9.32046433304 0.009 0.008 0.001 0.0
9.34125592806 982 9.33225592806 0.009 0.008 0.001 0.0
9.34925592806 983 9.33356751177 0.0156884162921 0.008 0.001 0.00668841629215
9.35725592806 984 9.33400595859 0.0232499694704 0.008 0.001 0.0142499694704
9.41177135166 985 9.40277135166 0.009 0.008 0.001 0.0
9.41977135166 986 9.40812662297 0.0116447286835 0.008 0.001 0.00264472868348
9.42947297018 987 9.42047297018 0.009 0.008 0.001 0.0
9.43747297018 988 9.42139739392 0.0160755762632 0.008 0.001 0.00707557626316
9.44547297018 989 9.42288500336 0.022587966824 0.008 0.001 0.013587966824
9.45347297018 990 9.42418477959 0.0292881905886 0.008 0.001 0.0202881905886
9.46147297018 991 9.42920845402 0.0322645161627 0.008 0.001 0.0232645161627
9.46947297018 992 9.43473671012 0.0347362600571 0.008 0.001 0.0257362600571
9.47747297018 993 9.43964226523 0.0378307049493 0.008 0.001 0.0288307049493
9.48547297018 994 9.44247554133 0.0429974288469 0.008 0.001 0.0339974288469
9.49347297018 995 9.46496451688 0.0285084532951 0.008 0.001 0.0195084532951
9.50147297018 996 9.48007192898 0.0214010412018 0.008 0.001 0.0124010412018
9.50947297018 997 9.48904029064 0.0204326795379 0.008 0.001 0.0114326795379
9.51747297018 998 9.48926718529 0.0282057848854 0.008 0.001 0.0192057848854
9.52547297018 999 9.49345597492 0.0320169952597 0.008 0.001 0.0230169952597
9.53347297018 1000 9.50166377147 0.0318091987139 0.008 0.001 0.0228091987139
9.54147297018 1001 9.51147245802 0.0300005121632 0.008 0.001 0.0210005121632
9.54947297018 1002 9.51858638836 0.0308865818215 0.008 0.001 0.0218865818215
9.55747297018 1003 9.53102364187 0.0264493283104 0.008 0.001 0.0174493283104
9.56547297018 1004 9.53343390526 0.0320390649206 0.008 0.001 0.0230390649206
9.57347297018 1005 9.54437936869 0.0290936014886 0.008 0.001 0.0200936014886
9.58147297018 1006 9.54997084924 0.0315021209387 0.008 0.001 0.0225021209387
9.58947297018 1007 9.56446536546 0.0250076047236 0.008 0.001 0.0160076047236
9.59747297018 1008 9.56636849028 0.0311044799007 0.008 0.001 0.0221044799007
9.60547297018 1009 9.56641229539 0.0390606747844 0.008 0.001 0.0300606747844
9.61347297018 1010 9.57418089456 0.0392920756171 0.008 0.001 0.0302920756171
9.62147297018 1011 9.57561050191 0.0458624682665 0.008 0.001 0.0368624682665
9.62947297018 1012 9.58056923521 0.0489037349672 0.008 0.001 0.0399037349672
9.63747297018 1013 9.59602108337 0.0414518868111 0.008 0.001 0.0324518868111
9.64547297018 1014 9.62093123144 0.024541738742 0.008 0.001 0.015541738742
9.65347297018 1015 9.63159259292 0.0218803772569 0.008 0.001 0.0128803772569
9.66147297018 1016 9.64688768261 0.0145852875676 0.008 0.001 0.00558528756755
9.66947297018 1017 9.64889185175 0.0205811184306 0.008 0.001 0.0115811184306
9.67747297018 1018 9.6502773266 0.0271956435823 0.008 0.001 0.0181956435823
9.68547297018 1019 9.66103299691 0.0244399732662 0.008 0.001 0.0154399732662
9.69347297018 1020 9.6626661461 0.0308068240795 0.008 0.001 0.0218068240795
9.70147297018 1021 9.67705389934 0.0244190708401 0.008 0.001 0.0154190708401
9.70947297018 1022 9.68360416445 0.0258688057277 0.008 0.001 0.0168688057277
9.71747297018 1023 9.68621718093 0.0312557892449 0.008 0.001 0.0222557892449
9.72547297018 1024 9.68785041867 0.0376225515115 0.008 0.001 0.0286225515115
9.73347297018 1025 9.69051811595 0.042954854231 0.008 0.001 0.033954854231
9.74147297018 1026 9.6913895203 0.0500834498749 0.008 0.001 0.0410834498749
9.74947297018 1027 9.70875589534 0.0407170748353 0.008 0.001 0.0317170748353
9.75747297018 1028 9.71202276733 0.0454502028495 0.008 0.001 0.0364502028495
9.76547297018 1029 9.71621289867 0.0492600715122 0.008 0.001 0.0402600715122
9.77347297018 1030 9.72117253191 0.0523004382673 0.008 0.001 0.0433004382673
9.78147297018 1031 9.72807047528 0.0534024949011 0.008 0.001 0.0444024949011
9.78947297018 1032 9.74528365183 0.0441893183518 0.008 0.001 0.0351893183518
9.79747297018 1033 9.74893689494 0.0485360752362 0.008 0.001 0.0395360752362
9.80547297018 1034 9.76967048029 0.0358024898923 0.008 0.001 0.0268024898923
9.81347297018 1035 9.77271605625 0.0407569139297 0.008 0.001 0.0317569139297
9.82147297018 1036 9.78131969929 0.0401532708887 0.008 0.001 0.0311532708887
9.82947297018 1037 9.7838326394 0.0456403307812 0.008 0.001 0.0366403307812
9.83747297018 1038 9.80101837088 0.0364545992999 0.008 0.001 0.0274545992999
9.84547297018 1039 9.80528259625 0.0401903739314 0.008 0.001 0.0311903739314
9.85347297018 1040 9.82277701249 0.0306959576941 0.008 0.001 0.0216959576941
9.86147297018 1041 9.8338491125 0.0276238576776 0.008 0.001 0.0186238576776
9.86947297018 1042 9.84529100756 0.0241819626164 0.008 0.001 0.0151819626164
9.87747297018 1043 9.85387346677 0.0235995034102 0.008 0.001 0.0145995034102
9.88547297018 1044 9.85976436083 0.0257086093477 0.008 0.001 0.0167086093477
9.89347297018 1045 9.8659409838 0.0275319863764 0.008 0.001 0.0185319863764
9.90147297018 1046 9.87840538967 0.023067580508 0.008 0.001 0.014067580508
9.90995505253 1047 9.90095505253 0.009 0.008 0.001 0.0
9.91795505253 1048 9.90099037441 0.0169646781283 0.008 0.001 0.00796467812827
9.92595505253 1049 9.90795975945 0.0179952930865 0.008 0.001 0.0089952930865
9.93395505253 1050 9.91281412274 0.0211409297937 0.008 0.001 0.0121409297937
9.94195505253 1051 9.91415632991 0.0277987226223 0.008 0.001 0.0187987226223
9.94995505253 1052 9.91852391192 0.0314311406152 0.008 0.001 0.0224311406152
9.95795505253 1053 9.92755883986 0.0303962126746 0.008 0.001 0.0213962126746
9.96595505253 1054 9.94904731561 0.0169077369285 0.008 0.001 0.00790773692846
9.97395505253 1055 9.94965736163 0.0242976909075 0.008 0.001 0.0152976909075
9.98195505253 1056 9.95653291659 0.0254221359396 0.008 0.001 0.0164221359396
9.98995505253 1057 9.96418841265 0.0257666398827 0.008 0.001 0.0167666398827
9.99795505253 1058 9.97782574346 0.0201293090708 0.008 0.001 0.0111293090708
10.0059550525 1059 9.98101079447 0.0249442580692 0.008 0.001 0.0159442580692
10.0139550525 1060 9.98394516966 0.0300098828695 0.008 0.001 0.0210098828695
10.0219550525 1061 9.98630024643 0.0356548061041 0.008 0.001 0.0266548061041
