0.009 2 0 0.009 0.008 0.001 0
0.017 3 0.00727799823349 0.00972200176651 0.008 0.001 0.000722001766514
0.025267914178 4 0.016267914178 0.009 0.008 0.001 0.0
0.0349588159119 5 0.0259588159119 0.009 0.008 0.001 0.0
0.0528973003638 6 0.0438973003638 0.009 0.008 0.001 0.0
0.0608973003638 7 0.0456023930421 0.0152949073217 0.008 0.001 0.00629490732168
0.0688973003638 8 0.0572572241101 0.0116400762537 0.008 0.001 0.0026400762537
0.0768973003638 9 0.058845009544 0.0180522908198 0.008 0.001 0.00905229081976
0.0848973003638 10 0.0641873437265 0.0207099566373 0.008 0.001 0.0117099566373
0.0928973003638 11 0.082461962612 0.0104353377517 0.008 0.001 0.00143533775174
0.100897300364 12 0.0888066688713 0.0120906314925 0.008 0.001 0.00309063149245
0.108897300364 13 0.0904447082278 0.018452592136 0.008 0.001 0.00945259213596
0.116897300364 14 0.0952827928984 0.0216145074654 0.008 0.001 0.0126145074654
0.124897300364 15 0.0960558124726 0.0288414878911 0.008 0.001 0.0198414878911
0.132897300364 16 0.121004356007 0.0118929443567 0.008 0.001 0.00289294435671
0.140897300364 17 0.121776175512 0.0191211248517 0.008 0.001 0.0101211248517
0.148897300364 18 0.123685651919 0.0252116484443 0.008 0.001 0.0162116484443
0.156897300364 19 0.126096902115 0.0308003982491 0.008 0.001 0.0218003982491
0.164897300364 20 0.132559992486 0.0323373078776 0.008 0.001 0.0233373078776
0.172897300364 21 0.136685746569 0.0362115537945 0.008 0.001 0.0272115537945
0.180897300364 22 0.14552166244 0.0353756379242 0.008 0.001 0.0263756379242
0.188897300364 23 0.148582449028 0.0403148513356 0.008 0.001 0.0313148513356
0.196897300364 24 0.162177537964 0.0347197623994 0.008 0.001 0.0257197623994
0.204897300364 25 0.170350398357 0.0345469020072 0.008 0.001 0.0255469020072
0.212897300364 26 0.174586283007 0.0383110173567 0.008 0.001 0.0293110173567
0.220897300364 27 0.185413688795 0.0354836115683 0.008 0.001 0.0264836115683
0.228897300364 28 0.197762180408 0.0311351199555 0.008 0.001 0.0221351199555
0.236897300364 29 0.216563302125 0.0203339982388 0.008 0.001 0.0113339982388
0.247713181695 30 0.238713181695 0.009 0.008 0.001 0.0
0.255713181695 31 0.241693556543 0.0140196251523 0.008 0.001 0.00501962515235
0.263713181695 32 0.242246428955 0.0214667527401 0.008 0.001 0.0124667527401
0.273330819446 33 0.264330819446 0.009 0.008 0.001 0.0
0.295073470301 34 0.286073470301 0.009 0.008 0.001 0.0
0.308026094346 35 0.299026094346 0.009 0.008 0.001 0.0
0.324602087186 36 0.315602087186 0.009 0.008 0.001 0.0
0.353539363272 37 0.344539363272 0.009 0.008 0.001 0.0
0.361539363272 38 0.351609505434 0.0099298578375 0.008 0.001 0.000929857837499
0.369539363272 39 0.359378858463 0.0101605048091 0.008 0.001 0.00116050480912
0.380717831415 40 0.371717831415 0.009 0.008 0.001 0.0
0.420974242067 41 0.411974242067 0.009 0.008 0.001 0.0
0.428974242067 42 0.412220045874 0.0167541961925 0.008 0.001 0.00775419619248
0.436974242067 43 0.419743193529 0.0172310485378 0.008 0.001 0.0082310485378
0.444974242067 44 0.425885393751 0.0190888483154 0.008 0.001 0.0100888483154
0.473804366939 45 0.464804366939 0.009 0.008 0.001 0.0
0.486896768456 46 0.477896768456 0.009 0.008 0.001 0.0
0.508496352111 47 0.499496352111 0.009 0.008 0.001 0.0
0.521016918419 48 0.512016918419 0.009 0.008 0.001 0.0
0.531177492183 49 0.522177492183 0.009 0.008 0.001 0.0
0.539177492183 50 0.526524206553 0.0126532856298 0.008 0.001 0.00365328562976
0.550794775553 51 0.541794775553 0.009 0.008 0.001 0.0
0.558794775553 52 0.548111334963 0.0106834405902 0.008 0.001 0.00168344059017
0.573584239163 53 0.564584239163 0.009 0.008 0.001 0.0
0.602605459988 54 0.593605459988 0.009 0.008 0.001 0.0
0.610605459988 55 0.597977467847 0.0126279921408 0.008 0.001 0.0036279921408
0.618605459988 56 0.600034454103 0.0185710058852 0.008 0.001 0.00957100588522
0.626605459988 57 0.604613059965 0.0219924000227 0.008 0.001 0.0129924000227
0.634605459988 58 0.609771295148 0.0248341648395 0.008 0.001 0.0158341648395
0.652057364687 59 0.643057364687 0.009 0.008 0.001 0.0
0.660057364687 60 0.644379365964 0.0156779987227 0.008 0.001 0.00667799872268
0.668057364687 61 0.654710930607 0.01334643408 0.008 0.001 0.00434643407996
0.678157109064 62 0.669157109064 0.009 0.008 0.001 0.0
0.686157109064 63 0.669545458981 0.0166116500838 0.008 0.001 0.00761165008376
0.694157109064 64 0.67729980392 0.0168573051443 0.008 0.001 0.00785730514431
0.702157109064 65 0.691028251895 0.011128857169 0.008 0.001 0.00212885716897
0.718506408627 66 0.709506408627 0.009 0.008 0.001 0.0
0.741057204094 67 0.732057204094 0.009 0.008 0.001 0.0
0.781028530773 68 0.772028530773 0.009 0.008 0.001 0.0
0.79755010699 69 0.78855010699 0.009 0.008 0.001 0.0
0.806946091172 70 0.797946091172 0.009 0.008 0.001 0.0
0.814946091172 71 0.803107024724 0.0118390664482 0.008 0.001 0.00283906644822
0.826043317934 72 0.817043317934 0.009 0.008 0.001 0.0
0.848645835106 73 0.839645835106 0.009 0.008 0.001 0.0
0.863414126598 74 0.854414126598 0.009 0.008 0.001 0.0
0.871414126598 75 0.859425054185 0.0119890724134 0.008 0.001 0.00298907241336
0.879414126598 76 0.867277583797 0.0121365428011 0.008 0.001 0.00313654280109
0.887414126598 77 0.87526713144 0.0121469951581 0.008 0.001 0.00314699515811
0.895414126598 78 0.878257806881 0.0171563197171 0.008 0.001 0.0081563197171
0.903414126598 79 0.881605023296 0.021809103302 0.008 0.001 0.012809103302
0.911414126598 80 0.882033063901 0.029381062697 0.008 0.001 0.020381062697
0.919414126598 81 0.894352352851 0.0250617737471 0.008 0.001 0.0160617737471
0.931265931519 82 0.922265931519 0.009 0.008 0.001 0.0
0.939265931519 83 0.922433372164 0.0168325593556 0.008 0.001 0.00783255935555
0.948047364067 84 0.939047364067 0.009 0.008 0.001 0.0
0.962058754198 85 0.953058754198 0.009 0.008 0.001 0.0
0.991245263197 86 0.982245263197 0.009 0.008 0.001 0.0
1.01954945509 87 1.01054945509 0.009 0.008 0.001 0.0
1.03060104368 88 1.02160104368 0.009 0.008 0.001 0.0
1.03860104368 89 1.02560181678 0.0129992268957 0.008 0.001 0.00399922689573
1.04660104368 90 1.02854182273 0.0180592209449 0.008 0.001 0.00905922094492
1.05460104368 91 1.03788489719 0.016716146489 0.008 0.001 0.007716146489
1.06260104368 92 1.0404622021 0.022138841576 0.008 0.001 0.013138841576
1.07060104368 93 1.0456607202 0.0249403234761 0.008 0.001 0.0159403234761
1.07860104368 94 1.04887068512 0.0297303585538 0.008 0.001 0.0207303585538
1.08660104368 95 1.04987063145 0.0367304122307 0.008 0.001 0.0277304122307
1.09460104368 96 1.05723546294 0.0373655807375 0.008 0.001 0.0283655807375
1.10260104368 97 1.05897876654 0.0436222771428 0.008 0.001 0.0346222771428
1.11060104368 98 1.05898588826 0.0516151554143 0.008 0.001 0.0426151554143
1.11860104368 99 1.10730274523 0.0112982984511 0.008 0.001 0.00229829845108
1.12660104368 100 1.11065764899 0.0159433946831 0.008 0.001 0.00694339468309
1.15363702013 101 1.14463702013 0.009 0.008 0.001 0.0
1.16493874345 102 1.15593874345 0.009 0.008 0.001 0.0
1.18685191816 103 1.17785191816 0.009 0.008 0.001 0.0
1.19485191816 104 1.17860749792 0.0162444202457 0.008 0.001 0.00724442024566
1.20285191816 105 1.18735264804 0.0154992701275 0.008 0.001 0.00649927012754
1.21085191816 106 1.19223677862 0.0186151395471 0.008 0.001 0.00961513954708
1.22136763373 107 1.21236763373 0.009 0.008 0.001 0.0
1.24007822158 108 1.23107822158 0.009 0.008 0.001 0.0
1.27968010667 109 1.27068010667 0.009 0.008 0.001 0.0
1.28768010667 110 1.27779873371 0.00988137295969 0.008 0.001 0.000881372959691
1.31320263565 111 1.30420263565 0.009 0.008 0.001 0.0
1.32120263565 112 1.30797844838 0.013224187269 0.008 0.001 0.00422418726898
1.32920263565 113 1.30851104217 0.0206915934844 0.008 0.001 0.0116915934844
1.35745627957 114 1.34845627957 0.009 0.008 0.001 0.0
1.39160888394 115 1.38260888394 0.009 0.008 0.001 0.0
1.39960888394 116 1.38433927572 0.0152696082162 0.008 0.001 0.00626960821622
1.41081337645 117 1.40181337645 0.009 0.008 0.001 0.0
1.41881337645 118 1.40576836016 0.0130450162936 0.008 0.001 0.00404501629358
1.42681337645 119 1.41389401199 0.012919364464 0.008 0.001 0.00391936446405
1.43585766969 120 1.42685766969 0.009 0.008 0.001 0.0
1.44385766969 121 1.43226732702 0.0115903426635 0.008 0.001 0.0025903426635
1.45864229658 122 1.44964229658 0.009 0.008 0.001 0.0
1.46664229658 123 1.45151136084 0.0151309357456 0.008 0.001 0.00613093574564
1.47464229658 124 1.45712992636 0.0175123702276 0.008 0.001 0.00851237022757
1.4865782902 125 1.4775782902 0.009 0.008 0.001 0.0
1.4945782902 126 1.48241722016 0.0121610700387 0.008 0.001 0.00316107003873
1.54445384904 127 1.53545384904 0.009 0.008 0.001 0.0
1.58577919074 128 1.57677919074 0.009 0.008 0.001 0.0
1.61851076008 129 1.60951076008 0.009 0.008 0.001 0.0
1.64776678836 130 1.63876678836 0.009 0.008 0.001 0.0
1.65576678836 131 1.64053289959 0.0152338887653 0.008 0.001 0.0062338887653
1.66376678836 132 1.64059310867 0.0231736796922 0.008 0.001 0.0141736796922
1.67176678836 133 1.65712885679 0.014637931569 0.008 0.001 0.00563793156896
1.67976678836 134 1.66876298336 0.0110038049994 0.008 0.001 0.00200380499942
1.68776678836 135 1.67063347541 0.0171333129533 0.008 0.001 0.00813331295334
1.70181372004 136 1.69281372004 0.009 0.008 0.001 0.0
1.71716501371 137 1.70816501371 0.009 0.008 0.001 0.0
1.72516501371 138 1.70825648647 0.0169085272355 0.008 0.001 0.00790852723554
1.73316501371 139 1.7124526088 0.0207124049096 0.008 0.001 0.0117124049096
1.74116501371 140 1.73123569902 0.00992931468989 0.008 0.001 0.000929314689887
1.75688960668 141 1.74788960668 0.009 0.008 0.001 0.0
1.76950506383 142 1.76050506383 0.009 0.008 0.001 0.0
1.77750506383 143 1.76760613847 0.00989892535936 0.008 0.001 0.00089892535936
1.79367030539 144 1.78467030539 0.009 0.008 0.001 0.0
1.82668024694 145 1.81768024694 0.009 0.008 0.001 0.0
1.84352347351 146 1.83452347351 0.009 0.008 0.001 0.0
1.87254292315 147 1.86354292315 0.009 0.008 0.001 0.0
1.92910429273 148 1.92010429273 0.009 0.008 0.001 0.0
1.93710429273 149 1.92325336713 0.0138509256062 0.008 0.001 0.00485092560616
1.94510429273 150 1.92659275123 0.0185115415025 0.008 0.001 0.00951154150252
1.95310429273 151 1.93186946443 0.0212348283056 0.008 0.001 0.0122348283056
1.96110429273 152 1.94319243905 0.0179118536838 0.008 0.001 0.00891185368384
1.97872486236 153 1.96972486236 0.009 0.008 0.001 0.0
1.98908924871 154 1.98008924871 0.009 0.008 0.001 0.0
1.99708924871 155 1.98745535247 0.00963389624467 0.008 0.001 0.000633896244673
2.01551712928 156 2.00651712928 0.009 0.008 0.001 0.0
2.02653406964 157 2.01753406964 0.009 0.008 0.001 0.0
2.03453406964 158 2.01955455913 0.0149795105069 0.008 0.001 0.00597951050694
2.04253406964 159 2.02090894432 0.0216251253176 0.008 0.001 0.0126251253176
2.05383245989 160 2.04483245989 0.009 0.008 0.001 0.0
2.08504219919 161 2.07604219919 0.009 0.008 0.001 0.0
2.09304219919 162 2.07870423563 0.0143379635522 0.008 0.001 0.00533796355218
2.10104219919 163 2.07978780228 0.0212543969066 0.008 0.001 0.0122543969066
2.10904219919 164 2.08337821568 0.0256639835012 0.008 0.001 0.0166639835013
2.11704219919 165 2.08859156435 0.0284506348352 0.008 0.001 0.0194506348352
2.12504219919 166 2.08876301562 0.0362791835643 0.008 0.001 0.0272791835643
2.13304219919 167 2.09471809368 0.0383241055035 0.008 0.001 0.0293241055035
2.14104219919 168 2.09866071893 0.0423814802518 0.008 0.001 0.0333814802518
2.14904219919 169 2.1367141063 0.012328092883 0.008 0.001 0.00332809288305
2.1786077705 170 2.1696077705 0.009 0.008 0.001 0.0
2.21036631847 171 2.20136631847 0.009 0.008 0.001 0.0
2.22092332468 172 2.21192332468 0.009 0.008 0.001 0.0
2.22892332468 173 2.21814309781 0.0107802268657 0.008 0.001 0.00178022686574
2.23692332468 174 2.22713513806 0.00978818661652 0.008 0.001 0.000788186616525
2.24492332468 175 2.23200543267 0.0129178920108 0.008 0.001 0.00391789201081
2.25292332468 176 2.23806403737 0.014859287312 0.008 0.001 0.00585928731201
2.2714325325 177 2.2624325325 0.009 0.008 0.001 0.0
2.30331647887 178 2.29431647887 0.009 0.008 0.001 0.0
2.31511375375 179 2.30611375375 0.009 0.008 0.001 0.0
2.33554667863 180 2.32654667863 0.009 0.008 0.001 0.0
2.37234275508 181 2.36334275508 0.009 0.008 0.001 0.0
2.38034275508 182 2.36760006059 0.0127426944888 0.008 0.001 0.00374269448885
2.38834275508 183 2.37396831082 0.0143744442619 0.008 0.001 0.00537444426192
2.40313754978 184 2.39413754978 0.009 0.008 0.001 0.0
2.41113754978 185 2.3981192335 0.0130183162752 0.008 0.001 0.00401831627516
2.41913754978 186 2.40657247694 0.0125650728364 0.008 0.001 0.00356507283644
2.42713754978 187 2.41168437974 0.0154531700444 0.008 0.001 0.00645317004438
2.43513754978 188 2.42459561611 0.0105419336742 0.008 0.001 0.00154193367419
2.44313754978 189 2.42475465656 0.0183828932218 0.008 0.001 0.00938289322179
2.45113754978 190 2.42969673364 0.0214408161424 0.008 0.001 0.0124408161424
2.45913754978 191 2.43632323549 0.0228143142906 0.008 0.001 0.0138143142906
2.46713754978 192 2.44227761304 0.0248599367417 0.008 0.001 0.0158599367417
2.47513754978 193 2.45927979738 0.0158577523969 0.008 0.001 0.00685775239691
2.53114982634 194 2.52214982634 0.009 0.008 0.001 0.0
2.53979017861 195 2.53079017861 0.009 0.008 0.001 0.0
2.56574899672 196 2.55674899672 0.009 0.008 0.001 0.0
2.59249212623 197 2.58349212623 0.009 0.008 0.001 0.0
2.60049212623 198 2.58919072307 0.0113014031639 0.008 0.001 0.00230140316388
2.6163752971 199 2.6073752971 0.009 0.008 0.001 0.0
2.66493585192 200 2.65593585192 0.009 0.008 0.001 0.0
2.67293585192 201 2.6626219655 0.0103138864197 0.008 0.001 0.00131388641972
2.68093585192 202 2.66356567089 0.0173701810297 0.008 0.001 0.0083701810297
2.68893585192 203 2.67804714461 0.0108887073121 0.008 0.001 0.00188870731214
2.69693585192 204 2.68572860349 0.0112072484355 0.008 0.001 0.00220724843546
2.70525726437 205 2.69625726437 0.009 0.008 0.001 0.0
2.71325726437 206 2.7021788152 0.0110784491755 0.008 0.001 0.00207844917554
2.7531198572 207 2.7441198572 0.009 0.008 0.001 0.0
2.77227168405 208 2.76327168405 0.009 0.008 0.001 0.0
2.78027168405 209 2.76355010483 0.0167215792278 0.008 0.001 0.0077215792278
2.78827168405 210 2.76668264463 0.0215890394286 0.008 0.001 0.0125890394286
2.79627168405 211 2.78087569456 0.0153959894969 0.008 0.001 0.00639598949694
2.80427168405 212 2.78400067294 0.0202710111097 0.008 0.001 0.0112710111097
2.81227168405 213 2.7925809838 0.0196907002574 0.008 0.001 0.0106907002574
2.82027168405 214 2.79777190252 0.0224997815369 0.008 0.001 0.0134997815369
2.82827168405 215 2.81873594153 0.00953574252444 0.008 0.001 0.000535742524437
2.84275706006 216 2.83375706006 0.009 0.008 0.001 0.0
2.85853721516 217 2.84953721516 0.009 0.008 0.001 0.0
2.88052626581 218 2.87152626581 0.009 0.008 0.001 0.0
2.89284011583 219 2.88384011583 0.009 0.008 0.001 0.0
2.90084011583 220 2.88592346986 0.0149166459732 0.008 0.001 0.00591664597319
2.91506190989 221 2.90606190989 0.009 0.008 0.001 0.0
2.93929173413 222 2.93029173413 0.009 0.008 0.001 0.0
2.94729173413 223 2.93572005041 0.0115716837167 0.008 0.001 0.0025716837167
2.97723110313 224 2.96823110313 0.009 0.008 0.001 0.0
2.98523110313 225 2.97321068338 0.0120204197543 0.008 0.001 0.00302041975428
2.99323110313 226 2.97367030172 0.019560801411 0.008 0.001 0.010560801411
3.00123110313 227 2.97976154368 0.0214695594461 0.008 0.001 0.0124695594461
3.00923110313 228 2.9918305247 0.0174005784273 0.008 0.001 0.00840057842732
3.01723110313 229 2.9954040424 0.0218270607357 0.008 0.001 0.0128270607357
3.02523110313 230 3.00037214118 0.0248589619543 0.008 0.001 0.0158589619543
3.03323110313 231 3.00562651129 0.0276045918454 0.008 0.001 0.0186045918454
3.04123110313 232 3.02526285726 0.0159682458744 0.008 0.001 0.00696824587437
3.04923110313 233 3.02878727293 0.0204438301992 0.008 0.001 0.0114438301992
3.05723110313 234 3.04336712332 0.0138639798138 0.008 0.001 0.00486397981377
3.07681415239 235 3.06781415239 0.009 0.008 0.001 0.0
3.08481415239 236 3.06896903775 0.0158451146396 0.008 0.001 0.00684511463956
3.09281415239 237 3.0717226977 0.0210914546888 0.008 0.001 0.0120914546888
3.10081415239 238 3.08947093841 0.0113432139792 0.008 0.001 0.00234321397921
3.12268129638 239 3.11368129638 0.009 0.008 0.001 0.0
3.13896319454 240 3.12996319454 0.009 0.008 0.001 0.0
3.15454591055 241 3.14554591055 0.009 0.008 0.001 0.0
3.18076262137 242 3.17176262137 0.009 0.008 0.001 0.0
3.20167612055 243 3.19267612055 0.009 0.008 0.001 0.0
3.20967612055 244 3.19351371311 0.0161624074333 0.008 0.001 0.0071624074333
3.21767612055 245 3.19679030298 0.0208858175679 0.008 0.001 0.0118858175679
3.22567612055 246 3.2142558358 0.0114202847516 0.008 0.001 0.0024202847516
3.23367612055 247 3.21873436864 0.0149417519065 0.008 0.001 0.00594175190649
3.24167612055 248 3.22699051081 0.0146856097386 0.008 0.001 0.00568560973856
3.24967612055 249 3.23319490143 0.0164812191188 0.008 0.001 0.00748121911877
3.2775576294 250 3.2685576294 0.009 0.008 0.001 0.0
3.2855576294 251 3.27623581903 0.00932181037221 0.008 0.001 0.000321810372209
3.30219817842 252 3.29319817842 0.009 0.008 0.001 0.0
3.32267509462 253 3.31367509462 0.009 0.008 0.001 0.0
3.33067509462 254 3.32054271703 0.0101323775866 0.008 0.001 0.0011323775866
3.35450879752 255 3.34550879752 0.009 0.008 0.001 0.0
3.36250879752 256 3.34619949934 0.016309298183 0.008 0.001 0.00730929818299
3.37214037823 257 3.36314037823 0.009 0.008 0.001 0.0
3.38514815281 258 3.37614815281 0.009 0.008 0.001 0.0
3.40630944258 259 3.39730944258 0.009 0.008 0.001 0.0
3.41979163312 260 3.41079163312 0.009 0.008 0.001 0.0
3.42779163312 261 3.41571182161 0.0120798115049 0.008 0.001 0.00307981150494
3.43861523084 262 3.42961523084 0.009 0.008 0.001 0.0
3.44696364596 263 3.43796364596 0.009 0.008 0.001 0.0
3.48819669648 264 3.47919669648 0.009 0.008 0.001 0.0
3.50695159957 265 3.49795159957 0.009 0.008 0.001 0.0
3.54102776205 266 3.53202776205 0.009 0.008 0.001 0.0
3.54902776205 267 3.53603906306 0.0129886989902 0.008 0.001 0.00398869899018
3.55702776205 268 3.54587100688 0.011156755166 0.008 0.001 0.00215675516599
3.56502776205 269 3.548902425 0.0161253370473 0.008 0.001 0.0071253370473
3.57302776205 270 3.54907565549 0.0239521065578 0.008 0.001 0.0149521065578
3.58102776205 271 3.55181709573 0.0292106663201 0.008 0.001 0.0202106663201
3.58902776205 272 3.55389152259 0.0351362394573 0.008 0.001 0.0261362394573
3.59702776205 273 3.56051273533 0.0365150267151 0.008 0.001 0.0275150267151
3.60502776205 274 3.57668451472 0.0283432473338 0.008 0.001 0.0193432473338
3.61302776205 275 3.58327463143 0.0297531306208 0.008 0.001 0.0207531306208
3.62102776205 276 3.59705564237 0.0239721196758 0.008 0.001 0.0149721196758
3.62902776205 277 3.60486599032 0.0241617717265 0.008 0.001 0.0151617717265
3.63793596768 278 3.62893596768 0.009 0.008 0.001 0.0
3.65710236233 279 3.64810236233 0.009 0.008 0.001 0.0
3.66510236233 280 3.65595964682 0.00914271550151 0.008 0.001 0.000142715501513
3.67310236233 281 3.65883343603 0.0142689262938 0.008 0.001 0.0052689262938
3.68110236233 282 3.66186176522 0.0192405971053 0.008 0.001 0.0102405971053
3.68910236233 283 3.67887990291 0.0102224594151 0.008 0.001 0.00122245941506
3.69793240797 284 3.68893240797 0.009 0.008 0.001 0.0
3.71335687494 285 3.70435687494 0.009 0.008 0.001 0.0
3.73009010455 286 3.72109010455 0.009 0.008 0.001 0.0
3.73809010455 287 3.72617551734 0.0119145872077 0.008 0.001 0.00291458720769
3.74609010455 288 3.72945615091 0.0166339536389 0.008 0.001 0.00763395363888
3.75409010455 289 3.73862308106 0.0154670234888 0.008 0.001 0.00646702348883
3.76209010455 290 3.74098212383 0.021107980718 0.008 0.001 0.012107980718
3.77009010455 291 3.74130955408 0.0287805504729 0.008 0.001 0.0197805504729
3.77809010455 292 3.74455023607 0.0335398684839 0.008 0.001 0.0245398684839
3.78609010455 293 3.75044392466 0.0356461798896 0.008 0.001 0.0266461798896
3.79409010455 294 3.76617524912 0.027914855427 0.008 0.001 0.018914855427
3.80209010455 295 3.77280320093 0.0292869036225 0.008 0.001 0.0202869036225
3.81009010455 296 3.78880919201 0.0212809125456 0.008 0.001 0.0122809125456
3.81809010455 297 3.79279608854 0.0252940160148 0.008 0.001 0.0162940160148
3.82609010455 298 3.80056611109 0.0255239934664 0.008 0.001 0.0165239934664
3.83524804899 299 3.82624804899 0.009 0.008 0.001 0.0
3.84324804899 300 3.82835213618 0.0148959128067 0.008 0.001 0.00589591280672
3.85124804899 301 3.82843934488 0.0228087041117 0.008 0.001 0.0138087041117
3.85924804899 302 3.84133358142 0.0179144675676 0.008 0.001 0.00891446756763
3.86724804899 303 3.84950197783 0.017746071157 0.008 0.001 0.00874607115703
3.87524804899 304 3.85761840267 0.017629646322 0.008 0.001 0.00862964632202
3.90430169219 305 3.89530169219 0.009 0.008 0.001 0.0
3.91230169219 306 3.89721553263 0.0150861595547 0.008 0.001 0.00608615955466
3.92030169219 307 3.89727230539 0.0230293867977 0.008 0.001 0.0140293867977
3.92830169219 308 3.9037459913 0.0245557008888 0.008 0.001 0.0155557008888
3.93630169219 309 3.90550336227 0.03079832992 0.008 0.001 0.02179832992
3.94430169219 310 3.91525710665 0.0290445855349 0.008 0.001 0.0200445855349
3.95230169219 311 3.93941924885 0.0128824433341 0.008 0.001 0.00388244333408
3.96030169219 312 3.94069770732 0.0196039848677 0.008 0.001 0.0106039848677
3.96830169219 313 3.9448120347 0.0234896574811 0.008 0.001 0.0144896574811
3.97630169219 314 3.95507096384 0.0212307283457 0.008 0.001 0.0122307283457
3.98430169219 315 3.95981253926 0.0244891529257 0.008 0.001 0.0154891529257
3.99230169219 316 3.96136708662 0.0309346055696 0.008 0.001 0.0219346055696
4.00030169219 317 3.96171007359 0.0385916185985 0.008 0.001 0.0295916185985
4.00830169219 318 3.97068083156 0.0376208606277 0.008 0.001 0.0286208606277
4.01630169219 319 3.97770844005 0.0385932521317 0.008 0.001 0.0295932521317
4.02430169219 320 4.01220234214 0.012099350049 0.008 0.001 0.00309935004899
4.03230169219 321 4.01349813059 0.0188035615911 0.008 0.001 0.00980356159107
4.04030169219 322 4.0220219986 0.0182796935808 0.008 0.001 0.00927969358076
4.04830169219 323 4.03670254559 0.0115991465959 0.008 0.001 0.0025991465959
4.05630169219 324 4.0375211675 0.0187805246838 0.008 0.001 0.00978052468383
4.06430169219 325 4.0433770222 0.0209246699883 0.008 0.001 0.0119246699883
4.07410369171 326 4.06510369171 0.009 0.008 0.001 0.0
4.12141934113 327 4.11241934113 0.009 0.008 0.001 0.0
4.12941934113 328 4.11338351278 0.0160358283549 0.008 0.001 0.00703582835485
4.13757240789 329 4.12857240789 0.009 0.008 0.001 0.0
4.16328864438 330 4.15428864438 0.009 0.008 0.001 0.0
4.17128864438 331 4.15531958677 0.015969057609 0.008 0.001 0.00696905760897
4.17928864438 332 4.16985956329 0.00942908108585 0.008 0.001 0.00042908108585
4.18728864438 333 4.17085645011 0.0164321942651 0.008 0.001 0.00743219426511
4.19528864438 334 4.17898417676 0.0163044676153 0.008 0.001 0.00730446761528
4.20328864438 335 4.18117426408 0.0221143802972 0.008 0.001 0.0131143802972
4.21128864438 336 4.1817545496 0.0295340947837 0.008 0.001 0.0205340947837
4.21928864438 337 4.1906518653 0.0286367790798 0.008 0.001 0.0196367790798
4.25243278618 338 4.24343278618 0.009 0.008 0.001 0.0
4.26043278618 339 4.25068536617 0.00974742001165 0.008 0.001 0.000747420011653
4.27750725779 340 4.26850725779 0.009 0.008 0.001 0.0
4.28919277829 341 4.28019277829 0.009 0.008 0.001 0.0
4.29719277829 342 4.28083815464 0.016354623647 0.008 0.001 0.00735462364698
4.30519277829 343 4.28266039024 0.0225323880479 0.008 0.001 0.0135323880479
4.33694477939 344 4.32794477939 0.009 0.008 0.001 0.0
4.35536551544 345 4.34636551544 0.009 0.008 0.001 0.0
4.38577764893 346 4.37677764893 0.009 0.008 0.001 0.0
4.40473541782 347 4.39573541782 0.009 0.008 0.001 0.0
4.41273541782 348 4.3977757196 0.0149596982205 0.008 0.001 0.0059596982205
4.42073541782 349 4.4018405149 0.0188949029209 0.008 0.001 0.0098949029209
4.42873541782 350 4.41284442758 0.0158909902354 0.008 0.001 0.00689099023537
4.43673541782 351 4.41320157866 0.0235338391529 0.008 0.001 0.0145338391529
4.44473541782 352 4.43207102996 0.0126643878528 0.008 0.001 0.00366438785278
4.46560232766 353 4.45660232766 0.009 0.008 0.001 0.0
4.47449606261 354 4.46549606261 0.009 0.008 0.001 0.0
4.48249606261 355 4.47230154383 0.0101945187777 0.008 0.001 0.00119451877767
4.49049606261 356 4.4734367335 0.0170593291147 0.008 0.001 0.00805932911471
4.49849606261 357 4.48114615746 0.0173499051482 0.008 0.001 0.00834990514824
4.50649606261 358 4.49381511411 0.0126809485047 0.008 0.001 0.00368094850474
4.51449606261 359 4.4965757938 0.017920268806 0.008 0.001 0.00892026880602
4.53830984954 360 4.52930984954 0.009 0.008 0.001 0.0
4.54630984954 361 4.53300990822 0.0132999413216 0.008 0.001 0.00429994132164
4.56018779219 362 4.55118779219 0.009 0.008 0.001 0.0
4.56818779219 363 4.55628968667 0.0118981055176 0.008 0.001 0.00289810551757
4.57618779219 364 4.55644818496 0.0197396072322 0.008 0.001 0.0107396072322
4.58418779219 365 4.56012252525 0.0240652669422 0.008 0.001 0.0150652669422
4.59813819683 366 4.58913819683 0.009 0.008 0.001 0.0
4.60613819683 367 4.59626896259 0.00986923423473 0.008 0.001 0.000869234234728
4.61413819683 368 4.59755565393 0.0165825428966 0.008 0.001 0.00758254289661
4.62213819683 369 4.60191152161 0.0202266752183 0.008 0.001 0.0112266752182
4.63013819683 370 4.618689028 0.0114491688299 0.008 0.001 0.00244916882988
4.64253897069 371 4.63353897069 0.009 0.008 0.001 0.0
4.65053897069 372 4.63742260149 0.0131163691905 0.008 0.001 0.00411636919048
4.66638111598 373 4.65738111598 0.009 0.008 0.001 0.0
4.69338831755 374 4.68438831755 0.009 0.008 0.001 0.0
4.70138831755 375 4.68443355649 0.0169547610578 0.008 0.001 0.00795476105777
4.70938831755 376 4.69271954254 0.0166687750044 0.008 0.001 0.00766877500445
4.73258985441 377 4.72358985441 0.009 0.008 0.001 0.0
4.74058985441 378 4.72395885477 0.0166309996404 0.008 0.001 0.0076309996404
4.74858985441 379 4.7328770416 0.015712812817 0.008 0.001 0.00671281281703
4.78311552676 380 4.77411552676 0.009 0.008 0.001 0.0
4.84258549067 381 4.83358549067 0.009 0.008 0.001 0.0
4.85058549067 382 4.83932374707 0.0112617436041 0.008 0.001 0.00226174360406
4.87341470387 383 4.86441470387 0.009 0.008 0.001 0.0
4.88698823375 384 4.87798823375 0.009 0.008 0.001 0.0
4.9300738374 385 4.9210738374 0.009 0.008 0.001 0.0
4.9380738374 386 4.92707294632 0.0110008910764 0.008 0.001 0.00200089107642
4.97354911806 387 4.96454911806 0.009 0.008 0.001 0.0
4.98655187878 388 4.97755187878 0.009 0.008 0.001 0.0
4.99455187878 389 4.98206137705 0.0124905017357 0.008 0.001 0.00349050173571
5.00255187878 390 4.99017889875 0.0123729800297 0.008 0.001 0.00337298002974
5.01055187878 391 5.00112134347 0.00943053531224 0.008 0.001 0.00043053531224
5.01855187878 392 5.0066159209 0.0119359578814 0.008 0.001 0.00293595788143
5.02655187878 393 5.00738451205 0.0191673667314 0.008 0.001 0.0101673667314
5.03455187878 394 5.01573660357 0.0188152752107 0.008 0.001 0.00981527521069
5.0581767795 395 5.0491767795 0.009 0.008 0.001 0.0
5.0965106874 396 5.0875106874 0.009 0.008 0.001 0.0
5.10687393881 397 5.09787393881 0.009 0.008 0.001 0.0
5.14342486697 398 5.13442486697 0.009 0.008 0.001 0.0
5.16020161769 399 5.15120161769 0.009 0.008 0.001 0.0
5.16820161769 400 5.15280241202 0.0153992056711 0.008 0.001 0.00639920567113
5.17620161769 401 5.15693874765 0.0192628700401 0.008 0.001 0.0102628700401
5.18839642906 402 5.17939642906 0.009 0.008 0.001 0.0
5.2359926347 403 5.2269926347 0.009 0.008 0.001 0.0
5.2439926347 404 5.22704249031 0.0169501443935 0.008 0.001 0.00795014439346
5.2519926347 405 5.23457627193 0.0174163627643 0.008 0.001 0.00841636276426
5.26244635395 406 5.25344635395 0.009 0.008 0.001 0.0
5.27044635395 407 5.25699125077 0.0134551031875 0.008 0.001 0.00445510318754
5.27844635395 408 5.25919559218 0.0192507617749 0.008 0.001 0.0102507617749
5.28644635395 409 5.27000558897 0.0164407649875 0.008 0.001 0.00744076498747
5.29444635395 410 5.27908329625 0.0153630577074 0.008 0.001 0.00636305770736
5.30244635395 411 5.28893459211 0.0135117618438 0.008 0.001 0.00451176184383
5.34085753675 412 5.33185753675 0.009 0.008 0.001 0.0
5.37958529973 413 5.37058529973 0.009 0.008 0.001 0.0
5.40206517738 414 5.39306517738 0.009 0.008 0.001 0.0
5.41122934741 415 5.40222934741 0.009 0.008 0.001 0.0
5.41922934741 416 5.40535524175 0.013874105658 0.008 0.001 0.00487410565801
5.42722934741 417 5.40953389781 0.0176954496035 0.008 0.001 0.0086954496035
5.43522934741 418 5.41227800719 0.0229513402204 0.008 0.001 0.0139513402204
5.44322934741 419 5.41375985247 0.0294694949465 0.008 0.001 0.0204694949465
5.45122934741 420 5.4177292921 0.0335000553084 0.008 0.001 0.0245000553084
5.45922934741 421 5.4232064895 0.036022857911 0.008 0.001 0.027022857911
5.46722934741 422 5.42519243863 0.0420369087844 0.008 0.001 0.0330369087844
5.47522934741 423 5.44666381144 0.0285655359712 0.008 0.001 0.0195655359712
5.48322934741 424 5.44892747379 0.0343018736266 0.008 0.001 0.0253018736266
5.49122934741 425 5.458042274 0.0331870734178 0.008 0.001 0.0241870734178
5.49922934741 426 5.46843597321 0.0307933742056 0.008 0.001 0.0217933742056
5.50722934741 427 5.48573322955 0.0214961178603 0.008 0.001 0.0124961178603
5.51522934741 428 5.48950638945 0.0257229579641 0.008 0.001 0.0167229579641
5.52322934741 429 5.49784352609 0.0253858213267 0.008 0.001 0.0163858213267
5.53122934741 430 5.50455044443 0.0266789029867 0.008 0.001 0.0176789029867
5.53922934741 431 5.50489981906 0.0343295283542 0.008 0.001 0.0253295283542
5.54722934741 432 5.52645572676 0.0207736206564 0.008 0.001 0.0117736206564
5.55522934741 433 5.53087541183 0.0243539355848 0.008 0.001 0.0153539355848
5.56322934741 434 5.53146813217 0.0317612152401 0.008 0.001 0.0227612152401
5.57122934741 435 5.5456641748 0.0255651726112 0.008 0.001 0.0165651726112
5.57922934741 436 5.5631038565 0.0161254909089 0.008 0.001 0.00712549090893
5.58722934741 437 5.57720639215 0.0100229552626 0.008 0.001 0.00102295526263
5.59522934741 438 5.57861214241 0.016617205006 0.008 0.001 0.00761720500596
5.60322934741 439 5.58013216018 0.0230971872359 0.008 0.001 0.0140971872359
5.61122934741 440 5.59580766101 0.0154216863997 0.008 0.001 0.00642168639969
5.62093441671 441 5.61193441671 0.009 0.008 0.001 0.0
5.62893441671 442 5.61356583347 0.0153685832344 0.008 0.001 0.00636858323441
5.63693441671 443 5.61816681841 0.0187675982947 0.008 0.001 0.00976759829471
5.64493441671 444 5.62369606555 0.0212383511592 0.008 0.001 0.0122383511592
5.65293441671 445 5.62897545645 0.023958960259 0.008 0.001 0.014958960259
5.66093441671 446 5.65000206713 0.0109323495711 0.008 0.001 0.0019323495711
5.69057298881 447 5.68157298881 0.009 0.008 0.001 0.0
5.71026095385 448 5.70126095385 0.009 0.008 0.001 0.0
5.71949356221 449 5.71049356221 0.009 0.008 0.001 0.0
5.74597114615 450 5.73697114615 0.009 0.008 0.001 0.0
5.75818928921 451 5.74918928921 0.009 0.008 0.001 0.0
5.79756576522 452 5.78856576522 0.009 0.008 0.001 0.0
5.80556576522 453 5.79242879518 0.0131369700384 0.008 0.001 0.00413697003837
5.81356576522 454 5.79285152201 0.0207142432169 0.008 0.001 0.0117142432169
5.82156576522 455 5.80161672923 0.0199490359951 0.008 0.001 0.0109490359951
5.82956576522 456 5.81607812069 0.0134876445307 0.008 0.001 0.00448764453069
5.84002433754 457 5.83102433754 0.009 0.008 0.001 0.0
5.86814086474 458 5.85914086474 0.009 0.008 0.001 0.0
5.89135836198 459 5.88235836198 0.009 0.008 0.001 0.0
5.92240436499 460 5.91340436499 0.009 0.008 0.001 0.0
5.93040436499 461 5.91621810554 0.0141862594577 0.008 0.001 0.00518625945774
5.98988675445 462 5.98088675445 0.009 0.008 0.001 0.0
5.99788675445 463 5.98104731092 0.0168394435317 0.008 0.001 0.00783944353171
6.00588675445 464 5.98395359629 0.0219331581606 0.008 0.001 0.0129331581606
6.01388675445 465 5.99668337982 0.017203374629 0.008 0.001 0.00820337462904
6.02188675445 466 5.9993368408 0.0225499136517 0.008 0.001 0.0135499136517
6.02988675445 467 6.00633729332 0.0235494611363 0.008 0.001 0.0145494611363
6.03788675445 468 6.02744473367 0.0104420207834 0.008 0.001 0.00144202078336
6.04779430419 469 6.03879430419 0.009 0.008 0.001 0.0
6.07287899718 470 6.06387899718 0.009 0.008 0.001 0.0
6.08087899718 471 6.06912702082 0.0117519763578 0.008 0.001 0.00275197635783
6.08887899718 472 6.07538421231 0.0134947848699 0.008 0.001 0.00449478486995
6.09687899718 473 6.07768143485 0.0191975623293 0.008 0.001 0.0101975623293
6.10487899718 474 6.08432616923 0.0205528279529 0.008 0.001 0.0115528279529
6.12613742328 475 6.11713742328 0.009 0.008 0.001 0.0
6.13624343466 476 6.12724343466 0.009 0.008 0.001 0.0
6.17616566367 477 6.16716566367 0.009 0.008 0.001 0.0
6.20250844979 478 6.19350844979 0.009 0.008 0.001 0.0
6.21050844979 479 6.19630473512 0.0142037146653 0.008 0.001 0.00520371466532
6.21850844979 480 6.19643293342 0.0220755163663 0.008 0.001 0.0130755163663
6.22650844979 481 6.20211074877 0.0243977010238 0.008 0.001 0.0153977010238
6.23450844979 482 6.22219004928 0.0123184005128 0.008 0.001 0.0033184005128
6.24250844979 483 6.22775999716 0.014748452627 0.008 0.001 0.00574845262695
6.25418816683 484 6.24518816683 0.009 0.008 0.001 0.0
6.26218816683 485 6.24569622333 0.0164919435028 0.008 0.001 0.00749194350283
6.27018816683 486 6.25205489225 0.0181332745855 0.008 0.001 0.00913327458554
6.27818816683 487 6.25867924622 0.0195089206095 0.008 0.001 0.0105089206095
6.28618816683 488 6.26133189188 0.0248562749552 0.008 0.001 0.0158562749552
6.29418816683 489 6.28358431779 0.0106038490449 0.008 0.001 0.00160384904486
6.30635953945 490 6.29735953945 0.009 0.008 0.001 0.0
6.31435953945 491 6.29901787229 0.0153416671541 0.008 0.001 0.00634166715407
6.32235953945 492 6.30238868728 0.0199708521719 0.008 0.001 0.0109708521719
6.33035953945 493 6.30530833744 0.0250512020048 0.008 0.001 0.0160512020048
6.33835953945 494 6.31254496482 0.0258145746241 0.008 0.001 0.0168145746241
6.34635953945 495 6.31984235488 0.0265171845709 0.008 0.001 0.0175171845709
6.35435953945 496 6.34177779399 0.012581745455 0.008 0.001 0.00358174545502
6.38156473753 497 6.37256473753 0.009 0.008 0.001 0.0
6.38956473753 498 6.37460203562 0.0149627019113 0.008 0.001 0.00596270191125
6.4031333155 499 6.3941333155 0.009 0.008 0.001 0.0
6.4111333155 500 6.39822591177 0.0129074037328 0.008 0.001 0.00390740373283
6.4191333155 501 6.40786679337 0.0112665221296 0.008 0.001 0.00226652212957
6.44879212629 502 6.43979212629 0.009 0.008 0.001 0.0
6.47244630463 503 6.46344630463 0.009 0.008 0.001 0.0
6.48044630463 504 6.46856626067 0.0118800439594 0.008 0.001 0.00288004395943
6.48844630463 505 6.46871385253 0.0197324520966 0.008 0.001 0.0107324520966
6.49644630463 506 6.48498468596 0.0114616186656 0.008 0.001 0.00246161866559
6.50760359339 507 6.49860359339 0.009 0.008 0.001 0.0
6.51560359339 508 6.50311797842 0.0124856149681 0.008 0.001 0.00348561496813
6.52360359339 509 6.5037938094 0.0198097839827 0.008 0.001 0.0108097839827
6.54896735616 510 6.53996735616 0.009 0.008 0.001 0.0
6.55887898362 511 6.54987898362 0.009 0.008 0.001 0.0
6.57038863572 512 6.56138863572 0.009 0.008 0.001 0.0
6.59467136895 513 6.58567136895 0.009 0.008 0.001 0.0
6.60267136895 514 6.5895019891 0.0131693798526 0.008 0.001 0.00416937985255
6.613574494 515 6.604574494 0.009 0.008 0.001 0.0
6.63292640857 516 6.62392640857 0.009 0.008 0.001 0.0
6.64276177904 517 6.63376177904 0.009 0.008 0.001 0.0
6.65076177904 518 6.63547271575 0.0152890632946 0.008 0.001 0.00628906329463
6.6700742922 519 6.6610742922 0.009 0.008 0.001 0.0
6.6780742922 520 6.66233203525 0.015742256943 0.008 0.001 0.00674225694298
6.6860742922 521 6.6726684271 0.013405865093 0.008 0.001 0.00440586509301
6.6940742922 522 6.67718533617 0.0168889560223 0.008 0.001 0.00788895602231
6.70254507106 523 6.69354507106 0.009 0.008 0.001 0.0
6.71718061445 524 6.70818061445 0.009 0.008 0.001 0.0
6.7345346257 525 6.7255346257 0.009 0.008 0.001 0.0
6.76163324659 526 6.75263324659 0.009 0.008 0.001 0.0
6.76963324659 527 6.75792410075 0.0117091458471 0.008 0.001 0.00270914584714
6.78141457584 528 6.77241457584 0.009 0.008 0.001 0.0
6.78941457584 529 6.77790579482 0.0115087810176 0.008 0.001 0.00250878101758
6.81658801046 530 6.80758801046 0.009 0.008 0.001 0.0
6.88505592024 531 6.87605592024 0.009 0.008 0.001 0.0
6.89305592024 532 6.87618118568 0.0168747345609 0.008 0.001 0.00787473456087
6.93553173952 533 6.92653173952 0.009 0.008 0.001 0.0
6.94353173952 534 6.93397304753 0.00955869199556 0.008 0.001 0.000558691995558
6.97087250034 535 6.96187250034 0.009 0.008 0.001 0.0
6.97887250034 536 6.96395534354 0.0149171568063 0.008 0.001 0.00591715680628
6.98687250034 537 6.96490428831 0.0219682120282 0.008 0.001 0.0129682120282
6.99487250034 538 6.97805859596 0.0168139043856 0.008 0.001 0.0078139043856
7.01089118221 539 7.00189118221 0.009 0.008 0.001 0.0
7.01889118221 540 7.00743295864 0.0114582235738 0.008 0.001 0.00245822357384
7.02689118221 541 7.01253102387 0.0143601583404 0.008 0.001 0.00536015834035
7.03489118221 542 7.02321812549 0.0116730567227 0.008 0.001 0.00267305672266
7.04289118221 543 7.02630827078 0.0165829114318 0.008 0.001 0.0075829114318
7.05089118221 544 7.03598805348 0.0149031287382 0.008 0.001 0.0059031287382
7.05889118221 545 7.04630854907 0.0125826331435 0.008 0.001 0.00358263314349
7.09768786502 546 7.08868786502 0.009 0.008 0.001 0.0
7.10568786502 547 7.09324670357 0.0124411614544 0.008 0.001 0.0034411614544
7.11368786502 548 7.101293389 0.0123944760227 0.008 0.001 0.00339447602274
7.12168786502 549 7.10913512047 0.0125527445565 0.008 0.001 0.0035527445565
7.1531243958 550 7.1441243958 0.009 0.008 0.001 0.0
7.16766207564 551 7.15866207564 0.009 0.008 0.001 0.0
7.19519009241 552 7.18619009241 0.009 0.008 0.001 0.0
7.20319009241 553 7.18873885065 0.0144512417548 0.008 0.001 0.00545124175481
7.21119009241 554 7.19419992294 0.0169901694683 0.008 0.001 0.00799016946829
7.21919009241 555 7.19464869346 0.0245413989484 0.008 0.001 0.0155413989484
7.22719009241 556 7.20421698083 0.0229731115726 0.008 0.001 0.0139731115726
7.23519009241 557 7.21242488975 0.0227652026591 0.008 0.001 0.0137652026591
7.24319009241 558 7.21337377779 0.0298163146218 0.008 0.001 0.0208163146218
7.25119009241 559 7.22795160058 0.023238491827 0.008 0.001 0.014238491827
7.25919009241 560 7.23112390452 0.0280661878899 0.008 0.001 0.0190661878899
7.29832160027 561 7.28932160027 0.009 0.008 0.001 0.0
7.36694446252 562 7.35794446252 0.009 0.008 0.001 0.0
7.3898896116 563 7.3808896116 0.009 0.008 0.001 0.0
7.3978896116 564 7.38794614627 0.00994346532845 0.008 0.001 0.000943465328445
7.42869751526 565 7.41969751526 0.009 0.008 0.001 0.0
7.43669751526 566 7.42655676642 0.0101407488443 0.008 0.001 0.00114074884434
7.44666160313 567 7.43766160313 0.009 0.008 0.001 0.0
7.45466160313 568 7.4398090445 0.0148525586324 0.008 0.001 0.00585255863244
7.46266160313 569 7.446843843 0.0158177601323 0.008 0.001 0.00681776013233
7.47066160313 570 7.45941312487 0.0112484782597 0.008 0.001 0.00224847825967
7.47866160313 571 7.46571754089 0.0129440622425 0.008 0.001 0.00394406224253
7.48765646078 572 7.47865646078 0.009 0.008 0.001 0.0
7.49565646078 573 7.48438456887 0.0112718919072 0.008 0.001 0.00227189190718
7.55124216851 574 7.54224216851 0.009 0.008 0.001 0.0
7.55924216851 575 7.54824299479 0.0109991737156 0.008 0.001 0.00199917371562
7.56948534744 576 7.56048534744 0.009 0.008 0.001 0.0
7.58307184531 577 7.57407184531 0.009 0.008 0.001 0.0
7.60933018075 578 7.60033018075 0.009 0.008 0.001 0.0
7.61733018075 579 7.60594006341 0.0113901173378 0.008 0.001 0.00239011733775
7.62533018075 580 7.60925171117 0.0160784695772 0.008 0.001 0.00707846957724
7.63333018075 581 7.62008681734 0.0132433634066 0.008 0.001 0.00424336340658
7.64133018075 582 7.62485280483 0.0164773759194 0.008 0.001 0.00747737591941
7.64933018075 583 7.62707665131 0.0222535294364 0.008 0.001 0.0132535294364
7.65733018075 584 7.63997114764 0.0173590331076 0.008 0.001 0.00835903310756
7.66533018075 585 7.64408102773 0.0212491530228 0.008 0.001 0.0122491530228
7.67333018075 586 7.65481285385 0.0185173268965 0.008 0.001 0.00951732689646
7.68133018075 587 7.65863826995 0.0226919107972 0.008 0.001 0.0136919107972
7.6938407861 588 7.6848407861 0.009 0.008 0.001 0.0
7.7018407861 589 7.69249692494 0.00934386115637 0.008 0.001 0.000343861156367
7.7098407861 590 7.69824468712 0.0115960989801 0.008 0.001 0.00259609898013
7.72660031085 591 7.71760031085 0.009 0.008 0.001 0.0
7.74897906981 592 7.73997906981 0.009 0.008 0.001 0.0
7.78453975479 593 7.77553975479 0.009 0.008 0.001 0.0
7.79253975479 594 7.78050242203 0.0120373327591 0.008 0.001 0.00303733275908
7.80053975479 595 7.78765408894 0.0128856658496 0.008 0.001 0.00388566584962
7.81578830011 596 7.80678830011 0.009 0.008 0.001 0.0
7.82378830011 597 7.81085285046 0.0129354496472 0.008 0.001 0.00393544964717
7.83849049416 598 7.82949049416 0.009 0.008 0.001 0.0
7.84649049416 599 7.8306807187 0.0158097754672 0.008 0.001 0.00680977546722
7.85449049416 600 7.83724598957 0.0172445045939 0.008 0.001 0.00824450459387
7.86249049416 601 7.85048353749 0.012006956673 0.008 0.001 0.00300695667296
7.88273782893 602 7.87373782893 0.009 0.008 0.001 0.0
7.89073782893 603 7.881030099 0.00970772992919 0.008 0.001 0.000707729929193
7.90311882089 604 7.89411882089 0.009 0.008 0.001 0.0
7.91111882089 605 7.89647673443 0.0146420864681 0.008 0.001 0.00564208646811
7.94516865354 606 7.93616865354 0.009 0.008 0.001 0.0
7.95316865354 607 7.93832291644 0.0148457371004 0.008 0.001 0.00584573710039
7.96193632859 608 7.95293632859 0.009 0.008 0.001 0.0
7.96993632859 609 7.95829837149 0.0116379570936 0.008 0.001 0.00263795709364
7.98025654938 610 7.97125654938 0.009 0.008 0.001 0.0
7.98825654938 611 7.97869463383 0.00956191554191 0.008 0.001 0.000561915541906
7.99625654938 612 7.98289225647 0.0133642929072 0.008 0.001 0.00436429290722
8.01184754814 613 8.00284754814 0.009 0.008 0.001 0.0
8.05833528795 614 8.04933528795 0.009 0.008 0.001 0.0
8.06633528795 615 8.05156465744 0.0147706305054 0.008 0.001 0.00577063050538
8.07433528795 616 8.05360692543 0.0207283625167 0.008 0.001 0.0117283625167
8.08233528795 617 8.05810870223 0.0242265857196 0.008 0.001 0.0152265857196
8.09033528795 618 8.064416183 0.0259191049451 0.008 0.001 0.0169191049451
8.09833528795 619 8.07811836006 0.0202169278895 0.008 0.001 0.0112169278895
8.10633528795 620 8.07840283001 0.0279324579361 0.008 0.001 0.0189324579361
8.11433528795 621 8.0864918808 0.0278434071437 0.008 0.001 0.0188434071437
8.12233528795 622 8.10806833324 0.014266954709 0.008 0.001 0.00526695470905
8.13033528795 623 8.11439229884 0.0159429891075 0.008 0.001 0.00694298910754
8.13833528795 624 8.11654858215 0.0217867057995 0.008 0.001 0.0127867057995
8.14633528795 625 8.12001461675 0.026320671199 0.008 0.001 0.017320671199
8.15433528795 626 8.13544474391 0.0188905440363 0.008 0.001 0.00989054403633
8.16233528795 627 8.15192265674 0.0104126312006 0.008 0.001 0.00141263120064
8.17033528795 628 8.16090034553 0.00943494241885 0.008 0.001 0.000434942418849
8.29332515453 629 8.28432515453 0.009 0.008 0.001 0.0
8.30132515453 630 8.29095664141 0.0103685131221 0.008 0.001 0.00136851312209
8.30932515453 631 8.29272271739 0.0166024371406 0.008 0.001 0.00760243714059
8.31732515453 632 8.29396144155 0.0233637129829 0.008 0.001 0.0143637129829
8.32532515453 633 8.31496338422 0.0103617703061 0.008 0.001 0.00136177030612
8.33332515453 634 8.3227407995 0.0105843550247 0.008 0.001 0.00158435502473
8.34132515453 635 8.33085773623 0.0104674183023 0.008 0.001 0.00146741830227
8.34932515453 636 8.33824902325 0.0110761312781 0.008 0.001 0.00207613127808
8.36087537252 637 8.35187537252 0.009 0.008 0.001 0.0
8.36887537252 638 8.35876890832 0.0101064642001 0.008 0.001 0.00110646420008
8.37687537252 639 8.36291259746 0.01396277506 0.008 0.001 0.00496277505995
8.38610530844 640 8.37710530844 0.009 0.008 0.001 0.0
8.39410530844 641 8.3823019205 0.0118033879324 0.008 0.001 0.00280338793237
8.40210530844 642 8.39115340934 0.0109518990929 0.008 0.001 0.00195189909293
8.41886686633 643 8.40986686633 0.009 0.008 0.001 0.0
8.43055941092 644 8.42155941092 0.009 0.008 0.001 0.0
8.43855941092 645 8.42447931155 0.0140800993733 0.008 0.001 0.00508009937326
8.44655941092 646 8.42555315132 0.0210062595981 0.008 0.001 0.0120062595981
8.45455941092 647 8.42842475002 0.0261346608992 0.008 0.001 0.0171346608992
8.46255941092 648 8.43747243975 0.0250869711698 0.008 0.001 0.0160869711698
8.47055941092 649 8.44097155032 0.0295878606056 0.008 0.001 0.0205878606056
8.47855941092 650 8.44117678763 0.0373826232958 0.008 0.001 0.0283826232958
8.48655941092 651 8.44961246054 0.0369469503781 0.008 0.001 0.0279469503781
8.49455941092 652 8.44999917939 0.0445602315352 0.008 0.001 0.0355602315352
8.50255941092 653 8.47458496222 0.027974448698 0.008 0.001 0.018974448698
8.51055941092 654 8.48916225947 0.0213971514535 0.008 0.001 0.0123971514535
8.51855941092 655 8.48944713182 0.0291122791027 0.008 0.001 0.0201122791027
8.52655941092 656 8.49078485981 0.0357745511087 0.008 0.001 0.0267745511087
8.53455941092 657 8.50219828935 0.0323611215742 0.008 0.001 0.0233611215742
8.55677888318 658 8.54777888318 0.009 0.008 0.001 0.0
8.56477888318 659 8.54898529097 0.0157935922137 0.008 0.001 0.00679359221371
8.57277888318 660 8.55040936395 0.022369519229 0.008 0.001 0.013369519229
8.58077888318 661 8.55502042054 0.0257584626353 0.008 0.001 0.0167584626353
8.58877888318 662 8.56122463368 0.0275542495027 0.008 0.001 0.0185542495027
8.59677888318 663 8.57155532327 0.0252235599045 0.008 0.001 0.0162235599045
8.61493875014 664 8.60593875014 0.009 0.008 0.001 0.0
8.62293875014 665 8.60854706618 0.014391683958 0.008 0.001 0.00539168395795
8.63093875014 666 8.61602711233 0.0149116378058 0.008 0.001 0.00591163780576
8.63893875014 667 8.61710293212 0.0218358180143 0.008 0.001 0.0128358180143
8.66421063884 668 8.65521063884 0.009 0.008 0.001 0.0
8.71013003259 669 8.70113003259 0.009 0.008 0.001 0.0
8.71813003259 670 8.70905273959 0.0090772930052 0.008 0.001 7.72930052015e-05
8.72613003259 671 8.7153831274 0.0107469051939 0.008 0.001 0.00174690519385
8.73413003259 672 8.71552389261 0.0186061399868 0.008 0.001 0.00960613998685
8.74213003259 673 8.73167351383 0.01045651876 0.008 0.001 0.00145651876005
8.76539509176 674 8.75639509176 0.009 0.008 0.001 0.0
8.78426672735 675 8.77526672735 0.009 0.008 0.001 0.0
8.79750275182 676 8.78850275182 0.009 0.008 0.001 0.0
8.8103925859 677 8.8013925859 0.009 0.008 0.001 0.0
8.8183925859 678 8.80287080453 0.015521781371 0.008 0.001 0.00652178137096
8.8263925859 679 8.81514028282 0.0112523030752 0.008 0.001 0.00225230307521
8.84251172388 680 8.83351172388 0.009 0.008 0.001 0.0
8.85051172388 681 8.84034792955 0.010163794331 0.008 0.001 0.00116379433099
8.85851172388 682 8.84265992072 0.0158518031615 0.008 0.001 0.00685180316149
8.86651172388 683 8.84781127268 0.018700451201 0.008 0.001 0.00970045120105
8.87451172388 684 8.84991427796 0.0245974459252 0.008 0.001 0.0155974459252
8.88251172388 685 8.86176166074 0.0207500631415 0.008 0.001 0.0117500631415
8.89051172388 686 8.87221439614 0.0182973277442 0.008 0.001 0.00929732774424
8.89851172388 687 8.87407593208 0.0244357917988 0.008 0.001 0.0154357917988
8.91680048196 688 8.90780048196 0.009 0.008 0.001 0.0
8.92480048196 689 8.91292665604 0.0118738259136 0.008 0.001 0.00287382591364
8.93280048196 690 8.91557073476 0.0172297472016 0.008 0.001 0.00822974720156
8.94080048196 691 8.91823739152 0.0225630904369 0.008 0.001 0.0135630904369
8.94880048196 692 8.92868021266 0.0201202692956 0.008 0.001 0.0111202692956
8.95680048196 693 8.93425171782 0.0225487641382 0.008 0.001 0.0135487641382
8.98933270821 694 8.98033270821 0.009 0.008 0.001 0.0
8.99733270821 695 8.98073748494 0.0165952232698 0.008 0.001 0.00759522326985
9.00533270821 696 8.99243010354 0.012902604676 0.008 0.001 0.00390260467605
9.01333270821 697 8.99905404444 0.0142786637697 0.008 0.001 0.00527866376965
9.02133270821 698 9.00641598835 0.0149167198579 0.008 0.001 0.00591671985794
9.02933270821 699 9.00662739801 0.0227053101997 0.008 0.001 0.0137053101997
9.03733270821 700 9.02357687861 0.0137558296053 0.008 0.001 0.00475582960533
9.0533504962 701 9.0443504962 0.009 0.008 0.001 0.0
9.0613504962 702 9.04449576139 0.016854734813 0.008 0.001 0.00785473481299
9.0693504962 703 9.05479575291 0.0145547432887 0.008 0.001 0.00555474328868
9.12845643008 704 9.11945643008 0.009 0.008 0.001 0.0
9.13645643008 705 9.12558465868 0.0108717714072 0.008 0.001 0.00187177140723
9.16634075684 706 9.15734075684 0.009 0.008 0.001 0.0
9.18443272902 707 9.17543272902 0.009 0.008 0.001 0.0
9.19426046918 708 9.18526046918 0.009 0.008 0.001 0.0
9.20998496215 709 9.20098496215 0.009 0.008 0.001 0.0
9.21798496215 710 9.20690552419 0.0110794379583 0.008 0.001 0.00207943795834
9.22598496215 711 9.20705692476 0.0189280373918 0.008 0.001 0.00992803739185
9.24390448308 712 9.23490448308 0.009 0.008 0.001 0.0
9.25190448308 713 9.2416198629 0.0102846201794 0.008 0.001 0.00128462017943
9.28248396412 714 9.27348396412 0.009 0.008 0.001 0.0
9.2989512189 715 9.2899512189 0.009 0.008 0.001 0.0
9.3069512189 716 9.29570095884 0.0112502600598 0.008 0.001 0.0022502600598
9.3149512189 717 9.29798194267 0.0169692762305 0.008 0.001 0.00796927623046
9.3229512189 718 9.3110665681 0.0118846507993 0.008 0.001 0.00288465079934
9.35103238553 719 9.34203238553 0.009 0.008 0.001 0.0
9.36737576608 720 9.35837576608 0.009 0.008 0.001 0.0
9.37537576608 721 9.36291262082 0.0124631452616 0.008 0.001 0.00346314526156
9.38337576608 722 9.36526239511 0.0181133709646 0.008 0.001 0.00911337096458
9.42708370617 723 9.41808370617 0.009 0.008 0.001 0.0
9.46595440133 724 9.45695440133 0.009 0.008 0.001 0.0
9.47395440133 725 9.46239408503 0.0115603162995 0.008 0.001 0.00256031629954
9.48404487089 726 9.47504487089 0.009 0.008 0.001 0.0
9.50898589111 727 9.49998589111 0.009 0.008 0.001 0.0
9.51698589111 728 9.50278328669 0.0142026044179 0.008 0.001 0.00520260441787
9.52498589111 729 9.50654292353 0.0184429675746 0.008 0.001 0.00944296757461
9.53298589111 730 9.51853672851 0.0144491625944 0.008 0.001 0.00544916259441
9.54098589111 731 9.52323776011 0.017748130993 0.008 0.001 0.00874813099296
9.55053184414 732 9.54153184414 0.009 0.008 0.001 0.0
9.56485943767 733 9.55585943767 0.009 0.008 0.001 0.0
9.58852440302 734 9.57952440302 0.009 0.008 0.001 0.0
9.61114046193 735 9.60214046193 0.009 0.008 0.001 0.0
9.62039258338 736 9.61139258338 0.009 0.008 0.001 0.0
9.63149435372 737 9.62249435372 0.009 0.008 0.001 0.0
9.63949435372 738 9.62845589979 0.011038453931 0.008 0.001 0.00203845393101
9.64949728473 739 9.64049728473 0.009 0.008 0.001 0.0
9.65749728473 740 9.64621049431 0.0112867904239 0.008 0.001 0.00228679042387
9.66549728473 741 9.65307350272 0.012423782014 0.008 0.001 0.00342378201403
9.67349728473 742 9.66306011427 0.0104371704578 0.008 0.001 0.0014371704578
9.68149728473 743 9.67024164611 0.0112556386234 0.008 0.001 0.00225563862337
9.69656150974 744 9.68756150974 0.009 0.008 0.001 0.0
9.70456150974 745 9.69444477185 0.010116737884 0.008 0.001 0.00111673788398
9.73704094993 746 9.72804094993 0.009 0.008 0.001 0.0
9.74504094993 747 9.73111270217 0.0139282477656 0.008 0.001 0.00492824776559
9.75304094993 748 9.73798904333 0.0150519066004 0.008 0.001 0.00605190660044
9.76104094993 749 9.74042763552 0.0206133144088 0.008 0.001 0.0116133144088
9.76904094993 750 9.74297046077 0.0260704891655 0.008 0.001 0.0170704891655
9.79516997711 751 9.78616997711 0.009 0.008 0.001 0.0
9.80316997711 752 9.78681970508 0.016350272031 0.008 0.001 0.00735027203097
9.81116997711 753 9.78687562905 0.0242943480611 0.008 0.001 0.0152943480611
9.81916997711 754 9.8000750425 0.019094934608 0.008 0.001 0.010094934608
9.82716997711 755 9.81104524583 0.0161247312811 0.008 0.001 0.00712473128106
9.83516997711 756 9.81589059083 0.0192793862813 0.008 0.001 0.0102793862813
9.84316997711 757 9.81815711273 0.0250128643831 0.008 0.001 0.0160128643831
9.85116997711 758 9.82115600319 0.0300139739141 0.008 0.001 0.0210139739141
9.85916997711 759 9.83378304542 0.025386931689 0.008 0.001 0.016386931689
9.86716997711 760 9.84078662701 0.0263833500998 0.008 0.001 0.0173833500998
9.87516997711 761 9.84752332699 0.0276466501146 0.008 0.001 0.0186466501146
9.88316997711 762 9.87413538686 0.00903459025341 0.008 0.001 3.45902534065e-05
9.89589765075 763 9.88689765075 0.009 0.008 0.001 0.0
9.90389765075 764 9.89162065101 0.0122769997364 0.008 0.001 0.00327699973635
9.95396682519 765 9.94496682519 0.009 0.008 0.001 0.0
9.96196682519 766 9.949769799 0.0121970261883 0.008 0.001 0.0031970261883
9.97573961785 767 9.96673961785 0.009 0.008 0.001 0.0
9.99846452807 768 9.98946452807 0.009 0.008 0.001 0.0
10.0064645281 769 9.99246142936 0.0140030987148 0.008 0.001 0.00500309871484
