0.009 2 0 0.009 0.008 0.001 0
0.017 3 0.00282794059119 0.0141720594088 0.008 0.001 0.00517205940881
0.025 4 0.0113638506768 0.0136361493232 0.008 0.001 0.00463614932325
0.033 5 0.0183563072838 0.0146436927162 0.008 0.001 0.00564369271618
0.041 6 0.0278378679821 0.0131621320179 0.008 0.001 0.00416213201795
0.146707245917 7 0.137707245917 0.009 0.008 0.001 0.0
0.161090996973 8 0.152090996973 0.009 0.008 0.001 0.0
0.215956840499 9 0.206956840499 0.009 0.008 0.001 0.0
0.225707774137 10 0.216707774137 0.009 0.008 0.001 0.0
0.233707774137 11 0.222658229562 0.0110495445749 0.008 0.001 0.00204954457486
0.241707774137 12 0.226767241681 0.0149405324557 0.008 0.001 0.00594053245566
0.275974501595 13 0.266974501595 0.009 0.008 0.001 0.0
0.297304249562 14 0.288304249562 0.009 0.008 0.001 0.0
0.307070848013 15 0.298070848013 0.009 0.008 0.001 0.0
0.31854807209 16 0.30954807209 0.009 0.008 0.001 0.0
0.334387179361 17 0.325387179361 0.009 0.008 0.001 0.0
0.347521811477 18 0.338521811477 0.009 0.008 0.001 0.0
0.368043546439 19 0.359043546439 0.009 0.008 0.001 0.0
0.376043546439 20 0.36102978788 0.0150137585585 0.008 0.001 0.00601375855855
0.384043546439 21 0.3746091896 0.00943435683846 0.008 0.001 0.000434356838455
0.419953804342 22 0.410953804342 0.009 0.008 0.001 0.0
0.447517354641 23 0.438517354641 0.009 0.008 0.001 0.0
0.455517354641 24 0.439426910441 0.0160904442002 0.008 0.001 0.00709044420019
0.463517354641 25 0.439682898326 0.0238344563155 0.008 0.001 0.0148344563155
0.471517354641 26 0.443067782066 0.0284495725749 0.008 0.001 0.0194495725749
0.479517354641 27 0.454829104671 0.0246882499704 0.008 0.001 0.0156882499704
0.487517354641 28 0.459222468552 0.0282948860889 0.008 0.001 0.0192948860889
0.495517354641 29 0.460275055421 0.0352422992203 0.008 0.001 0.0262422992203
0.503517354641 30 0.482716109148 0.0208012454935 0.008 0.001 0.0118012454935
0.609217007649 31 0.600217007649 0.009 0.008 0.001 0.0
0.644819238436 32 0.635819238436 0.009 0.008 0.001 0.0
0.652819238436 33 0.637798625274 0.0150206131618 0.008 0.001 0.0060206131618
0.660819238436 34 0.640168646896 0.0206505915402 0.008 0.001 0.0116505915402
0.668819238436 35 0.653992051712 0.0148271867239 0.008 0.001 0.00582718672386
0.676819238436 36 0.659183662924 0.0176355755125 0.008 0.001 0.00863557551246
0.686943121937 37 0.677943121937 0.009 0.008 0.001 0.0
0.694943121937 38 0.683653783001 0.0112893389365 0.008 0.001 0.00228933893651
0.702943121937 39 0.692521878713 0.0104212432238 0.008 0.001 0.00142124322384
0.723025209216 40 0.714025209216 0.009 0.008 0.001 0.0
0.731025209216 41 0.721435875925 0.00958933329118 0.008 0.001 0.000589333291178
0.746375732009 42 0.737375732009 0.009 0.008 0.001 0.0
0.782297063994 43 0.773297063994 0.009 0.008 0.001 0.0
0.790297063994 44 0.776804772432 0.0134922915614 0.008 0.001 0.00449229156144
0.817348471054 45 0.808348471054 0.009 0.008 0.001 0.0
0.825348471054 46 0.809951820145 0.0153966509085 0.008 0.001 0.00639665090847
0.844939414956 47 0.835939414956 0.009 0.008 0.001 0.0
0.852939414956 48 0.837914683937 0.0150247310195 0.008 0.001 0.00602473101949
0.866163113914 49 0.857163113914 0.009 0.008 0.001 0.0
0.874163113914 50 0.864784080427 0.00937903348755 0.008 0.001 0.00037903348755
0.882163113914 51 0.871854929397 0.0103081845178 0.008 0.001 0.00130818451782
0.890163113914 52 0.872392651513 0.0177704624015 0.008 0.001 0.00877046240154
0.898163113914 53 0.874954542059 0.0232085718554 0.008 0.001 0.0142085718554
0.916478828929 54 0.907478828929 0.009 0.008 0.001 0.0
0.936685655353 55 0.927685655353 0.009 0.008 0.001 0.0
0.944685655353 56 0.928213605094 0.0164720502597 0.008 0.001 0.00747205025968
0.952685655353 57 0.928318052383 0.02436760297 0.008 0.001 0.01536760297
0.962467257786 58 0.953467257786 0.009 0.008 0.001 0.0
0.974168384605 59 0.965168384605 0.009 0.008 0.001 0.0
0.982168384605 60 0.969983017656 0.0121853669491 0.008 0.001 0.00318536694907
0.990168384605 61 0.971237491434 0.0189308931707 0.008 0.001 0.00993089317072
0.998168384605 62 0.980505484797 0.0176628998076 0.008 0.001 0.00866289980764
1.04851978684 63 1.03951978684 0.009 0.008 0.001 0.0
1.05737080255 64 1.04837080255 0.009 0.008 0.001 0.0
1.06537080255 65 1.05555023789 0.00982056465461 0.008 0.001 0.000820564654611
1.07337080255 66 1.05643111467 0.0169396878744 0.008 0.001 0.00793968787436
1.08137080255 67 1.0625208804 0.0188499221443 0.008 0.001 0.00984992214429
1.08937080255 68 1.06516100564 0.0242097969111 0.008 0.001 0.0152097969111
1.09737080255 69 1.08637897563 0.0109918269237 0.008 0.001 0.00199182692368
1.11943935499 70 1.11043935499 0.009 0.008 0.001 0.0
1.13615188262 71 1.12715188262 0.009 0.008 0.001 0.0
1.15282580534 72 1.14382580534 0.009 0.008 0.001 0.0
1.16082580534 73 1.14687200839 0.0139537969541 0.008 0.001 0.00495379695407
1.17151385155 74 1.16251385155 0.009 0.008 0.001 0.0
1.18410158407 75 1.17510158407 0.009 0.008 0.001 0.0
1.20030181863 76 1.19130181863 0.009 0.008 0.001 0.0
1.20830181863 77 1.19686611726 0.0114357013693 0.008 0.001 0.0024357013693
1.22029235268 78 1.21129235268 0.009 0.008 0.001 0.0
1.22829235268 79 1.21899189399 0.00930045868979 0.008 0.001 0.000300458689794
1.23629235268 80 1.22221954999 0.0140728026939 0.008 0.001 0.00507280269389
1.24653472708 81 1.23753472708 0.009 0.008 0.001 0.0
1.27519565494 82 1.26619565494 0.009 0.008 0.001 0.0
1.2968958335 83 1.2878958335 0.009 0.008 0.001 0.0
1.30935986669 84 1.30035986669 0.009 0.008 0.001 0.0
1.31735986669 85 1.30091744699 0.0164424197002 0.008 0.001 0.00744241970017
1.32535986669 86 1.3070127129 0.0183471537914 0.008 0.001 0.00934715379142
1.333847718 87 1.324847718 0.009 0.008 0.001 0.0
1.341847718 88 1.32880660887 0.0130411091309 0.008 0.001 0.00404110913088
1.38642539562 89 1.37742539562 0.009 0.008 0.001 0.0
1.39442539562 90 1.38000673687 0.014418658748 0.008 0.001 0.00541865874805
1.40242539562 91 1.3877560954 0.0146693002191 0.008 0.001 0.00566930021912
1.45908967912 92 1.45008967912 0.009 0.008 0.001 0.0
1.47009049743 93 1.46109049743 0.009 0.008 0.001 0.0
1.47809049743 94 1.46332761234 0.0147628850925 0.008 0.001 0.00576288509246
1.48609049743 95 1.46645261566 0.0196378817704 0.008 0.001 0.0106378817704
1.49409049743 96 1.47052863322 0.0235618642175 0.008 0.001 0.0145618642175
1.54352905917 97 1.53452905917 0.009 0.008 0.001 0.0
1.55152905917 98 1.53768591869 0.0138431404747 0.008 0.001 0.00484314047468
1.56624498209 99 1.55724498209 0.009 0.008 0.001 0.0
1.61724230656 100 1.60824230656 0.009 0.008 0.001 0.0
1.62524230656 101 1.6086203915 0.01662191506 0.008 0.001 0.00762191505998
1.65982587152 102 1.65082587152 0.009 0.008 0.001 0.0
1.70109642519 103 1.69209642519 0.009 0.008 0.001 0.0
1.71096947688 104 1.70196947688 0.009 0.008 0.001 0.0
1.74316548359 105 1.73416548359 0.009 0.008 0.001 0.0
1.75835807191 106 1.74935807191 0.009 0.008 0.001 0.0
1.76635807191 107 1.75649378455 0.00986428736158 0.008 0.001 0.000864287361577
1.79367671965 108 1.78467671965 0.009 0.008 0.001 0.0
1.81836039075 109 1.80936039075 0.009 0.008 0.001 0.0
1.8268548553 110 1.8178548553 0.009 0.008 0.001 0.0
1.83617577155 111 1.82717577155 0.009 0.008 0.001 0.0
1.87895574446 112 1.86995574446 0.009 0.008 0.001 0.0
1.93420876051 113 1.92520876051 0.009 0.008 0.001 0.0
1.94220876051 114 1.9271716623 0.0150370982128 0.008 0.001 0.00603709821279
1.96033999354 115 1.95133999354 0.009 0.008 0.001 0.0
1.96963775547 116 1.96063775547 0.009 0.008 0.001 0.0
1.99735892055 117 1.98835892055 0.009 0.008 0.001 0.0
2.00820704961 118 1.99920704961 0.009 0.008 0.001 0.0
2.01620704961 119 2.00049884996 0.0157081996432 0.008 0.001 0.00670819964318
2.02420704961 120 2.01298223529 0.0112248143126 0.008 0.001 0.00222481431262
2.03220704961 121 2.02085129465 0.0113557549521 0.008 0.001 0.0023557549521
2.05100105976 122 2.04200105976 0.009 0.008 0.001 0.0
2.05900105976 123 2.04954627148 0.00945478827882 0.008 0.001 0.000454788278824
2.06700105976 124 2.05168074738 0.0153203123761 0.008 0.001 0.00632031237607
2.11196121989 125 2.10296121989 0.009 0.008 0.001 0.0
2.11996121989 126 2.11007447737 0.00988674252101 0.008 0.001 0.000886742521011
2.12796121989 127 2.11109921896 0.0168620009253 0.008 0.001 0.00786200092527
2.14814194321 128 2.13914194321 0.009 0.008 0.001 0.0
2.16341579467 129 2.15441579467 0.009 0.008 0.001 0.0
2.17141579467 130 2.15459251377 0.0168232808939 0.008 0.001 0.00782328089385
2.17941579467 131 2.15969068599 0.0197251086726 0.008 0.001 0.0107251086726
2.18741579467 132 2.16727523587 0.0201405587934 0.008 0.001 0.0111405587934
2.19541579467 133 2.17317838184 0.0222374128214 0.008 0.001 0.0132374128214
2.21885959211 134 2.20985959211 0.009 0.008 0.001 0.0
2.23053315998 135 2.22153315998 0.009 0.008 0.001 0.0
2.2454425883 136 2.2364425883 0.009 0.008 0.001 0.0
2.27243419094 137 2.26343419094 0.009 0.008 0.001 0.0
2.32219474159 138 2.31319474159 0.009 0.008 0.001 0.0
2.33019474159 139 2.31365280399 0.0165419375934 0.008 0.001 0.00754193759339
2.33819474159 140 2.3178363459 0.0203583956833 0.008 0.001 0.0113583956833
2.34619474159 141 2.32201800703 0.0241767345566 0.008 0.001 0.0151767345566
2.35419474159 142 2.34063701395 0.0135577276419 0.008 0.001 0.00455772764189
2.37315795196 143 2.36415795196 0.009 0.008 0.001 0.0
2.39446938427 144 2.38546938427 0.009 0.008 0.001 0.0
2.40246938427 145 2.38636010339 0.0161092808796 0.008 0.001 0.00710928087961
2.41046938427 146 2.39667781047 0.0137915737947 0.008 0.001 0.0047915737947
2.41846938427 147 2.40138974952 0.0170796347461 0.008 0.001 0.00807963474607
2.44520061927 148 2.43620061927 0.009 0.008 0.001 0.0
2.45320061927 149 2.43751363901 0.0156869802627 0.008 0.001 0.00668698026275
2.46120061927 150 2.43817704972 0.0230235695543 0.008 0.001 0.0140235695543
2.46920061927 151 2.45474836106 0.0144522582094 0.008 0.001 0.00545225820941
2.47720061927 152 2.45681502413 0.020385595147 0.008 0.001 0.011385595147
2.48520061927 153 2.47031506826 0.0148855510149 0.008 0.001 0.00588555101488
2.50403850677 154 2.49503850677 0.009 0.008 0.001 0.0
2.51410333763 155 2.50510333763 0.009 0.008 0.001 0.0
2.53463663427 156 2.52563663427 0.009 0.008 0.001 0.0
2.57867870138 157 2.56967870138 0.009 0.008 0.001 0.0
2.60210556921 158 2.59310556921 0.009 0.008 0.001 0.0
2.62566946007 159 2.61666946007 0.009 0.008 0.001 0.0
2.67174347033 160 2.66274347033 0.009 0.008 0.001 0.0
2.67974347033 161 2.66459741085 0.0151460594879 0.008 0.001 0.0061460594879
2.68774347033 162 2.67076055705 0.0169829132805 0.008 0.001 0.00798291328054
2.69990742119 163 2.69090742119 0.009 0.008 0.001 0.0
2.70790742119 164 2.6934053499 0.0145020712872 0.008 0.001 0.00550207128723
2.71590742119 165 2.69361800362 0.022289417572 0.008 0.001 0.013289417572
2.72523313782 166 2.71623313782 0.009 0.008 0.001 0.0
2.74509261352 167 2.73609261352 0.009 0.008 0.001 0.0
2.75309261352 168 2.74332408738 0.00976852613978 0.008 0.001 0.00076852613978
2.76109261352 169 2.75053049651 0.0105621170099 0.008 0.001 0.0015621170099
2.76909261352 170 2.75535600164 0.0137366118846 0.008 0.001 0.00473661188457
2.7780132968 171 2.7690132968 0.009 0.008 0.001 0.0
2.7860132968 172 2.77459972142 0.0114135753783 0.008 0.001 0.0024135753783
2.80939522303 173 2.80039522303 0.009 0.008 0.001 0.0
2.83173645087 174 2.82273645087 0.009 0.008 0.001 0.0
2.83973645087 175 2.8231866507 0.0165498001631 0.008 0.001 0.00754980016305
2.84773645087 176 2.8297641633 0.0179722875673 0.008 0.001 0.00897228756733
2.86299380733 177 2.85399380733 0.009 0.008 0.001 0.0
2.87099380733 178 2.85920607388 0.0117877334505 0.008 0.001 0.00278773345052
2.87899380733 179 2.86289161269 0.0161021946392 0.008 0.001 0.00710219463921
2.88699380733 180 2.8630645914 0.0239292159319 0.008 0.001 0.0149292159319
2.91972504948 181 2.91072504948 0.009 0.008 0.001 0.0
2.92861415855 182 2.91961415855 0.009 0.008 0.001 0.0
2.93661415855 183 2.92317035225 0.0134438063033 0.008 0.001 0.00444380630329
2.94461415855 184 2.93070424611 0.0139099124344 0.008 0.001 0.00490991243443
2.95261415855 185 2.93250267037 0.020111488175 0.008 0.001 0.011111488175
2.97216264663 186 2.96316264663 0.009 0.008 0.001 0.0
2.99462545106 187 2.98562545106 0.009 0.008 0.001 0.0
3.0129009813 188 3.0039009813 0.009 0.008 0.001 0.0
3.03355238601 189 3.02455238601 0.009 0.008 0.001 0.0
3.045562236 190 3.036562236 0.009 0.008 0.001 0.0
3.07102294909 191 3.06202294909 0.009 0.008 0.001 0.0
3.07902294909 192 3.06405802521 0.0149649238887 0.008 0.001 0.00596492388869
3.09388977817 193 3.08488977817 0.009 0.008 0.001 0.0
3.10533165688 194 3.09633165688 0.009 0.008 0.001 0.0
3.11333165688 195 3.09904370345 0.0142879534356 0.008 0.001 0.00528795343561
3.12133165688 196 3.10111097056 0.0202206863172 0.008 0.001 0.0112206863172
3.12933165688 197 3.10266711832 0.026664538558 0.008 0.001 0.017664538558
3.14032756491 198 3.13132756491 0.009 0.008 0.001 0.0
3.20616569131 199 3.19716569131 0.009 0.008 0.001 0.0
3.21802287366 200 3.20902287366 0.009 0.008 0.001 0.0
3.26093708073 201 3.25193708073 0.009 0.008 0.001 0.0
3.29265301866 202 3.28365301866 0.009 0.008 0.001 0.0
3.30152090352 203 3.29252090352 0.009 0.008 0.001 0.0
3.30952090352 204 3.29832355689 0.0111973466385 0.008 0.001 0.00219734663846
3.32732573342 205 3.31832573342 0.009 0.008 0.001 0.0
3.33968274539 206 3.33068274539 0.009 0.008 0.001 0.0
3.37582878531 207 3.36682878531 0.009 0.008 0.001 0.0
3.38382878531 208 3.37208629566 0.0117424896494 0.008 0.001 0.00274248964936
3.39182878531 209 3.38032400277 0.0115047825425 0.008 0.001 0.00250478254247
3.40281390011 210 3.39381390011 0.009 0.008 0.001 0.0
3.41081390011 211 3.3977686893 0.0130452108154 0.008 0.001 0.00404521081536
3.41881390011 212 3.40607160558 0.012742294537 0.008 0.001 0.00374229453699
3.42681390011 213 3.40915887673 0.0176550233794 0.008 0.001 0.00865502337944
3.43481390011 214 3.42377457805 0.0110393220592 0.008 0.001 0.00203932205923
3.46007266399 215 3.45107266399 0.009 0.008 0.001 0.0
3.47010235307 216 3.46110235307 0.009 0.008 0.001 0.0
3.48917007273 217 3.48017007273 0.009 0.008 0.001 0.0
3.50466243336 218 3.49566243336 0.009 0.008 0.001 0.0
3.51601370024 219 3.50701370024 0.009 0.008 0.001 0.0
3.55162928374 220 3.54262928374 0.009 0.008 0.001 0.0
3.55970514984 221 3.55070514984 0.009 0.008 0.001 0.0
3.56770514984 222 3.55710589395 0.0105992558893 0.008 0.001 0.00159925588935
3.57570514984 223 3.56187156104 0.0138335888017 0.008 0.001 0.00483358880173
3.58370514984 224 3.56279546642 0.0209096834209 0.008 0.001 0.0119096834209
3.59170514984 225 3.56749124286 0.024213906983 0.008 0.001 0.015213906983
3.62313884205 226 3.61413884205 0.009 0.008 0.001 0.0
3.63113884205 227 3.62044674493 0.0106920971263 0.008 0.001 0.0016920971263
3.63913884205 228 3.62701249587 0.0121263461806 0.008 0.001 0.00312634618061
3.64713884205 229 3.63000317319 0.0171356688624 0.008 0.001 0.0081356688624
3.65513884205 230 3.63522204845 0.0199167936067 0.008 0.001 0.0109167936067
3.68006967698 231 3.67106967698 0.009 0.008 0.001 0.0
3.69629956956 232 3.68729956956 0.009 0.008 0.001 0.0
3.70429956956 233 3.6949805459 0.00931902365676 0.008 0.001 0.000319023656762
3.71229956956 234 3.70007693539 0.0122226341739 0.008 0.001 0.00322263417388
3.73514724465 235 3.72614724465 0.009 0.008 0.001 0.0
3.77521059603 236 3.76621059603 0.009 0.008 0.001 0.0
3.78321059603 237 3.76704549231 0.0161651037236 0.008 0.001 0.00716510372357
3.79121059603 238 3.77304754238 0.0181630536445 0.008 0.001 0.00916305364452
3.79921059603 239 3.77457154789 0.0246390481409 0.008 0.001 0.0156390481409
3.80721059603 240 3.77473153053 0.0324790654992 0.008 0.001 0.0234790654992
3.81521059603 241 3.77610149532 0.0391091007129 0.008 0.001 0.0301091007129
3.82321059603 242 3.7822200277 0.0409905683258 0.008 0.001 0.0319905683258
3.83121059603 243 3.78315692214 0.0480536738914 0.008 0.001 0.0390536738914
3.83921059603 244 3.78626084232 0.0529497537053 0.008 0.001 0.0439497537053
3.84721059603 245 3.79963245996 0.0475781360692 0.008 0.001 0.0385781360692
3.87346739247 246 3.86446739247 0.009 0.008 0.001 0.0
3.89423371275 247 3.88523371275 0.009 0.008 0.001 0.0
3.90223371275 248 3.89148208579 0.0107516269574 0.008 0.001 0.00175162695741
3.92354056604 249 3.91454056604 0.009 0.008 0.001 0.0
3.96153392238 250 3.95253392238 0.009 0.008 0.001 0.0
3.98392670704 251 3.97492670704 0.009 0.008 0.001 0.0
3.99316724018 252 3.98416724018 0.009 0.008 0.001 0.0
4.00116724018 253 3.9895276975 0.0116395426832 0.008 0.001 0.00263954268321
4.01203996936 254 4.00303996936 0.009 0.008 0.001 0.0
4.02003996936 255 4.00510241668 0.01493755268 0.008 0.001 0.00593755268
4.02803996936 256 4.01533869881 0.0127012705482 0.008 0.001 0.00370127054819
4.03603996936 257 4.02060542515 0.0154345442099 0.008 0.001 0.00643454420988
4.04403996936 258 4.02647630294 0.0175636664262 0.008 0.001 0.00856366642622
4.06086275406 259 4.05186275406 0.009 0.008 0.001 0.0
4.06886275406 260 4.05440959702 0.0144531570377 0.008 0.001 0.00545315703765
4.08193230842 261 4.07293230842 0.009 0.008 0.001 0.0
4.09901866512 262 4.09001866512 0.009 0.008 0.001 0.0
4.12839136309 263 4.11939136309 0.009 0.008 0.001 0.0
4.13639136309 264 4.12215568705 0.0142356760365 0.008 0.001 0.00523567603654
4.19446183226 265 4.18546183226 0.009 0.008 0.001 0.0
4.20387654863 266 4.19487654863 0.009 0.008 0.001 0.0
4.21187654863 267 4.19648105817 0.0153954904601 0.008 0.001 0.00639549046013
4.21987654863 268 4.20103642232 0.0188401263175 0.008 0.001 0.00984012631753
4.24970482144 269 4.24070482144 0.009 0.008 0.001 0.0
4.25770482144 270 4.24794192385 0.00976289759094 0.008 0.001 0.000762897590942
4.26590509574 271 4.25690509574 0.009 0.008 0.001 0.0
4.29800553104 272 4.28900553104 0.009 0.008 0.001 0.0
4.31532100117 273 4.30632100117 0.009 0.008 0.001 0.0
4.32344631866 274 4.31444631866 0.009 0.008 0.001 0.0
4.33415665674 275 4.32515665674 0.009 0.008 0.001 0.0
4.34215665674 276 4.32841158434 0.0137450724048 0.008 0.001 0.00474507240483
4.3519323555 277 4.3429323555 0.009 0.008 0.001 0.0
4.38105414676 278 4.37205414676 0.009 0.008 0.001 0.0
4.38905414676 279 4.37905316661 0.0100009801435 0.008 0.001 0.00100098014353
4.40405382997 280 4.39505382997 0.009 0.008 0.001 0.0
4.43336480473 281 4.42436480473 0.009 0.008 0.001 0.0
4.44614954856 282 4.43714954856 0.009 0.008 0.001 0.0
4.45643564158 283 4.44743564158 0.009 0.008 0.001 0.0
4.46443564158 284 4.44838017901 0.0160554625644 0.008 0.001 0.00705546256436
4.48425578274 285 4.47525578274 0.009 0.008 0.001 0.0
4.5029363691 286 4.4939363691 0.009 0.008 0.001 0.0
4.5711948143 287 4.5621948143 0.009 0.008 0.001 0.0
4.62502600196 288 4.61602600196 0.009 0.008 0.001 0.0
4.63302600196 289 4.62007414928 0.0129518526757 0.008 0.001 0.0039518526757
4.64102600196 290 4.62425698251 0.0167690194528 0.008 0.001 0.00776901945276
4.6575818605 291 4.6485818605 0.009 0.008 0.001 0.0
4.67345515876 292 4.66445515876 0.009 0.008 0.001 0.0
4.68145515876 293 4.66543715078 0.0160180079748 0.008 0.001 0.00701800797476
4.69473100387 294 4.68573100387 0.009 0.008 0.001 0.0
4.73875827349 295 4.72975827349 0.009 0.008 0.001 0.0
4.74675827349 296 4.73765723518 0.00910103830746 0.008 0.001 0.000101038307455
4.75475827349 297 4.74354517158 0.0112131019037 0.008 0.001 0.00221310190373
4.78625310766 298 4.77725310766 0.009 0.008 0.001 0.0
4.79425310766 299 4.78074388908 0.0135092185877 0.008 0.001 0.00450921858766
4.85224875132 300 4.84324875132 0.009 0.008 0.001 0.0
4.88072364481 301 4.87172364481 0.009 0.008 0.001 0.0
4.89770581999 302 4.88870581999 0.009 0.008 0.001 0.0
4.90673488836 303 4.89773488836 0.009 0.008 0.001 0.0
4.91473488836 304 4.89952159123 0.0152132971278 0.008 0.001 0.00621329712783
4.92273488836 305 4.90841273875 0.0143221496128 0.008 0.001 0.00532214961285
4.93073488836 306 4.90982593624 0.0209089521187 0.008 0.001 0.0119089521187
4.93873488836 307 4.91933412453 0.0194007638279 0.008 0.001 0.0104007638279
4.95408606409 308 4.94508606409 0.009 0.008 0.001 0.0
4.96208606409 309 4.94661382328 0.0154722408087 0.008 0.001 0.00647224080874
4.97136732831 310 4.96236732831 0.009 0.008 0.001 0.0
4.99367400908 311 4.98467400908 0.009 0.008 0.001 0.0
5.00369890147 312 4.99469890147 0.009 0.008 0.001 0.0
5.055189481 313 5.046189481 0.009 0.008 0.001 0.0
5.06435096708 314 5.05535096708 0.009 0.008 0.001 0.0
5.07235096708 315 5.05839575556 0.0139552115148 0.008 0.001 0.00495521151475
5.08035096708 316 5.07054165768 0.00980930939545 0.008 0.001 0.000809309395446
5.08835096708 317 5.07388784459 0.0144631224906 0.008 0.001 0.00546312249061
5.11228156216 318 5.10328156216 0.009 0.008 0.001 0.0
5.12552866242 319 5.11652866242 0.009 0.008 0.001 0.0
5.13352866242 320 5.11716646224 0.016362200183 0.008 0.001 0.00736220018302
5.18537575968 321 5.17637575968 0.009 0.008 0.001 0.0
5.21691945673 322 5.20791945673 0.009 0.008 0.001 0.0
5.22924974599 323 5.22024974599 0.009 0.008 0.001 0.0
5.23724974599 324 5.22598059301 0.0112691529799 0.008 0.001 0.00226915297993
5.24524974599 325 5.2310689074 0.0141808385945 0.008 0.001 0.00518083859454
5.25324974599 326 5.24019570013 0.0130540458625 0.008 0.001 0.00405404586255
5.26124974599 327 5.24135064733 0.0198990986688 0.008 0.001 0.0108990986688
5.26924974599 328 5.2548851564 0.0143645895901 0.008 0.001 0.00536458959006
5.28712203122 329 5.27812203122 0.009 0.008 0.001 0.0
5.29512203122 330 5.28220365046 0.0129183807552 0.008 0.001 0.00391838075517
5.3383698226 331 5.3293698226 0.009 0.008 0.001 0.0
5.34719041091 332 5.33819041091 0.009 0.008 0.001 0.0
5.39120300491 333 5.38220300491 0.009 0.008 0.001 0.0
5.39920300491 334 5.38401255448 0.0151904504262 0.008 0.001 0.00619045042623
5.45249887166 335 5.44349887166 0.009 0.008 0.001 0.0
5.46049887166 336 5.44882382956 0.0116750421015 0.008 0.001 0.00267504210148
5.53252041626 337 5.52352041626 0.009 0.008 0.001 0.0
5.58633083898 338 5.57733083898 0.009 0.008 0.001 0.0
5.5983301403 339 5.5893301403 0.009 0.008 0.001 0.0
5.62057621798 340 5.61157621798 0.009 0.008 0.001 0.0
5.62857621798 341 5.61556486208 0.0130113559025 0.008 0.001 0.00401135590248
5.63802770655 342 5.62902770655 0.009 0.008 0.001 0.0
5.64602770655 343 5.63607001483 0.00995769172174 0.008 0.001 0.000957691721744
5.65402770655 344 5.63957667563 0.014451030915 0.008 0.001 0.00545103091503
5.66202770655 345 5.64270139915 0.019326307399 0.008 0.001 0.010326307399
5.68121016999 346 5.67221016999 0.009 0.008 0.001 0.0
5.69454704676 347 5.68554704676 0.009 0.008 0.001 0.0
5.71292591717 348 5.70392591717 0.009 0.008 0.001 0.0
5.74590888299 349 5.73690888299 0.009 0.008 0.001 0.0
5.76095872562 350 5.75195872562 0.009 0.008 0.001 0.0
5.76895872562 351 5.75275270689 0.0162060187344 0.008 0.001 0.00720601873439
5.77695872562 352 5.75516886169 0.0217898639304 0.008 0.001 0.0127898639304
5.78495872562 353 5.7562585369 0.0287001887226 0.008 0.001 0.0197001887226
5.80150348677 354 5.79250348677 0.009 0.008 0.001 0.0
5.82129519857 355 5.81229519857 0.009 0.008 0.001 0.0
5.83424589508 356 5.82524589508 0.009 0.008 0.001 0.0
5.84224589508 357 5.83280716474 0.00943873034177 0.008 0.001 0.000438730341775
5.87362701455 358 5.86462701455 0.009 0.008 0.001 0.0
5.8979915199 359 5.8889915199 0.009 0.008 0.001 0.0
5.9059915199 360 5.89283849427 0.013153025627 0.008 0.001 0.00415302562698
5.93366235974 361 5.92466235974 0.009 0.008 0.001 0.0
5.94166235974 362 5.92938824383 0.0122741159058 0.008 0.001 0.00327411590582
5.99353907529 363 5.98453907529 0.009 0.008 0.001 0.0
6.00533742206 364 5.99633742206 0.009 0.008 0.001 0.0
6.01333742206 365 6.00355399784 0.00978342422869 0.008 0.001 0.000783424228691
6.03964019473 366 6.03064019473 0.009 0.008 0.001 0.0
6.04764019473 367 6.03546902548 0.0121711692503 0.008 0.001 0.00317116925025
6.05564019473 368 6.0420028472 0.0136373475293 0.008 0.001 0.00463734752929
6.06364019473 369 6.04739432673 0.0162458680066 0.008 0.001 0.00724586800661
6.07164019473 370 6.0526918488 0.0189483459363 0.008 0.001 0.00994834593632
6.0863045171 371 6.0773045171 0.009 0.008 0.001 0.0
6.10355631264 372 6.09455631264 0.009 0.008 0.001 0.0
6.11470088189 373 6.10570088189 0.009 0.008 0.001 0.0
6.12270088189 374 6.10891534717 0.0137855347242 0.008 0.001 0.00478553472418
6.14621536664 375 6.13721536664 0.009 0.008 0.001 0.0
6.17626881578 376 6.16726881578 0.009 0.008 0.001 0.0
6.18426881578 377 6.16863644055 0.0156323752301 0.008 0.001 0.00663237523005
6.19226881578 378 6.1767860306 0.0154827851725 0.008 0.001 0.00648278517248
6.20026881578 379 6.17931538159 0.020953434187 0.008 0.001 0.011953434187
6.20826881578 380 6.19034321355 0.0179256022267 0.008 0.001 0.00892560222674
6.22052707581 381 6.21152707581 0.009 0.008 0.001 0.0
6.22852707581 382 6.21603657515 0.0124905006586 0.008 0.001 0.00349050065856
6.23652707581 383 6.21714090486 0.0193861709494 0.008 0.001 0.0103861709494
6.24452707581 384 6.21854349506 0.0259835807513 0.008 0.001 0.0169835807513
6.25252707581 385 6.22157218555 0.0309548902568 0.008 0.001 0.0219548902568
6.27356270274 386 6.26456270274 0.009 0.008 0.001 0.0
6.28156270274 387 6.26960245269 0.0119602500471 0.008 0.001 0.00296025004711
6.28956270274 388 6.27825897916 0.0113037235772 0.008 0.001 0.00230372357723
6.29841856285 389 6.28941856285 0.009 0.008 0.001 0.0
6.33506259478 390 6.32606259478 0.009 0.008 0.001 0.0
6.397093619 391 6.388093619 0.009 0.008 0.001 0.0
6.42307488001 392 6.41407488001 0.009 0.008 0.001 0.0
6.43107488001 393 6.41418055204 0.0168943279657 0.008 0.001 0.0078943279657
6.44137301014 394 6.43237301014 0.009 0.008 0.001 0.0
6.44937301014 395 6.43757488691 0.0117981232287 0.008 0.001 0.00279812322866
6.45737301014 396 6.43941147207 0.0179615380663 0.008 0.001 0.00896153806627
6.46537301014 397 6.44066207528 0.0247109348579 0.008 0.001 0.0157109348579
6.47337301014 398 6.45152333957 0.0218496705671 0.008 0.001 0.0128496705671
6.48137301014 399 6.45991629151 0.0214567186276 0.008 0.001 0.0124567186276
6.48937301014 400 6.46121521612 0.0281577940198 0.008 0.001 0.0191577940198
6.49737301014 401 6.46853285712 0.0288401530185 0.008 0.001 0.0198401530185
6.50537301014 402 6.49022735856 0.0151456515788 0.008 0.001 0.00614565157879
6.535297368 403 6.526297368 0.009 0.008 0.001 0.0
6.543297368 404 6.53108382832 0.0122135396731 0.008 0.001 0.00321353967314
6.551297368 405 6.54060516527 0.0106922027225 0.008 0.001 0.00169220272247
6.559297368 406 6.54205251017 0.0172448578271 0.008 0.001 0.00824485782708
6.567297368 407 6.55153841411 0.0157589538868 0.008 0.001 0.00675895388675
6.58363991596 408 6.57463991596 0.009 0.008 0.001 0.0
6.6106212608 409 6.6016212608 0.009 0.008 0.001 0.0
6.6186212608 410 6.602813354 0.0158079068028 0.008 0.001 0.00680790680279
6.6266212608 411 6.60344845198 0.0231728088235 0.008 0.001 0.0141728088235
6.63721633872 412 6.62821633872 0.009 0.008 0.001 0.0
6.66276846048 413 6.65376846048 0.009 0.008 0.001 0.0
6.674337537 414 6.665337537 0.009 0.008 0.001 0.0
6.682337537 415 6.67143580131 0.0109017356905 0.008 0.001 0.00190173569047
6.70759755375 416 6.69859755375 0.009 0.008 0.001 0.0
6.71559755375 417 6.7005571768 0.0150403769462 0.008 0.001 0.00604037694622
6.72359755375 418 6.71051595107 0.0130816026809 0.008 0.001 0.00408160268092
6.74519235328 419 6.73619235328 0.009 0.008 0.001 0.0
6.78575629114 420 6.77675629114 0.009 0.008 0.001 0.0
6.79375629114 421 6.7817422531 0.0120140380392 0.008 0.001 0.00301403803919
6.80377623811 422 6.79477623811 0.009 0.008 0.001 0.0
6.81177623811 423 6.80031870556 0.0114575325517 0.008 0.001 0.00245753255171
6.81977623811 424 6.8102394634 0.00953677470961 0.008 0.001 0.000536774709614
6.85273326843 425 6.84373326843 0.009 0.008 0.001 0.0
6.86073326843 426 6.84754654691 0.0131867215253 0.008 0.001 0.00418672152529
6.88298297539 427 6.87398297539 0.009 0.008 0.001 0.0
6.89098297539 428 6.87519631332 0.0157866620713 0.008 0.001 0.00678666207129
6.89943805077 429 6.89043805077 0.009 0.008 0.001 0.0
6.91152667151 430 6.90252667151 0.009 0.008 0.001 0.0
6.92405491049 431 6.91505491049 0.009 0.008 0.001 0.0
6.94027670664 432 6.93127670664 0.009 0.008 0.001 0.0
6.952308068 433 6.943308068 0.009 0.008 0.001 0.0
6.960308068 434 6.94574700343 0.0145610645724 0.008 0.001 0.00556106457235
6.968308068 435 6.94994463179 0.0183634362077 0.008 0.001 0.00936343620766
6.976308068 436 6.96493186719 0.0113762008093 0.008 0.001 0.00237620080926
6.984308068 437 6.96992656152 0.0143815064767 0.008 0.001 0.00538150647674
7.01411385419 438 7.00511385419 0.009 0.008 0.001 0.0
7.02211385419 439 7.01132392535 0.0107899288381 0.008 0.001 0.00178992883808
7.03011385419 440 7.01281294311 0.017300911078 0.008 0.001 0.00830091107801
7.05906933405 441 7.05006933405 0.009 0.008 0.001 0.0
7.06706933405 442 7.05676965694 0.0102996771047 0.008 0.001 0.00129967710472
7.07551099227 443 7.06651099227 0.009 0.008 0.001 0.0
7.16691626141 444 7.15791626141 0.009 0.008 0.001 0.0
7.18204525051 445 7.17304525051 0.009 0.008 0.001 0.0
7.2010959219 446 7.1920959219 0.009 0.008 0.001 0.0
7.2090959219 447 7.19211069352 0.0169852283861 0.008 0.001 0.00798522838613
7.22241343228 448 7.21341343228 0.009 0.008 0.001 0.0
7.2367072849 449 7.2277072849 0.009 0.008 0.001 0.0
7.2447072849 450 7.2311136308 0.0135936541086 0.008 0.001 0.00459365410858
7.25884759177 451 7.24984759177 0.009 0.008 0.001 0.0
7.26684759177 452 7.25428412309 0.0125634686786 0.008 0.001 0.00356346867856
7.2758510352 453 7.2668510352 0.009 0.008 0.001 0.0
7.30421689257 454 7.29521689257 0.009 0.008 0.001 0.0
7.31742440329 455 7.30842440329 0.009 0.008 0.001 0.0
7.33106218247 456 7.32206218247 0.009 0.008 0.001 0.0
7.35594617516 457 7.34694617516 0.009 0.008 0.001 0.0
7.36429403802 458 7.35529403802 0.009 0.008 0.001 0.0
7.45159527689 459 7.44259527689 0.009 0.008 0.001 0.0
7.46538605417 460 7.45638605417 0.009 0.008 0.001 0.0
7.48872680719 461 7.47972680719 0.009 0.008 0.001 0.0
7.49672680719 462 7.48313209421 0.0135947129746 0.008 0.001 0.0045947129746
7.50472680719 463 7.49078221999 0.0139445871959 0.008 0.001 0.00494458719588
7.52776333416 464 7.51876333416 0.009 0.008 0.001 0.0
7.57215353434 465 7.56315353434 0.009 0.008 0.001 0.0
7.58015353434 466 7.56889909398 0.0112544403572 0.008 0.001 0.00225444035724
7.59209426898 467 7.58309426898 0.009 0.008 0.001 0.0
7.63072098818 468 7.62172098818 0.009 0.008 0.001 0.0
7.64042199688 469 7.63142199688 0.009 0.008 0.001 0.0
7.64842199688 470 7.63614850779 0.0122734890872 0.008 0.001 0.00327348908716
7.65642199688 471 7.63734144015 0.0190805567223 0.008 0.001 0.0100805567223
7.67323540437 472 7.66423540437 0.009 0.008 0.001 0.0
7.68123540437 473 7.6713878161 0.00984758827527 0.008 0.001 0.000847588275271
7.69215208949 474 7.68315208949 0.009 0.008 0.001 0.0
7.70932349018 475 7.70032349018 0.009 0.008 0.001 0.0
7.71732349018 476 7.70697660679 0.0103468833908 0.008 0.001 0.00134688339075
7.72532349018 477 7.71320203615 0.0121214540306 0.008 0.001 0.00312145403062
7.73332349018 478 7.71498621273 0.0183372774491 0.008 0.001 0.00933727744905
7.75251757004 479 7.74351757004 0.009 0.008 0.001 0.0
7.77539997426 480 7.76639997426 0.009 0.008 0.001 0.0
7.78339997426 481 7.77326644043 0.0101335338327 0.008 0.001 0.00113353383273
7.79754465842 482 7.78854465842 0.009 0.008 0.001 0.0
7.81238748464 483 7.80338748464 0.009 0.008 0.001 0.0
7.83163734835 484 7.82263734835 0.009 0.008 0.001 0.0
7.89209261355 485 7.88309261355 0.009 0.008 0.001 0.0
7.90749992943 486 7.89849992943 0.009 0.008 0.001 0.0
7.91549992943 487 7.90419685654 0.0113030728825 0.008 0.001 0.00230307288249
7.92349992943 488 7.91306232561 0.0104376038186 0.008 0.001 0.00143760381858
7.93149992943 489 7.91745787335 0.0140420560738 0.008 0.001 0.00504205607382
7.93949992943 490 7.92051110236 0.0189888270714 0.008 0.001 0.00998882707142
7.94749992943 491 7.9248036115 0.0226963179298 0.008 0.001 0.0136963179298
7.9778702571 492 7.9688702571 0.009 0.008 0.001 0.0
7.9858702571 493 7.96926464865 0.0166056084536 0.008 0.001 0.00760560845356
7.99727686517 494 7.98827686517 0.009 0.008 0.001 0.0
8.022695191 495 8.013695191 0.009 0.008 0.001 0.0
8.03898009894 496 8.02998009894 0.009 0.008 0.001 0.0
8.10488040207 497 8.09588040207 0.009 0.008 0.001 0.0
8.11288040207 498 8.10124765357 0.0116327484977 0.008 0.001 0.00263274849772
8.12647764844 499 8.11747764844 0.009 0.008 0.001 0.0
8.13447764844 500 8.12121189435 0.0132657540895 0.008 0.001 0.00426575408948
8.16538564459 501 8.15638564459 0.009 0.008 0.001 0.0
8.17604374066 502 8.16704374066 0.009 0.008 0.001 0.0
8.18404374066 503 8.17231310063 0.0117306400292 0.008 0.001 0.00273064002924
8.23192907091 504 8.22292907091 0.009 0.008 0.001 0.0
8.23992907091 505 8.22973021144 0.0101988594649 0.008 0.001 0.00119885946494
8.24836548478 506 8.23936548478 0.009 0.008 0.001 0.0
8.25636548478 507 8.24724941596 0.0091160688162 0.008 0.001 0.000116068816205
8.26436548478 508 8.24832980087 0.0160356839092 0.008 0.001 0.00703568390919
8.27236548478 509 8.2549308363 0.0174346484794 0.008 0.001 0.00843464847939
8.28036548478 510 8.269912441 0.010453043786 0.008 0.001 0.00145304378597
8.31808194439 511 8.30908194439 0.009 0.008 0.001 0.0
8.32653369105 512 8.31753369105 0.009 0.008 0.001 0.0
8.33453369105 513 8.32254255392 0.0119911371326 0.008 0.001 0.00299113713261
8.34253369105 514 8.33156787646 0.0109658145917 0.008 0.001 0.00196581459168
8.35053369105 515 8.33719536892 0.0133383221339 0.008 0.001 0.00433832213394
8.38761634347 516 8.37861634347 0.009 0.008 0.001 0.0
8.42182204014 517 8.41282204014 0.009 0.008 0.001 0.0
8.43102537058 518 8.42202537058 0.009 0.008 0.001 0.0
8.44349254416 519 8.43449254416 0.009 0.008 0.001 0.0
8.47240715961 520 8.46340715961 0.009 0.008 0.001 0.0
8.48157352863 521 8.47257352863 0.009 0.008 0.001 0.0
8.48957352863 522 8.47436573256 0.0152077960698 0.008 0.001 0.00620779606978
8.49757352863 523 8.47587367807 0.0216998505555 0.008 0.001 0.0126998505555
8.50557352863 524 8.47598578406 0.0295877445675 0.008 0.001 0.0205877445675
8.51357352863 525 8.47789541803 0.035678110593 0.008 0.001 0.026678110593
8.53633093304 526 8.52733093304 0.009 0.008 0.001 0.0
8.55299170591 527 8.54399170591 0.009 0.008 0.001 0.0
8.56360425356 528 8.55460425356 0.009 0.008 0.001 0.0
8.57160425356 529 8.56170948422 0.00989476933538 0.008 0.001 0.000894769335376
8.63221880375 530 8.62321880375 0.009 0.008 0.001 0.0
8.64021880375 531 8.62358265869 0.0166361450629 0.008 0.001 0.0076361450629
8.64821880375 532 8.6279191061 0.0202996976592 0.008 0.001 0.0112996976592
8.65621880375 533 8.63549493101 0.0207238727457 0.008 0.001 0.0117238727457
8.66421880375 534 8.64149384805 0.0227249557026 0.008 0.001 0.0137249557026
8.67221880375 535 8.6541152257 0.0181035780593 0.008 0.001 0.00910357805928
8.69382964358 536 8.68482964358 0.009 0.008 0.001 0.0
8.71410106099 537 8.70510106099 0.009 0.008 0.001 0.0
8.72210106099 538 8.705532594 0.0165684669841 0.008 0.001 0.00756846698413
8.73010106099 539 8.70755575075 0.0225453102385 0.008 0.001 0.0135453102385
8.73810106099 540 8.72248473605 0.015616324941 0.008 0.001 0.00661632494102
8.78068761004 541 8.77168761004 0.009 0.008 0.001 0.0
8.80025783497 542 8.79125783497 0.009 0.008 0.001 0.0
8.81602092247 543 8.80702092247 0.009 0.008 0.001 0.0
8.82479619442 544 8.81579619442 0.009 0.008 0.001 0.0
8.83994582156 545 8.83094582156 0.009 0.008 0.001 0.0
8.87563423196 546 8.86663423196 0.009 0.008 0.001 0.0
8.93408976788 547 8.92508976788 0.009 0.008 0.001 0.0
8.9559905718 548 8.9469905718 0.009 0.008 0.001 0.0
8.9705364232 549 8.9615364232 0.009 0.008 0.001 0.0
8.9785364232 550 8.96373056711 0.0148058560927 0.008 0.001 0.0058058560927
9.00275204433 551 8.99375204433 0.009 0.008 0.001 0.0
9.01075204433 552 8.99381701468 0.0169350296546 0.008 0.001 0.00793502965455
9.01875204433 553 9.00021131647 0.018540727866 0.008 0.001 0.00954072786601
9.02675204433 554 9.01109522565 0.0156568186831 0.008 0.001 0.00665681868311
9.03475204433 555 9.02371195646 0.0110400878731 0.008 0.001 0.00204008787312
9.04275204433 556 9.02733131019 0.0154207341411 0.008 0.001 0.00642073414114
9.05075204433 557 9.03227579003 0.0184762542995 0.008 0.001 0.00947625429947
9.05875204433 558 9.04210293008 0.0166491142514 0.008 0.001 0.00764911425141
9.06675204433 559 9.04826215609 0.0184898882394 0.008 0.001 0.00948988823937
9.07475204433 560 9.06445083342 0.0103012109147 0.008 0.001 0.00130121091469
9.08275204433 561 9.06849789784 0.0142541464888 0.008 0.001 0.00525414648884
9.09075204433 562 9.06968657064 0.0210654736918 0.008 0.001 0.0120654736918
9.11625216509 563 9.10725216509 0.009 0.008 0.001 0.0
9.15797318735 564 9.14897318735 0.009 0.008 0.001 0.0
9.1797538134 565 9.1707538134 0.009 0.008 0.001 0.0
9.1877538134 566 9.17751253347 0.0102412799309 0.008 0.001 0.0012412799309
9.1957538134 567 9.18085105444 0.0149027589568 0.008 0.001 0.00590275895681
9.2037538134 568 9.18722703571 0.0165267776892 0.008 0.001 0.00752677768918
9.2117538134 569 9.19156939898 0.0201844144148 0.008 0.001 0.0111844144148
9.2197538134 570 9.19302825694 0.0267255564523 0.008 0.001 0.0177255564523
9.25156091571 571 9.24256091571 0.009 0.008 0.001 0.0
9.26643894731 572 9.25743894731 0.009 0.008 0.001 0.0
9.27885272319 573 9.26985272319 0.009 0.008 0.001 0.0
9.28685272319 574 9.27362092889 0.0132317943062 0.008 0.001 0.00423179430619
9.29485272319 575 9.27858400494 0.0162687182491 0.008 0.001 0.00726871824907
9.30285272319 576 9.28563063928 0.0172220839092 0.008 0.001 0.0082220839092
9.31666308756 577 9.30766308756 0.009 0.008 0.001 0.0
9.32466308756 578 9.30942183823 0.0152412493242 0.008 0.001 0.00624124932421
9.3636289032 579 9.3546289032 0.009 0.008 0.001 0.0
9.43738804947 580 9.42838804947 0.009 0.008 0.001 0.0
9.44786797206 581 9.43886797206 0.009 0.008 0.001 0.0
9.47072206581 582 9.46172206581 0.009 0.008 0.001 0.0
9.48439554542 583 9.47539554542 0.009 0.008 0.001 0.0
9.49239554542 584 9.47918081326 0.013214732162 0.008 0.001 0.00421473216203
9.50039554542 585 9.49126173383 0.0091338115938 0.008 0.001 0.000133811593804
9.51900349016 586 9.51000349016 0.009 0.008 0.001 0.0
9.52700349016 587 9.51471240151 0.0122910886496 0.008 0.001 0.00329108864956
9.53690997154 588 9.52790997154 0.009 0.008 0.001 0.0
9.54490997154 589 9.5289706964 0.0159392751385 0.008 0.001 0.00693927513849
9.56190363335 590 9.55290363335 0.009 0.008 0.001 0.0
9.58470495034 591 9.57570495034 0.009 0.008 0.001 0.0
9.62048373543 592 9.61148373543 0.009 0.008 0.001 0.0
9.64156813945 593 9.63256813945 0.009 0.008 0.001 0.0
9.65053525787 594 9.64153525787 0.009 0.008 0.001 0.0
9.66855937081 595 9.65955937081 0.009 0.008 0.001 0.0
9.67655937081 596 9.65964844582 0.0169109249871 0.008 0.001 0.0079109249871
9.70053554541 597 9.69153554541 0.009 0.008 0.001 0.0
9.70853554541 598 9.69875122383 0.00978432158485 0.008 0.001 0.000784321584852
9.71653554541 599 9.7049863555 0.0115491899158 0.008 0.001 0.00254918991582
9.72453554541 600 9.71099698515 0.0135385602644 0.008 0.001 0.00453856026442
9.73253554541 601 9.71849758636 0.0140379590514 0.008 0.001 0.00503795905144
9.74053554541 602 9.71988760191 0.0206479435053 0.008 0.001 0.0116479435053
9.74853554541 603 9.73000147702 0.0185340683944 0.008 0.001 0.00953406839436
9.75653554541 604 9.7353257397 0.0212098057167 0.008 0.001 0.0122098057167
9.76453554541 605 9.74049472637 0.0240408190414 0.008 0.001 0.0150408190414
9.77253554541 606 9.74868535056 0.023850194852 0.008 0.001 0.014850194852
9.78134687682 607 9.77234687682 0.009 0.008 0.001 0.0
9.80416346779 608 9.79516346779 0.009 0.008 0.001 0.0
9.81216346779 609 9.79737875252 0.0147847152684 0.008 0.001 0.00578471526845
9.82016346779 610 9.80545354201 0.0147099257803 0.008 0.001 0.00570992578032
9.82816346779 611 9.81582970853 0.0123337592541 0.008 0.001 0.00333375925409
9.83616346779 612 9.81724203395 0.0189214338346 0.008 0.001 0.00992143383461
9.84741104549 613 9.83841104549 0.009 0.008 0.001 0.0
9.89943094464 614 9.89043094464 0.009 0.008 0.001 0.0
9.90743094464 615 9.89273729573 0.0146936489095 0.008 0.001 0.00569364890955
9.91621118963 616 9.90721118963 0.009 0.008 0.001 0.0
9.94736585815 617 9.93836585815 0.009 0.008 0.001 0.0
9.99646357742 618 9.98746357742 0.009 0.008 0.001 0.0
